  File "/home/wangcheng/project/SCVT4/portable_sam_fusion/train/train_rsprompter_fusion.py", line 159
    def main():
    ^
SyntaxError: import * only allowed at module level
E0227 22:31:37.890647 2566208 site-packages/torch/distributed/elastic/multiprocessing/api.py:874] failed (exitcode: 1) local_rank: 0 (pid: 2566270) of binary: /home/wangcheng/anaconda3/envs/cvt/bin/python3
Traceback (most recent call last):
  File "/home/wangcheng/anaconda3/envs/cvt/lib/python3.9/runpy.py", line 197, in _run_module_as_main
    return _run_code(code, main_globals, None,
  File "/home/wangcheng/anaconda3/envs/cvt/lib/python3.9/runpy.py", line 87, in _run_code
    exec(code, run_globals)
  File "/home/wangcheng/anaconda3/envs/cvt/lib/python3.9/site-packages/torch/distributed/run.py", line 905, in <module>
    main()
  File "/home/wangcheng/anaconda3/envs/cvt/lib/python3.9/site-packages/torch/distributed/elastic/multiprocessing/errors/__init__.py", line 357, in wrapper
    return f(*args, **kwargs)
  File "/home/wangcheng/anaconda3/envs/cvt/lib/python3.9/site-packages/torch/distributed/run.py", line 901, in main
    run(args)
  File "/home/wangcheng/anaconda3/envs/cvt/lib/python3.9/site-packages/torch/distributed/run.py", line 892, in run
    elastic_launch(
  File "/home/wangcheng/anaconda3/envs/cvt/lib/python3.9/site-packages/torch/distributed/launcher/api.py", line 143, in __call__
    return launch_agent(self._config, self._entrypoint, list(args))
  File "/home/wangcheng/anaconda3/envs/cvt/lib/python3.9/site-packages/torch/distributed/launcher/api.py", line 277, in launch_agent
    raise ChildFailedError(
torch.distributed.elastic.multiprocessing.errors.ChildFailedError: 
============================================================
/home/wangcheng/project/SCVT4/portable_sam_fusion/train/train_rsprompter_fusion.py FAILED
------------------------------------------------------------
Failures:
  <NO_OTHER_FAILURES>
------------------------------------------------------------
Root Cause (first observed failure):
[0]:
  time      : 2026-02-27_22:31:37
  host      : node01
  rank      : 0 (local_rank: 0)
  exitcode  : 1 (pid: 2566270)
  error_file: <N/A>
  traceback : To enable traceback see: https://pytorch.org/docs/stable/elastic/errors.html
============================================================
