/home/wangcheng/anaconda3/envs/cvt/lib/python3.9/site-packages/imagecorruptions/corruptions.py:17: UserWarning: pkg_resources is deprecated as an API. See https://setuptools.pypa.io/en/latest/pkg_resources.html. The pkg_resources package is slated for removal as early as 2025-11-30. Refrain from using this package or pin to Setuptools<81.
  from pkg_resources import resource_filename
Loads checkpoint by local backend from path: /home/wangcheng/project/SCVT3/portable_sam_fusion/checkpoints/sam_vit_b_01ec64.pth
Loaded SAM VisionEncoder with interpolation. Missing keys: 0, Unexpected keys: 138
02/13 12:01:06 - mmengine - INFO - load model from: /home/wangcheng/project/SCVT3/portable_sam_fusion/checkpoints/sam_vit_b_01ec64.pth
02/13 12:01:06 - mmengine - INFO - Loads checkpoint by local backend from path: /home/wangcheng/project/SCVT3/portable_sam_fusion/checkpoints/sam_vit_b_01ec64.pth
02/13 12:01:06 - mmengine - WARNING - The model and loaded state dict do not match exactly

unexpected key in source state_dict: shared_image_embedding.positional_embedding, vision_encoder.pos_embed, vision_encoder.patch_embed.projection.weight, vision_encoder.patch_embed.projection.bias, vision_encoder.layers.0.layer_norm1.weight, vision_encoder.layers.0.layer_norm1.bias, vision_encoder.layers.0.attn.rel_pos_h, vision_encoder.layers.0.attn.rel_pos_w, vision_encoder.layers.0.attn.qkv.weight, vision_encoder.layers.0.attn.qkv.bias, vision_encoder.layers.0.attn.proj.weight, vision_encoder.layers.0.attn.proj.bias, vision_encoder.layers.0.layer_norm2.weight, vision_encoder.layers.0.layer_norm2.bias, vision_encoder.layers.0.mlp.lin1.weight, vision_encoder.layers.0.mlp.lin1.bias, vision_encoder.layers.0.mlp.lin2.weight, vision_encoder.layers.0.mlp.lin2.bias, vision_encoder.layers.1.layer_norm1.weight, vision_encoder.layers.1.layer_norm1.bias, vision_encoder.layers.1.attn.rel_pos_h, vision_encoder.layers.1.attn.rel_pos_w, vision_encoder.layers.1.attn.qkv.weight, vision_encoder.layers.1.attn.qkv.bias, vision_encoder.layers.1.attn.proj.weight, vision_encoder.layers.1.attn.proj.bias, vision_encoder.layers.1.layer_norm2.weight, vision_encoder.layers.1.layer_norm2.bias, vision_encoder.layers.1.mlp.lin1.weight, vision_encoder.layers.1.mlp.lin1.bias, vision_encoder.layers.1.mlp.lin2.weight, vision_encoder.layers.1.mlp.lin2.bias, vision_encoder.layers.2.layer_norm1.weight, vision_encoder.layers.2.layer_norm1.bias, vision_encoder.layers.2.attn.rel_pos_h, vision_encoder.layers.2.attn.rel_pos_w, vision_encoder.layers.2.attn.qkv.weight, vision_encoder.layers.2.attn.qkv.bias, vision_encoder.layers.2.attn.proj.weight, vision_encoder.layers.2.attn.proj.bias, vision_encoder.layers.2.layer_norm2.weight, vision_encoder.layers.2.layer_norm2.bias, vision_encoder.layers.2.mlp.lin1.weight, vision_encoder.layers.2.mlp.lin1.bias, vision_encoder.layers.2.mlp.lin2.weight, vision_encoder.layers.2.mlp.lin2.bias, vision_encoder.layers.3.layer_norm1.weight, vision_encoder.layers.3.layer_norm1.bias, vision_encoder.layers.3.attn.rel_pos_h, vision_encoder.layers.3.attn.rel_pos_w, vision_encoder.layers.3.attn.qkv.weight, vision_encoder.layers.3.attn.qkv.bias, vision_encoder.layers.3.attn.proj.weight, vision_encoder.layers.3.attn.proj.bias, vision_encoder.layers.3.layer_norm2.weight, vision_encoder.layers.3.layer_norm2.bias, vision_encoder.layers.3.mlp.lin1.weight, vision_encoder.layers.3.mlp.lin1.bias, vision_encoder.layers.3.mlp.lin2.weight, vision_encoder.layers.3.mlp.lin2.bias, vision_encoder.layers.4.layer_norm1.weight, vision_encoder.layers.4.layer_norm1.bias, vision_encoder.layers.4.attn.rel_pos_h, vision_encoder.layers.4.attn.rel_pos_w, vision_encoder.layers.4.attn.qkv.weight, vision_encoder.layers.4.attn.qkv.bias, vision_encoder.layers.4.attn.proj.weight, vision_encoder.layers.4.attn.proj.bias, vision_encoder.layers.4.layer_norm2.weight, vision_encoder.layers.4.layer_norm2.bias, vision_encoder.layers.4.mlp.lin1.weight, vision_encoder.layers.4.mlp.lin1.bias, vision_encoder.layers.4.mlp.lin2.weight, vision_encoder.layers.4.mlp.lin2.bias, vision_encoder.layers.5.layer_norm1.weight, vision_encoder.layers.5.layer_norm1.bias, vision_encoder.layers.5.attn.rel_pos_h, vision_encoder.layers.5.attn.rel_pos_w, vision_encoder.layers.5.attn.qkv.weight, vision_encoder.layers.5.attn.qkv.bias, vision_encoder.layers.5.attn.proj.weight, vision_encoder.layers.5.attn.proj.bias, vision_encoder.layers.5.layer_norm2.weight, vision_encoder.layers.5.layer_norm2.bias, vision_encoder.layers.5.mlp.lin1.weight, vision_encoder.layers.5.mlp.lin1.bias, vision_encoder.layers.5.mlp.lin2.weight, vision_encoder.layers.5.mlp.lin2.bias, vision_encoder.layers.6.layer_norm1.weight, vision_encoder.layers.6.layer_norm1.bias, vision_encoder.layers.6.attn.rel_pos_h, vision_encoder.layers.6.attn.rel_pos_w, vision_encoder.layers.6.attn.qkv.weight, vision_encoder.layers.6.attn.qkv.bias, vision_encoder.layers.6.attn.proj.weight, vision_encoder.layers.6.attn.proj.bias, vision_encoder.layers.6.layer_norm2.weight, vision_encoder.layers.6.layer_norm2.bias, vision_encoder.layers.6.mlp.lin1.weight, vision_encoder.layers.6.mlp.lin1.bias, vision_encoder.layers.6.mlp.lin2.weight, vision_encoder.layers.6.mlp.lin2.bias, vision_encoder.layers.7.layer_norm1.weight, vision_encoder.layers.7.layer_norm1.bias, vision_encoder.layers.7.attn.rel_pos_h, vision_encoder.layers.7.attn.rel_pos_w, vision_encoder.layers.7.attn.qkv.weight, vision_encoder.layers.7.attn.qkv.bias, vision_encoder.layers.7.attn.proj.weight, vision_encoder.layers.7.attn.proj.bias, vision_encoder.layers.7.layer_norm2.weight, vision_encoder.layers.7.layer_norm2.bias, vision_encoder.layers.7.mlp.lin1.weight, vision_encoder.layers.7.mlp.lin1.bias, vision_encoder.layers.7.mlp.lin2.weight, vision_encoder.layers.7.mlp.lin2.bias, vision_encoder.layers.8.layer_norm1.weight, vision_encoder.layers.8.layer_norm1.bias, vision_encoder.layers.8.attn.rel_pos_h, vision_encoder.layers.8.attn.rel_pos_w, vision_encoder.layers.8.attn.qkv.weight, vision_encoder.layers.8.attn.qkv.bias, vision_encoder.layers.8.attn.proj.weight, vision_encoder.layers.8.attn.proj.bias, vision_encoder.layers.8.layer_norm2.weight, vision_encoder.layers.8.layer_norm2.bias, vision_encoder.layers.8.mlp.lin1.weight, vision_encoder.layers.8.mlp.lin1.bias, vision_encoder.layers.8.mlp.lin2.weight, vision_encoder.layers.8.mlp.lin2.bias, vision_encoder.layers.9.layer_norm1.weight, vision_encoder.layers.9.layer_norm1.bias, vision_encoder.layers.9.attn.rel_pos_h, vision_encoder.layers.9.attn.rel_pos_w, vision_encoder.layers.9.attn.qkv.weight, vision_encoder.layers.9.attn.qkv.bias, vision_encoder.layers.9.attn.proj.weight, vision_encoder.layers.9.attn.proj.bias, vision_encoder.layers.9.layer_norm2.weight, vision_encoder.layers.9.layer_norm2.bias, vision_encoder.layers.9.mlp.lin1.weight, vision_encoder.layers.9.mlp.lin1.bias, vision_encoder.layers.9.mlp.lin2.weight, vision_encoder.layers.9.mlp.lin2.bias, vision_encoder.layers.10.layer_norm1.weight, vision_encoder.layers.10.layer_norm1.bias, vision_encoder.layers.10.attn.rel_pos_h, vision_encoder.layers.10.attn.rel_pos_w, vision_encoder.layers.10.attn.qkv.weight, vision_encoder.layers.10.attn.qkv.bias, vision_encoder.layers.10.attn.proj.weight, vision_encoder.layers.10.attn.proj.bias, vision_encoder.layers.10.layer_norm2.weight, vision_encoder.layers.10.layer_norm2.bias, vision_encoder.layers.10.mlp.lin1.weight, vision_encoder.layers.10.mlp.lin1.bias, vision_encoder.layers.10.mlp.lin2.weight, vision_encoder.layers.10.mlp.lin2.bias, vision_encoder.layers.11.layer_norm1.weight, vision_encoder.layers.11.layer_norm1.bias, vision_encoder.layers.11.attn.rel_pos_h, vision_encoder.layers.11.attn.rel_pos_w, vision_encoder.layers.11.attn.qkv.weight, vision_encoder.layers.11.attn.qkv.bias, vision_encoder.layers.11.attn.proj.weight, vision_encoder.layers.11.attn.proj.bias, vision_encoder.layers.11.layer_norm2.weight, vision_encoder.layers.11.layer_norm2.bias, vision_encoder.layers.11.mlp.lin1.weight, vision_encoder.layers.11.mlp.lin1.bias, vision_encoder.layers.11.mlp.lin2.weight, vision_encoder.layers.11.mlp.lin2.bias, vision_encoder.neck.conv1.weight, vision_encoder.neck.layer_norm1.weight, vision_encoder.neck.layer_norm1.bias, vision_encoder.neck.conv2.weight, vision_encoder.neck.layer_norm2.weight, vision_encoder.neck.layer_norm2.bias, mask_decoder.iou_token.weight, mask_decoder.mask_tokens.weight, mask_decoder.transformer.layers.0.self_attn.q_proj.weight, mask_decoder.transformer.layers.0.self_attn.q_proj.bias, mask_decoder.transformer.layers.0.self_attn.k_proj.weight, mask_decoder.transformer.layers.0.self_attn.k_proj.bias, mask_decoder.transformer.layers.0.self_attn.v_proj.weight, mask_decoder.transformer.layers.0.self_attn.v_proj.bias, mask_decoder.transformer.layers.0.self_attn.out_proj.weight, mask_decoder.transformer.layers.0.self_attn.out_proj.bias, mask_decoder.transformer.layers.0.layer_norm1.weight, mask_decoder.transformer.layers.0.layer_norm1.bias, mask_decoder.transformer.layers.0.cross_attn_token_to_image.q_proj.weight, mask_decoder.transformer.layers.0.cross_attn_token_to_image.q_proj.bias, mask_decoder.transformer.layers.0.cross_attn_token_to_image.k_proj.weight, mask_decoder.transformer.layers.0.cross_attn_token_to_image.k_proj.bias, mask_decoder.transformer.layers.0.cross_attn_token_to_image.v_proj.weight, mask_decoder.transformer.layers.0.cross_attn_token_to_image.v_proj.bias, mask_decoder.transformer.layers.0.cross_attn_token_to_image.out_proj.weight, mask_decoder.transformer.layers.0.cross_attn_token_to_image.out_proj.bias, mask_decoder.transformer.layers.0.layer_norm2.weight, mask_decoder.transformer.layers.0.layer_norm2.bias, mask_decoder.transformer.layers.0.mlp.lin1.weight, mask_decoder.transformer.layers.0.mlp.lin1.bias, mask_decoder.transformer.layers.0.mlp.lin2.weight, mask_decoder.transformer.layers.0.mlp.lin2.bias, mask_decoder.transformer.layers.0.layer_norm3.weight, mask_decoder.transformer.layers.0.layer_norm3.bias, mask_decoder.transformer.layers.0.layer_norm4.weight, mask_decoder.transformer.layers.0.layer_norm4.bias, mask_decoder.transformer.layers.0.cross_attn_image_to_token.q_proj.weight, mask_decoder.transformer.layers.0.cross_attn_image_to_token.q_proj.bias, mask_decoder.transformer.layers.0.cross_attn_image_to_token.k_proj.weight, mask_decoder.transformer.layers.0.cross_attn_image_to_token.k_proj.bias, mask_decoder.transformer.layers.0.cross_attn_image_to_token.v_proj.weight, mask_decoder.transformer.layers.0.cross_attn_image_to_token.v_proj.bias, mask_decoder.transformer.layers.0.cross_attn_image_to_token.out_proj.weight, mask_decoder.transformer.layers.0.cross_attn_image_to_token.out_proj.bias, mask_decoder.transformer.layers.1.self_attn.q_proj.weight, mask_decoder.transformer.layers.1.self_attn.q_proj.bias, mask_decoder.transformer.layers.1.self_attn.k_proj.weight, mask_decoder.transformer.layers.1.self_attn.k_proj.bias, mask_decoder.transformer.layers.1.self_attn.v_proj.weight, mask_decoder.transformer.layers.1.self_attn.v_proj.bias, mask_decoder.transformer.layers.1.self_attn.out_proj.weight, mask_decoder.transformer.layers.1.self_attn.out_proj.bias, mask_decoder.transformer.layers.1.layer_norm1.weight, mask_decoder.transformer.layers.1.layer_norm1.bias, mask_decoder.transformer.layers.1.cross_attn_token_to_image.q_proj.weight, mask_decoder.transformer.layers.1.cross_attn_token_to_image.q_proj.bias, mask_decoder.transformer.layers.1.cross_attn_token_to_image.k_proj.weight, mask_decoder.transformer.layers.1.cross_attn_token_to_image.k_proj.bias, mask_decoder.transformer.layers.1.cross_attn_token_to_image.v_proj.weight, mask_decoder.transformer.layers.1.cross_attn_token_to_image.v_proj.bias, mask_decoder.transformer.layers.1.cross_attn_token_to_image.out_proj.weight, mask_decoder.transformer.layers.1.cross_attn_token_to_image.out_proj.bias, mask_decoder.transformer.layers.1.layer_norm2.weight, mask_decoder.transformer.layers.1.layer_norm2.bias, mask_decoder.transformer.layers.1.mlp.lin1.weight, mask_decoder.transformer.layers.1.mlp.lin1.bias, mask_decoder.transformer.layers.1.mlp.lin2.weight, mask_decoder.transformer.layers.1.mlp.lin2.bias, mask_decoder.transformer.layers.1.layer_norm3.weight, mask_decoder.transformer.layers.1.layer_norm3.bias, mask_decoder.transformer.layers.1.layer_norm4.weight, mask_decoder.transformer.layers.1.layer_norm4.bias, mask_decoder.transformer.layers.1.cross_attn_image_to_token.q_proj.weight, mask_decoder.transformer.layers.1.cross_attn_image_to_token.q_proj.bias, mask_decoder.transformer.layers.1.cross_attn_image_to_token.k_proj.weight, mask_decoder.transformer.layers.1.cross_attn_image_to_token.k_proj.bias, mask_decoder.transformer.layers.1.cross_attn_image_to_token.v_proj.weight, mask_decoder.transformer.layers.1.cross_attn_image_to_token.v_proj.bias, mask_decoder.transformer.layers.1.cross_attn_image_to_token.out_proj.weight, mask_decoder.transformer.layers.1.cross_attn_image_to_token.out_proj.bias, mask_decoder.transformer.final_attn_token_to_image.q_proj.weight, mask_decoder.transformer.final_attn_token_to_image.q_proj.bias, mask_decoder.transformer.final_attn_token_to_image.k_proj.weight, mask_decoder.transformer.final_attn_token_to_image.k_proj.bias, mask_decoder.transformer.final_attn_token_to_image.v_proj.weight, mask_decoder.transformer.final_attn_token_to_image.v_proj.bias, mask_decoder.transformer.final_attn_token_to_image.out_proj.weight, mask_decoder.transformer.final_attn_token_to_image.out_proj.bias, mask_decoder.transformer.layer_norm_final_attn.weight, mask_decoder.transformer.layer_norm_final_attn.bias, mask_decoder.upscale_conv1.weight, mask_decoder.upscale_conv1.bias, mask_decoder.upscale_conv2.weight, mask_decoder.upscale_conv2.bias, mask_decoder.upscale_layer_norm.weight, mask_decoder.upscale_layer_norm.bias, mask_decoder.output_hypernetworks_mlps.0.proj_in.weight, mask_decoder.output_hypernetworks_mlps.0.proj_in.bias, mask_decoder.output_hypernetworks_mlps.0.proj_out.weight, mask_decoder.output_hypernetworks_mlps.0.proj_out.bias, mask_decoder.output_hypernetworks_mlps.0.layers.0.weight, mask_decoder.output_hypernetworks_mlps.0.layers.0.bias, mask_decoder.output_hypernetworks_mlps.1.proj_in.weight, mask_decoder.output_hypernetworks_mlps.1.proj_in.bias, mask_decoder.output_hypernetworks_mlps.1.proj_out.weight, mask_decoder.output_hypernetworks_mlps.1.proj_out.bias, mask_decoder.output_hypernetworks_mlps.1.layers.0.weight, mask_decoder.output_hypernetworks_mlps.1.layers.0.bias, mask_decoder.output_hypernetworks_mlps.2.proj_in.weight, mask_decoder.output_hypernetworks_mlps.2.proj_in.bias, mask_decoder.output_hypernetworks_mlps.2.proj_out.weight, mask_decoder.output_hypernetworks_mlps.2.proj_out.bias, mask_decoder.output_hypernetworks_mlps.2.layers.0.weight, mask_decoder.output_hypernetworks_mlps.2.layers.0.bias, mask_decoder.output_hypernetworks_mlps.3.proj_in.weight, mask_decoder.output_hypernetworks_mlps.3.proj_in.bias, mask_decoder.output_hypernetworks_mlps.3.proj_out.weight, mask_decoder.output_hypernetworks_mlps.3.proj_out.bias, mask_decoder.output_hypernetworks_mlps.3.layers.0.weight, mask_decoder.output_hypernetworks_mlps.3.layers.0.bias, mask_decoder.iou_prediction_head.proj_in.weight, mask_decoder.iou_prediction_head.proj_in.bias, mask_decoder.iou_prediction_head.proj_out.weight, mask_decoder.iou_prediction_head.proj_out.bias, mask_decoder.iou_prediction_head.layers.0.weight, mask_decoder.iou_prediction_head.layers.0.bias, prompt_encoder.shared_embedding.positional_embedding

02/13 12:01:06 - mmengine - INFO - 
prompt_encoder.mask_embed.conv1.weight - torch.Size([4, 1, 2, 2]): 
PretrainedInit: load from /home/wangcheng/project/SCVT3/portable_sam_fusion/checkpoints/sam_vit_b_01ec64.pth 
 
02/13 12:01:06 - mmengine - INFO - 
prompt_encoder.mask_embed.conv1.bias - torch.Size([4]): 
PretrainedInit: load from /home/wangcheng/project/SCVT3/portable_sam_fusion/checkpoints/sam_vit_b_01ec64.pth 
 
02/13 12:01:06 - mmengine - INFO - 
prompt_encoder.mask_embed.conv2.weight - torch.Size([16, 4, 2, 2]): 
PretrainedInit: load from /home/wangcheng/project/SCVT3/portable_sam_fusion/checkpoints/sam_vit_b_01ec64.pth 
 
02/13 12:01:06 - mmengine - INFO - 
prompt_encoder.mask_embed.conv2.bias - torch.Size([16]): 
PretrainedInit: load from /home/wangcheng/project/SCVT3/portable_sam_fusion/checkpoints/sam_vit_b_01ec64.pth 
 
02/13 12:01:06 - mmengine - INFO - 
prompt_encoder.mask_embed.conv3.weight - torch.Size([256, 16, 1, 1]): 
PretrainedInit: load from /home/wangcheng/project/SCVT3/portable_sam_fusion/checkpoints/sam_vit_b_01ec64.pth 
 
02/13 12:01:06 - mmengine - INFO - 
prompt_encoder.mask_embed.conv3.bias - torch.Size([256]): 
PretrainedInit: load from /home/wangcheng/project/SCVT3/portable_sam_fusion/checkpoints/sam_vit_b_01ec64.pth 
 
02/13 12:01:06 - mmengine - INFO - 
prompt_encoder.mask_embed.layer_norm1.weight - torch.Size([4]): 
PretrainedInit: load from /home/wangcheng/project/SCVT3/portable_sam_fusion/checkpoints/sam_vit_b_01ec64.pth 
 
02/13 12:01:06 - mmengine - INFO - 
prompt_encoder.mask_embed.layer_norm1.bias - torch.Size([4]): 
PretrainedInit: load from /home/wangcheng/project/SCVT3/portable_sam_fusion/checkpoints/sam_vit_b_01ec64.pth 
 
02/13 12:01:06 - mmengine - INFO - 
prompt_encoder.mask_embed.layer_norm2.weight - torch.Size([16]): 
PretrainedInit: load from /home/wangcheng/project/SCVT3/portable_sam_fusion/checkpoints/sam_vit_b_01ec64.pth 
 
02/13 12:01:06 - mmengine - INFO - 
prompt_encoder.mask_embed.layer_norm2.bias - torch.Size([16]): 
PretrainedInit: load from /home/wangcheng/project/SCVT3/portable_sam_fusion/checkpoints/sam_vit_b_01ec64.pth 
 
02/13 12:01:06 - mmengine - INFO - 
prompt_encoder.no_mask_embed.weight - torch.Size([1, 256]): 
PretrainedInit: load from /home/wangcheng/project/SCVT3/portable_sam_fusion/checkpoints/sam_vit_b_01ec64.pth 
 
02/13 12:01:06 - mmengine - INFO - 
prompt_encoder.point_embed.0.weight - torch.Size([1, 256]): 
PretrainedInit: load from /home/wangcheng/project/SCVT3/portable_sam_fusion/checkpoints/sam_vit_b_01ec64.pth 
 
02/13 12:01:06 - mmengine - INFO - 
prompt_encoder.point_embed.1.weight - torch.Size([1, 256]): 
PretrainedInit: load from /home/wangcheng/project/SCVT3/portable_sam_fusion/checkpoints/sam_vit_b_01ec64.pth 
 
02/13 12:01:06 - mmengine - INFO - 
prompt_encoder.point_embed.2.weight - torch.Size([1, 256]): 
PretrainedInit: load from /home/wangcheng/project/SCVT3/portable_sam_fusion/checkpoints/sam_vit_b_01ec64.pth 
 
02/13 12:01:06 - mmengine - INFO - 
prompt_encoder.point_embed.3.weight - torch.Size([1, 256]): 
PretrainedInit: load from /home/wangcheng/project/SCVT3/portable_sam_fusion/checkpoints/sam_vit_b_01ec64.pth 
 
02/13 12:01:06 - mmengine - INFO - 
prompt_encoder.not_a_point_embed.weight - torch.Size([1, 256]): 
PretrainedInit: load from /home/wangcheng/project/SCVT3/portable_sam_fusion/checkpoints/sam_vit_b_01ec64.pth 
 
Loads checkpoint by local backend from path: /home/wangcheng/project/SCVT3/portable_sam_fusion/checkpoints/sam_vit_b_01ec64.pth
Loaded SAM PositionalEmbedding. Missing keys: 0, Unexpected keys: 314
2026-02-13 12:01:08,516 - portable_sam_fusion.data.satellite_drone_dataset - INFO - SatelliteDroneDataset initialized (训练集): 578 scenes, views=4, sat_size=(1024, 1024), drone_size=(512, 512)
2026-02-13 12:01:08,543 - portable_sam_fusion.data.satellite_drone_dataset - INFO - SatelliteDroneDataset initialized (验证集): 56 scenes, views=4, sat_size=(1024, 1024), drone_size=(512, 512)
2026-02-13 12:01:08,544 - portable_sam_fusion - INFO - Dataset size: 578
2026-02-13 12:05:48,125 - portable_sam_fusion - INFO - Epoch 1 detailed losses: loss_rpn_cls=0.6791, loss_rpn_bbox=0.0208, loss_cls=0.4140, acc=91.9949, loss_bbox=0.0064, loss_mask=0.6765
2026-02-13 12:06:12,203 - portable_sam_fusion - INFO - Epoch 1/30 | train=1.796744 val=1.534416 | sat_backbone=1.35e-07 sat_other=2.69e-07 drone_guidance=1.35e-07
2026-02-13 12:10:47,885 - portable_sam_fusion - INFO - Epoch 2 detailed losses: loss_rpn_cls=0.6156, loss_rpn_bbox=0.0188, loss_cls=0.0978, acc=97.9610, loss_bbox=0.0054, loss_mask=0.6210
2026-02-13 12:11:23,262 - portable_sam_fusion - INFO - Epoch 2/30 | train=1.358576 val=1.266606 | sat_backbone=1.69e-07 sat_other=3.38e-07 drone_guidance=1.69e-07
2026-02-13 12:16:05,110 - portable_sam_fusion - INFO - Epoch 3 detailed losses: loss_rpn_cls=0.5220, loss_rpn_bbox=0.0176, loss_cls=0.0542, acc=98.1962, loss_bbox=0.0050, loss_mask=0.5300
2026-02-13 12:16:41,442 - portable_sam_fusion - INFO - Epoch 3/30 | train=1.128743 val=1.055523 | sat_backbone=2.04e-07 sat_other=4.07e-07 drone_guidance=2.04e-07
2026-02-13 12:21:19,402 - portable_sam_fusion - INFO - Epoch 4 detailed losses: loss_rpn_cls=0.4041, loss_rpn_bbox=0.0173, loss_cls=0.0387, acc=98.8619, loss_bbox=0.0036, loss_mask=0.4433
2026-02-13 12:21:56,901 - portable_sam_fusion - INFO - Epoch 4/30 | train=0.907018 val=0.855107 | sat_backbone=2.38e-07 sat_other=4.77e-07 drone_guidance=2.38e-07
2026-02-13 12:26:36,613 - portable_sam_fusion - INFO - Epoch 5 detailed losses: loss_rpn_cls=0.2737, loss_rpn_bbox=0.0178, loss_cls=0.0571, acc=98.3118, loss_bbox=0.0141, loss_mask=0.3738
2026-02-13 12:27:13,536 - portable_sam_fusion - INFO - Epoch 5/30 | train=0.736487 val=0.772504 | sat_backbone=1.00e-04 sat_other=2.00e-04 drone_guidance=1.00e-04
2026-02-13 12:32:11,947 - portable_sam_fusion - INFO - Epoch 6 detailed losses: loss_rpn_cls=0.0029, loss_rpn_bbox=0.0191, loss_cls=0.1818, acc=94.2589, loss_bbox=0.1286, loss_mask=0.1784
2026-02-13 12:32:50,474 - portable_sam_fusion - INFO - Epoch 6/30 | train=0.510730 val=0.458821 | sat_backbone=9.97e-05 sat_other=1.99e-04 drone_guidance=9.97e-05
2026-02-13 12:37:41,030 - portable_sam_fusion - INFO - Epoch 7 detailed losses: loss_rpn_cls=0.0009, loss_rpn_bbox=0.0130, loss_cls=0.0910, acc=96.4323, loss_bbox=0.0843, loss_mask=0.1337
2026-02-13 12:38:18,087 - portable_sam_fusion - INFO - Epoch 7/30 | train=0.322889 val=0.273912 | sat_backbone=9.87e-05 sat_other=1.97e-04 drone_guidance=9.87e-05
2026-02-13 12:43:06,066 - portable_sam_fusion - INFO - Epoch 8 detailed losses: loss_rpn_cls=0.0007, loss_rpn_bbox=0.0113, loss_cls=0.0543, acc=97.7779, loss_bbox=0.0531, loss_mask=0.0851
2026-02-13 12:43:43,810 - portable_sam_fusion - INFO - Epoch 8/30 | train=0.204417 val=0.272486 | sat_backbone=9.72e-05 sat_other=1.94e-04 drone_guidance=9.72e-05
2026-02-13 12:48:37,567 - portable_sam_fusion - INFO - Epoch 9 detailed losses: loss_rpn_cls=0.0005, loss_rpn_bbox=0.0093, loss_cls=0.0511, acc=97.8712, loss_bbox=0.0519, loss_mask=0.0544
2026-02-13 12:49:19,150 - portable_sam_fusion - INFO - Epoch 9/30 | train=0.167042 val=0.234656 | sat_backbone=9.51e-05 sat_other=1.89e-04 drone_guidance=9.51e-05
2026-02-13 12:54:10,008 - portable_sam_fusion - INFO - Epoch 10 detailed losses: loss_rpn_cls=0.0003, loss_rpn_bbox=0.0083, loss_cls=0.0397, acc=98.3510, loss_bbox=0.0398, loss_mask=0.0356
2026-02-13 12:54:46,588 - portable_sam_fusion - INFO - Epoch 10/30 | train=0.123740 val=0.173571 | sat_backbone=9.24e-05 sat_other=1.83e-04 drone_guidance=9.24e-05
2026-02-13 12:59:40,889 - portable_sam_fusion - INFO - Epoch 11 detailed losses: loss_rpn_cls=0.0002, loss_rpn_bbox=0.0076, loss_cls=0.0379, acc=98.4672, loss_bbox=0.0376, loss_mask=0.0285
2026-02-13 13:00:03,485 - portable_sam_fusion - INFO - Epoch 11/30 | train=0.111835 val=0.202668 | sat_backbone=8.92e-05 sat_other=1.76e-04 drone_guidance=8.92e-05
2026-02-13 13:05:00,724 - portable_sam_fusion - INFO - Epoch 12 detailed losses: loss_rpn_cls=0.0002, loss_rpn_bbox=0.0068, loss_cls=0.0378, acc=98.4760, loss_bbox=0.0364, loss_mask=0.0246
2026-02-13 13:05:23,576 - portable_sam_fusion - INFO - Epoch 12/30 | train=0.105816 val=0.185713 | sat_backbone=8.55e-05 sat_other=1.67e-04 drone_guidance=8.55e-05
2026-02-13 13:10:17,340 - portable_sam_fusion - INFO - Epoch 13 detailed losses: loss_rpn_cls=0.0002, loss_rpn_bbox=0.0059, loss_cls=0.0278, acc=98.8714, loss_bbox=0.0262, loss_mask=0.0192
2026-02-13 13:10:55,753 - portable_sam_fusion - INFO - Epoch 13/30 | train=0.079199 val=0.131142 | sat_backbone=8.14e-05 sat_other=1.58e-04 drone_guidance=8.14e-05
2026-02-13 13:15:57,180 - portable_sam_fusion - INFO - Epoch 14 detailed losses: loss_rpn_cls=0.0002, loss_rpn_bbox=0.0054, loss_cls=0.0285, acc=98.8835, loss_bbox=0.0256, loss_mask=0.0155
2026-02-13 13:16:19,795 - portable_sam_fusion - INFO - Epoch 14/30 | train=0.075182 val=0.226898 | sat_backbone=7.70e-05 sat_other=1.48e-04 drone_guidance=7.70e-05
2026-02-13 13:21:16,533 - portable_sam_fusion - INFO - Epoch 15 detailed losses: loss_rpn_cls=0.0001, loss_rpn_bbox=0.0046, loss_cls=0.0270, acc=98.9295, loss_bbox=0.0242, loss_mask=0.0153
2026-02-13 13:21:39,181 - portable_sam_fusion - INFO - Epoch 15/30 | train=0.071224 val=0.182860 | sat_backbone=7.24e-05 sat_other=1.38e-04 drone_guidance=7.24e-05
2026-02-13 13:26:39,179 - portable_sam_fusion - INFO - Epoch 16 detailed losses: loss_rpn_cls=0.0001, loss_rpn_bbox=0.0042, loss_cls=0.0238, acc=99.0640, loss_bbox=0.0193, loss_mask=0.0125
2026-02-13 13:27:01,726 - portable_sam_fusion - INFO - Epoch 16/30 | train=0.059924 val=0.173322 | sat_backbone=6.75e-05 sat_other=1.27e-04 drone_guidance=6.75e-05
2026-02-13 13:32:07,208 - portable_sam_fusion - INFO - Epoch 17 detailed losses: loss_rpn_cls=0.0001, loss_rpn_bbox=0.0036, loss_cls=0.0256, acc=98.9822, loss_bbox=0.0200, loss_mask=0.0118
2026-02-13 13:32:30,407 - portable_sam_fusion - INFO - Epoch 17/30 | train=0.061033 val=0.211544 | sat_backbone=6.25e-05 sat_other=1.16e-04 drone_guidance=6.25e-05
2026-02-13 13:37:38,246 - portable_sam_fusion - INFO - Epoch 18 detailed losses: loss_rpn_cls=0.0001, loss_rpn_bbox=0.0033, loss_cls=0.0246, acc=99.0079, loss_bbox=0.0192, loss_mask=0.0108
2026-02-13 13:37:59,770 - portable_sam_fusion - INFO - Epoch 18/30 | train=0.057989 val=0.135034 | sat_backbone=5.75e-05 sat_other=1.04e-04 drone_guidance=5.75e-05
2026-02-13 13:43:03,447 - portable_sam_fusion - INFO - Epoch 19 detailed losses: loss_rpn_cls=0.0001, loss_rpn_bbox=0.0029, loss_cls=0.0229, acc=99.0680, loss_bbox=0.0164, loss_mask=0.0095
2026-02-13 13:43:26,177 - portable_sam_fusion - INFO - Epoch 19/30 | train=0.051734 val=0.221385 | sat_backbone=5.25e-05 sat_other=9.31e-05 drone_guidance=5.25e-05
2026-02-13 13:48:37,670 - portable_sam_fusion - INFO - Epoch 20 detailed losses: loss_rpn_cls=0.0001, loss_rpn_bbox=0.0024, loss_cls=0.0266, acc=98.9342, loss_bbox=0.0188, loss_mask=0.0096
2026-02-13 13:49:00,281 - portable_sam_fusion - INFO - Epoch 20/30 | train=0.057525 val=0.187670 | sat_backbone=4.76e-05 sat_other=8.22e-05 drone_guidance=4.76e-05
2026-02-13 13:54:05,868 - portable_sam_fusion - INFO - Epoch 21 detailed losses: loss_rpn_cls=0.0001, loss_rpn_bbox=0.0022, loss_cls=0.0195, acc=99.2316, loss_bbox=0.0130, loss_mask=0.0085
2026-02-13 13:54:28,699 - portable_sam_fusion - INFO - Epoch 21/30 | train=0.043255 val=0.190080 | sat_backbone=4.30e-05 sat_other=7.17e-05 drone_guidance=4.30e-05
2026-02-13 13:59:40,459 - portable_sam_fusion - INFO - Epoch 22 detailed losses: loss_rpn_cls=0.0001, loss_rpn_bbox=0.0019, loss_cls=0.0194, acc=99.2343, loss_bbox=0.0121, loss_mask=0.0076
2026-02-13 14:00:02,452 - portable_sam_fusion - INFO - Epoch 22/30 | train=0.041001 val=0.203870 | sat_backbone=3.86e-05 sat_other=6.18e-05 drone_guidance=3.86e-05
2026-02-13 14:04:54,932 - portable_sam_fusion - INFO - Epoch 23 detailed losses: loss_rpn_cls=0.0000, loss_rpn_bbox=0.0017, loss_cls=0.0187, acc=99.2552, loss_bbox=0.0108, loss_mask=0.0067
2026-02-13 14:05:17,763 - portable_sam_fusion - INFO - Epoch 23/30 | train=0.037905 val=0.237760 | sat_backbone=3.45e-05 sat_other=5.26e-05 drone_guidance=3.45e-05
2026-02-13 14:10:26,895 - portable_sam_fusion - INFO - Epoch 24 detailed losses: loss_rpn_cls=0.0000, loss_rpn_bbox=0.0015, loss_cls=0.0160, acc=99.3715, loss_bbox=0.0089, loss_mask=0.0062
2026-02-13 14:10:50,568 - portable_sam_fusion - INFO - Epoch 24/30 | train=0.032586 val=0.221146 | sat_backbone=3.08e-05 sat_other=4.44e-05 drone_guidance=3.08e-05
2026-02-13 14:16:02,621 - portable_sam_fusion - INFO - Epoch 25 detailed losses: loss_rpn_cls=0.0000, loss_rpn_bbox=0.0013, loss_cls=0.0154, acc=99.3809, loss_bbox=0.0083, loss_mask=0.0059
2026-02-13 14:16:25,015 - portable_sam_fusion - INFO - Epoch 25/30 | train=0.030939 val=0.205862 | sat_backbone=2.76e-05 sat_other=3.72e-05 drone_guidance=2.76e-05
2026-02-13 14:21:36,653 - portable_sam_fusion - INFO - Epoch 26 detailed losses: loss_rpn_cls=0.0000, loss_rpn_bbox=0.0012, loss_cls=0.0152, acc=99.3985, loss_bbox=0.0081, loss_mask=0.0060
2026-02-13 14:22:00,211 - portable_sam_fusion - INFO - Epoch 26/30 | train=0.030565 val=0.257119 | sat_backbone=2.49e-05 sat_other=3.11e-05 drone_guidance=2.49e-05
2026-02-13 14:27:11,396 - portable_sam_fusion - INFO - Epoch 27 detailed losses: loss_rpn_cls=0.0000, loss_rpn_bbox=0.0010, loss_cls=0.0145, acc=99.3904, loss_bbox=0.0071, loss_mask=0.0057
2026-02-13 14:27:34,223 - portable_sam_fusion - INFO - Epoch 27/30 | train=0.028352 val=0.220796 | sat_backbone=2.28e-05 sat_other=2.63e-05 drone_guidance=2.28e-05
2026-02-13 14:34:29,051 - portable_sam_fusion - INFO - Epoch 28 detailed losses: loss_rpn_cls=0.0000, loss_rpn_bbox=0.0010, loss_cls=0.0139, acc=99.4364, loss_bbox=0.0069, loss_mask=0.0053
2026-02-13 14:34:52,151 - portable_sam_fusion - INFO - Epoch 28/30 | train=0.027121 val=0.248529 | sat_backbone=2.13e-05 sat_other=2.28e-05 drone_guidance=2.13e-05
2026-02-13 14:34:52,153 - portable_sam_fusion - INFO - Early stopping triggered (patience=15)
