[rank0]: Traceback (most recent call last):
[rank0]:   File "/home/wangcheng2021/project/SCVT2/portable_sam_fusion/train/train_rsprompter_fusion.py", line 502, in <module>
[rank0]:     main()
[rank0]:   File "/home/wangcheng2021/project/SCVT2/portable_sam_fusion/train/train_rsprompter_fusion.py", line 188, in main
[rank0]:     cfg = Config.fromfile(args.config)
[rank0]:   File "/data/wangcheng/cvt/lib/python3.9/site-packages/mmengine/config/config.py", line 461, in fromfile
[rank0]:     cfg_dict, cfg_text, env_variables = Config._file2dict(
[rank0]:   File "/data/wangcheng/cvt/lib/python3.9/site-packages/mmengine/config/config.py", line 947, in _file2dict
[rank0]:     raise e
[rank0]:   File "/data/wangcheng/cvt/lib/python3.9/site-packages/mmengine/config/config.py", line 925, in _file2dict
[rank0]:     eval(codeobj, global_locals_var, global_locals_var)
[rank0]:   File "/home/wangcheng2021/project/SCVT2/portable_sam_fusion/configs/rsprompter_anchor_satS_drone_guidance_v1.py", line 12, in <module>
[rank0]:     os.path.join(os.path.dirname(__file__), "..", "checkpoints", "sam_vit_b_01ec64.pth"),
[rank0]: NameError: name '__file__' is not defined
[rank0]:[W205 20:38:47.026102881 ProcessGroupNCCL.cpp:1538] Warning: WARNING: destroy_process_group() was not called before program exit, which can leak resources. For more info, please see https://pytorch.org/docs/stable/distributed.html#shutdown (function operator())
E0205 20:38:48.055077 159637 site-packages/torch/distributed/elastic/multiprocessing/api.py:874] failed (exitcode: 1) local_rank: 0 (pid: 159811) of binary: /data/wangcheng/cvt/bin/python
Traceback (most recent call last):
  File "/data/wangcheng/cvt/lib/python3.9/runpy.py", line 197, in _run_module_as_main
    return _run_code(code, main_globals, None,
  File "/data/wangcheng/cvt/lib/python3.9/runpy.py", line 87, in _run_code
    exec(code, run_globals)
  File "/data/wangcheng/cvt/lib/python3.9/site-packages/torch/distributed/run.py", line 905, in <module>
    main()
  File "/data/wangcheng/cvt/lib/python3.9/site-packages/torch/distributed/elastic/multiprocessing/errors/__init__.py", line 357, in wrapper
    return f(*args, **kwargs)
  File "/data/wangcheng/cvt/lib/python3.9/site-packages/torch/distributed/run.py", line 901, in main
    run(args)
  File "/data/wangcheng/cvt/lib/python3.9/site-packages/torch/distributed/run.py", line 892, in run
    elastic_launch(
  File "/data/wangcheng/cvt/lib/python3.9/site-packages/torch/distributed/launcher/api.py", line 143, in __call__
    return launch_agent(self._config, self._entrypoint, list(args))
  File "/data/wangcheng/cvt/lib/python3.9/site-packages/torch/distributed/launcher/api.py", line 277, in launch_agent
    raise ChildFailedError(
torch.distributed.elastic.multiprocessing.errors.ChildFailedError: 
============================================================
/home/wangcheng2021/project/SCVT2/portable_sam_fusion/train/train_rsprompter_fusion.py FAILED
------------------------------------------------------------
Failures:
  <NO_OTHER_FAILURES>
------------------------------------------------------------
Root Cause (first observed failure):
[0]:
  time      : 2026-02-05_20:38:48
  host      : lthpc
  rank      : 0 (local_rank: 0)
  exitcode  : 1 (pid: 159811)
  error_file: <N/A>
  traceback : To enable traceback see: https://pytorch.org/docs/stable/elastic/errors.html
============================================================
