/home/wangcheng/anaconda3/envs/cvt/lib/python3.9/site-packages/imagecorruptions/corruptions.py:17: UserWarning: pkg_resources is deprecated as an API. See https://setuptools.pypa.io/en/latest/pkg_resources.html. The pkg_resources package is slated for removal as early as 2025-11-30. Refrain from using this package or pin to Setuptools<81.
  from pkg_resources import resource_filename
Loads checkpoint by local backend from path: /home/wangcheng/project/SCVT3/portable_sam_fusion/checkpoints/sam_vit_b_01ec64.pth
Loaded SAM VisionEncoder with interpolation. Missing keys: 0, Unexpected keys: 138
Enabled gradient checkpointing for SAM VisionEncoder (via forward wrapper)
02/17 23:01:18 - mmengine - INFO - load model from: /home/wangcheng/project/SCVT3/portable_sam_fusion/checkpoints/sam_vit_b_01ec64.pth
02/17 23:01:18 - mmengine - INFO - Loads checkpoint by local backend from path: /home/wangcheng/project/SCVT3/portable_sam_fusion/checkpoints/sam_vit_b_01ec64.pth
02/17 23:01:18 - mmengine - WARNING - The model and loaded state dict do not match exactly

unexpected key in source state_dict: shared_image_embedding.positional_embedding, vision_encoder.pos_embed, vision_encoder.patch_embed.projection.weight, vision_encoder.patch_embed.projection.bias, vision_encoder.layers.0.layer_norm1.weight, vision_encoder.layers.0.layer_norm1.bias, vision_encoder.layers.0.attn.rel_pos_h, vision_encoder.layers.0.attn.rel_pos_w, vision_encoder.layers.0.attn.qkv.weight, vision_encoder.layers.0.attn.qkv.bias, vision_encoder.layers.0.attn.proj.weight, vision_encoder.layers.0.attn.proj.bias, vision_encoder.layers.0.layer_norm2.weight, vision_encoder.layers.0.layer_norm2.bias, vision_encoder.layers.0.mlp.lin1.weight, vision_encoder.layers.0.mlp.lin1.bias, vision_encoder.layers.0.mlp.lin2.weight, vision_encoder.layers.0.mlp.lin2.bias, vision_encoder.layers.1.layer_norm1.weight, vision_encoder.layers.1.layer_norm1.bias, vision_encoder.layers.1.attn.rel_pos_h, vision_encoder.layers.1.attn.rel_pos_w, vision_encoder.layers.1.attn.qkv.weight, vision_encoder.layers.1.attn.qkv.bias, vision_encoder.layers.1.attn.proj.weight, vision_encoder.layers.1.attn.proj.bias, vision_encoder.layers.1.layer_norm2.weight, vision_encoder.layers.1.layer_norm2.bias, vision_encoder.layers.1.mlp.lin1.weight, vision_encoder.layers.1.mlp.lin1.bias, vision_encoder.layers.1.mlp.lin2.weight, vision_encoder.layers.1.mlp.lin2.bias, vision_encoder.layers.2.layer_norm1.weight, vision_encoder.layers.2.layer_norm1.bias, vision_encoder.layers.2.attn.rel_pos_h, vision_encoder.layers.2.attn.rel_pos_w, vision_encoder.layers.2.attn.qkv.weight, vision_encoder.layers.2.attn.qkv.bias, vision_encoder.layers.2.attn.proj.weight, vision_encoder.layers.2.attn.proj.bias, vision_encoder.layers.2.layer_norm2.weight, vision_encoder.layers.2.layer_norm2.bias, vision_encoder.layers.2.mlp.lin1.weight, vision_encoder.layers.2.mlp.lin1.bias, vision_encoder.layers.2.mlp.lin2.weight, vision_encoder.layers.2.mlp.lin2.bias, vision_encoder.layers.3.layer_norm1.weight, vision_encoder.layers.3.layer_norm1.bias, vision_encoder.layers.3.attn.rel_pos_h, vision_encoder.layers.3.attn.rel_pos_w, vision_encoder.layers.3.attn.qkv.weight, vision_encoder.layers.3.attn.qkv.bias, vision_encoder.layers.3.attn.proj.weight, vision_encoder.layers.3.attn.proj.bias, vision_encoder.layers.3.layer_norm2.weight, vision_encoder.layers.3.layer_norm2.bias, vision_encoder.layers.3.mlp.lin1.weight, vision_encoder.layers.3.mlp.lin1.bias, vision_encoder.layers.3.mlp.lin2.weight, vision_encoder.layers.3.mlp.lin2.bias, vision_encoder.layers.4.layer_norm1.weight, vision_encoder.layers.4.layer_norm1.bias, vision_encoder.layers.4.attn.rel_pos_h, vision_encoder.layers.4.attn.rel_pos_w, vision_encoder.layers.4.attn.qkv.weight, vision_encoder.layers.4.attn.qkv.bias, vision_encoder.layers.4.attn.proj.weight, vision_encoder.layers.4.attn.proj.bias, vision_encoder.layers.4.layer_norm2.weight, vision_encoder.layers.4.layer_norm2.bias, vision_encoder.layers.4.mlp.lin1.weight, vision_encoder.layers.4.mlp.lin1.bias, vision_encoder.layers.4.mlp.lin2.weight, vision_encoder.layers.4.mlp.lin2.bias, vision_encoder.layers.5.layer_norm1.weight, vision_encoder.layers.5.layer_norm1.bias, vision_encoder.layers.5.attn.rel_pos_h, vision_encoder.layers.5.attn.rel_pos_w, vision_encoder.layers.5.attn.qkv.weight, vision_encoder.layers.5.attn.qkv.bias, vision_encoder.layers.5.attn.proj.weight, vision_encoder.layers.5.attn.proj.bias, vision_encoder.layers.5.layer_norm2.weight, vision_encoder.layers.5.layer_norm2.bias, vision_encoder.layers.5.mlp.lin1.weight, vision_encoder.layers.5.mlp.lin1.bias, vision_encoder.layers.5.mlp.lin2.weight, vision_encoder.layers.5.mlp.lin2.bias, vision_encoder.layers.6.layer_norm1.weight, vision_encoder.layers.6.layer_norm1.bias, vision_encoder.layers.6.attn.rel_pos_h, vision_encoder.layers.6.attn.rel_pos_w, vision_encoder.layers.6.attn.qkv.weight, vision_encoder.layers.6.attn.qkv.bias, vision_encoder.layers.6.attn.proj.weight, vision_encoder.layers.6.attn.proj.bias, vision_encoder.layers.6.layer_norm2.weight, vision_encoder.layers.6.layer_norm2.bias, vision_encoder.layers.6.mlp.lin1.weight, vision_encoder.layers.6.mlp.lin1.bias, vision_encoder.layers.6.mlp.lin2.weight, vision_encoder.layers.6.mlp.lin2.bias, vision_encoder.layers.7.layer_norm1.weight, vision_encoder.layers.7.layer_norm1.bias, vision_encoder.layers.7.attn.rel_pos_h, vision_encoder.layers.7.attn.rel_pos_w, vision_encoder.layers.7.attn.qkv.weight, vision_encoder.layers.7.attn.qkv.bias, vision_encoder.layers.7.attn.proj.weight, vision_encoder.layers.7.attn.proj.bias, vision_encoder.layers.7.layer_norm2.weight, vision_encoder.layers.7.layer_norm2.bias, vision_encoder.layers.7.mlp.lin1.weight, vision_encoder.layers.7.mlp.lin1.bias, vision_encoder.layers.7.mlp.lin2.weight, vision_encoder.layers.7.mlp.lin2.bias, vision_encoder.layers.8.layer_norm1.weight, vision_encoder.layers.8.layer_norm1.bias, vision_encoder.layers.8.attn.rel_pos_h, vision_encoder.layers.8.attn.rel_pos_w, vision_encoder.layers.8.attn.qkv.weight, vision_encoder.layers.8.attn.qkv.bias, vision_encoder.layers.8.attn.proj.weight, vision_encoder.layers.8.attn.proj.bias, vision_encoder.layers.8.layer_norm2.weight, vision_encoder.layers.8.layer_norm2.bias, vision_encoder.layers.8.mlp.lin1.weight, vision_encoder.layers.8.mlp.lin1.bias, vision_encoder.layers.8.mlp.lin2.weight, vision_encoder.layers.8.mlp.lin2.bias, vision_encoder.layers.9.layer_norm1.weight, vision_encoder.layers.9.layer_norm1.bias, vision_encoder.layers.9.attn.rel_pos_h, vision_encoder.layers.9.attn.rel_pos_w, vision_encoder.layers.9.attn.qkv.weight, vision_encoder.layers.9.attn.qkv.bias, vision_encoder.layers.9.attn.proj.weight, vision_encoder.layers.9.attn.proj.bias, vision_encoder.layers.9.layer_norm2.weight, vision_encoder.layers.9.layer_norm2.bias, vision_encoder.layers.9.mlp.lin1.weight, vision_encoder.layers.9.mlp.lin1.bias, vision_encoder.layers.9.mlp.lin2.weight, vision_encoder.layers.9.mlp.lin2.bias, vision_encoder.layers.10.layer_norm1.weight, vision_encoder.layers.10.layer_norm1.bias, vision_encoder.layers.10.attn.rel_pos_h, vision_encoder.layers.10.attn.rel_pos_w, vision_encoder.layers.10.attn.qkv.weight, vision_encoder.layers.10.attn.qkv.bias, vision_encoder.layers.10.attn.proj.weight, vision_encoder.layers.10.attn.proj.bias, vision_encoder.layers.10.layer_norm2.weight, vision_encoder.layers.10.layer_norm2.bias, vision_encoder.layers.10.mlp.lin1.weight, vision_encoder.layers.10.mlp.lin1.bias, vision_encoder.layers.10.mlp.lin2.weight, vision_encoder.layers.10.mlp.lin2.bias, vision_encoder.layers.11.layer_norm1.weight, vision_encoder.layers.11.layer_norm1.bias, vision_encoder.layers.11.attn.rel_pos_h, vision_encoder.layers.11.attn.rel_pos_w, vision_encoder.layers.11.attn.qkv.weight, vision_encoder.layers.11.attn.qkv.bias, vision_encoder.layers.11.attn.proj.weight, vision_encoder.layers.11.attn.proj.bias, vision_encoder.layers.11.layer_norm2.weight, vision_encoder.layers.11.layer_norm2.bias, vision_encoder.layers.11.mlp.lin1.weight, vision_encoder.layers.11.mlp.lin1.bias, vision_encoder.layers.11.mlp.lin2.weight, vision_encoder.layers.11.mlp.lin2.bias, vision_encoder.neck.conv1.weight, vision_encoder.neck.layer_norm1.weight, vision_encoder.neck.layer_norm1.bias, vision_encoder.neck.conv2.weight, vision_encoder.neck.layer_norm2.weight, vision_encoder.neck.layer_norm2.bias, mask_decoder.iou_token.weight, mask_decoder.mask_tokens.weight, mask_decoder.transformer.layers.0.self_attn.q_proj.weight, mask_decoder.transformer.layers.0.self_attn.q_proj.bias, mask_decoder.transformer.layers.0.self_attn.k_proj.weight, mask_decoder.transformer.layers.0.self_attn.k_proj.bias, mask_decoder.transformer.layers.0.self_attn.v_proj.weight, mask_decoder.transformer.layers.0.self_attn.v_proj.bias, mask_decoder.transformer.layers.0.self_attn.out_proj.weight, mask_decoder.transformer.layers.0.self_attn.out_proj.bias, mask_decoder.transformer.layers.0.layer_norm1.weight, mask_decoder.transformer.layers.0.layer_norm1.bias, mask_decoder.transformer.layers.0.cross_attn_token_to_image.q_proj.weight, mask_decoder.transformer.layers.0.cross_attn_token_to_image.q_proj.bias, mask_decoder.transformer.layers.0.cross_attn_token_to_image.k_proj.weight, mask_decoder.transformer.layers.0.cross_attn_token_to_image.k_proj.bias, mask_decoder.transformer.layers.0.cross_attn_token_to_image.v_proj.weight, mask_decoder.transformer.layers.0.cross_attn_token_to_image.v_proj.bias, mask_decoder.transformer.layers.0.cross_attn_token_to_image.out_proj.weight, mask_decoder.transformer.layers.0.cross_attn_token_to_image.out_proj.bias, mask_decoder.transformer.layers.0.layer_norm2.weight, mask_decoder.transformer.layers.0.layer_norm2.bias, mask_decoder.transformer.layers.0.mlp.lin1.weight, mask_decoder.transformer.layers.0.mlp.lin1.bias, mask_decoder.transformer.layers.0.mlp.lin2.weight, mask_decoder.transformer.layers.0.mlp.lin2.bias, mask_decoder.transformer.layers.0.layer_norm3.weight, mask_decoder.transformer.layers.0.layer_norm3.bias, mask_decoder.transformer.layers.0.layer_norm4.weight, mask_decoder.transformer.layers.0.layer_norm4.bias, mask_decoder.transformer.layers.0.cross_attn_image_to_token.q_proj.weight, mask_decoder.transformer.layers.0.cross_attn_image_to_token.q_proj.bias, mask_decoder.transformer.layers.0.cross_attn_image_to_token.k_proj.weight, mask_decoder.transformer.layers.0.cross_attn_image_to_token.k_proj.bias, mask_decoder.transformer.layers.0.cross_attn_image_to_token.v_proj.weight, mask_decoder.transformer.layers.0.cross_attn_image_to_token.v_proj.bias, mask_decoder.transformer.layers.0.cross_attn_image_to_token.out_proj.weight, mask_decoder.transformer.layers.0.cross_attn_image_to_token.out_proj.bias, mask_decoder.transformer.layers.1.self_attn.q_proj.weight, mask_decoder.transformer.layers.1.self_attn.q_proj.bias, mask_decoder.transformer.layers.1.self_attn.k_proj.weight, mask_decoder.transformer.layers.1.self_attn.k_proj.bias, mask_decoder.transformer.layers.1.self_attn.v_proj.weight, mask_decoder.transformer.layers.1.self_attn.v_proj.bias, mask_decoder.transformer.layers.1.self_attn.out_proj.weight, mask_decoder.transformer.layers.1.self_attn.out_proj.bias, mask_decoder.transformer.layers.1.layer_norm1.weight, mask_decoder.transformer.layers.1.layer_norm1.bias, mask_decoder.transformer.layers.1.cross_attn_token_to_image.q_proj.weight, mask_decoder.transformer.layers.1.cross_attn_token_to_image.q_proj.bias, mask_decoder.transformer.layers.1.cross_attn_token_to_image.k_proj.weight, mask_decoder.transformer.layers.1.cross_attn_token_to_image.k_proj.bias, mask_decoder.transformer.layers.1.cross_attn_token_to_image.v_proj.weight, mask_decoder.transformer.layers.1.cross_attn_token_to_image.v_proj.bias, mask_decoder.transformer.layers.1.cross_attn_token_to_image.out_proj.weight, mask_decoder.transformer.layers.1.cross_attn_token_to_image.out_proj.bias, mask_decoder.transformer.layers.1.layer_norm2.weight, mask_decoder.transformer.layers.1.layer_norm2.bias, mask_decoder.transformer.layers.1.mlp.lin1.weight, mask_decoder.transformer.layers.1.mlp.lin1.bias, mask_decoder.transformer.layers.1.mlp.lin2.weight, mask_decoder.transformer.layers.1.mlp.lin2.bias, mask_decoder.transformer.layers.1.layer_norm3.weight, mask_decoder.transformer.layers.1.layer_norm3.bias, mask_decoder.transformer.layers.1.layer_norm4.weight, mask_decoder.transformer.layers.1.layer_norm4.bias, mask_decoder.transformer.layers.1.cross_attn_image_to_token.q_proj.weight, mask_decoder.transformer.layers.1.cross_attn_image_to_token.q_proj.bias, mask_decoder.transformer.layers.1.cross_attn_image_to_token.k_proj.weight, mask_decoder.transformer.layers.1.cross_attn_image_to_token.k_proj.bias, mask_decoder.transformer.layers.1.cross_attn_image_to_token.v_proj.weight, mask_decoder.transformer.layers.1.cross_attn_image_to_token.v_proj.bias, mask_decoder.transformer.layers.1.cross_attn_image_to_token.out_proj.weight, mask_decoder.transformer.layers.1.cross_attn_image_to_token.out_proj.bias, mask_decoder.transformer.final_attn_token_to_image.q_proj.weight, mask_decoder.transformer.final_attn_token_to_image.q_proj.bias, mask_decoder.transformer.final_attn_token_to_image.k_proj.weight, mask_decoder.transformer.final_attn_token_to_image.k_proj.bias, mask_decoder.transformer.final_attn_token_to_image.v_proj.weight, mask_decoder.transformer.final_attn_token_to_image.v_proj.bias, mask_decoder.transformer.final_attn_token_to_image.out_proj.weight, mask_decoder.transformer.final_attn_token_to_image.out_proj.bias, mask_decoder.transformer.layer_norm_final_attn.weight, mask_decoder.transformer.layer_norm_final_attn.bias, mask_decoder.upscale_conv1.weight, mask_decoder.upscale_conv1.bias, mask_decoder.upscale_conv2.weight, mask_decoder.upscale_conv2.bias, mask_decoder.upscale_layer_norm.weight, mask_decoder.upscale_layer_norm.bias, mask_decoder.output_hypernetworks_mlps.0.proj_in.weight, mask_decoder.output_hypernetworks_mlps.0.proj_in.bias, mask_decoder.output_hypernetworks_mlps.0.proj_out.weight, mask_decoder.output_hypernetworks_mlps.0.proj_out.bias, mask_decoder.output_hypernetworks_mlps.0.layers.0.weight, mask_decoder.output_hypernetworks_mlps.0.layers.0.bias, mask_decoder.output_hypernetworks_mlps.1.proj_in.weight, mask_decoder.output_hypernetworks_mlps.1.proj_in.bias, mask_decoder.output_hypernetworks_mlps.1.proj_out.weight, mask_decoder.output_hypernetworks_mlps.1.proj_out.bias, mask_decoder.output_hypernetworks_mlps.1.layers.0.weight, mask_decoder.output_hypernetworks_mlps.1.layers.0.bias, mask_decoder.output_hypernetworks_mlps.2.proj_in.weight, mask_decoder.output_hypernetworks_mlps.2.proj_in.bias, mask_decoder.output_hypernetworks_mlps.2.proj_out.weight, mask_decoder.output_hypernetworks_mlps.2.proj_out.bias, mask_decoder.output_hypernetworks_mlps.2.layers.0.weight, mask_decoder.output_hypernetworks_mlps.2.layers.0.bias, mask_decoder.output_hypernetworks_mlps.3.proj_in.weight, mask_decoder.output_hypernetworks_mlps.3.proj_in.bias, mask_decoder.output_hypernetworks_mlps.3.proj_out.weight, mask_decoder.output_hypernetworks_mlps.3.proj_out.bias, mask_decoder.output_hypernetworks_mlps.3.layers.0.weight, mask_decoder.output_hypernetworks_mlps.3.layers.0.bias, mask_decoder.iou_prediction_head.proj_in.weight, mask_decoder.iou_prediction_head.proj_in.bias, mask_decoder.iou_prediction_head.proj_out.weight, mask_decoder.iou_prediction_head.proj_out.bias, mask_decoder.iou_prediction_head.layers.0.weight, mask_decoder.iou_prediction_head.layers.0.bias, prompt_encoder.shared_embedding.positional_embedding

02/17 23:01:18 - mmengine - INFO - 
prompt_encoder.mask_embed.conv1.weight - torch.Size([4, 1, 2, 2]): 
PretrainedInit: load from /home/wangcheng/project/SCVT3/portable_sam_fusion/checkpoints/sam_vit_b_01ec64.pth 
 
02/17 23:01:18 - mmengine - INFO - 
prompt_encoder.mask_embed.conv1.bias - torch.Size([4]): 
PretrainedInit: load from /home/wangcheng/project/SCVT3/portable_sam_fusion/checkpoints/sam_vit_b_01ec64.pth 
 
02/17 23:01:18 - mmengine - INFO - 
prompt_encoder.mask_embed.conv2.weight - torch.Size([16, 4, 2, 2]): 
PretrainedInit: load from /home/wangcheng/project/SCVT3/portable_sam_fusion/checkpoints/sam_vit_b_01ec64.pth 
 
02/17 23:01:18 - mmengine - INFO - 
prompt_encoder.mask_embed.conv2.bias - torch.Size([16]): 
PretrainedInit: load from /home/wangcheng/project/SCVT3/portable_sam_fusion/checkpoints/sam_vit_b_01ec64.pth 
 
02/17 23:01:18 - mmengine - INFO - 
prompt_encoder.mask_embed.conv3.weight - torch.Size([256, 16, 1, 1]): 
PretrainedInit: load from /home/wangcheng/project/SCVT3/portable_sam_fusion/checkpoints/sam_vit_b_01ec64.pth 
 
02/17 23:01:18 - mmengine - INFO - 
prompt_encoder.mask_embed.conv3.bias - torch.Size([256]): 
PretrainedInit: load from /home/wangcheng/project/SCVT3/portable_sam_fusion/checkpoints/sam_vit_b_01ec64.pth 
 
02/17 23:01:18 - mmengine - INFO - 
prompt_encoder.mask_embed.layer_norm1.weight - torch.Size([4]): 
PretrainedInit: load from /home/wangcheng/project/SCVT3/portable_sam_fusion/checkpoints/sam_vit_b_01ec64.pth 
 
02/17 23:01:18 - mmengine - INFO - 
prompt_encoder.mask_embed.layer_norm1.bias - torch.Size([4]): 
PretrainedInit: load from /home/wangcheng/project/SCVT3/portable_sam_fusion/checkpoints/sam_vit_b_01ec64.pth 
 
02/17 23:01:18 - mmengine - INFO - 
prompt_encoder.mask_embed.layer_norm2.weight - torch.Size([16]): 
PretrainedInit: load from /home/wangcheng/project/SCVT3/portable_sam_fusion/checkpoints/sam_vit_b_01ec64.pth 
 
02/17 23:01:18 - mmengine - INFO - 
prompt_encoder.mask_embed.layer_norm2.bias - torch.Size([16]): 
PretrainedInit: load from /home/wangcheng/project/SCVT3/portable_sam_fusion/checkpoints/sam_vit_b_01ec64.pth 
 
02/17 23:01:18 - mmengine - INFO - 
prompt_encoder.no_mask_embed.weight - torch.Size([1, 256]): 
PretrainedInit: load from /home/wangcheng/project/SCVT3/portable_sam_fusion/checkpoints/sam_vit_b_01ec64.pth 
 
02/17 23:01:18 - mmengine - INFO - 
prompt_encoder.point_embed.0.weight - torch.Size([1, 256]): 
PretrainedInit: load from /home/wangcheng/project/SCVT3/portable_sam_fusion/checkpoints/sam_vit_b_01ec64.pth 
 
02/17 23:01:18 - mmengine - INFO - 
prompt_encoder.point_embed.1.weight - torch.Size([1, 256]): 
PretrainedInit: load from /home/wangcheng/project/SCVT3/portable_sam_fusion/checkpoints/sam_vit_b_01ec64.pth 
 
02/17 23:01:18 - mmengine - INFO - 
prompt_encoder.point_embed.2.weight - torch.Size([1, 256]): 
PretrainedInit: load from /home/wangcheng/project/SCVT3/portable_sam_fusion/checkpoints/sam_vit_b_01ec64.pth 
 
02/17 23:01:18 - mmengine - INFO - 
prompt_encoder.point_embed.3.weight - torch.Size([1, 256]): 
PretrainedInit: load from /home/wangcheng/project/SCVT3/portable_sam_fusion/checkpoints/sam_vit_b_01ec64.pth 
 
02/17 23:01:18 - mmengine - INFO - 
prompt_encoder.not_a_point_embed.weight - torch.Size([1, 256]): 
PretrainedInit: load from /home/wangcheng/project/SCVT3/portable_sam_fusion/checkpoints/sam_vit_b_01ec64.pth 
 
Loads checkpoint by local backend from path: /home/wangcheng/project/SCVT3/portable_sam_fusion/checkpoints/sam_vit_b_01ec64.pth
Loaded SAM PositionalEmbedding. Missing keys: 0, Unexpected keys: 314
2026-02-17 23:01:19,932 - portable_sam_fusion.data.loader - INFO - Built scene ID mapping: 734 scenes
2026-02-17 23:01:21,162 - portable_sam_fusion.data.satellite_drone_dataset - INFO - SatelliteDroneDataset initialized (训练集): 734 scenes, views=4, sat_size=(1024, 1024), drone_size=(512, 512)
2026-02-17 23:01:21,163 - portable_sam_fusion - INFO - Dataset size: 734
2026-02-17 23:07:36,069 - portable_sam_fusion - INFO - Epoch 1 detailed losses: loss_rpn_cls=0.6665, loss_rpn_bbox=0.0359, loss_cls=0.4301, acc=93.6920, loss_bbox=0.0079, loss_mask=0.6813, loss_contrastive=0.0694, loss_consistency=0.0919, loss_spatial_align=0.0394
2026-02-17 23:07:38,550 - portable_sam_fusion - INFO - Epoch 1/50 | train=2.022377 | sat_backbone=2.10e-06 sat_other=4.20e-06 drone_guidance=2.10e-06
2026-02-17 23:15:11,346 - portable_sam_fusion - INFO - Epoch 2 detailed losses: loss_rpn_cls=0.3293, loss_rpn_bbox=0.0244, loss_cls=0.3118, acc=88.4212, loss_bbox=0.2722, loss_mask=0.3925, loss_contrastive=0.0682, loss_consistency=0.0513, loss_spatial_align=0.0385
2026-02-17 23:15:31,527 - portable_sam_fusion - INFO - Epoch 2/50 | train=1.488243 | sat_backbone=4.10e-06 sat_other=8.19e-06 drone_guidance=4.10e-06
2026-02-17 23:23:48,762 - portable_sam_fusion - INFO - Epoch 3 detailed losses: loss_rpn_cls=0.0902, loss_rpn_bbox=0.0180, loss_cls=0.3017, acc=86.9231, loss_bbox=0.2936, loss_mask=0.2217, loss_contrastive=0.0522, loss_consistency=0.0139, loss_spatial_align=0.0388
2026-02-17 23:24:08,844 - portable_sam_fusion - INFO - Epoch 3/50 | train=1.030027 | sat_backbone=6.09e-06 sat_other=1.22e-05 drone_guidance=6.09e-06
2026-02-17 23:32:37,994 - portable_sam_fusion - INFO - Epoch 4 detailed losses: loss_rpn_cls=0.0496, loss_rpn_bbox=0.0143, loss_cls=0.2690, acc=88.2962, loss_bbox=0.2419, loss_mask=0.1465, loss_contrastive=0.0095, loss_consistency=0.0053, loss_spatial_align=0.0394
2026-02-17 23:32:58,144 - portable_sam_fusion - INFO - Epoch 4/50 | train=0.775475 | sat_backbone=8.09e-06 sat_other=1.62e-05 drone_guidance=8.09e-06
2026-02-17 23:41:31,095 - portable_sam_fusion - INFO - Epoch 5 detailed losses: loss_rpn_cls=0.0333, loss_rpn_bbox=0.0116, loss_cls=0.2490, acc=89.1285, loss_bbox=0.2038, loss_mask=0.1308, loss_contrastive=0.0036, loss_consistency=0.0013, loss_spatial_align=0.0386
2026-02-17 23:41:52,681 - portable_sam_fusion - INFO - Epoch 5/50 | train=0.672067 | sat_backbone=1.01e-05 sat_other=2.02e-05 drone_guidance=1.01e-05
2026-02-17 23:50:33,887 - portable_sam_fusion - INFO - Epoch 6 detailed losses: loss_rpn_cls=0.0243, loss_rpn_bbox=0.0095, loss_cls=0.2268, acc=90.2200, loss_bbox=0.1674, loss_mask=0.1144, loss_contrastive=0.0034, loss_consistency=0.0006, loss_spatial_align=0.0376
2026-02-17 23:50:53,374 - portable_sam_fusion - INFO - Epoch 6/50 | train=0.584188 | sat_backbone=1.21e-05 sat_other=2.42e-05 drone_guidance=1.21e-05
2026-02-17 23:59:38,565 - portable_sam_fusion - INFO - Epoch 7 detailed losses: loss_rpn_cls=0.0190, loss_rpn_bbox=0.0082, loss_cls=0.2086, acc=91.1269, loss_bbox=0.1487, loss_mask=0.0987, loss_contrastive=0.0029, loss_consistency=0.0004, loss_spatial_align=0.0365
2026-02-17 23:59:59,836 - portable_sam_fusion - INFO - Epoch 7/50 | train=0.523111 | sat_backbone=1.41e-05 sat_other=2.82e-05 drone_guidance=1.41e-05
2026-02-18 00:08:41,842 - portable_sam_fusion - INFO - Epoch 8 detailed losses: loss_rpn_cls=0.0148, loss_rpn_bbox=0.0072, loss_cls=0.1877, acc=92.1162, loss_bbox=0.1237, loss_mask=0.0779, loss_contrastive=0.0025, loss_consistency=0.0003, loss_spatial_align=0.0352
2026-02-18 00:09:00,424 - portable_sam_fusion - INFO - Epoch 8/50 | train=0.449475 | sat_backbone=1.61e-05 sat_other=3.22e-05 drone_guidance=1.61e-05
2026-02-18 00:17:42,497 - portable_sam_fusion - INFO - Epoch 9 detailed losses: loss_rpn_cls=0.0117, loss_rpn_bbox=0.0064, loss_cls=0.1700, acc=92.9432, loss_bbox=0.1079, loss_mask=0.0584, loss_contrastive=0.0021, loss_consistency=0.0003, loss_spatial_align=0.0338
2026-02-18 00:18:04,448 - portable_sam_fusion - INFO - Epoch 9/50 | train=0.390612 | sat_backbone=1.81e-05 sat_other=3.62e-05 drone_guidance=1.81e-05
2026-02-18 00:26:48,662 - portable_sam_fusion - INFO - Epoch 10 detailed losses: loss_rpn_cls=0.0099, loss_rpn_bbox=0.0061, loss_cls=0.1614, acc=93.2795, loss_bbox=0.1014, loss_mask=0.0417, loss_contrastive=0.0016, loss_consistency=0.0003, loss_spatial_align=0.0325
2026-02-18 00:27:07,573 - portable_sam_fusion - INFO - Epoch 10/50 | train=0.354934 | sat_backbone=2.01e-05 sat_other=4.02e-05 drone_guidance=2.01e-05
2026-02-18 00:35:51,587 - portable_sam_fusion - INFO - Epoch 11 detailed losses: loss_rpn_cls=0.0091, loss_rpn_bbox=0.0055, loss_cls=0.1463, acc=93.9336, loss_bbox=0.0881, loss_mask=0.0324, loss_contrastive=0.0018, loss_consistency=0.0002, loss_spatial_align=0.0312
2026-02-18 00:36:10,055 - portable_sam_fusion - INFO - Epoch 11/50 | train=0.314619 | sat_backbone=2.21e-05 sat_other=4.42e-05 drone_guidance=2.21e-05
2026-02-18 00:44:51,508 - portable_sam_fusion - INFO - Epoch 12 detailed losses: loss_rpn_cls=0.0075, loss_rpn_bbox=0.0051, loss_cls=0.1403, acc=94.2487, loss_bbox=0.0824, loss_mask=0.0274, loss_contrastive=0.0022, loss_consistency=0.0002, loss_spatial_align=0.0300
2026-02-18 00:45:09,787 - portable_sam_fusion - INFO - Epoch 12/50 | train=0.295050 | sat_backbone=2.41e-05 sat_other=4.82e-05 drone_guidance=2.41e-05
2026-02-18 00:53:53,283 - portable_sam_fusion - INFO - Epoch 13 detailed losses: loss_rpn_cls=0.0064, loss_rpn_bbox=0.0050, loss_cls=0.1336, acc=94.4983, loss_bbox=0.0744, loss_mask=0.0268, loss_contrastive=0.0021, loss_consistency=0.0002, loss_spatial_align=0.0287
2026-02-18 00:54:11,948 - portable_sam_fusion - INFO - Epoch 13/50 | train=0.277124 | sat_backbone=2.61e-05 sat_other=5.21e-05 drone_guidance=2.61e-05
2026-02-18 01:02:53,358 - portable_sam_fusion - INFO - Epoch 14 detailed losses: loss_rpn_cls=0.0066, loss_rpn_bbox=0.0045, loss_cls=0.1216, acc=94.9746, loss_bbox=0.0701, loss_mask=0.0280, loss_contrastive=0.0018, loss_consistency=0.0001, loss_spatial_align=0.0275
2026-02-18 01:03:11,712 - portable_sam_fusion - INFO - Epoch 14/50 | train=0.260321 | sat_backbone=2.81e-05 sat_other=5.61e-05 drone_guidance=2.81e-05
2026-02-18 01:11:56,046 - portable_sam_fusion - INFO - Epoch 15 detailed losses: loss_rpn_cls=0.0051, loss_rpn_bbox=0.0044, loss_cls=0.1184, acc=95.0789, loss_bbox=0.0662, loss_mask=0.0222, loss_contrastive=0.0019, loss_consistency=0.0001, loss_spatial_align=0.0261
2026-02-18 01:12:16,051 - portable_sam_fusion - INFO - Epoch 15/50 | train=0.244424 | sat_backbone=3.01e-05 sat_other=6.01e-05 drone_guidance=3.01e-05
2026-02-18 01:21:03,804 - portable_sam_fusion - INFO - Epoch 16 detailed losses: loss_rpn_cls=0.0048, loss_rpn_bbox=0.0044, loss_cls=0.1114, acc=95.4306, loss_bbox=0.0606, loss_mask=0.0213, loss_contrastive=0.0009, loss_consistency=0.0001, loss_spatial_align=0.0247
2026-02-18 01:21:26,783 - portable_sam_fusion - INFO - Epoch 16/50 | train=0.228271 | sat_backbone=3.21e-05 sat_other=6.41e-05 drone_guidance=3.21e-05
2026-02-18 01:30:10,020 - portable_sam_fusion - INFO - Epoch 17 detailed losses: loss_rpn_cls=0.0047, loss_rpn_bbox=0.0038, loss_cls=0.1082, acc=95.5610, loss_bbox=0.0596, loss_mask=0.0200, loss_contrastive=0.0025, loss_consistency=0.0001, loss_spatial_align=0.0236
2026-02-18 01:30:32,848 - portable_sam_fusion - INFO - Epoch 17/50 | train=0.222374 | sat_backbone=3.41e-05 sat_other=6.81e-05 drone_guidance=3.41e-05
2026-02-18 01:39:18,709 - portable_sam_fusion - INFO - Epoch 18 detailed losses: loss_rpn_cls=0.0038, loss_rpn_bbox=0.0036, loss_cls=0.1085, acc=95.5099, loss_bbox=0.0577, loss_mask=0.0192, loss_contrastive=0.0026, loss_consistency=0.0001, loss_spatial_align=0.0229
2026-02-18 01:39:41,282 - portable_sam_fusion - INFO - Epoch 18/50 | train=0.218391 | sat_backbone=3.61e-05 sat_other=7.21e-05 drone_guidance=3.61e-05
2026-02-18 01:48:23,760 - portable_sam_fusion - INFO - Epoch 19 detailed losses: loss_rpn_cls=0.0043, loss_rpn_bbox=0.0041, loss_cls=0.1004, acc=95.9070, loss_bbox=0.0524, loss_mask=0.0183, loss_contrastive=0.0031, loss_consistency=0.0001, loss_spatial_align=0.0216
2026-02-18 01:48:44,958 - portable_sam_fusion - INFO - Epoch 19/50 | train=0.204316 | sat_backbone=3.81e-05 sat_other=7.61e-05 drone_guidance=3.81e-05
2026-02-18 01:57:33,409 - portable_sam_fusion - INFO - Epoch 20 detailed losses: loss_rpn_cls=0.0039, loss_rpn_bbox=0.0035, loss_cls=0.1000, acc=95.9107, loss_bbox=0.0504, loss_mask=0.0211, loss_contrastive=0.0015, loss_consistency=0.0001, loss_spatial_align=0.0210
2026-02-18 01:57:55,406 - portable_sam_fusion - INFO - Epoch 20/50 | train=0.201499 | sat_backbone=4.01e-05 sat_other=8.01e-05 drone_guidance=4.01e-05
2026-02-18 02:06:40,447 - portable_sam_fusion - INFO - Epoch 21 detailed losses: loss_rpn_cls=0.0043, loss_rpn_bbox=0.0038, loss_cls=0.0926, acc=96.1789, loss_bbox=0.0456, loss_mask=0.0215, loss_contrastive=0.0012, loss_consistency=0.0001, loss_spatial_align=0.0191
2026-02-18 02:06:59,012 - portable_sam_fusion - INFO - Epoch 21/50 | train=0.188191 | sat_backbone=4.21e-05 sat_other=8.41e-05 drone_guidance=4.21e-05
2026-02-18 02:15:45,136 - portable_sam_fusion - INFO - Epoch 22 detailed losses: loss_rpn_cls=0.0039, loss_rpn_bbox=0.0031, loss_cls=0.0923, acc=96.2167, loss_bbox=0.0466, loss_mask=0.0176, loss_contrastive=0.0009, loss_consistency=0.0001, loss_spatial_align=0.0174
2026-02-18 02:16:05,449 - portable_sam_fusion - INFO - Epoch 22/50 | train=0.181834 | sat_backbone=4.41e-05 sat_other=8.81e-05 drone_guidance=4.41e-05
2026-02-18 02:24:50,382 - portable_sam_fusion - INFO - Epoch 23 detailed losses: loss_rpn_cls=0.0029, loss_rpn_bbox=0.0030, loss_cls=0.0935, acc=96.1097, loss_bbox=0.0452, loss_mask=0.0166, loss_contrastive=0.0012, loss_consistency=0.0001, loss_spatial_align=0.0162
2026-02-18 02:25:09,276 - portable_sam_fusion - INFO - Epoch 23/50 | train=0.178785 | sat_backbone=4.61e-05 sat_other=9.21e-05 drone_guidance=4.61e-05
2026-02-18 02:33:52,888 - portable_sam_fusion - INFO - Epoch 24 detailed losses: loss_rpn_cls=0.0024, loss_rpn_bbox=0.0027, loss_cls=0.0902, acc=96.2433, loss_bbox=0.0436, loss_mask=0.0169, loss_contrastive=0.0025, loss_consistency=0.0000, loss_spatial_align=0.0140
2026-02-18 02:34:14,977 - portable_sam_fusion - INFO - Epoch 24/50 | train=0.172272 | sat_backbone=4.81e-05 sat_other=9.61e-05 drone_guidance=4.81e-05
2026-02-18 02:43:00,400 - portable_sam_fusion - INFO - Epoch 25 detailed losses: loss_rpn_cls=0.0029, loss_rpn_bbox=0.0032, loss_cls=0.0854, acc=96.4737, loss_bbox=0.0402, loss_mask=0.0166, loss_contrastive=0.0026, loss_consistency=0.0001, loss_spatial_align=0.0120
2026-02-18 02:43:20,021 - portable_sam_fusion - INFO - Epoch 25/50 | train=0.162946 | sat_backbone=5.01e-05 sat_other=1.00e-04 drone_guidance=5.01e-05
2026-02-18 02:52:07,673 - portable_sam_fusion - INFO - Epoch 26 detailed losses: loss_rpn_cls=0.0028, loss_rpn_bbox=0.0028, loss_cls=0.0856, acc=96.4822, loss_bbox=0.0397, loss_mask=0.0148, loss_contrastive=0.0020, loss_consistency=0.0000, loss_spatial_align=0.0091
2026-02-18 02:52:27,440 - portable_sam_fusion - INFO - Epoch 26/50 | train=0.156907 | sat_backbone=5.20e-05 sat_other=1.04e-04 drone_guidance=5.20e-05
2026-02-18 03:01:15,175 - portable_sam_fusion - INFO - Epoch 27 detailed losses: loss_rpn_cls=0.0040, loss_rpn_bbox=0.0027, loss_cls=0.0812, acc=96.6861, loss_bbox=0.0375, loss_mask=0.0168, loss_contrastive=0.0019, loss_consistency=0.0000, loss_spatial_align=0.0075
2026-02-18 03:01:34,964 - portable_sam_fusion - INFO - Epoch 27/50 | train=0.151611 | sat_backbone=5.40e-05 sat_other=1.08e-04 drone_guidance=5.40e-05
2026-02-18 03:10:24,474 - portable_sam_fusion - INFO - Epoch 28 detailed losses: loss_rpn_cls=0.0027, loss_rpn_bbox=0.0026, loss_cls=0.0831, acc=96.6669, loss_bbox=0.0400, loss_mask=0.0173, loss_contrastive=0.0008, loss_consistency=0.0000, loss_spatial_align=0.0067
2026-02-18 03:10:27,483 - portable_sam_fusion - INFO - Epoch 28/50 | train=0.153335 | sat_backbone=5.60e-05 sat_other=1.12e-04 drone_guidance=5.60e-05
2026-02-18 03:19:15,536 - portable_sam_fusion - INFO - Epoch 29 detailed losses: loss_rpn_cls=0.0026, loss_rpn_bbox=0.0026, loss_cls=0.0848, acc=96.5413, loss_bbox=0.0403, loss_mask=0.0149, loss_contrastive=0.0017, loss_consistency=0.0000, loss_spatial_align=0.0060
2026-02-18 03:19:18,526 - portable_sam_fusion - INFO - Epoch 29/50 | train=0.152959 | sat_backbone=5.80e-05 sat_other=1.16e-04 drone_guidance=5.80e-05
2026-02-18 03:28:04,542 - portable_sam_fusion - INFO - Epoch 30 detailed losses: loss_rpn_cls=0.0025, loss_rpn_bbox=0.0028, loss_cls=0.0807, acc=96.6765, loss_bbox=0.0351, loss_mask=0.0152, loss_contrastive=0.0004, loss_consistency=0.0000, loss_spatial_align=0.0053
2026-02-18 03:28:24,789 - portable_sam_fusion - INFO - Epoch 30/50 | train=0.142109 | sat_backbone=6.00e-05 sat_other=1.20e-04 drone_guidance=6.00e-05
2026-02-18 03:37:09,524 - portable_sam_fusion - INFO - Epoch 31 detailed losses: loss_rpn_cls=0.0019, loss_rpn_bbox=0.0029, loss_cls=0.0794, acc=96.7691, loss_bbox=0.0360, loss_mask=0.0182, loss_contrastive=0.0004, loss_consistency=0.0000, loss_spatial_align=0.0047
2026-02-18 03:37:14,149 - portable_sam_fusion - INFO - Epoch 31/50 | train=0.143411 | sat_backbone=6.20e-05 sat_other=1.24e-04 drone_guidance=6.20e-05
2026-02-18 03:46:00,135 - portable_sam_fusion - INFO - Epoch 32 detailed losses: loss_rpn_cls=0.0023, loss_rpn_bbox=0.0023, loss_cls=0.0763, acc=96.8899, loss_bbox=0.0343, loss_mask=0.0154, loss_contrastive=0.0001, loss_consistency=0.0000, loss_spatial_align=0.0040
2026-02-18 03:46:16,981 - portable_sam_fusion - INFO - Epoch 32/50 | train=0.134738 | sat_backbone=6.40e-05 sat_other=1.28e-04 drone_guidance=6.40e-05
2026-02-18 03:55:02,605 - portable_sam_fusion - INFO - Epoch 33 detailed losses: loss_rpn_cls=0.0021, loss_rpn_bbox=0.0022, loss_cls=0.0794, acc=96.7909, loss_bbox=0.0355, loss_mask=0.0158, loss_contrastive=0.0011, loss_consistency=0.0000, loss_spatial_align=0.0037
2026-02-18 03:55:05,583 - portable_sam_fusion - INFO - Epoch 33/50 | train=0.139728 | sat_backbone=6.60e-05 sat_other=1.32e-04 drone_guidance=6.60e-05
2026-02-18 04:03:48,039 - portable_sam_fusion - INFO - Epoch 34 detailed losses: loss_rpn_cls=0.0019, loss_rpn_bbox=0.0021, loss_cls=0.0731, acc=97.0059, loss_bbox=0.0328, loss_mask=0.0139, loss_contrastive=0.0004, loss_consistency=0.0000, loss_spatial_align=0.0033
2026-02-18 04:04:04,791 - portable_sam_fusion - INFO - Epoch 34/50 | train=0.127576 | sat_backbone=6.80e-05 sat_other=1.36e-04 drone_guidance=6.80e-05
2026-02-18 04:12:57,448 - portable_sam_fusion - INFO - Epoch 35 detailed losses: loss_rpn_cls=0.0027, loss_rpn_bbox=0.0023, loss_cls=0.0795, acc=96.7201, loss_bbox=0.0333, loss_mask=0.0135, loss_contrastive=0.0012, loss_consistency=0.0000, loss_spatial_align=0.0031
2026-02-18 04:13:00,534 - portable_sam_fusion - INFO - Epoch 35/50 | train=0.135739 | sat_backbone=7.00e-05 sat_other=1.40e-04 drone_guidance=7.00e-05
2026-02-18 04:21:49,444 - portable_sam_fusion - INFO - Epoch 36 detailed losses: loss_rpn_cls=0.0020, loss_rpn_bbox=0.0021, loss_cls=0.0741, acc=96.9836, loss_bbox=0.0358, loss_mask=0.0182, loss_contrastive=0.0008, loss_consistency=0.0000, loss_spatial_align=0.0026
2026-02-18 04:21:52,394 - portable_sam_fusion - INFO - Epoch 36/50 | train=0.135572 | sat_backbone=7.20e-05 sat_other=1.44e-04 drone_guidance=7.20e-05
2026-02-18 04:30:36,314 - portable_sam_fusion - INFO - Epoch 37 detailed losses: loss_rpn_cls=0.0026, loss_rpn_bbox=0.0021, loss_cls=0.0745, acc=97.0144, loss_bbox=0.0353, loss_mask=0.0135, loss_contrastive=0.0002, loss_consistency=0.0000, loss_spatial_align=0.0022
2026-02-18 04:30:39,276 - portable_sam_fusion - INFO - Epoch 37/50 | train=0.130388 | sat_backbone=7.40e-05 sat_other=1.48e-04 drone_guidance=7.40e-05
2026-02-18 04:39:26,527 - portable_sam_fusion - INFO - Epoch 38 detailed losses: loss_rpn_cls=0.0019, loss_rpn_bbox=0.0022, loss_cls=0.0760, acc=96.8984, loss_bbox=0.0321, loss_mask=0.0150, loss_contrastive=0.0010, loss_consistency=0.0000, loss_spatial_align=0.0020
2026-02-18 04:39:29,600 - portable_sam_fusion - INFO - Epoch 38/50 | train=0.130328 | sat_backbone=7.60e-05 sat_other=1.52e-04 drone_guidance=7.60e-05
2026-02-18 04:48:23,663 - portable_sam_fusion - INFO - Epoch 39 detailed losses: loss_rpn_cls=0.0032, loss_rpn_bbox=0.0020, loss_cls=0.0730, acc=97.0352, loss_bbox=0.0296, loss_mask=0.0140, loss_contrastive=0.0022, loss_consistency=0.0000, loss_spatial_align=0.0019
2026-02-18 04:48:42,776 - portable_sam_fusion - INFO - Epoch 39/50 | train=0.125937 | sat_backbone=7.80e-05 sat_other=1.56e-04 drone_guidance=7.80e-05
2026-02-18 04:57:26,572 - portable_sam_fusion - INFO - Epoch 40 detailed losses: loss_rpn_cls=0.0017, loss_rpn_bbox=0.0023, loss_cls=0.0685, acc=97.2544, loss_bbox=0.0296, loss_mask=0.0137, loss_contrastive=0.0008, loss_consistency=0.0000, loss_spatial_align=0.0016
2026-02-18 04:57:46,055 - portable_sam_fusion - INFO - Epoch 40/50 | train=0.118279 | sat_backbone=8.00e-05 sat_other=1.60e-04 drone_guidance=8.00e-05
2026-02-18 05:06:41,109 - portable_sam_fusion - INFO - Epoch 41 detailed losses: loss_rpn_cls=0.0019, loss_rpn_bbox=0.0019, loss_cls=0.0734, acc=96.9756, loss_bbox=0.0303, loss_mask=0.0129, loss_contrastive=0.0002, loss_consistency=0.0000, loss_spatial_align=0.0013
2026-02-18 05:06:44,068 - portable_sam_fusion - INFO - Epoch 41/50 | train=0.121954 | sat_backbone=8.20e-05 sat_other=1.64e-04 drone_guidance=8.20e-05
2026-02-18 05:15:35,532 - portable_sam_fusion - INFO - Epoch 42 detailed losses: loss_rpn_cls=0.0019, loss_rpn_bbox=0.0018, loss_cls=0.0764, acc=96.9309, loss_bbox=0.0319, loss_mask=0.0147, loss_contrastive=0.0013, loss_consistency=0.0000, loss_spatial_align=0.0011
2026-02-18 05:15:38,799 - portable_sam_fusion - INFO - Epoch 42/50 | train=0.129025 | sat_backbone=8.40e-05 sat_other=1.68e-04 drone_guidance=8.40e-05
2026-02-18 05:24:25,004 - portable_sam_fusion - INFO - Epoch 43 detailed losses: loss_rpn_cls=0.0029, loss_rpn_bbox=0.0022, loss_cls=0.0703, acc=97.1821, loss_bbox=0.0300, loss_mask=0.0152, loss_contrastive=0.0010, loss_consistency=0.0000, loss_spatial_align=0.0009
2026-02-18 05:24:27,989 - portable_sam_fusion - INFO - Epoch 43/50 | train=0.122472 | sat_backbone=8.60e-05 sat_other=1.72e-04 drone_guidance=8.60e-05
2026-02-18 05:33:22,420 - portable_sam_fusion - INFO - Epoch 44 detailed losses: loss_rpn_cls=0.0013, loss_rpn_bbox=0.0020, loss_cls=0.0682, acc=97.2135, loss_bbox=0.0267, loss_mask=0.0127, loss_contrastive=0.0005, loss_consistency=0.0000, loss_spatial_align=0.0008
2026-02-18 05:33:45,409 - portable_sam_fusion - INFO - Epoch 44/50 | train=0.112227 | sat_backbone=8.80e-05 sat_other=1.76e-04 drone_guidance=8.80e-05
2026-02-18 05:42:30,441 - portable_sam_fusion - INFO - Epoch 45 detailed losses: loss_rpn_cls=0.0020, loss_rpn_bbox=0.0018, loss_cls=0.0706, acc=97.1432, loss_bbox=0.0306, loss_mask=0.0134, loss_contrastive=0.0005, loss_consistency=0.0000, loss_spatial_align=0.0007
2026-02-18 05:42:33,421 - portable_sam_fusion - INFO - Epoch 45/50 | train=0.119703 | sat_backbone=9.00e-05 sat_other=1.80e-04 drone_guidance=9.00e-05
2026-02-18 05:51:26,081 - portable_sam_fusion - INFO - Epoch 46 detailed losses: loss_rpn_cls=0.0021, loss_rpn_bbox=0.0017, loss_cls=0.0675, acc=97.2858, loss_bbox=0.0280, loss_mask=0.0131, loss_contrastive=0.0005, loss_consistency=0.0000, loss_spatial_align=0.0006
2026-02-18 05:51:29,066 - portable_sam_fusion - INFO - Epoch 46/50 | train=0.113448 | sat_backbone=9.20e-05 sat_other=1.84e-04 drone_guidance=9.20e-05
2026-02-18 06:00:14,212 - portable_sam_fusion - INFO - Epoch 47 detailed losses: loss_rpn_cls=0.0016, loss_rpn_bbox=0.0017, loss_cls=0.0655, acc=97.3327, loss_bbox=0.0264, loss_mask=0.0123, loss_contrastive=0.0004, loss_consistency=0.0000, loss_spatial_align=0.0005
2026-02-18 06:00:35,302 - portable_sam_fusion - INFO - Epoch 47/50 | train=0.108376 | sat_backbone=9.40e-05 sat_other=1.88e-04 drone_guidance=9.40e-05
2026-02-18 06:09:31,840 - portable_sam_fusion - INFO - Epoch 48 detailed losses: loss_rpn_cls=0.0025, loss_rpn_bbox=0.0018, loss_cls=0.0708, acc=97.1571, loss_bbox=0.0285, loss_mask=0.0170, loss_contrastive=0.0001, loss_consistency=0.0000, loss_spatial_align=0.0004
2026-02-18 06:09:35,050 - portable_sam_fusion - INFO - Epoch 48/50 | train=0.121011 | sat_backbone=9.60e-05 sat_other=1.92e-04 drone_guidance=9.60e-05
2026-02-18 06:18:30,132 - portable_sam_fusion - INFO - Epoch 49 detailed losses: loss_rpn_cls=0.0023, loss_rpn_bbox=0.0020, loss_cls=0.0683, acc=97.2534, loss_bbox=0.0267, loss_mask=0.0118, loss_contrastive=0.0000, loss_consistency=0.0000, loss_spatial_align=0.0004
2026-02-18 06:18:33,973 - portable_sam_fusion - INFO - Epoch 49/50 | train=0.111537 | sat_backbone=9.80e-05 sat_other=1.96e-04 drone_guidance=9.80e-05
2026-02-18 06:27:33,057 - portable_sam_fusion - INFO - Epoch 50 detailed losses: loss_rpn_cls=0.0016, loss_rpn_bbox=0.0014, loss_cls=0.0607, acc=97.5525, loss_bbox=0.0244, loss_mask=0.0135, loss_contrastive=0.0000, loss_consistency=0.0000, loss_spatial_align=0.0004
2026-02-18 06:27:56,420 - portable_sam_fusion - INFO - Epoch 50/50 | train=0.101942 | sat_backbone=1.00e-04 sat_other=2.00e-04 drone_guidance=1.00e-04
