/home/wangcheng/anaconda3/envs/cvt/lib/python3.9/site-packages/imagecorruptions/corruptions.py:17: UserWarning: pkg_resources is deprecated as an API. See https://setuptools.pypa.io/en/latest/pkg_resources.html. The pkg_resources package is slated for removal as early as 2025-11-30. Refrain from using this package or pin to Setuptools<81.
  from pkg_resources import resource_filename
Loads checkpoint by local backend from path: /home/wangcheng/project/SCVT3/portable_sam_fusion/checkpoints/sam_vit_b_01ec64.pth
Loaded SAM VisionEncoder with interpolation. Missing keys: 0, Unexpected keys: 138
Enabled gradient checkpointing for SAM VisionEncoder (via forward wrapper)
02/20 21:46:25 - mmengine - INFO - load model from: /home/wangcheng/project/SCVT3/portable_sam_fusion/checkpoints/sam_vit_b_01ec64.pth
02/20 21:46:25 - mmengine - INFO - Loads checkpoint by local backend from path: /home/wangcheng/project/SCVT3/portable_sam_fusion/checkpoints/sam_vit_b_01ec64.pth
02/20 21:46:26 - mmengine - WARNING - The model and loaded state dict do not match exactly

unexpected key in source state_dict: shared_image_embedding.positional_embedding, vision_encoder.pos_embed, vision_encoder.patch_embed.projection.weight, vision_encoder.patch_embed.projection.bias, vision_encoder.layers.0.layer_norm1.weight, vision_encoder.layers.0.layer_norm1.bias, vision_encoder.layers.0.attn.rel_pos_h, vision_encoder.layers.0.attn.rel_pos_w, vision_encoder.layers.0.attn.qkv.weight, vision_encoder.layers.0.attn.qkv.bias, vision_encoder.layers.0.attn.proj.weight, vision_encoder.layers.0.attn.proj.bias, vision_encoder.layers.0.layer_norm2.weight, vision_encoder.layers.0.layer_norm2.bias, vision_encoder.layers.0.mlp.lin1.weight, vision_encoder.layers.0.mlp.lin1.bias, vision_encoder.layers.0.mlp.lin2.weight, vision_encoder.layers.0.mlp.lin2.bias, vision_encoder.layers.1.layer_norm1.weight, vision_encoder.layers.1.layer_norm1.bias, vision_encoder.layers.1.attn.rel_pos_h, vision_encoder.layers.1.attn.rel_pos_w, vision_encoder.layers.1.attn.qkv.weight, vision_encoder.layers.1.attn.qkv.bias, vision_encoder.layers.1.attn.proj.weight, vision_encoder.layers.1.attn.proj.bias, vision_encoder.layers.1.layer_norm2.weight, vision_encoder.layers.1.layer_norm2.bias, vision_encoder.layers.1.mlp.lin1.weight, vision_encoder.layers.1.mlp.lin1.bias, vision_encoder.layers.1.mlp.lin2.weight, vision_encoder.layers.1.mlp.lin2.bias, vision_encoder.layers.2.layer_norm1.weight, vision_encoder.layers.2.layer_norm1.bias, vision_encoder.layers.2.attn.rel_pos_h, vision_encoder.layers.2.attn.rel_pos_w, vision_encoder.layers.2.attn.qkv.weight, vision_encoder.layers.2.attn.qkv.bias, vision_encoder.layers.2.attn.proj.weight, vision_encoder.layers.2.attn.proj.bias, vision_encoder.layers.2.layer_norm2.weight, vision_encoder.layers.2.layer_norm2.bias, vision_encoder.layers.2.mlp.lin1.weight, vision_encoder.layers.2.mlp.lin1.bias, vision_encoder.layers.2.mlp.lin2.weight, vision_encoder.layers.2.mlp.lin2.bias, vision_encoder.layers.3.layer_norm1.weight, vision_encoder.layers.3.layer_norm1.bias, vision_encoder.layers.3.attn.rel_pos_h, vision_encoder.layers.3.attn.rel_pos_w, vision_encoder.layers.3.attn.qkv.weight, vision_encoder.layers.3.attn.qkv.bias, vision_encoder.layers.3.attn.proj.weight, vision_encoder.layers.3.attn.proj.bias, vision_encoder.layers.3.layer_norm2.weight, vision_encoder.layers.3.layer_norm2.bias, vision_encoder.layers.3.mlp.lin1.weight, vision_encoder.layers.3.mlp.lin1.bias, vision_encoder.layers.3.mlp.lin2.weight, vision_encoder.layers.3.mlp.lin2.bias, vision_encoder.layers.4.layer_norm1.weight, vision_encoder.layers.4.layer_norm1.bias, vision_encoder.layers.4.attn.rel_pos_h, vision_encoder.layers.4.attn.rel_pos_w, vision_encoder.layers.4.attn.qkv.weight, vision_encoder.layers.4.attn.qkv.bias, vision_encoder.layers.4.attn.proj.weight, vision_encoder.layers.4.attn.proj.bias, vision_encoder.layers.4.layer_norm2.weight, vision_encoder.layers.4.layer_norm2.bias, vision_encoder.layers.4.mlp.lin1.weight, vision_encoder.layers.4.mlp.lin1.bias, vision_encoder.layers.4.mlp.lin2.weight, vision_encoder.layers.4.mlp.lin2.bias, vision_encoder.layers.5.layer_norm1.weight, vision_encoder.layers.5.layer_norm1.bias, vision_encoder.layers.5.attn.rel_pos_h, vision_encoder.layers.5.attn.rel_pos_w, vision_encoder.layers.5.attn.qkv.weight, vision_encoder.layers.5.attn.qkv.bias, vision_encoder.layers.5.attn.proj.weight, vision_encoder.layers.5.attn.proj.bias, vision_encoder.layers.5.layer_norm2.weight, vision_encoder.layers.5.layer_norm2.bias, vision_encoder.layers.5.mlp.lin1.weight, vision_encoder.layers.5.mlp.lin1.bias, vision_encoder.layers.5.mlp.lin2.weight, vision_encoder.layers.5.mlp.lin2.bias, vision_encoder.layers.6.layer_norm1.weight, vision_encoder.layers.6.layer_norm1.bias, vision_encoder.layers.6.attn.rel_pos_h, vision_encoder.layers.6.attn.rel_pos_w, vision_encoder.layers.6.attn.qkv.weight, vision_encoder.layers.6.attn.qkv.bias, vision_encoder.layers.6.attn.proj.weight, vision_encoder.layers.6.attn.proj.bias, vision_encoder.layers.6.layer_norm2.weight, vision_encoder.layers.6.layer_norm2.bias, vision_encoder.layers.6.mlp.lin1.weight, vision_encoder.layers.6.mlp.lin1.bias, vision_encoder.layers.6.mlp.lin2.weight, vision_encoder.layers.6.mlp.lin2.bias, vision_encoder.layers.7.layer_norm1.weight, vision_encoder.layers.7.layer_norm1.bias, vision_encoder.layers.7.attn.rel_pos_h, vision_encoder.layers.7.attn.rel_pos_w, vision_encoder.layers.7.attn.qkv.weight, vision_encoder.layers.7.attn.qkv.bias, vision_encoder.layers.7.attn.proj.weight, vision_encoder.layers.7.attn.proj.bias, vision_encoder.layers.7.layer_norm2.weight, vision_encoder.layers.7.layer_norm2.bias, vision_encoder.layers.7.mlp.lin1.weight, vision_encoder.layers.7.mlp.lin1.bias, vision_encoder.layers.7.mlp.lin2.weight, vision_encoder.layers.7.mlp.lin2.bias, vision_encoder.layers.8.layer_norm1.weight, vision_encoder.layers.8.layer_norm1.bias, vision_encoder.layers.8.attn.rel_pos_h, vision_encoder.layers.8.attn.rel_pos_w, vision_encoder.layers.8.attn.qkv.weight, vision_encoder.layers.8.attn.qkv.bias, vision_encoder.layers.8.attn.proj.weight, vision_encoder.layers.8.attn.proj.bias, vision_encoder.layers.8.layer_norm2.weight, vision_encoder.layers.8.layer_norm2.bias, vision_encoder.layers.8.mlp.lin1.weight, vision_encoder.layers.8.mlp.lin1.bias, vision_encoder.layers.8.mlp.lin2.weight, vision_encoder.layers.8.mlp.lin2.bias, vision_encoder.layers.9.layer_norm1.weight, vision_encoder.layers.9.layer_norm1.bias, vision_encoder.layers.9.attn.rel_pos_h, vision_encoder.layers.9.attn.rel_pos_w, vision_encoder.layers.9.attn.qkv.weight, vision_encoder.layers.9.attn.qkv.bias, vision_encoder.layers.9.attn.proj.weight, vision_encoder.layers.9.attn.proj.bias, vision_encoder.layers.9.layer_norm2.weight, vision_encoder.layers.9.layer_norm2.bias, vision_encoder.layers.9.mlp.lin1.weight, vision_encoder.layers.9.mlp.lin1.bias, vision_encoder.layers.9.mlp.lin2.weight, vision_encoder.layers.9.mlp.lin2.bias, vision_encoder.layers.10.layer_norm1.weight, vision_encoder.layers.10.layer_norm1.bias, vision_encoder.layers.10.attn.rel_pos_h, vision_encoder.layers.10.attn.rel_pos_w, vision_encoder.layers.10.attn.qkv.weight, vision_encoder.layers.10.attn.qkv.bias, vision_encoder.layers.10.attn.proj.weight, vision_encoder.layers.10.attn.proj.bias, vision_encoder.layers.10.layer_norm2.weight, vision_encoder.layers.10.layer_norm2.bias, vision_encoder.layers.10.mlp.lin1.weight, vision_encoder.layers.10.mlp.lin1.bias, vision_encoder.layers.10.mlp.lin2.weight, vision_encoder.layers.10.mlp.lin2.bias, vision_encoder.layers.11.layer_norm1.weight, vision_encoder.layers.11.layer_norm1.bias, vision_encoder.layers.11.attn.rel_pos_h, vision_encoder.layers.11.attn.rel_pos_w, vision_encoder.layers.11.attn.qkv.weight, vision_encoder.layers.11.attn.qkv.bias, vision_encoder.layers.11.attn.proj.weight, vision_encoder.layers.11.attn.proj.bias, vision_encoder.layers.11.layer_norm2.weight, vision_encoder.layers.11.layer_norm2.bias, vision_encoder.layers.11.mlp.lin1.weight, vision_encoder.layers.11.mlp.lin1.bias, vision_encoder.layers.11.mlp.lin2.weight, vision_encoder.layers.11.mlp.lin2.bias, vision_encoder.neck.conv1.weight, vision_encoder.neck.layer_norm1.weight, vision_encoder.neck.layer_norm1.bias, vision_encoder.neck.conv2.weight, vision_encoder.neck.layer_norm2.weight, vision_encoder.neck.layer_norm2.bias, mask_decoder.iou_token.weight, mask_decoder.mask_tokens.weight, mask_decoder.transformer.layers.0.self_attn.q_proj.weight, mask_decoder.transformer.layers.0.self_attn.q_proj.bias, mask_decoder.transformer.layers.0.self_attn.k_proj.weight, mask_decoder.transformer.layers.0.self_attn.k_proj.bias, mask_decoder.transformer.layers.0.self_attn.v_proj.weight, mask_decoder.transformer.layers.0.self_attn.v_proj.bias, mask_decoder.transformer.layers.0.self_attn.out_proj.weight, mask_decoder.transformer.layers.0.self_attn.out_proj.bias, mask_decoder.transformer.layers.0.layer_norm1.weight, mask_decoder.transformer.layers.0.layer_norm1.bias, mask_decoder.transformer.layers.0.cross_attn_token_to_image.q_proj.weight, mask_decoder.transformer.layers.0.cross_attn_token_to_image.q_proj.bias, mask_decoder.transformer.layers.0.cross_attn_token_to_image.k_proj.weight, mask_decoder.transformer.layers.0.cross_attn_token_to_image.k_proj.bias, mask_decoder.transformer.layers.0.cross_attn_token_to_image.v_proj.weight, mask_decoder.transformer.layers.0.cross_attn_token_to_image.v_proj.bias, mask_decoder.transformer.layers.0.cross_attn_token_to_image.out_proj.weight, mask_decoder.transformer.layers.0.cross_attn_token_to_image.out_proj.bias, mask_decoder.transformer.layers.0.layer_norm2.weight, mask_decoder.transformer.layers.0.layer_norm2.bias, mask_decoder.transformer.layers.0.mlp.lin1.weight, mask_decoder.transformer.layers.0.mlp.lin1.bias, mask_decoder.transformer.layers.0.mlp.lin2.weight, mask_decoder.transformer.layers.0.mlp.lin2.bias, mask_decoder.transformer.layers.0.layer_norm3.weight, mask_decoder.transformer.layers.0.layer_norm3.bias, mask_decoder.transformer.layers.0.layer_norm4.weight, mask_decoder.transformer.layers.0.layer_norm4.bias, mask_decoder.transformer.layers.0.cross_attn_image_to_token.q_proj.weight, mask_decoder.transformer.layers.0.cross_attn_image_to_token.q_proj.bias, mask_decoder.transformer.layers.0.cross_attn_image_to_token.k_proj.weight, mask_decoder.transformer.layers.0.cross_attn_image_to_token.k_proj.bias, mask_decoder.transformer.layers.0.cross_attn_image_to_token.v_proj.weight, mask_decoder.transformer.layers.0.cross_attn_image_to_token.v_proj.bias, mask_decoder.transformer.layers.0.cross_attn_image_to_token.out_proj.weight, mask_decoder.transformer.layers.0.cross_attn_image_to_token.out_proj.bias, mask_decoder.transformer.layers.1.self_attn.q_proj.weight, mask_decoder.transformer.layers.1.self_attn.q_proj.bias, mask_decoder.transformer.layers.1.self_attn.k_proj.weight, mask_decoder.transformer.layers.1.self_attn.k_proj.bias, mask_decoder.transformer.layers.1.self_attn.v_proj.weight, mask_decoder.transformer.layers.1.self_attn.v_proj.bias, mask_decoder.transformer.layers.1.self_attn.out_proj.weight, mask_decoder.transformer.layers.1.self_attn.out_proj.bias, mask_decoder.transformer.layers.1.layer_norm1.weight, mask_decoder.transformer.layers.1.layer_norm1.bias, mask_decoder.transformer.layers.1.cross_attn_token_to_image.q_proj.weight, mask_decoder.transformer.layers.1.cross_attn_token_to_image.q_proj.bias, mask_decoder.transformer.layers.1.cross_attn_token_to_image.k_proj.weight, mask_decoder.transformer.layers.1.cross_attn_token_to_image.k_proj.bias, mask_decoder.transformer.layers.1.cross_attn_token_to_image.v_proj.weight, mask_decoder.transformer.layers.1.cross_attn_token_to_image.v_proj.bias, mask_decoder.transformer.layers.1.cross_attn_token_to_image.out_proj.weight, mask_decoder.transformer.layers.1.cross_attn_token_to_image.out_proj.bias, mask_decoder.transformer.layers.1.layer_norm2.weight, mask_decoder.transformer.layers.1.layer_norm2.bias, mask_decoder.transformer.layers.1.mlp.lin1.weight, mask_decoder.transformer.layers.1.mlp.lin1.bias, mask_decoder.transformer.layers.1.mlp.lin2.weight, mask_decoder.transformer.layers.1.mlp.lin2.bias, mask_decoder.transformer.layers.1.layer_norm3.weight, mask_decoder.transformer.layers.1.layer_norm3.bias, mask_decoder.transformer.layers.1.layer_norm4.weight, mask_decoder.transformer.layers.1.layer_norm4.bias, mask_decoder.transformer.layers.1.cross_attn_image_to_token.q_proj.weight, mask_decoder.transformer.layers.1.cross_attn_image_to_token.q_proj.bias, mask_decoder.transformer.layers.1.cross_attn_image_to_token.k_proj.weight, mask_decoder.transformer.layers.1.cross_attn_image_to_token.k_proj.bias, mask_decoder.transformer.layers.1.cross_attn_image_to_token.v_proj.weight, mask_decoder.transformer.layers.1.cross_attn_image_to_token.v_proj.bias, mask_decoder.transformer.layers.1.cross_attn_image_to_token.out_proj.weight, mask_decoder.transformer.layers.1.cross_attn_image_to_token.out_proj.bias, mask_decoder.transformer.final_attn_token_to_image.q_proj.weight, mask_decoder.transformer.final_attn_token_to_image.q_proj.bias, mask_decoder.transformer.final_attn_token_to_image.k_proj.weight, mask_decoder.transformer.final_attn_token_to_image.k_proj.bias, mask_decoder.transformer.final_attn_token_to_image.v_proj.weight, mask_decoder.transformer.final_attn_token_to_image.v_proj.bias, mask_decoder.transformer.final_attn_token_to_image.out_proj.weight, mask_decoder.transformer.final_attn_token_to_image.out_proj.bias, mask_decoder.transformer.layer_norm_final_attn.weight, mask_decoder.transformer.layer_norm_final_attn.bias, mask_decoder.upscale_conv1.weight, mask_decoder.upscale_conv1.bias, mask_decoder.upscale_conv2.weight, mask_decoder.upscale_conv2.bias, mask_decoder.upscale_layer_norm.weight, mask_decoder.upscale_layer_norm.bias, mask_decoder.output_hypernetworks_mlps.0.proj_in.weight, mask_decoder.output_hypernetworks_mlps.0.proj_in.bias, mask_decoder.output_hypernetworks_mlps.0.proj_out.weight, mask_decoder.output_hypernetworks_mlps.0.proj_out.bias, mask_decoder.output_hypernetworks_mlps.0.layers.0.weight, mask_decoder.output_hypernetworks_mlps.0.layers.0.bias, mask_decoder.output_hypernetworks_mlps.1.proj_in.weight, mask_decoder.output_hypernetworks_mlps.1.proj_in.bias, mask_decoder.output_hypernetworks_mlps.1.proj_out.weight, mask_decoder.output_hypernetworks_mlps.1.proj_out.bias, mask_decoder.output_hypernetworks_mlps.1.layers.0.weight, mask_decoder.output_hypernetworks_mlps.1.layers.0.bias, mask_decoder.output_hypernetworks_mlps.2.proj_in.weight, mask_decoder.output_hypernetworks_mlps.2.proj_in.bias, mask_decoder.output_hypernetworks_mlps.2.proj_out.weight, mask_decoder.output_hypernetworks_mlps.2.proj_out.bias, mask_decoder.output_hypernetworks_mlps.2.layers.0.weight, mask_decoder.output_hypernetworks_mlps.2.layers.0.bias, mask_decoder.output_hypernetworks_mlps.3.proj_in.weight, mask_decoder.output_hypernetworks_mlps.3.proj_in.bias, mask_decoder.output_hypernetworks_mlps.3.proj_out.weight, mask_decoder.output_hypernetworks_mlps.3.proj_out.bias, mask_decoder.output_hypernetworks_mlps.3.layers.0.weight, mask_decoder.output_hypernetworks_mlps.3.layers.0.bias, mask_decoder.iou_prediction_head.proj_in.weight, mask_decoder.iou_prediction_head.proj_in.bias, mask_decoder.iou_prediction_head.proj_out.weight, mask_decoder.iou_prediction_head.proj_out.bias, mask_decoder.iou_prediction_head.layers.0.weight, mask_decoder.iou_prediction_head.layers.0.bias, prompt_encoder.shared_embedding.positional_embedding

02/20 21:46:26 - mmengine - INFO - 
prompt_encoder.mask_embed.conv1.weight - torch.Size([4, 1, 2, 2]): 
PretrainedInit: load from /home/wangcheng/project/SCVT3/portable_sam_fusion/checkpoints/sam_vit_b_01ec64.pth 
 
02/20 21:46:26 - mmengine - INFO - 
prompt_encoder.mask_embed.conv1.bias - torch.Size([4]): 
PretrainedInit: load from /home/wangcheng/project/SCVT3/portable_sam_fusion/checkpoints/sam_vit_b_01ec64.pth 
 
02/20 21:46:26 - mmengine - INFO - 
prompt_encoder.mask_embed.conv2.weight - torch.Size([16, 4, 2, 2]): 
PretrainedInit: load from /home/wangcheng/project/SCVT3/portable_sam_fusion/checkpoints/sam_vit_b_01ec64.pth 
 
02/20 21:46:26 - mmengine - INFO - 
prompt_encoder.mask_embed.conv2.bias - torch.Size([16]): 
PretrainedInit: load from /home/wangcheng/project/SCVT3/portable_sam_fusion/checkpoints/sam_vit_b_01ec64.pth 
 
02/20 21:46:26 - mmengine - INFO - 
prompt_encoder.mask_embed.conv3.weight - torch.Size([256, 16, 1, 1]): 
PretrainedInit: load from /home/wangcheng/project/SCVT3/portable_sam_fusion/checkpoints/sam_vit_b_01ec64.pth 
 
02/20 21:46:26 - mmengine - INFO - 
prompt_encoder.mask_embed.conv3.bias - torch.Size([256]): 
PretrainedInit: load from /home/wangcheng/project/SCVT3/portable_sam_fusion/checkpoints/sam_vit_b_01ec64.pth 
 
02/20 21:46:26 - mmengine - INFO - 
prompt_encoder.mask_embed.layer_norm1.weight - torch.Size([4]): 
PretrainedInit: load from /home/wangcheng/project/SCVT3/portable_sam_fusion/checkpoints/sam_vit_b_01ec64.pth 
 
02/20 21:46:26 - mmengine - INFO - 
prompt_encoder.mask_embed.layer_norm1.bias - torch.Size([4]): 
PretrainedInit: load from /home/wangcheng/project/SCVT3/portable_sam_fusion/checkpoints/sam_vit_b_01ec64.pth 
 
02/20 21:46:26 - mmengine - INFO - 
prompt_encoder.mask_embed.layer_norm2.weight - torch.Size([16]): 
PretrainedInit: load from /home/wangcheng/project/SCVT3/portable_sam_fusion/checkpoints/sam_vit_b_01ec64.pth 
 
02/20 21:46:26 - mmengine - INFO - 
prompt_encoder.mask_embed.layer_norm2.bias - torch.Size([16]): 
PretrainedInit: load from /home/wangcheng/project/SCVT3/portable_sam_fusion/checkpoints/sam_vit_b_01ec64.pth 
 
02/20 21:46:26 - mmengine - INFO - 
prompt_encoder.no_mask_embed.weight - torch.Size([1, 256]): 
PretrainedInit: load from /home/wangcheng/project/SCVT3/portable_sam_fusion/checkpoints/sam_vit_b_01ec64.pth 
 
02/20 21:46:26 - mmengine - INFO - 
prompt_encoder.point_embed.0.weight - torch.Size([1, 256]): 
PretrainedInit: load from /home/wangcheng/project/SCVT3/portable_sam_fusion/checkpoints/sam_vit_b_01ec64.pth 
 
02/20 21:46:26 - mmengine - INFO - 
prompt_encoder.point_embed.1.weight - torch.Size([1, 256]): 
PretrainedInit: load from /home/wangcheng/project/SCVT3/portable_sam_fusion/checkpoints/sam_vit_b_01ec64.pth 
 
02/20 21:46:26 - mmengine - INFO - 
prompt_encoder.point_embed.2.weight - torch.Size([1, 256]): 
PretrainedInit: load from /home/wangcheng/project/SCVT3/portable_sam_fusion/checkpoints/sam_vit_b_01ec64.pth 
 
02/20 21:46:26 - mmengine - INFO - 
prompt_encoder.point_embed.3.weight - torch.Size([1, 256]): 
PretrainedInit: load from /home/wangcheng/project/SCVT3/portable_sam_fusion/checkpoints/sam_vit_b_01ec64.pth 
 
02/20 21:46:26 - mmengine - INFO - 
prompt_encoder.not_a_point_embed.weight - torch.Size([1, 256]): 
PretrainedInit: load from /home/wangcheng/project/SCVT3/portable_sam_fusion/checkpoints/sam_vit_b_01ec64.pth 
 
Loads checkpoint by local backend from path: /home/wangcheng/project/SCVT3/portable_sam_fusion/checkpoints/sam_vit_b_01ec64.pth
Loaded SAM PositionalEmbedding. Missing keys: 0, Unexpected keys: 314
2026-02-20 21:46:26,660 - dinov2 - WARNING - xFormers not available
2026-02-20 21:46:26,661 - dinov2 - WARNING - xFormers not available
2026-02-20 21:46:26,684 - dinov2 - INFO - using MLP layer as FFN
2026-02-20 21:46:31,418 - portable_sam_fusion.data.loader - INFO - Built scene ID mapping: 734 scenes
2026-02-20 21:46:31,898 - portable_sam_fusion.data.satellite_drone_dataset - INFO - SatelliteDroneDataset initialized (训练集): 734 scenes, views=4, sat_size=(1024, 1024), drone_size=(512, 512)
2026-02-20 21:46:31,898 - portable_sam_fusion - INFO - Dataset size: 734
2026-02-20 21:54:31,771 - portable_sam_fusion - INFO - Epoch 1 detailed losses: loss_rpn_cls=0.6795, loss_rpn_bbox=0.0425, loss_cls=0.5000, acc=80.6018, loss_bbox=0.0125, loss_mask=0.6911, loss_contrastive=0.0693, loss_consistency=0.1009, loss_spatial_align=0.0394
2026-02-20 21:54:39,305 - portable_sam_fusion - INFO - Epoch 1/50 | train=2.135074 | sat_backbone=2.10e-06 sat_other=4.20e-06 drone_guidance=2.10e-06 scene_alignment=2.10e-06
2026-02-20 22:03:42,368 - portable_sam_fusion - INFO - Epoch 2 detailed losses: loss_rpn_cls=0.3295, loss_rpn_bbox=0.0247, loss_cls=0.3187, acc=87.8693, loss_bbox=0.2841, loss_mask=0.4062, loss_contrastive=0.0680, loss_consistency=0.0535, loss_spatial_align=0.0390
2026-02-20 22:04:02,327 - portable_sam_fusion - INFO - Epoch 2/50 | train=1.523556 | sat_backbone=4.10e-06 sat_other=8.19e-06 drone_guidance=4.10e-06 scene_alignment=4.10e-06
2026-02-20 22:13:59,289 - portable_sam_fusion - INFO - Epoch 3 detailed losses: loss_rpn_cls=0.0973, loss_rpn_bbox=0.0178, loss_cls=0.2989, acc=87.1700, loss_bbox=0.2859, loss_mask=0.2200, loss_contrastive=0.0461, loss_consistency=0.0184, loss_spatial_align=0.0393
2026-02-20 22:14:19,291 - portable_sam_fusion - INFO - Epoch 3/50 | train=1.023737 | sat_backbone=6.09e-06 sat_other=1.22e-05 drone_guidance=6.09e-06 scene_alignment=6.09e-06
2026-02-20 22:24:32,529 - portable_sam_fusion - INFO - Epoch 4 detailed losses: loss_rpn_cls=0.0524, loss_rpn_bbox=0.0143, loss_cls=0.2718, acc=88.1354, loss_bbox=0.2425, loss_mask=0.1488, loss_contrastive=0.0083, loss_consistency=0.0069, loss_spatial_align=0.0396
2026-02-20 22:24:55,756 - portable_sam_fusion - INFO - Epoch 4/50 | train=0.784547 | sat_backbone=8.09e-06 sat_other=1.62e-05 drone_guidance=8.09e-06 scene_alignment=8.09e-06
2026-02-20 22:35:15,702 - portable_sam_fusion - INFO - Epoch 5 detailed losses: loss_rpn_cls=0.0342, loss_rpn_bbox=0.0117, loss_cls=0.2530, acc=89.0040, loss_bbox=0.2052, loss_mask=0.1298, loss_contrastive=0.0040, loss_consistency=0.0019, loss_spatial_align=0.0389
2026-02-20 22:35:35,866 - portable_sam_fusion - INFO - Epoch 5/50 | train=0.678684 | sat_backbone=1.01e-05 sat_other=2.02e-05 drone_guidance=1.01e-05 scene_alignment=1.01e-05
2026-02-20 22:45:58,253 - portable_sam_fusion - INFO - Epoch 6 detailed losses: loss_rpn_cls=0.0246, loss_rpn_bbox=0.0098, loss_cls=0.2355, acc=89.8757, loss_bbox=0.1739, loss_mask=0.1168, loss_contrastive=0.0045, loss_consistency=0.0008, loss_spatial_align=0.0379
2026-02-20 22:46:18,123 - portable_sam_fusion - INFO - Epoch 6/50 | train=0.603781 | sat_backbone=1.21e-05 sat_other=2.42e-05 drone_guidance=1.21e-05 scene_alignment=1.21e-05
2026-02-20 22:56:33,348 - portable_sam_fusion - INFO - Epoch 7 detailed losses: loss_rpn_cls=0.0190, loss_rpn_bbox=0.0083, loss_cls=0.2109, acc=91.0428, loss_bbox=0.1455, loss_mask=0.1005, loss_contrastive=0.0025, loss_consistency=0.0005, loss_spatial_align=0.0369
2026-02-20 22:56:53,154 - portable_sam_fusion - INFO - Epoch 7/50 | train=0.524186 | sat_backbone=1.41e-05 sat_other=2.82e-05 drone_guidance=1.41e-05 scene_alignment=1.41e-05
2026-02-20 23:07:07,732 - portable_sam_fusion - INFO - Epoch 8 detailed losses: loss_rpn_cls=0.0150, loss_rpn_bbox=0.0073, loss_cls=0.1923, acc=91.9060, loss_bbox=0.1313, loss_mask=0.0867, loss_contrastive=0.0021, loss_consistency=0.0004, loss_spatial_align=0.0357
2026-02-20 23:07:26,778 - portable_sam_fusion - INFO - Epoch 8/50 | train=0.470862 | sat_backbone=1.61e-05 sat_other=3.22e-05 drone_guidance=1.61e-05 scene_alignment=1.61e-05
2026-02-20 23:17:47,471 - portable_sam_fusion - INFO - Epoch 9 detailed losses: loss_rpn_cls=0.0121, loss_rpn_bbox=0.0065, loss_cls=0.1787, acc=92.4951, loss_bbox=0.1137, loss_mask=0.0633, loss_contrastive=0.0025, loss_consistency=0.0004, loss_spatial_align=0.0345
2026-02-20 23:18:06,909 - portable_sam_fusion - INFO - Epoch 9/50 | train=0.411760 | sat_backbone=1.81e-05 sat_other=3.62e-05 drone_guidance=1.81e-05 scene_alignment=1.81e-05
2026-02-20 23:28:31,977 - portable_sam_fusion - INFO - Epoch 10 detailed losses: loss_rpn_cls=0.0099, loss_rpn_bbox=0.0060, loss_cls=0.1607, acc=93.2657, loss_bbox=0.1001, loss_mask=0.0394, loss_contrastive=0.0019, loss_consistency=0.0003, loss_spatial_align=0.0332
2026-02-20 23:28:50,598 - portable_sam_fusion - INFO - Epoch 10/50 | train=0.351586 | sat_backbone=2.01e-05 sat_other=4.02e-05 drone_guidance=2.01e-05 scene_alignment=2.01e-05
2026-02-20 23:39:18,807 - portable_sam_fusion - INFO - Epoch 11 detailed losses: loss_rpn_cls=0.0091, loss_rpn_bbox=0.0055, loss_cls=0.1572, acc=93.3588, loss_bbox=0.0937, loss_mask=0.0345, loss_contrastive=0.0021, loss_consistency=0.0003, loss_spatial_align=0.0321
2026-02-20 23:39:37,885 - portable_sam_fusion - INFO - Epoch 11/50 | train=0.334442 | sat_backbone=2.21e-05 sat_other=4.42e-05 drone_guidance=2.21e-05 scene_alignment=2.21e-05
2026-02-20 23:50:05,867 - portable_sam_fusion - INFO - Epoch 12 detailed losses: loss_rpn_cls=0.0069, loss_rpn_bbox=0.0052, loss_cls=0.1423, acc=94.0533, loss_bbox=0.0810, loss_mask=0.0294, loss_contrastive=0.0036, loss_consistency=0.0003, loss_spatial_align=0.0314
2026-02-20 23:50:24,434 - portable_sam_fusion - INFO - Epoch 12/50 | train=0.300157 | sat_backbone=2.41e-05 sat_other=4.82e-05 drone_guidance=2.41e-05 scene_alignment=2.41e-05
2026-02-21 00:00:52,372 - portable_sam_fusion - INFO - Epoch 13 detailed losses: loss_rpn_cls=0.0070, loss_rpn_bbox=0.0047, loss_cls=0.1344, acc=94.4935, loss_bbox=0.0747, loss_mask=0.0263, loss_contrastive=0.0021, loss_consistency=0.0002, loss_spatial_align=0.0301
2026-02-21 00:01:10,986 - portable_sam_fusion - INFO - Epoch 13/50 | train=0.279522 | sat_backbone=2.61e-05 sat_other=5.21e-05 drone_guidance=2.61e-05 scene_alignment=2.61e-05
2026-02-21 00:11:34,800 - portable_sam_fusion - INFO - Epoch 14 detailed losses: loss_rpn_cls=0.0063, loss_rpn_bbox=0.0049, loss_cls=0.1284, acc=94.7260, loss_bbox=0.0740, loss_mask=0.0257, loss_contrastive=0.0032, loss_consistency=0.0002, loss_spatial_align=0.0288
2026-02-21 00:11:53,385 - portable_sam_fusion - INFO - Epoch 14/50 | train=0.271344 | sat_backbone=2.81e-05 sat_other=5.61e-05 drone_guidance=2.81e-05 scene_alignment=2.81e-05
2026-02-21 00:22:19,369 - portable_sam_fusion - INFO - Epoch 15 detailed losses: loss_rpn_cls=0.0054, loss_rpn_bbox=0.0044, loss_cls=0.1218, acc=94.9772, loss_bbox=0.0680, loss_mask=0.0258, loss_contrastive=0.0024, loss_consistency=0.0002, loss_spatial_align=0.0273
2026-02-21 00:22:38,014 - portable_sam_fusion - INFO - Epoch 15/50 | train=0.255240 | sat_backbone=3.01e-05 sat_other=6.01e-05 drone_guidance=3.01e-05 scene_alignment=3.01e-05
2026-02-21 00:32:53,161 - portable_sam_fusion - INFO - Epoch 16 detailed losses: loss_rpn_cls=0.0049, loss_rpn_bbox=0.0045, loss_cls=0.1223, acc=94.9613, loss_bbox=0.0686, loss_mask=0.0213, loss_contrastive=0.0037, loss_consistency=0.0001, loss_spatial_align=0.0265
2026-02-21 00:33:12,010 - portable_sam_fusion - INFO - Epoch 16/50 | train=0.252037 | sat_backbone=3.21e-05 sat_other=6.41e-05 drone_guidance=3.21e-05 scene_alignment=3.21e-05
2026-02-21 00:43:29,845 - portable_sam_fusion - INFO - Epoch 17 detailed losses: loss_rpn_cls=0.0054, loss_rpn_bbox=0.0045, loss_cls=0.1115, acc=95.4205, loss_bbox=0.0612, loss_mask=0.0211, loss_contrastive=0.0017, loss_consistency=0.0001, loss_spatial_align=0.0251
2026-02-21 00:43:48,434 - portable_sam_fusion - INFO - Epoch 17/50 | train=0.230591 | sat_backbone=3.41e-05 sat_other=6.81e-05 drone_guidance=3.41e-05 scene_alignment=3.41e-05
2026-02-21 00:53:53,878 - portable_sam_fusion - INFO - Epoch 18 detailed losses: loss_rpn_cls=0.0036, loss_rpn_bbox=0.0043, loss_cls=0.1070, acc=95.6590, loss_bbox=0.0583, loss_mask=0.0226, loss_contrastive=0.0026, loss_consistency=0.0001, loss_spatial_align=0.0237
2026-02-21 00:54:12,626 - portable_sam_fusion - INFO - Epoch 18/50 | train=0.222197 | sat_backbone=3.61e-05 sat_other=7.21e-05 drone_guidance=3.61e-05 scene_alignment=3.61e-05
2026-02-21 01:04:34,531 - portable_sam_fusion - INFO - Epoch 19 detailed losses: loss_rpn_cls=0.0049, loss_rpn_bbox=0.0041, loss_cls=0.1015, acc=95.8601, loss_bbox=0.0553, loss_mask=0.0213, loss_contrastive=0.0010, loss_consistency=0.0001, loss_spatial_align=0.0222
2026-02-21 01:04:53,215 - portable_sam_fusion - INFO - Epoch 19/50 | train=0.210387 | sat_backbone=3.81e-05 sat_other=7.61e-05 drone_guidance=3.81e-05 scene_alignment=3.81e-05
2026-02-21 01:15:08,228 - portable_sam_fusion - INFO - Epoch 20 detailed losses: loss_rpn_cls=0.0034, loss_rpn_bbox=0.0032, loss_cls=0.0945, acc=96.1076, loss_bbox=0.0483, loss_mask=0.0206, loss_contrastive=0.0011, loss_consistency=0.0001, loss_spatial_align=0.0206
2026-02-21 01:15:26,729 - portable_sam_fusion - INFO - Epoch 20/50 | train=0.191834 | sat_backbone=4.01e-05 sat_other=8.01e-05 drone_guidance=4.01e-05 scene_alignment=4.01e-05
2026-02-21 01:25:35,294 - portable_sam_fusion - INFO - Epoch 21 detailed losses: loss_rpn_cls=0.0033, loss_rpn_bbox=0.0033, loss_cls=0.0969, acc=96.0214, loss_bbox=0.0485, loss_mask=0.0169, loss_contrastive=0.0009, loss_consistency=0.0001, loss_spatial_align=0.0192
2026-02-21 01:25:54,138 - portable_sam_fusion - INFO - Epoch 21/50 | train=0.188962 | sat_backbone=4.21e-05 sat_other=8.41e-05 drone_guidance=4.21e-05 scene_alignment=4.21e-05
2026-02-21 01:36:13,345 - portable_sam_fusion - INFO - Epoch 22 detailed losses: loss_rpn_cls=0.0037, loss_rpn_bbox=0.0034, loss_cls=0.0937, acc=96.1294, loss_bbox=0.0471, loss_mask=0.0196, loss_contrastive=0.0016, loss_consistency=0.0001, loss_spatial_align=0.0177
2026-02-21 01:36:32,480 - portable_sam_fusion - INFO - Epoch 22/50 | train=0.186749 | sat_backbone=4.41e-05 sat_other=8.81e-05 drone_guidance=4.41e-05 scene_alignment=4.41e-05
2026-02-21 01:46:43,091 - portable_sam_fusion - INFO - Epoch 23 detailed losses: loss_rpn_cls=0.0033, loss_rpn_bbox=0.0030, loss_cls=0.0926, acc=96.1491, loss_bbox=0.0454, loss_mask=0.0173, loss_contrastive=0.0009, loss_consistency=0.0000, loss_spatial_align=0.0165
2026-02-21 01:47:02,342 - portable_sam_fusion - INFO - Epoch 23/50 | train=0.179071 | sat_backbone=4.61e-05 sat_other=9.21e-05 drone_guidance=4.61e-05 scene_alignment=4.61e-05
2026-02-21 01:57:22,024 - portable_sam_fusion - INFO - Epoch 24 detailed losses: loss_rpn_cls=0.0042, loss_rpn_bbox=0.0031, loss_cls=0.0906, acc=96.2715, loss_bbox=0.0436, loss_mask=0.0192, loss_contrastive=0.0024, loss_consistency=0.0000, loss_spatial_align=0.0149
2026-02-21 01:57:41,052 - portable_sam_fusion - INFO - Epoch 24/50 | train=0.178090 | sat_backbone=4.81e-05 sat_other=9.61e-05 drone_guidance=4.81e-05 scene_alignment=4.81e-05
2026-02-21 02:07:29,173 - portable_sam_fusion - INFO - Epoch 25 detailed losses: loss_rpn_cls=0.0030, loss_rpn_bbox=0.0036, loss_cls=0.0866, acc=96.4929, loss_bbox=0.0420, loss_mask=0.0164, loss_contrastive=0.0032, loss_consistency=0.0000, loss_spatial_align=0.0137
2026-02-21 02:07:50,757 - portable_sam_fusion - INFO - Epoch 25/50 | train=0.168490 | sat_backbone=5.01e-05 sat_other=1.00e-04 drone_guidance=5.01e-05 scene_alignment=5.01e-05
2026-02-21 02:18:01,437 - portable_sam_fusion - INFO - Epoch 26 detailed losses: loss_rpn_cls=0.0030, loss_rpn_bbox=0.0029, loss_cls=0.0831, acc=96.5701, loss_bbox=0.0405, loss_mask=0.0154, loss_contrastive=0.0009, loss_consistency=0.0000, loss_spatial_align=0.0112
2026-02-21 02:18:23,344 - portable_sam_fusion - INFO - Epoch 26/50 | train=0.156985 | sat_backbone=5.20e-05 sat_other=1.04e-04 drone_guidance=5.20e-05 scene_alignment=5.20e-05
2026-02-21 02:28:45,859 - portable_sam_fusion - INFO - Epoch 27 detailed losses: loss_rpn_cls=0.0027, loss_rpn_bbox=0.0031, loss_cls=0.0804, acc=96.7457, loss_bbox=0.0379, loss_mask=0.0178, loss_contrastive=0.0011, loss_consistency=0.0000, loss_spatial_align=0.0089
2026-02-21 02:29:05,106 - portable_sam_fusion - INFO - Epoch 27/50 | train=0.151994 | sat_backbone=5.40e-05 sat_other=1.08e-04 drone_guidance=5.40e-05 scene_alignment=5.40e-05
2026-02-21 02:39:20,294 - portable_sam_fusion - INFO - Epoch 28 detailed losses: loss_rpn_cls=0.0021, loss_rpn_bbox=0.0025, loss_cls=0.0797, acc=96.7159, loss_bbox=0.0379, loss_mask=0.0146, loss_contrastive=0.0013, loss_consistency=0.0000, loss_spatial_align=0.0069
2026-02-21 02:39:41,689 - portable_sam_fusion - INFO - Epoch 28/50 | train=0.145081 | sat_backbone=5.60e-05 sat_other=1.12e-04 drone_guidance=5.60e-05 scene_alignment=5.60e-05
2026-02-21 02:50:04,064 - portable_sam_fusion - INFO - Epoch 29 detailed losses: loss_rpn_cls=0.0023, loss_rpn_bbox=0.0026, loss_cls=0.0789, acc=96.7457, loss_bbox=0.0388, loss_mask=0.0161, loss_contrastive=0.0008, loss_consistency=0.0000, loss_spatial_align=0.0057
2026-02-21 02:50:07,313 - portable_sam_fusion - INFO - Epoch 29/50 | train=0.145129 | sat_backbone=5.80e-05 sat_other=1.16e-04 drone_guidance=5.80e-05 scene_alignment=5.80e-05
2026-02-21 03:00:23,790 - portable_sam_fusion - INFO - Epoch 30 detailed losses: loss_rpn_cls=0.0021, loss_rpn_bbox=0.0026, loss_cls=0.0797, acc=96.7606, loss_bbox=0.0383, loss_mask=0.0147, loss_contrastive=0.0011, loss_consistency=0.0000, loss_spatial_align=0.0048
2026-02-21 03:00:46,450 - portable_sam_fusion - INFO - Epoch 30/50 | train=0.143376 | sat_backbone=6.00e-05 sat_other=1.20e-04 drone_guidance=6.00e-05 scene_alignment=6.00e-05
2026-02-21 03:11:01,931 - portable_sam_fusion - INFO - Epoch 31 detailed losses: loss_rpn_cls=0.0022, loss_rpn_bbox=0.0026, loss_cls=0.0787, acc=96.8016, loss_bbox=0.0351, loss_mask=0.0134, loss_contrastive=0.0014, loss_consistency=0.0000, loss_spatial_align=0.0043
2026-02-21 03:11:23,759 - portable_sam_fusion - INFO - Epoch 31/50 | train=0.137720 | sat_backbone=6.20e-05 sat_other=1.24e-04 drone_guidance=6.20e-05 scene_alignment=6.20e-05
2026-02-21 03:21:43,265 - portable_sam_fusion - INFO - Epoch 32 detailed losses: loss_rpn_cls=0.0026, loss_rpn_bbox=0.0026, loss_cls=0.0744, acc=96.9272, loss_bbox=0.0353, loss_mask=0.0143, loss_contrastive=0.0016, loss_consistency=0.0000, loss_spatial_align=0.0039
2026-02-21 03:22:07,608 - portable_sam_fusion - INFO - Epoch 32/50 | train=0.134673 | sat_backbone=6.40e-05 sat_other=1.28e-04 drone_guidance=6.40e-05 scene_alignment=6.40e-05
2026-02-21 03:32:23,989 - portable_sam_fusion - INFO - Epoch 33 detailed losses: loss_rpn_cls=0.0020, loss_rpn_bbox=0.0022, loss_cls=0.0739, acc=96.9463, loss_bbox=0.0333, loss_mask=0.0211, loss_contrastive=0.0011, loss_consistency=0.0000, loss_spatial_align=0.0034
2026-02-21 03:32:27,354 - portable_sam_fusion - INFO - Epoch 33/50 | train=0.137185 | sat_backbone=6.60e-05 sat_other=1.32e-04 drone_guidance=6.60e-05 scene_alignment=6.60e-05
2026-02-21 03:42:52,470 - portable_sam_fusion - INFO - Epoch 34 detailed losses: loss_rpn_cls=0.0032, loss_rpn_bbox=0.0023, loss_cls=0.0749, acc=96.9570, loss_bbox=0.0348, loss_mask=0.0199, loss_contrastive=0.0023, loss_consistency=0.0000, loss_spatial_align=0.0031
2026-02-21 03:42:55,609 - portable_sam_fusion - INFO - Epoch 34/50 | train=0.140536 | sat_backbone=6.80e-05 sat_other=1.36e-04 drone_guidance=6.80e-05 scene_alignment=6.80e-05
2026-02-21 03:53:16,592 - portable_sam_fusion - INFO - Epoch 35 detailed losses: loss_rpn_cls=0.0024, loss_rpn_bbox=0.0024, loss_cls=0.0724, acc=97.0474, loss_bbox=0.0339, loss_mask=0.0136, loss_contrastive=0.0013, loss_consistency=0.0000, loss_spatial_align=0.0030
2026-02-21 03:53:40,231 - portable_sam_fusion - INFO - Epoch 35/50 | train=0.128962 | sat_backbone=7.00e-05 sat_other=1.40e-04 drone_guidance=7.00e-05 scene_alignment=7.00e-05
2026-02-21 04:03:51,914 - portable_sam_fusion - INFO - Epoch 36 detailed losses: loss_rpn_cls=0.0021, loss_rpn_bbox=0.0023, loss_cls=0.0710, acc=97.0937, loss_bbox=0.0321, loss_mask=0.0137, loss_contrastive=0.0010, loss_consistency=0.0000, loss_spatial_align=0.0025
2026-02-21 04:04:13,297 - portable_sam_fusion - INFO - Epoch 36/50 | train=0.124849 | sat_backbone=7.20e-05 sat_other=1.44e-04 drone_guidance=7.20e-05 scene_alignment=7.20e-05
2026-02-21 04:14:32,912 - portable_sam_fusion - INFO - Epoch 37 detailed losses: loss_rpn_cls=0.0018, loss_rpn_bbox=0.0019, loss_cls=0.0732, acc=97.1097, loss_bbox=0.0315, loss_mask=0.0137, loss_contrastive=0.0008, loss_consistency=0.0000, loss_spatial_align=0.0022
2026-02-21 04:14:37,043 - portable_sam_fusion - INFO - Epoch 37/50 | train=0.125151 | sat_backbone=7.40e-05 sat_other=1.48e-04 drone_guidance=7.40e-05 scene_alignment=7.40e-05
2026-02-21 04:24:47,846 - portable_sam_fusion - INFO - Epoch 38 detailed losses: loss_rpn_cls=0.0016, loss_rpn_bbox=0.0019, loss_cls=0.0693, acc=97.1438, loss_bbox=0.0290, loss_mask=0.0126, loss_contrastive=0.0008, loss_consistency=0.0000, loss_spatial_align=0.0019
2026-02-21 04:25:10,256 - portable_sam_fusion - INFO - Epoch 38/50 | train=0.117053 | sat_backbone=7.60e-05 sat_other=1.52e-04 drone_guidance=7.60e-05 scene_alignment=7.60e-05
2026-02-21 04:35:19,064 - portable_sam_fusion - INFO - Epoch 39 detailed losses: loss_rpn_cls=0.0033, loss_rpn_bbox=0.0023, loss_cls=0.0700, acc=97.1677, loss_bbox=0.0315, loss_mask=0.0175, loss_contrastive=0.0001, loss_consistency=0.0000, loss_spatial_align=0.0016
2026-02-21 04:35:27,156 - portable_sam_fusion - INFO - Epoch 39/50 | train=0.126255 | sat_backbone=7.80e-05 sat_other=1.56e-04 drone_guidance=7.80e-05 scene_alignment=7.80e-05
2026-02-21 04:45:37,138 - portable_sam_fusion - INFO - Epoch 40 detailed losses: loss_rpn_cls=0.0025, loss_rpn_bbox=0.0021, loss_cls=0.0667, acc=97.3029, loss_bbox=0.0297, loss_mask=0.0129, loss_contrastive=0.0007, loss_consistency=0.0000, loss_spatial_align=0.0014
2026-02-21 04:45:55,241 - portable_sam_fusion - INFO - Epoch 40/50 | train=0.115960 | sat_backbone=8.00e-05 sat_other=1.60e-04 drone_guidance=8.00e-05 scene_alignment=8.00e-05
2026-02-21 04:56:03,165 - portable_sam_fusion - INFO - Epoch 41 detailed losses: loss_rpn_cls=0.0016, loss_rpn_bbox=0.0022, loss_cls=0.0693, acc=97.1831, loss_bbox=0.0295, loss_mask=0.0128, loss_contrastive=0.0015, loss_consistency=0.0000, loss_spatial_align=0.0013
2026-02-21 04:56:06,370 - portable_sam_fusion - INFO - Epoch 41/50 | train=0.118066 | sat_backbone=8.20e-05 sat_other=1.64e-04 drone_guidance=8.20e-05 scene_alignment=8.20e-05
2026-02-21 05:06:01,644 - portable_sam_fusion - INFO - Epoch 42 detailed losses: loss_rpn_cls=0.0020, loss_rpn_bbox=0.0020, loss_cls=0.0686, acc=97.2241, loss_bbox=0.0306, loss_mask=0.0144, loss_contrastive=0.0005, loss_consistency=0.0000, loss_spatial_align=0.0011
2026-02-21 05:06:04,852 - portable_sam_fusion - INFO - Epoch 42/50 | train=0.119163 | sat_backbone=8.40e-05 sat_other=1.68e-04 drone_guidance=8.40e-05 scene_alignment=8.40e-05
2026-02-21 05:16:20,333 - portable_sam_fusion - INFO - Epoch 43 detailed losses: loss_rpn_cls=0.0031, loss_rpn_bbox=0.0021, loss_cls=0.0727, acc=97.0453, loss_bbox=0.0314, loss_mask=0.0151, loss_contrastive=0.0013, loss_consistency=0.0000, loss_spatial_align=0.0011
2026-02-21 05:16:23,525 - portable_sam_fusion - INFO - Epoch 43/50 | train=0.126748 | sat_backbone=8.60e-05 sat_other=1.72e-04 drone_guidance=8.60e-05 scene_alignment=8.60e-05
2026-02-21 05:26:35,291 - portable_sam_fusion - INFO - Epoch 44 detailed losses: loss_rpn_cls=0.0018, loss_rpn_bbox=0.0021, loss_cls=0.0670, acc=97.2779, loss_bbox=0.0286, loss_mask=0.0123, loss_contrastive=0.0008, loss_consistency=0.0000, loss_spatial_align=0.0009
2026-02-21 05:26:53,222 - portable_sam_fusion - INFO - Epoch 44/50 | train=0.113638 | sat_backbone=8.80e-05 sat_other=1.76e-04 drone_guidance=8.80e-05 scene_alignment=8.80e-05
2026-02-21 05:36:57,520 - portable_sam_fusion - INFO - Epoch 45 detailed losses: loss_rpn_cls=0.0016, loss_rpn_bbox=0.0019, loss_cls=0.0655, acc=97.3321, loss_bbox=0.0271, loss_mask=0.0168, loss_contrastive=0.0004, loss_consistency=0.0000, loss_spatial_align=0.0008
2026-02-21 05:37:00,726 - portable_sam_fusion - INFO - Epoch 45/50 | train=0.114130 | sat_backbone=9.00e-05 sat_other=1.80e-04 drone_guidance=9.00e-05 scene_alignment=9.00e-05
2026-02-21 05:47:14,902 - portable_sam_fusion - INFO - Epoch 46 detailed losses: loss_rpn_cls=0.0014, loss_rpn_bbox=0.0019, loss_cls=0.0675, acc=97.2779, loss_bbox=0.0274, loss_mask=0.0126, loss_contrastive=0.0001, loss_consistency=0.0000, loss_spatial_align=0.0007
2026-02-21 05:47:35,130 - portable_sam_fusion - INFO - Epoch 46/50 | train=0.111759 | sat_backbone=9.20e-05 sat_other=1.84e-04 drone_guidance=9.20e-05 scene_alignment=9.20e-05
2026-02-21 05:57:47,800 - portable_sam_fusion - INFO - Epoch 47 detailed losses: loss_rpn_cls=0.0019, loss_rpn_bbox=0.0018, loss_cls=0.0698, acc=97.2066, loss_bbox=0.0275, loss_mask=0.0115, loss_contrastive=0.0000, loss_consistency=0.0000, loss_spatial_align=0.0007
2026-02-21 05:57:50,983 - portable_sam_fusion - INFO - Epoch 47/50 | train=0.113158 | sat_backbone=9.40e-05 sat_other=1.88e-04 drone_guidance=9.40e-05 scene_alignment=9.40e-05
2026-02-21 06:08:00,226 - portable_sam_fusion - INFO - Epoch 48 detailed losses: loss_rpn_cls=0.0022, loss_rpn_bbox=0.0016, loss_cls=0.0625, acc=97.4625, loss_bbox=0.0262, loss_mask=0.0127, loss_contrastive=0.0015, loss_consistency=0.0000, loss_spatial_align=0.0006
2026-02-21 06:08:18,581 - portable_sam_fusion - INFO - Epoch 48/50 | train=0.107268 | sat_backbone=9.60e-05 sat_other=1.92e-04 drone_guidance=9.60e-05 scene_alignment=9.60e-05
2026-02-21 06:18:26,347 - portable_sam_fusion - INFO - Epoch 49 detailed losses: loss_rpn_cls=0.0014, loss_rpn_bbox=0.0016, loss_cls=0.0610, acc=97.5200, loss_bbox=0.0257, loss_mask=0.0154, loss_contrastive=0.0004, loss_consistency=0.0000, loss_spatial_align=0.0006
2026-02-21 06:18:45,031 - portable_sam_fusion - INFO - Epoch 49/50 | train=0.106141 | sat_backbone=9.80e-05 sat_other=1.96e-04 drone_guidance=9.80e-05 scene_alignment=9.80e-05
2026-02-21 06:28:52,135 - portable_sam_fusion - INFO - Epoch 50 detailed losses: loss_rpn_cls=0.0022, loss_rpn_bbox=0.0016, loss_cls=0.0639, acc=97.4295, loss_bbox=0.0275, loss_mask=0.0133, loss_contrastive=0.0004, loss_consistency=0.0000, loss_spatial_align=0.0006
2026-02-21 06:28:55,623 - portable_sam_fusion - INFO - Epoch 50/50 | train=0.109490 | sat_backbone=1.00e-04 sat_other=2.00e-04 drone_guidance=1.00e-04 scene_alignment=1.00e-04
