/home/wangcheng/anaconda3/envs/cvt/lib/python3.9/site-packages/imagecorruptions/corruptions.py:17: UserWarning: pkg_resources is deprecated as an API. See https://setuptools.pypa.io/en/latest/pkg_resources.html. The pkg_resources package is slated for removal as early as 2025-11-30. Refrain from using this package or pin to Setuptools<81.
  from pkg_resources import resource_filename
Loads checkpoint by local backend from path: /home/wangcheng/project/SCVT3/portable_sam_fusion/checkpoints/sam_vit_b_01ec64.pth
Loaded SAM VisionEncoder with interpolation. Missing keys: 0, Unexpected keys: 138
02/17 12:04:18 - mmengine - INFO - load model from: /home/wangcheng/project/SCVT3/portable_sam_fusion/checkpoints/sam_vit_b_01ec64.pth
02/17 12:04:18 - mmengine - INFO - Loads checkpoint by local backend from path: /home/wangcheng/project/SCVT3/portable_sam_fusion/checkpoints/sam_vit_b_01ec64.pth
02/17 12:04:18 - mmengine - WARNING - The model and loaded state dict do not match exactly

unexpected key in source state_dict: shared_image_embedding.positional_embedding, vision_encoder.pos_embed, vision_encoder.patch_embed.projection.weight, vision_encoder.patch_embed.projection.bias, vision_encoder.layers.0.layer_norm1.weight, vision_encoder.layers.0.layer_norm1.bias, vision_encoder.layers.0.attn.rel_pos_h, vision_encoder.layers.0.attn.rel_pos_w, vision_encoder.layers.0.attn.qkv.weight, vision_encoder.layers.0.attn.qkv.bias, vision_encoder.layers.0.attn.proj.weight, vision_encoder.layers.0.attn.proj.bias, vision_encoder.layers.0.layer_norm2.weight, vision_encoder.layers.0.layer_norm2.bias, vision_encoder.layers.0.mlp.lin1.weight, vision_encoder.layers.0.mlp.lin1.bias, vision_encoder.layers.0.mlp.lin2.weight, vision_encoder.layers.0.mlp.lin2.bias, vision_encoder.layers.1.layer_norm1.weight, vision_encoder.layers.1.layer_norm1.bias, vision_encoder.layers.1.attn.rel_pos_h, vision_encoder.layers.1.attn.rel_pos_w, vision_encoder.layers.1.attn.qkv.weight, vision_encoder.layers.1.attn.qkv.bias, vision_encoder.layers.1.attn.proj.weight, vision_encoder.layers.1.attn.proj.bias, vision_encoder.layers.1.layer_norm2.weight, vision_encoder.layers.1.layer_norm2.bias, vision_encoder.layers.1.mlp.lin1.weight, vision_encoder.layers.1.mlp.lin1.bias, vision_encoder.layers.1.mlp.lin2.weight, vision_encoder.layers.1.mlp.lin2.bias, vision_encoder.layers.2.layer_norm1.weight, vision_encoder.layers.2.layer_norm1.bias, vision_encoder.layers.2.attn.rel_pos_h, vision_encoder.layers.2.attn.rel_pos_w, vision_encoder.layers.2.attn.qkv.weight, vision_encoder.layers.2.attn.qkv.bias, vision_encoder.layers.2.attn.proj.weight, vision_encoder.layers.2.attn.proj.bias, vision_encoder.layers.2.layer_norm2.weight, vision_encoder.layers.2.layer_norm2.bias, vision_encoder.layers.2.mlp.lin1.weight, vision_encoder.layers.2.mlp.lin1.bias, vision_encoder.layers.2.mlp.lin2.weight, vision_encoder.layers.2.mlp.lin2.bias, vision_encoder.layers.3.layer_norm1.weight, vision_encoder.layers.3.layer_norm1.bias, vision_encoder.layers.3.attn.rel_pos_h, vision_encoder.layers.3.attn.rel_pos_w, vision_encoder.layers.3.attn.qkv.weight, vision_encoder.layers.3.attn.qkv.bias, vision_encoder.layers.3.attn.proj.weight, vision_encoder.layers.3.attn.proj.bias, vision_encoder.layers.3.layer_norm2.weight, vision_encoder.layers.3.layer_norm2.bias, vision_encoder.layers.3.mlp.lin1.weight, vision_encoder.layers.3.mlp.lin1.bias, vision_encoder.layers.3.mlp.lin2.weight, vision_encoder.layers.3.mlp.lin2.bias, vision_encoder.layers.4.layer_norm1.weight, vision_encoder.layers.4.layer_norm1.bias, vision_encoder.layers.4.attn.rel_pos_h, vision_encoder.layers.4.attn.rel_pos_w, vision_encoder.layers.4.attn.qkv.weight, vision_encoder.layers.4.attn.qkv.bias, vision_encoder.layers.4.attn.proj.weight, vision_encoder.layers.4.attn.proj.bias, vision_encoder.layers.4.layer_norm2.weight, vision_encoder.layers.4.layer_norm2.bias, vision_encoder.layers.4.mlp.lin1.weight, vision_encoder.layers.4.mlp.lin1.bias, vision_encoder.layers.4.mlp.lin2.weight, vision_encoder.layers.4.mlp.lin2.bias, vision_encoder.layers.5.layer_norm1.weight, vision_encoder.layers.5.layer_norm1.bias, vision_encoder.layers.5.attn.rel_pos_h, vision_encoder.layers.5.attn.rel_pos_w, vision_encoder.layers.5.attn.qkv.weight, vision_encoder.layers.5.attn.qkv.bias, vision_encoder.layers.5.attn.proj.weight, vision_encoder.layers.5.attn.proj.bias, vision_encoder.layers.5.layer_norm2.weight, vision_encoder.layers.5.layer_norm2.bias, vision_encoder.layers.5.mlp.lin1.weight, vision_encoder.layers.5.mlp.lin1.bias, vision_encoder.layers.5.mlp.lin2.weight, vision_encoder.layers.5.mlp.lin2.bias, vision_encoder.layers.6.layer_norm1.weight, vision_encoder.layers.6.layer_norm1.bias, vision_encoder.layers.6.attn.rel_pos_h, vision_encoder.layers.6.attn.rel_pos_w, vision_encoder.layers.6.attn.qkv.weight, vision_encoder.layers.6.attn.qkv.bias, vision_encoder.layers.6.attn.proj.weight, vision_encoder.layers.6.attn.proj.bias, vision_encoder.layers.6.layer_norm2.weight, vision_encoder.layers.6.layer_norm2.bias, vision_encoder.layers.6.mlp.lin1.weight, vision_encoder.layers.6.mlp.lin1.bias, vision_encoder.layers.6.mlp.lin2.weight, vision_encoder.layers.6.mlp.lin2.bias, vision_encoder.layers.7.layer_norm1.weight, vision_encoder.layers.7.layer_norm1.bias, vision_encoder.layers.7.attn.rel_pos_h, vision_encoder.layers.7.attn.rel_pos_w, vision_encoder.layers.7.attn.qkv.weight, vision_encoder.layers.7.attn.qkv.bias, vision_encoder.layers.7.attn.proj.weight, vision_encoder.layers.7.attn.proj.bias, vision_encoder.layers.7.layer_norm2.weight, vision_encoder.layers.7.layer_norm2.bias, vision_encoder.layers.7.mlp.lin1.weight, vision_encoder.layers.7.mlp.lin1.bias, vision_encoder.layers.7.mlp.lin2.weight, vision_encoder.layers.7.mlp.lin2.bias, vision_encoder.layers.8.layer_norm1.weight, vision_encoder.layers.8.layer_norm1.bias, vision_encoder.layers.8.attn.rel_pos_h, vision_encoder.layers.8.attn.rel_pos_w, vision_encoder.layers.8.attn.qkv.weight, vision_encoder.layers.8.attn.qkv.bias, vision_encoder.layers.8.attn.proj.weight, vision_encoder.layers.8.attn.proj.bias, vision_encoder.layers.8.layer_norm2.weight, vision_encoder.layers.8.layer_norm2.bias, vision_encoder.layers.8.mlp.lin1.weight, vision_encoder.layers.8.mlp.lin1.bias, vision_encoder.layers.8.mlp.lin2.weight, vision_encoder.layers.8.mlp.lin2.bias, vision_encoder.layers.9.layer_norm1.weight, vision_encoder.layers.9.layer_norm1.bias, vision_encoder.layers.9.attn.rel_pos_h, vision_encoder.layers.9.attn.rel_pos_w, vision_encoder.layers.9.attn.qkv.weight, vision_encoder.layers.9.attn.qkv.bias, vision_encoder.layers.9.attn.proj.weight, vision_encoder.layers.9.attn.proj.bias, vision_encoder.layers.9.layer_norm2.weight, vision_encoder.layers.9.layer_norm2.bias, vision_encoder.layers.9.mlp.lin1.weight, vision_encoder.layers.9.mlp.lin1.bias, vision_encoder.layers.9.mlp.lin2.weight, vision_encoder.layers.9.mlp.lin2.bias, vision_encoder.layers.10.layer_norm1.weight, vision_encoder.layers.10.layer_norm1.bias, vision_encoder.layers.10.attn.rel_pos_h, vision_encoder.layers.10.attn.rel_pos_w, vision_encoder.layers.10.attn.qkv.weight, vision_encoder.layers.10.attn.qkv.bias, vision_encoder.layers.10.attn.proj.weight, vision_encoder.layers.10.attn.proj.bias, vision_encoder.layers.10.layer_norm2.weight, vision_encoder.layers.10.layer_norm2.bias, vision_encoder.layers.10.mlp.lin1.weight, vision_encoder.layers.10.mlp.lin1.bias, vision_encoder.layers.10.mlp.lin2.weight, vision_encoder.layers.10.mlp.lin2.bias, vision_encoder.layers.11.layer_norm1.weight, vision_encoder.layers.11.layer_norm1.bias, vision_encoder.layers.11.attn.rel_pos_h, vision_encoder.layers.11.attn.rel_pos_w, vision_encoder.layers.11.attn.qkv.weight, vision_encoder.layers.11.attn.qkv.bias, vision_encoder.layers.11.attn.proj.weight, vision_encoder.layers.11.attn.proj.bias, vision_encoder.layers.11.layer_norm2.weight, vision_encoder.layers.11.layer_norm2.bias, vision_encoder.layers.11.mlp.lin1.weight, vision_encoder.layers.11.mlp.lin1.bias, vision_encoder.layers.11.mlp.lin2.weight, vision_encoder.layers.11.mlp.lin2.bias, vision_encoder.neck.conv1.weight, vision_encoder.neck.layer_norm1.weight, vision_encoder.neck.layer_norm1.bias, vision_encoder.neck.conv2.weight, vision_encoder.neck.layer_norm2.weight, vision_encoder.neck.layer_norm2.bias, mask_decoder.iou_token.weight, mask_decoder.mask_tokens.weight, mask_decoder.transformer.layers.0.self_attn.q_proj.weight, mask_decoder.transformer.layers.0.self_attn.q_proj.bias, mask_decoder.transformer.layers.0.self_attn.k_proj.weight, mask_decoder.transformer.layers.0.self_attn.k_proj.bias, mask_decoder.transformer.layers.0.self_attn.v_proj.weight, mask_decoder.transformer.layers.0.self_attn.v_proj.bias, mask_decoder.transformer.layers.0.self_attn.out_proj.weight, mask_decoder.transformer.layers.0.self_attn.out_proj.bias, mask_decoder.transformer.layers.0.layer_norm1.weight, mask_decoder.transformer.layers.0.layer_norm1.bias, mask_decoder.transformer.layers.0.cross_attn_token_to_image.q_proj.weight, mask_decoder.transformer.layers.0.cross_attn_token_to_image.q_proj.bias, mask_decoder.transformer.layers.0.cross_attn_token_to_image.k_proj.weight, mask_decoder.transformer.layers.0.cross_attn_token_to_image.k_proj.bias, mask_decoder.transformer.layers.0.cross_attn_token_to_image.v_proj.weight, mask_decoder.transformer.layers.0.cross_attn_token_to_image.v_proj.bias, mask_decoder.transformer.layers.0.cross_attn_token_to_image.out_proj.weight, mask_decoder.transformer.layers.0.cross_attn_token_to_image.out_proj.bias, mask_decoder.transformer.layers.0.layer_norm2.weight, mask_decoder.transformer.layers.0.layer_norm2.bias, mask_decoder.transformer.layers.0.mlp.lin1.weight, mask_decoder.transformer.layers.0.mlp.lin1.bias, mask_decoder.transformer.layers.0.mlp.lin2.weight, mask_decoder.transformer.layers.0.mlp.lin2.bias, mask_decoder.transformer.layers.0.layer_norm3.weight, mask_decoder.transformer.layers.0.layer_norm3.bias, mask_decoder.transformer.layers.0.layer_norm4.weight, mask_decoder.transformer.layers.0.layer_norm4.bias, mask_decoder.transformer.layers.0.cross_attn_image_to_token.q_proj.weight, mask_decoder.transformer.layers.0.cross_attn_image_to_token.q_proj.bias, mask_decoder.transformer.layers.0.cross_attn_image_to_token.k_proj.weight, mask_decoder.transformer.layers.0.cross_attn_image_to_token.k_proj.bias, mask_decoder.transformer.layers.0.cross_attn_image_to_token.v_proj.weight, mask_decoder.transformer.layers.0.cross_attn_image_to_token.v_proj.bias, mask_decoder.transformer.layers.0.cross_attn_image_to_token.out_proj.weight, mask_decoder.transformer.layers.0.cross_attn_image_to_token.out_proj.bias, mask_decoder.transformer.layers.1.self_attn.q_proj.weight, mask_decoder.transformer.layers.1.self_attn.q_proj.bias, mask_decoder.transformer.layers.1.self_attn.k_proj.weight, mask_decoder.transformer.layers.1.self_attn.k_proj.bias, mask_decoder.transformer.layers.1.self_attn.v_proj.weight, mask_decoder.transformer.layers.1.self_attn.v_proj.bias, mask_decoder.transformer.layers.1.self_attn.out_proj.weight, mask_decoder.transformer.layers.1.self_attn.out_proj.bias, mask_decoder.transformer.layers.1.layer_norm1.weight, mask_decoder.transformer.layers.1.layer_norm1.bias, mask_decoder.transformer.layers.1.cross_attn_token_to_image.q_proj.weight, mask_decoder.transformer.layers.1.cross_attn_token_to_image.q_proj.bias, mask_decoder.transformer.layers.1.cross_attn_token_to_image.k_proj.weight, mask_decoder.transformer.layers.1.cross_attn_token_to_image.k_proj.bias, mask_decoder.transformer.layers.1.cross_attn_token_to_image.v_proj.weight, mask_decoder.transformer.layers.1.cross_attn_token_to_image.v_proj.bias, mask_decoder.transformer.layers.1.cross_attn_token_to_image.out_proj.weight, mask_decoder.transformer.layers.1.cross_attn_token_to_image.out_proj.bias, mask_decoder.transformer.layers.1.layer_norm2.weight, mask_decoder.transformer.layers.1.layer_norm2.bias, mask_decoder.transformer.layers.1.mlp.lin1.weight, mask_decoder.transformer.layers.1.mlp.lin1.bias, mask_decoder.transformer.layers.1.mlp.lin2.weight, mask_decoder.transformer.layers.1.mlp.lin2.bias, mask_decoder.transformer.layers.1.layer_norm3.weight, mask_decoder.transformer.layers.1.layer_norm3.bias, mask_decoder.transformer.layers.1.layer_norm4.weight, mask_decoder.transformer.layers.1.layer_norm4.bias, mask_decoder.transformer.layers.1.cross_attn_image_to_token.q_proj.weight, mask_decoder.transformer.layers.1.cross_attn_image_to_token.q_proj.bias, mask_decoder.transformer.layers.1.cross_attn_image_to_token.k_proj.weight, mask_decoder.transformer.layers.1.cross_attn_image_to_token.k_proj.bias, mask_decoder.transformer.layers.1.cross_attn_image_to_token.v_proj.weight, mask_decoder.transformer.layers.1.cross_attn_image_to_token.v_proj.bias, mask_decoder.transformer.layers.1.cross_attn_image_to_token.out_proj.weight, mask_decoder.transformer.layers.1.cross_attn_image_to_token.out_proj.bias, mask_decoder.transformer.final_attn_token_to_image.q_proj.weight, mask_decoder.transformer.final_attn_token_to_image.q_proj.bias, mask_decoder.transformer.final_attn_token_to_image.k_proj.weight, mask_decoder.transformer.final_attn_token_to_image.k_proj.bias, mask_decoder.transformer.final_attn_token_to_image.v_proj.weight, mask_decoder.transformer.final_attn_token_to_image.v_proj.bias, mask_decoder.transformer.final_attn_token_to_image.out_proj.weight, mask_decoder.transformer.final_attn_token_to_image.out_proj.bias, mask_decoder.transformer.layer_norm_final_attn.weight, mask_decoder.transformer.layer_norm_final_attn.bias, mask_decoder.upscale_conv1.weight, mask_decoder.upscale_conv1.bias, mask_decoder.upscale_conv2.weight, mask_decoder.upscale_conv2.bias, mask_decoder.upscale_layer_norm.weight, mask_decoder.upscale_layer_norm.bias, mask_decoder.output_hypernetworks_mlps.0.proj_in.weight, mask_decoder.output_hypernetworks_mlps.0.proj_in.bias, mask_decoder.output_hypernetworks_mlps.0.proj_out.weight, mask_decoder.output_hypernetworks_mlps.0.proj_out.bias, mask_decoder.output_hypernetworks_mlps.0.layers.0.weight, mask_decoder.output_hypernetworks_mlps.0.layers.0.bias, mask_decoder.output_hypernetworks_mlps.1.proj_in.weight, mask_decoder.output_hypernetworks_mlps.1.proj_in.bias, mask_decoder.output_hypernetworks_mlps.1.proj_out.weight, mask_decoder.output_hypernetworks_mlps.1.proj_out.bias, mask_decoder.output_hypernetworks_mlps.1.layers.0.weight, mask_decoder.output_hypernetworks_mlps.1.layers.0.bias, mask_decoder.output_hypernetworks_mlps.2.proj_in.weight, mask_decoder.output_hypernetworks_mlps.2.proj_in.bias, mask_decoder.output_hypernetworks_mlps.2.proj_out.weight, mask_decoder.output_hypernetworks_mlps.2.proj_out.bias, mask_decoder.output_hypernetworks_mlps.2.layers.0.weight, mask_decoder.output_hypernetworks_mlps.2.layers.0.bias, mask_decoder.output_hypernetworks_mlps.3.proj_in.weight, mask_decoder.output_hypernetworks_mlps.3.proj_in.bias, mask_decoder.output_hypernetworks_mlps.3.proj_out.weight, mask_decoder.output_hypernetworks_mlps.3.proj_out.bias, mask_decoder.output_hypernetworks_mlps.3.layers.0.weight, mask_decoder.output_hypernetworks_mlps.3.layers.0.bias, mask_decoder.iou_prediction_head.proj_in.weight, mask_decoder.iou_prediction_head.proj_in.bias, mask_decoder.iou_prediction_head.proj_out.weight, mask_decoder.iou_prediction_head.proj_out.bias, mask_decoder.iou_prediction_head.layers.0.weight, mask_decoder.iou_prediction_head.layers.0.bias, prompt_encoder.shared_embedding.positional_embedding

02/17 12:04:18 - mmengine - INFO - 
prompt_encoder.mask_embed.conv1.weight - torch.Size([4, 1, 2, 2]): 
PretrainedInit: load from /home/wangcheng/project/SCVT3/portable_sam_fusion/checkpoints/sam_vit_b_01ec64.pth 
 
02/17 12:04:18 - mmengine - INFO - 
prompt_encoder.mask_embed.conv1.bias - torch.Size([4]): 
PretrainedInit: load from /home/wangcheng/project/SCVT3/portable_sam_fusion/checkpoints/sam_vit_b_01ec64.pth 
 
02/17 12:04:18 - mmengine - INFO - 
prompt_encoder.mask_embed.conv2.weight - torch.Size([16, 4, 2, 2]): 
PretrainedInit: load from /home/wangcheng/project/SCVT3/portable_sam_fusion/checkpoints/sam_vit_b_01ec64.pth 
 
02/17 12:04:18 - mmengine - INFO - 
prompt_encoder.mask_embed.conv2.bias - torch.Size([16]): 
PretrainedInit: load from /home/wangcheng/project/SCVT3/portable_sam_fusion/checkpoints/sam_vit_b_01ec64.pth 
 
02/17 12:04:18 - mmengine - INFO - 
prompt_encoder.mask_embed.conv3.weight - torch.Size([256, 16, 1, 1]): 
PretrainedInit: load from /home/wangcheng/project/SCVT3/portable_sam_fusion/checkpoints/sam_vit_b_01ec64.pth 
 
02/17 12:04:18 - mmengine - INFO - 
prompt_encoder.mask_embed.conv3.bias - torch.Size([256]): 
PretrainedInit: load from /home/wangcheng/project/SCVT3/portable_sam_fusion/checkpoints/sam_vit_b_01ec64.pth 
 
02/17 12:04:18 - mmengine - INFO - 
prompt_encoder.mask_embed.layer_norm1.weight - torch.Size([4]): 
PretrainedInit: load from /home/wangcheng/project/SCVT3/portable_sam_fusion/checkpoints/sam_vit_b_01ec64.pth 
 
02/17 12:04:18 - mmengine - INFO - 
prompt_encoder.mask_embed.layer_norm1.bias - torch.Size([4]): 
PretrainedInit: load from /home/wangcheng/project/SCVT3/portable_sam_fusion/checkpoints/sam_vit_b_01ec64.pth 
 
02/17 12:04:18 - mmengine - INFO - 
prompt_encoder.mask_embed.layer_norm2.weight - torch.Size([16]): 
PretrainedInit: load from /home/wangcheng/project/SCVT3/portable_sam_fusion/checkpoints/sam_vit_b_01ec64.pth 
 
02/17 12:04:18 - mmengine - INFO - 
prompt_encoder.mask_embed.layer_norm2.bias - torch.Size([16]): 
PretrainedInit: load from /home/wangcheng/project/SCVT3/portable_sam_fusion/checkpoints/sam_vit_b_01ec64.pth 
 
02/17 12:04:18 - mmengine - INFO - 
prompt_encoder.no_mask_embed.weight - torch.Size([1, 256]): 
PretrainedInit: load from /home/wangcheng/project/SCVT3/portable_sam_fusion/checkpoints/sam_vit_b_01ec64.pth 
 
02/17 12:04:18 - mmengine - INFO - 
prompt_encoder.point_embed.0.weight - torch.Size([1, 256]): 
PretrainedInit: load from /home/wangcheng/project/SCVT3/portable_sam_fusion/checkpoints/sam_vit_b_01ec64.pth 
 
02/17 12:04:18 - mmengine - INFO - 
prompt_encoder.point_embed.1.weight - torch.Size([1, 256]): 
PretrainedInit: load from /home/wangcheng/project/SCVT3/portable_sam_fusion/checkpoints/sam_vit_b_01ec64.pth 
 
02/17 12:04:18 - mmengine - INFO - 
prompt_encoder.point_embed.2.weight - torch.Size([1, 256]): 
PretrainedInit: load from /home/wangcheng/project/SCVT3/portable_sam_fusion/checkpoints/sam_vit_b_01ec64.pth 
 
02/17 12:04:18 - mmengine - INFO - 
prompt_encoder.point_embed.3.weight - torch.Size([1, 256]): 
PretrainedInit: load from /home/wangcheng/project/SCVT3/portable_sam_fusion/checkpoints/sam_vit_b_01ec64.pth 
 
02/17 12:04:18 - mmengine - INFO - 
prompt_encoder.not_a_point_embed.weight - torch.Size([1, 256]): 
PretrainedInit: load from /home/wangcheng/project/SCVT3/portable_sam_fusion/checkpoints/sam_vit_b_01ec64.pth 
 
Loads checkpoint by local backend from path: /home/wangcheng/project/SCVT3/portable_sam_fusion/checkpoints/sam_vit_b_01ec64.pth
Loaded SAM PositionalEmbedding. Missing keys: 0, Unexpected keys: 314
2026-02-17 12:04:20,156 - portable_sam_fusion.data.loader - INFO - Built scene ID mapping: 734 scenes
2026-02-17 12:04:20,867 - portable_sam_fusion.data.satellite_drone_dataset - INFO - SatelliteDroneDataset initialized (训练集): 672 scenes, views=4, sat_size=(1024, 1024), drone_size=(512, 512)
2026-02-17 12:04:20,905 - portable_sam_fusion.data.satellite_drone_dataset - INFO - SatelliteDroneDataset initialized (验证集): 62 scenes, views=4, sat_size=(1024, 1024), drone_size=(512, 512)
2026-02-17 12:04:20,906 - portable_sam_fusion - INFO - Dataset size: 672
2026-02-17 12:10:17,661 - portable_sam_fusion - INFO - Epoch 1 detailed losses: loss_rpn_cls=0.6927, loss_rpn_bbox=0.0222, loss_cls=0.3799, acc=91.3964, loss_bbox=0.0089, loss_mask=0.6762, loss_contrastive=0.0000, loss_consistency=0.0938
2026-02-17 12:11:10,318 - portable_sam_fusion - INFO - Epoch 1/30 | train=1.873674 val=1.635555 | sat_backbone=2.10e-06 sat_other=4.20e-06 drone_guidance=2.10e-06
2026-02-17 12:18:16,527 - portable_sam_fusion - INFO - Epoch 2 detailed losses: loss_rpn_cls=0.2264, loss_rpn_bbox=0.0168, loss_cls=0.3246, acc=87.4105, loss_bbox=0.3001, loss_mask=0.3592, loss_contrastive=0.0000, loss_consistency=0.0357
2026-02-17 12:19:16,971 - portable_sam_fusion - INFO - Epoch 2/30 | train=1.262815 val=1.069342 | sat_backbone=4.10e-06 sat_other=8.19e-06 drone_guidance=4.10e-06
2026-02-17 12:26:43,466 - portable_sam_fusion - INFO - Epoch 3 detailed losses: loss_rpn_cls=0.0760, loss_rpn_bbox=0.0139, loss_cls=0.2870, acc=87.6535, loss_bbox=0.2772, loss_mask=0.1711, loss_contrastive=0.0000, loss_consistency=0.0051
2026-02-17 12:27:43,957 - portable_sam_fusion - INFO - Epoch 3/30 | train=0.830280 val=0.746565 | sat_backbone=6.09e-06 sat_other=1.22e-05 drone_guidance=6.09e-06
2026-02-17 12:35:25,437 - portable_sam_fusion - INFO - Epoch 4 detailed losses: loss_rpn_cls=0.0483, loss_rpn_bbox=0.0115, loss_cls=0.2611, acc=88.7951, loss_bbox=0.2404, loss_mask=0.1318, loss_contrastive=0.0000, loss_consistency=0.0005
2026-02-17 12:36:25,785 - portable_sam_fusion - INFO - Epoch 4/30 | train=0.693486 val=0.731671 | sat_backbone=8.09e-06 sat_other=1.62e-05 drone_guidance=8.09e-06
2026-02-17 12:44:15,423 - portable_sam_fusion - INFO - Epoch 5 detailed losses: loss_rpn_cls=0.0364, loss_rpn_bbox=0.0094, loss_cls=0.2418, acc=89.6583, loss_bbox=0.1942, loss_mask=0.1192, loss_contrastive=0.0000, loss_consistency=0.0001
2026-02-17 12:45:19,613 - portable_sam_fusion - INFO - Epoch 5/30 | train=0.601102 val=0.588709 | sat_backbone=1.01e-05 sat_other=2.02e-05 drone_guidance=1.01e-05
2026-02-17 12:53:14,653 - portable_sam_fusion - INFO - Epoch 6 detailed losses: loss_rpn_cls=0.0279, loss_rpn_bbox=0.0080, loss_cls=0.2182, acc=90.7947, loss_bbox=0.1612, loss_mask=0.1021, loss_contrastive=0.0000, loss_consistency=0.0000
2026-02-17 12:54:18,884 - portable_sam_fusion - INFO - Epoch 6/30 | train=0.517443 val=0.550885 | sat_backbone=1.21e-05 sat_other=2.42e-05 drone_guidance=1.21e-05
2026-02-17 13:02:08,495 - portable_sam_fusion - INFO - Epoch 7 detailed losses: loss_rpn_cls=0.0233, loss_rpn_bbox=0.0069, loss_cls=0.1988, acc=91.5952, loss_bbox=0.1383, loss_mask=0.0805, loss_contrastive=0.0000, loss_consistency=0.0000
2026-02-17 13:03:15,743 - portable_sam_fusion - INFO - Epoch 7/30 | train=0.447813 val=0.545088 | sat_backbone=1.41e-05 sat_other=2.82e-05 drone_guidance=1.41e-05
2026-02-17 13:11:15,285 - portable_sam_fusion - INFO - Epoch 8 detailed losses: loss_rpn_cls=0.0198, loss_rpn_bbox=0.0062, loss_cls=0.1862, acc=92.1613, loss_bbox=0.1221, loss_mask=0.0539, loss_contrastive=0.0000, loss_consistency=0.0001
2026-02-17 13:13:16,114 - portable_sam_fusion - INFO - Epoch 8/30 | train=0.388219 val=0.522275 | sat_backbone=1.61e-05 sat_other=3.22e-05 drone_guidance=1.61e-05
2026-02-17 13:21:16,307 - portable_sam_fusion - INFO - Epoch 9 detailed losses: loss_rpn_cls=0.0166, loss_rpn_bbox=0.0053, loss_cls=0.1686, acc=92.9717, loss_bbox=0.1063, loss_mask=0.0429, loss_contrastive=0.0000, loss_consistency=0.0001
2026-02-17 13:22:22,911 - portable_sam_fusion - INFO - Epoch 9/30 | train=0.339815 val=0.476060 | sat_backbone=1.81e-05 sat_other=3.62e-05 drone_guidance=1.81e-05
2026-02-17 13:30:18,588 - portable_sam_fusion - INFO - Epoch 10 detailed losses: loss_rpn_cls=0.0144, loss_rpn_bbox=0.0050, loss_cls=0.1542, acc=93.5872, loss_bbox=0.0935, loss_mask=0.0340, loss_contrastive=0.0000, loss_consistency=0.0001
2026-02-17 13:31:06,180 - portable_sam_fusion - INFO - Epoch 10/30 | train=0.301207 val=0.548626 | sat_backbone=2.01e-05 sat_other=4.02e-05 drone_guidance=2.01e-05
2026-02-17 13:39:02,619 - portable_sam_fusion - INFO - Epoch 11 detailed losses: loss_rpn_cls=0.0130, loss_rpn_bbox=0.0045, loss_cls=0.1499, acc=93.7907, loss_bbox=0.0918, loss_mask=0.0280, loss_contrastive=0.0000, loss_consistency=0.0001
2026-02-17 13:39:49,530 - portable_sam_fusion - INFO - Epoch 11/30 | train=0.287277 val=0.528755 | sat_backbone=2.21e-05 sat_other=4.42e-05 drone_guidance=2.21e-05
2026-02-17 13:47:46,059 - portable_sam_fusion - INFO - Epoch 12 detailed losses: loss_rpn_cls=0.0119, loss_rpn_bbox=0.0044, loss_cls=0.1383, acc=94.3778, loss_bbox=0.0801, loss_mask=0.0264, loss_contrastive=0.0000, loss_consistency=0.0001
2026-02-17 13:48:32,960 - portable_sam_fusion - INFO - Epoch 12/30 | train=0.261226 val=0.599753 | sat_backbone=2.41e-05 sat_other=4.82e-05 drone_guidance=2.41e-05
2026-02-17 13:56:32,565 - portable_sam_fusion - INFO - Epoch 13 detailed losses: loss_rpn_cls=0.0104, loss_rpn_bbox=0.0041, loss_cls=0.1301, acc=94.7114, loss_bbox=0.0750, loss_mask=0.0228, loss_contrastive=0.0000, loss_consistency=0.0001
2026-02-17 13:57:40,291 - portable_sam_fusion - INFO - Epoch 13/30 | train=0.242421 val=0.436067 | sat_backbone=2.61e-05 sat_other=5.21e-05 drone_guidance=2.61e-05
2026-02-17 14:05:32,134 - portable_sam_fusion - INFO - Epoch 14 detailed losses: loss_rpn_cls=0.0098, loss_rpn_bbox=0.0041, loss_cls=0.1304, acc=94.6068, loss_bbox=0.0732, loss_mask=0.0250, loss_contrastive=0.0000, loss_consistency=0.0001
2026-02-17 14:06:15,605 - portable_sam_fusion - INFO - Epoch 14/30 | train=0.242510 val=0.494585 | sat_backbone=2.81e-05 sat_other=5.61e-05 drone_guidance=2.81e-05
2026-02-17 14:14:21,858 - portable_sam_fusion - INFO - Epoch 15 detailed losses: loss_rpn_cls=0.0087, loss_rpn_bbox=0.0038, loss_cls=0.1213, acc=94.9719, loss_bbox=0.0655, loss_mask=0.0217, loss_contrastive=0.0000, loss_consistency=0.0001
2026-02-17 14:15:06,598 - portable_sam_fusion - INFO - Epoch 15/30 | train=0.221090 val=0.484247 | sat_backbone=3.01e-05 sat_other=6.01e-05 drone_guidance=3.01e-05
2026-02-17 14:23:07,491 - portable_sam_fusion - INFO - Epoch 16 detailed losses: loss_rpn_cls=0.0082, loss_rpn_bbox=0.0039, loss_cls=0.1141, acc=95.3206, loss_bbox=0.0621, loss_mask=0.0218, loss_contrastive=0.0000, loss_consistency=0.0000
2026-02-17 14:23:51,449 - portable_sam_fusion - INFO - Epoch 16/30 | train=0.210047 val=0.482669 | sat_backbone=3.21e-05 sat_other=6.41e-05 drone_guidance=3.21e-05
2026-02-17 14:31:52,494 - portable_sam_fusion - INFO - Epoch 17 detailed losses: loss_rpn_cls=0.0067, loss_rpn_bbox=0.0039, loss_cls=0.1097, acc=95.4805, loss_bbox=0.0596, loss_mask=0.0231, loss_contrastive=0.0000, loss_consistency=0.0000
2026-02-17 14:32:37,222 - portable_sam_fusion - INFO - Epoch 17/30 | train=0.202939 val=0.476496 | sat_backbone=3.41e-05 sat_other=6.81e-05 drone_guidance=3.41e-05
