/home/wangcheng/anaconda3/envs/cvt/lib/python3.9/site-packages/imagecorruptions/corruptions.py:17: UserWarning: pkg_resources is deprecated as an API. See https://setuptools.pypa.io/en/latest/pkg_resources.html. The pkg_resources package is slated for removal as early as 2025-11-30. Refrain from using this package or pin to Setuptools<81.
  from pkg_resources import resource_filename
Loads checkpoint by local backend from path: /home/wangcheng/project/SCVT3/portable_sam_fusion/checkpoints/sam_vit_b_01ec64.pth
Loaded SAM VisionEncoder with interpolation. Missing keys: 0, Unexpected keys: 138
02/14 00:03:10 - mmengine - INFO - load model from: /home/wangcheng/project/SCVT3/portable_sam_fusion/checkpoints/sam_vit_b_01ec64.pth
02/14 00:03:10 - mmengine - INFO - Loads checkpoint by local backend from path: /home/wangcheng/project/SCVT3/portable_sam_fusion/checkpoints/sam_vit_b_01ec64.pth
02/14 00:03:10 - mmengine - WARNING - The model and loaded state dict do not match exactly

unexpected key in source state_dict: shared_image_embedding.positional_embedding, vision_encoder.pos_embed, vision_encoder.patch_embed.projection.weight, vision_encoder.patch_embed.projection.bias, vision_encoder.layers.0.layer_norm1.weight, vision_encoder.layers.0.layer_norm1.bias, vision_encoder.layers.0.attn.rel_pos_h, vision_encoder.layers.0.attn.rel_pos_w, vision_encoder.layers.0.attn.qkv.weight, vision_encoder.layers.0.attn.qkv.bias, vision_encoder.layers.0.attn.proj.weight, vision_encoder.layers.0.attn.proj.bias, vision_encoder.layers.0.layer_norm2.weight, vision_encoder.layers.0.layer_norm2.bias, vision_encoder.layers.0.mlp.lin1.weight, vision_encoder.layers.0.mlp.lin1.bias, vision_encoder.layers.0.mlp.lin2.weight, vision_encoder.layers.0.mlp.lin2.bias, vision_encoder.layers.1.layer_norm1.weight, vision_encoder.layers.1.layer_norm1.bias, vision_encoder.layers.1.attn.rel_pos_h, vision_encoder.layers.1.attn.rel_pos_w, vision_encoder.layers.1.attn.qkv.weight, vision_encoder.layers.1.attn.qkv.bias, vision_encoder.layers.1.attn.proj.weight, vision_encoder.layers.1.attn.proj.bias, vision_encoder.layers.1.layer_norm2.weight, vision_encoder.layers.1.layer_norm2.bias, vision_encoder.layers.1.mlp.lin1.weight, vision_encoder.layers.1.mlp.lin1.bias, vision_encoder.layers.1.mlp.lin2.weight, vision_encoder.layers.1.mlp.lin2.bias, vision_encoder.layers.2.layer_norm1.weight, vision_encoder.layers.2.layer_norm1.bias, vision_encoder.layers.2.attn.rel_pos_h, vision_encoder.layers.2.attn.rel_pos_w, vision_encoder.layers.2.attn.qkv.weight, vision_encoder.layers.2.attn.qkv.bias, vision_encoder.layers.2.attn.proj.weight, vision_encoder.layers.2.attn.proj.bias, vision_encoder.layers.2.layer_norm2.weight, vision_encoder.layers.2.layer_norm2.bias, vision_encoder.layers.2.mlp.lin1.weight, vision_encoder.layers.2.mlp.lin1.bias, vision_encoder.layers.2.mlp.lin2.weight, vision_encoder.layers.2.mlp.lin2.bias, vision_encoder.layers.3.layer_norm1.weight, vision_encoder.layers.3.layer_norm1.bias, vision_encoder.layers.3.attn.rel_pos_h, vision_encoder.layers.3.attn.rel_pos_w, vision_encoder.layers.3.attn.qkv.weight, vision_encoder.layers.3.attn.qkv.bias, vision_encoder.layers.3.attn.proj.weight, vision_encoder.layers.3.attn.proj.bias, vision_encoder.layers.3.layer_norm2.weight, vision_encoder.layers.3.layer_norm2.bias, vision_encoder.layers.3.mlp.lin1.weight, vision_encoder.layers.3.mlp.lin1.bias, vision_encoder.layers.3.mlp.lin2.weight, vision_encoder.layers.3.mlp.lin2.bias, vision_encoder.layers.4.layer_norm1.weight, vision_encoder.layers.4.layer_norm1.bias, vision_encoder.layers.4.attn.rel_pos_h, vision_encoder.layers.4.attn.rel_pos_w, vision_encoder.layers.4.attn.qkv.weight, vision_encoder.layers.4.attn.qkv.bias, vision_encoder.layers.4.attn.proj.weight, vision_encoder.layers.4.attn.proj.bias, vision_encoder.layers.4.layer_norm2.weight, vision_encoder.layers.4.layer_norm2.bias, vision_encoder.layers.4.mlp.lin1.weight, vision_encoder.layers.4.mlp.lin1.bias, vision_encoder.layers.4.mlp.lin2.weight, vision_encoder.layers.4.mlp.lin2.bias, vision_encoder.layers.5.layer_norm1.weight, vision_encoder.layers.5.layer_norm1.bias, vision_encoder.layers.5.attn.rel_pos_h, vision_encoder.layers.5.attn.rel_pos_w, vision_encoder.layers.5.attn.qkv.weight, vision_encoder.layers.5.attn.qkv.bias, vision_encoder.layers.5.attn.proj.weight, vision_encoder.layers.5.attn.proj.bias, vision_encoder.layers.5.layer_norm2.weight, vision_encoder.layers.5.layer_norm2.bias, vision_encoder.layers.5.mlp.lin1.weight, vision_encoder.layers.5.mlp.lin1.bias, vision_encoder.layers.5.mlp.lin2.weight, vision_encoder.layers.5.mlp.lin2.bias, vision_encoder.layers.6.layer_norm1.weight, vision_encoder.layers.6.layer_norm1.bias, vision_encoder.layers.6.attn.rel_pos_h, vision_encoder.layers.6.attn.rel_pos_w, vision_encoder.layers.6.attn.qkv.weight, vision_encoder.layers.6.attn.qkv.bias, vision_encoder.layers.6.attn.proj.weight, vision_encoder.layers.6.attn.proj.bias, vision_encoder.layers.6.layer_norm2.weight, vision_encoder.layers.6.layer_norm2.bias, vision_encoder.layers.6.mlp.lin1.weight, vision_encoder.layers.6.mlp.lin1.bias, vision_encoder.layers.6.mlp.lin2.weight, vision_encoder.layers.6.mlp.lin2.bias, vision_encoder.layers.7.layer_norm1.weight, vision_encoder.layers.7.layer_norm1.bias, vision_encoder.layers.7.attn.rel_pos_h, vision_encoder.layers.7.attn.rel_pos_w, vision_encoder.layers.7.attn.qkv.weight, vision_encoder.layers.7.attn.qkv.bias, vision_encoder.layers.7.attn.proj.weight, vision_encoder.layers.7.attn.proj.bias, vision_encoder.layers.7.layer_norm2.weight, vision_encoder.layers.7.layer_norm2.bias, vision_encoder.layers.7.mlp.lin1.weight, vision_encoder.layers.7.mlp.lin1.bias, vision_encoder.layers.7.mlp.lin2.weight, vision_encoder.layers.7.mlp.lin2.bias, vision_encoder.layers.8.layer_norm1.weight, vision_encoder.layers.8.layer_norm1.bias, vision_encoder.layers.8.attn.rel_pos_h, vision_encoder.layers.8.attn.rel_pos_w, vision_encoder.layers.8.attn.qkv.weight, vision_encoder.layers.8.attn.qkv.bias, vision_encoder.layers.8.attn.proj.weight, vision_encoder.layers.8.attn.proj.bias, vision_encoder.layers.8.layer_norm2.weight, vision_encoder.layers.8.layer_norm2.bias, vision_encoder.layers.8.mlp.lin1.weight, vision_encoder.layers.8.mlp.lin1.bias, vision_encoder.layers.8.mlp.lin2.weight, vision_encoder.layers.8.mlp.lin2.bias, vision_encoder.layers.9.layer_norm1.weight, vision_encoder.layers.9.layer_norm1.bias, vision_encoder.layers.9.attn.rel_pos_h, vision_encoder.layers.9.attn.rel_pos_w, vision_encoder.layers.9.attn.qkv.weight, vision_encoder.layers.9.attn.qkv.bias, vision_encoder.layers.9.attn.proj.weight, vision_encoder.layers.9.attn.proj.bias, vision_encoder.layers.9.layer_norm2.weight, vision_encoder.layers.9.layer_norm2.bias, vision_encoder.layers.9.mlp.lin1.weight, vision_encoder.layers.9.mlp.lin1.bias, vision_encoder.layers.9.mlp.lin2.weight, vision_encoder.layers.9.mlp.lin2.bias, vision_encoder.layers.10.layer_norm1.weight, vision_encoder.layers.10.layer_norm1.bias, vision_encoder.layers.10.attn.rel_pos_h, vision_encoder.layers.10.attn.rel_pos_w, vision_encoder.layers.10.attn.qkv.weight, vision_encoder.layers.10.attn.qkv.bias, vision_encoder.layers.10.attn.proj.weight, vision_encoder.layers.10.attn.proj.bias, vision_encoder.layers.10.layer_norm2.weight, vision_encoder.layers.10.layer_norm2.bias, vision_encoder.layers.10.mlp.lin1.weight, vision_encoder.layers.10.mlp.lin1.bias, vision_encoder.layers.10.mlp.lin2.weight, vision_encoder.layers.10.mlp.lin2.bias, vision_encoder.layers.11.layer_norm1.weight, vision_encoder.layers.11.layer_norm1.bias, vision_encoder.layers.11.attn.rel_pos_h, vision_encoder.layers.11.attn.rel_pos_w, vision_encoder.layers.11.attn.qkv.weight, vision_encoder.layers.11.attn.qkv.bias, vision_encoder.layers.11.attn.proj.weight, vision_encoder.layers.11.attn.proj.bias, vision_encoder.layers.11.layer_norm2.weight, vision_encoder.layers.11.layer_norm2.bias, vision_encoder.layers.11.mlp.lin1.weight, vision_encoder.layers.11.mlp.lin1.bias, vision_encoder.layers.11.mlp.lin2.weight, vision_encoder.layers.11.mlp.lin2.bias, vision_encoder.neck.conv1.weight, vision_encoder.neck.layer_norm1.weight, vision_encoder.neck.layer_norm1.bias, vision_encoder.neck.conv2.weight, vision_encoder.neck.layer_norm2.weight, vision_encoder.neck.layer_norm2.bias, mask_decoder.iou_token.weight, mask_decoder.mask_tokens.weight, mask_decoder.transformer.layers.0.self_attn.q_proj.weight, mask_decoder.transformer.layers.0.self_attn.q_proj.bias, mask_decoder.transformer.layers.0.self_attn.k_proj.weight, mask_decoder.transformer.layers.0.self_attn.k_proj.bias, mask_decoder.transformer.layers.0.self_attn.v_proj.weight, mask_decoder.transformer.layers.0.self_attn.v_proj.bias, mask_decoder.transformer.layers.0.self_attn.out_proj.weight, mask_decoder.transformer.layers.0.self_attn.out_proj.bias, mask_decoder.transformer.layers.0.layer_norm1.weight, mask_decoder.transformer.layers.0.layer_norm1.bias, mask_decoder.transformer.layers.0.cross_attn_token_to_image.q_proj.weight, mask_decoder.transformer.layers.0.cross_attn_token_to_image.q_proj.bias, mask_decoder.transformer.layers.0.cross_attn_token_to_image.k_proj.weight, mask_decoder.transformer.layers.0.cross_attn_token_to_image.k_proj.bias, mask_decoder.transformer.layers.0.cross_attn_token_to_image.v_proj.weight, mask_decoder.transformer.layers.0.cross_attn_token_to_image.v_proj.bias, mask_decoder.transformer.layers.0.cross_attn_token_to_image.out_proj.weight, mask_decoder.transformer.layers.0.cross_attn_token_to_image.out_proj.bias, mask_decoder.transformer.layers.0.layer_norm2.weight, mask_decoder.transformer.layers.0.layer_norm2.bias, mask_decoder.transformer.layers.0.mlp.lin1.weight, mask_decoder.transformer.layers.0.mlp.lin1.bias, mask_decoder.transformer.layers.0.mlp.lin2.weight, mask_decoder.transformer.layers.0.mlp.lin2.bias, mask_decoder.transformer.layers.0.layer_norm3.weight, mask_decoder.transformer.layers.0.layer_norm3.bias, mask_decoder.transformer.layers.0.layer_norm4.weight, mask_decoder.transformer.layers.0.layer_norm4.bias, mask_decoder.transformer.layers.0.cross_attn_image_to_token.q_proj.weight, mask_decoder.transformer.layers.0.cross_attn_image_to_token.q_proj.bias, mask_decoder.transformer.layers.0.cross_attn_image_to_token.k_proj.weight, mask_decoder.transformer.layers.0.cross_attn_image_to_token.k_proj.bias, mask_decoder.transformer.layers.0.cross_attn_image_to_token.v_proj.weight, mask_decoder.transformer.layers.0.cross_attn_image_to_token.v_proj.bias, mask_decoder.transformer.layers.0.cross_attn_image_to_token.out_proj.weight, mask_decoder.transformer.layers.0.cross_attn_image_to_token.out_proj.bias, mask_decoder.transformer.layers.1.self_attn.q_proj.weight, mask_decoder.transformer.layers.1.self_attn.q_proj.bias, mask_decoder.transformer.layers.1.self_attn.k_proj.weight, mask_decoder.transformer.layers.1.self_attn.k_proj.bias, mask_decoder.transformer.layers.1.self_attn.v_proj.weight, mask_decoder.transformer.layers.1.self_attn.v_proj.bias, mask_decoder.transformer.layers.1.self_attn.out_proj.weight, mask_decoder.transformer.layers.1.self_attn.out_proj.bias, mask_decoder.transformer.layers.1.layer_norm1.weight, mask_decoder.transformer.layers.1.layer_norm1.bias, mask_decoder.transformer.layers.1.cross_attn_token_to_image.q_proj.weight, mask_decoder.transformer.layers.1.cross_attn_token_to_image.q_proj.bias, mask_decoder.transformer.layers.1.cross_attn_token_to_image.k_proj.weight, mask_decoder.transformer.layers.1.cross_attn_token_to_image.k_proj.bias, mask_decoder.transformer.layers.1.cross_attn_token_to_image.v_proj.weight, mask_decoder.transformer.layers.1.cross_attn_token_to_image.v_proj.bias, mask_decoder.transformer.layers.1.cross_attn_token_to_image.out_proj.weight, mask_decoder.transformer.layers.1.cross_attn_token_to_image.out_proj.bias, mask_decoder.transformer.layers.1.layer_norm2.weight, mask_decoder.transformer.layers.1.layer_norm2.bias, mask_decoder.transformer.layers.1.mlp.lin1.weight, mask_decoder.transformer.layers.1.mlp.lin1.bias, mask_decoder.transformer.layers.1.mlp.lin2.weight, mask_decoder.transformer.layers.1.mlp.lin2.bias, mask_decoder.transformer.layers.1.layer_norm3.weight, mask_decoder.transformer.layers.1.layer_norm3.bias, mask_decoder.transformer.layers.1.layer_norm4.weight, mask_decoder.transformer.layers.1.layer_norm4.bias, mask_decoder.transformer.layers.1.cross_attn_image_to_token.q_proj.weight, mask_decoder.transformer.layers.1.cross_attn_image_to_token.q_proj.bias, mask_decoder.transformer.layers.1.cross_attn_image_to_token.k_proj.weight, mask_decoder.transformer.layers.1.cross_attn_image_to_token.k_proj.bias, mask_decoder.transformer.layers.1.cross_attn_image_to_token.v_proj.weight, mask_decoder.transformer.layers.1.cross_attn_image_to_token.v_proj.bias, mask_decoder.transformer.layers.1.cross_attn_image_to_token.out_proj.weight, mask_decoder.transformer.layers.1.cross_attn_image_to_token.out_proj.bias, mask_decoder.transformer.final_attn_token_to_image.q_proj.weight, mask_decoder.transformer.final_attn_token_to_image.q_proj.bias, mask_decoder.transformer.final_attn_token_to_image.k_proj.weight, mask_decoder.transformer.final_attn_token_to_image.k_proj.bias, mask_decoder.transformer.final_attn_token_to_image.v_proj.weight, mask_decoder.transformer.final_attn_token_to_image.v_proj.bias, mask_decoder.transformer.final_attn_token_to_image.out_proj.weight, mask_decoder.transformer.final_attn_token_to_image.out_proj.bias, mask_decoder.transformer.layer_norm_final_attn.weight, mask_decoder.transformer.layer_norm_final_attn.bias, mask_decoder.upscale_conv1.weight, mask_decoder.upscale_conv1.bias, mask_decoder.upscale_conv2.weight, mask_decoder.upscale_conv2.bias, mask_decoder.upscale_layer_norm.weight, mask_decoder.upscale_layer_norm.bias, mask_decoder.output_hypernetworks_mlps.0.proj_in.weight, mask_decoder.output_hypernetworks_mlps.0.proj_in.bias, mask_decoder.output_hypernetworks_mlps.0.proj_out.weight, mask_decoder.output_hypernetworks_mlps.0.proj_out.bias, mask_decoder.output_hypernetworks_mlps.0.layers.0.weight, mask_decoder.output_hypernetworks_mlps.0.layers.0.bias, mask_decoder.output_hypernetworks_mlps.1.proj_in.weight, mask_decoder.output_hypernetworks_mlps.1.proj_in.bias, mask_decoder.output_hypernetworks_mlps.1.proj_out.weight, mask_decoder.output_hypernetworks_mlps.1.proj_out.bias, mask_decoder.output_hypernetworks_mlps.1.layers.0.weight, mask_decoder.output_hypernetworks_mlps.1.layers.0.bias, mask_decoder.output_hypernetworks_mlps.2.proj_in.weight, mask_decoder.output_hypernetworks_mlps.2.proj_in.bias, mask_decoder.output_hypernetworks_mlps.2.proj_out.weight, mask_decoder.output_hypernetworks_mlps.2.proj_out.bias, mask_decoder.output_hypernetworks_mlps.2.layers.0.weight, mask_decoder.output_hypernetworks_mlps.2.layers.0.bias, mask_decoder.output_hypernetworks_mlps.3.proj_in.weight, mask_decoder.output_hypernetworks_mlps.3.proj_in.bias, mask_decoder.output_hypernetworks_mlps.3.proj_out.weight, mask_decoder.output_hypernetworks_mlps.3.proj_out.bias, mask_decoder.output_hypernetworks_mlps.3.layers.0.weight, mask_decoder.output_hypernetworks_mlps.3.layers.0.bias, mask_decoder.iou_prediction_head.proj_in.weight, mask_decoder.iou_prediction_head.proj_in.bias, mask_decoder.iou_prediction_head.proj_out.weight, mask_decoder.iou_prediction_head.proj_out.bias, mask_decoder.iou_prediction_head.layers.0.weight, mask_decoder.iou_prediction_head.layers.0.bias, prompt_encoder.shared_embedding.positional_embedding

02/14 00:03:10 - mmengine - INFO - 
prompt_encoder.mask_embed.conv1.weight - torch.Size([4, 1, 2, 2]): 
PretrainedInit: load from /home/wangcheng/project/SCVT3/portable_sam_fusion/checkpoints/sam_vit_b_01ec64.pth 
 
02/14 00:03:10 - mmengine - INFO - 
prompt_encoder.mask_embed.conv1.bias - torch.Size([4]): 
PretrainedInit: load from /home/wangcheng/project/SCVT3/portable_sam_fusion/checkpoints/sam_vit_b_01ec64.pth 
 
02/14 00:03:10 - mmengine - INFO - 
prompt_encoder.mask_embed.conv2.weight - torch.Size([16, 4, 2, 2]): 
PretrainedInit: load from /home/wangcheng/project/SCVT3/portable_sam_fusion/checkpoints/sam_vit_b_01ec64.pth 
 
02/14 00:03:10 - mmengine - INFO - 
prompt_encoder.mask_embed.conv2.bias - torch.Size([16]): 
PretrainedInit: load from /home/wangcheng/project/SCVT3/portable_sam_fusion/checkpoints/sam_vit_b_01ec64.pth 
 
02/14 00:03:10 - mmengine - INFO - 
prompt_encoder.mask_embed.conv3.weight - torch.Size([256, 16, 1, 1]): 
PretrainedInit: load from /home/wangcheng/project/SCVT3/portable_sam_fusion/checkpoints/sam_vit_b_01ec64.pth 
 
02/14 00:03:10 - mmengine - INFO - 
prompt_encoder.mask_embed.conv3.bias - torch.Size([256]): 
PretrainedInit: load from /home/wangcheng/project/SCVT3/portable_sam_fusion/checkpoints/sam_vit_b_01ec64.pth 
 
02/14 00:03:10 - mmengine - INFO - 
prompt_encoder.mask_embed.layer_norm1.weight - torch.Size([4]): 
PretrainedInit: load from /home/wangcheng/project/SCVT3/portable_sam_fusion/checkpoints/sam_vit_b_01ec64.pth 
 
02/14 00:03:10 - mmengine - INFO - 
prompt_encoder.mask_embed.layer_norm1.bias - torch.Size([4]): 
PretrainedInit: load from /home/wangcheng/project/SCVT3/portable_sam_fusion/checkpoints/sam_vit_b_01ec64.pth 
 
02/14 00:03:10 - mmengine - INFO - 
prompt_encoder.mask_embed.layer_norm2.weight - torch.Size([16]): 
PretrainedInit: load from /home/wangcheng/project/SCVT3/portable_sam_fusion/checkpoints/sam_vit_b_01ec64.pth 
 
02/14 00:03:10 - mmengine - INFO - 
prompt_encoder.mask_embed.layer_norm2.bias - torch.Size([16]): 
PretrainedInit: load from /home/wangcheng/project/SCVT3/portable_sam_fusion/checkpoints/sam_vit_b_01ec64.pth 
 
02/14 00:03:10 - mmengine - INFO - 
prompt_encoder.no_mask_embed.weight - torch.Size([1, 256]): 
PretrainedInit: load from /home/wangcheng/project/SCVT3/portable_sam_fusion/checkpoints/sam_vit_b_01ec64.pth 
 
02/14 00:03:10 - mmengine - INFO - 
prompt_encoder.point_embed.0.weight - torch.Size([1, 256]): 
PretrainedInit: load from /home/wangcheng/project/SCVT3/portable_sam_fusion/checkpoints/sam_vit_b_01ec64.pth 
 
02/14 00:03:10 - mmengine - INFO - 
prompt_encoder.point_embed.1.weight - torch.Size([1, 256]): 
PretrainedInit: load from /home/wangcheng/project/SCVT3/portable_sam_fusion/checkpoints/sam_vit_b_01ec64.pth 
 
02/14 00:03:10 - mmengine - INFO - 
prompt_encoder.point_embed.2.weight - torch.Size([1, 256]): 
PretrainedInit: load from /home/wangcheng/project/SCVT3/portable_sam_fusion/checkpoints/sam_vit_b_01ec64.pth 
 
02/14 00:03:10 - mmengine - INFO - 
prompt_encoder.point_embed.3.weight - torch.Size([1, 256]): 
PretrainedInit: load from /home/wangcheng/project/SCVT3/portable_sam_fusion/checkpoints/sam_vit_b_01ec64.pth 
 
02/14 00:03:10 - mmengine - INFO - 
prompt_encoder.not_a_point_embed.weight - torch.Size([1, 256]): 
PretrainedInit: load from /home/wangcheng/project/SCVT3/portable_sam_fusion/checkpoints/sam_vit_b_01ec64.pth 
 
Loads checkpoint by local backend from path: /home/wangcheng/project/SCVT3/portable_sam_fusion/checkpoints/sam_vit_b_01ec64.pth
Loaded SAM PositionalEmbedding. Missing keys: 0, Unexpected keys: 314
2026-02-14 00:03:11,624 - portable_sam_fusion.data.satellite_dataset - INFO - 加载 672 个卫星场景 (训练集)
2026-02-14 00:03:11,642 - portable_sam_fusion.data.satellite_dataset - INFO - 加载 62 个卫星场景 (验证集)
2026-02-14 00:03:11,642 - portable_sam_fusion.data.loader - INFO - 创建验证集加载器: 62 样本
2026-02-14 00:03:11,643 - portable_sam_fusion - INFO - Dataset size: 672
2026-02-14 00:07:24,050 - portable_sam_fusion - INFO - Epoch 1 detailed losses: loss_rpn_cls=0.6911, loss_rpn_bbox=0.0243, loss_cls=0.3107, acc=98.1992, loss_bbox=0.0005, loss_mask=0.6861
2026-02-14 00:08:09,628 - portable_sam_fusion - INFO - Epoch 1/30 | train=1.712683 val=1.490629 | sat_backbone=1.30e-07 sat_other=2.59e-07
2026-02-14 00:12:18,990 - portable_sam_fusion - INFO - Epoch 2 detailed losses: loss_rpn_cls=0.6325, loss_rpn_bbox=0.0207, loss_cls=0.0822, acc=98.2003, loss_bbox=0.0006, loss_mask=0.6123
2026-02-14 00:12:51,930 - portable_sam_fusion - INFO - Epoch 2/30 | train=1.348285 val=1.267754 | sat_backbone=1.59e-07 sat_other=3.19e-07
2026-02-14 00:16:59,364 - portable_sam_fusion - INFO - Epoch 3 detailed losses: loss_rpn_cls=0.5429, loss_rpn_bbox=0.0188, loss_cls=0.0465, acc=98.4305, loss_bbox=0.0004, loss_mask=0.5320
2026-02-14 00:17:32,404 - portable_sam_fusion - INFO - Epoch 3/30 | train=1.140587 val=1.064173 | sat_backbone=1.89e-07 sat_other=3.78e-07
2026-02-14 00:21:39,626 - portable_sam_fusion - INFO - Epoch 4 detailed losses: loss_rpn_cls=0.4258, loss_rpn_bbox=0.0179, loss_cls=0.0283, acc=99.3094, loss_bbox=0.0007, loss_mask=0.4499
2026-02-14 00:22:12,138 - portable_sam_fusion - INFO - Epoch 4/30 | train=0.922656 val=0.848898 | sat_backbone=2.19e-07 sat_other=4.38e-07
2026-02-14 00:26:19,871 - portable_sam_fusion - INFO - Epoch 5 detailed losses: loss_rpn_cls=0.2943, loss_rpn_bbox=0.0178, loss_cls=0.0259, acc=99.6100, loss_bbox=0.0023, loss_mask=0.3747
2026-02-14 00:26:52,727 - portable_sam_fusion - INFO - Epoch 5/30 | train=0.714900 val=0.680482 | sat_backbone=1.00e-04 sat_other=2.00e-04
2026-02-14 00:31:26,154 - portable_sam_fusion - INFO - Epoch 6 detailed losses: loss_rpn_cls=0.0027, loss_rpn_bbox=0.0220, loss_cls=0.2028, acc=93.6140, loss_bbox=0.1409, loss_mask=0.1846
2026-02-14 00:32:01,434 - portable_sam_fusion - INFO - Epoch 6/30 | train=0.553132 val=0.443936 | sat_backbone=9.96e-05 sat_other=1.99e-04
2026-02-14 00:36:29,571 - portable_sam_fusion - INFO - Epoch 7 detailed losses: loss_rpn_cls=0.0008, loss_rpn_bbox=0.0127, loss_cls=0.0938, acc=96.2844, loss_bbox=0.0851, loss_mask=0.1339
2026-02-14 00:37:03,403 - portable_sam_fusion - INFO - Epoch 7/30 | train=0.326199 val=0.305835 | sat_backbone=9.84e-05 sat_other=1.97e-04
2026-02-14 00:41:24,290 - portable_sam_fusion - INFO - Epoch 8 detailed losses: loss_rpn_cls=0.0005, loss_rpn_bbox=0.0111, loss_cls=0.0539, acc=97.7638, loss_bbox=0.0537, loss_mask=0.0954
2026-02-14 00:41:57,675 - portable_sam_fusion - INFO - Epoch 8/30 | train=0.214655 val=0.211919 | sat_backbone=9.65e-05 sat_other=1.93e-04
2026-02-14 00:46:21,432 - portable_sam_fusion - INFO - Epoch 9 detailed losses: loss_rpn_cls=0.0004, loss_rpn_bbox=0.0097, loss_cls=0.0458, acc=98.0678, loss_bbox=0.0484, loss_mask=0.0541
2026-02-14 00:46:39,981 - portable_sam_fusion - INFO - Epoch 9/30 | train=0.158411 val=0.233135 | sat_backbone=9.38e-05 sat_other=1.88e-04
2026-02-14 00:51:01,627 - portable_sam_fusion - INFO - Epoch 10 detailed losses: loss_rpn_cls=0.0003, loss_rpn_bbox=0.0088, loss_cls=0.0364, acc=98.4910, loss_bbox=0.0376, loss_mask=0.0372
2026-02-14 00:51:32,404 - portable_sam_fusion - INFO - Epoch 10/30 | train=0.120289 val=0.203753 | sat_backbone=9.05e-05 sat_other=1.81e-04
2026-02-14 00:55:56,182 - portable_sam_fusion - INFO - Epoch 11 detailed losses: loss_rpn_cls=0.0002, loss_rpn_bbox=0.0074, loss_cls=0.0311, acc=98.6973, loss_bbox=0.0341, loss_mask=0.0264
2026-02-14 00:56:25,937 - portable_sam_fusion - INFO - Epoch 11/30 | train=0.099221 val=0.138184 | sat_backbone=8.65e-05 sat_other=1.73e-04
2026-02-14 01:00:52,001 - portable_sam_fusion - INFO - Epoch 12 detailed losses: loss_rpn_cls=0.0002, loss_rpn_bbox=0.0066, loss_cls=0.0263, acc=98.9171, loss_bbox=0.0271, loss_mask=0.0217
2026-02-14 01:01:11,234 - portable_sam_fusion - INFO - Epoch 12/30 | train=0.081932 val=0.158933 | sat_backbone=8.19e-05 sat_other=1.64e-04
2026-02-14 01:05:40,461 - portable_sam_fusion - INFO - Epoch 13 detailed losses: loss_rpn_cls=0.0002, loss_rpn_bbox=0.0062, loss_cls=0.0258, acc=98.9258, loss_bbox=0.0256, loss_mask=0.0173
2026-02-14 01:05:59,390 - portable_sam_fusion - INFO - Epoch 13/30 | train=0.075089 val=0.149459 | sat_backbone=7.68e-05 sat_other=1.54e-04
2026-02-14 01:10:29,729 - portable_sam_fusion - INFO - Epoch 14 detailed losses: loss_rpn_cls=0.0001, loss_rpn_bbox=0.0053, loss_cls=0.0248, acc=98.9810, loss_bbox=0.0235, loss_mask=0.0147
2026-02-14 01:10:47,792 - portable_sam_fusion - INFO - Epoch 14/30 | train=0.068443 val=0.169430 | sat_backbone=7.13e-05 sat_other=1.43e-04
2026-02-14 01:15:21,212 - portable_sam_fusion - INFO - Epoch 15 detailed losses: loss_rpn_cls=0.0001, loss_rpn_bbox=0.0047, loss_cls=0.0241, acc=99.0194, loss_bbox=0.0206, loss_mask=0.0132
2026-02-14 01:15:41,983 - portable_sam_fusion - INFO - Epoch 15/30 | train=0.062773 val=0.173143 | sat_backbone=6.55e-05 sat_other=1.31e-04
2026-02-14 01:20:10,667 - portable_sam_fusion - INFO - Epoch 16 detailed losses: loss_rpn_cls=0.0001, loss_rpn_bbox=0.0041, loss_cls=0.0203, acc=99.1833, loss_bbox=0.0169, loss_mask=0.0117
2026-02-14 01:20:31,040 - portable_sam_fusion - INFO - Epoch 16/30 | train=0.053030 val=0.168622 | sat_backbone=5.95e-05 sat_other=1.19e-04
2026-02-14 01:25:01,782 - portable_sam_fusion - INFO - Epoch 17 detailed losses: loss_rpn_cls=0.0001, loss_rpn_bbox=0.0035, loss_cls=0.0199, acc=99.1879, loss_bbox=0.0161, loss_mask=0.0100
2026-02-14 01:25:33,227 - portable_sam_fusion - INFO - Epoch 17/30 | train=0.049650 val=0.136622 | sat_backbone=5.32e-05 sat_other=1.06e-04
2026-02-14 01:30:08,627 - portable_sam_fusion - INFO - Epoch 18 detailed losses: loss_rpn_cls=0.0001, loss_rpn_bbox=0.0032, loss_cls=0.0213, acc=99.1746, loss_bbox=0.0152, loss_mask=0.0095
2026-02-14 01:30:28,342 - portable_sam_fusion - INFO - Epoch 18/30 | train=0.049315 val=0.204209 | sat_backbone=4.70e-05 sat_other=9.38e-05
2026-02-14 01:35:05,296 - portable_sam_fusion - INFO - Epoch 19 detailed losses: loss_rpn_cls=0.0001, loss_rpn_bbox=0.0029, loss_cls=0.0199, acc=99.1734, loss_bbox=0.0140, loss_mask=0.0096
2026-02-14 01:35:24,914 - portable_sam_fusion - INFO - Epoch 19/30 | train=0.046423 val=0.188593 | sat_backbone=4.07e-05 sat_other=8.14e-05
2026-02-14 01:40:02,145 - portable_sam_fusion - INFO - Epoch 20 detailed losses: loss_rpn_cls=0.0001, loss_rpn_bbox=0.0024, loss_cls=0.0197, acc=99.2065, loss_bbox=0.0122, loss_mask=0.0080
2026-02-14 01:40:21,470 - portable_sam_fusion - INFO - Epoch 20/30 | train=0.042492 val=0.189338 | sat_backbone=3.47e-05 sat_other=6.92e-05
2026-02-14 01:44:58,877 - portable_sam_fusion - INFO - Epoch 21 detailed losses: loss_rpn_cls=0.0001, loss_rpn_bbox=0.0020, loss_cls=0.0171, acc=99.3083, loss_bbox=0.0105, loss_mask=0.0073
2026-02-14 01:45:18,500 - portable_sam_fusion - INFO - Epoch 21/30 | train=0.036917 val=0.186789 | sat_backbone=2.89e-05 sat_other=5.76e-05
2026-02-14 01:49:59,483 - portable_sam_fusion - INFO - Epoch 22 detailed losses: loss_rpn_cls=0.0000, loss_rpn_bbox=0.0017, loss_cls=0.0172, acc=99.3275, loss_bbox=0.0102, loss_mask=0.0068
2026-02-14 01:50:17,873 - portable_sam_fusion - INFO - Epoch 22/30 | train=0.035929 val=0.164433 | sat_backbone=2.34e-05 sat_other=4.66e-05
2026-02-14 01:55:03,824 - portable_sam_fusion - INFO - Epoch 23 detailed losses: loss_rpn_cls=0.0000, loss_rpn_bbox=0.0016, loss_cls=0.0163, acc=99.3687, loss_bbox=0.0091, loss_mask=0.0059
2026-02-14 01:55:23,792 - portable_sam_fusion - INFO - Epoch 23/30 | train=0.032975 val=0.200320 | sat_backbone=1.83e-05 sat_other=3.64e-05
2026-02-14 02:00:05,727 - portable_sam_fusion - INFO - Epoch 24 detailed losses: loss_rpn_cls=0.0000, loss_rpn_bbox=0.0013, loss_cls=0.0136, acc=99.4850, loss_bbox=0.0071, loss_mask=0.0055
2026-02-14 02:00:20,454 - portable_sam_fusion - INFO - Epoch 24/30 | train=0.027440 val=0.199706 | sat_backbone=1.37e-05 sat_other=2.73e-05
2026-02-14 02:05:07,904 - portable_sam_fusion - INFO - Epoch 25 detailed losses: loss_rpn_cls=0.0000, loss_rpn_bbox=0.0011, loss_cls=0.0138, acc=99.4873, loss_bbox=0.0064, loss_mask=0.0052
2026-02-14 02:05:27,426 - portable_sam_fusion - INFO - Epoch 25/30 | train=0.026557 val=0.213130 | sat_backbone=9.73e-06 sat_other=1.93e-05
2026-02-14 02:10:09,777 - portable_sam_fusion - INFO - Epoch 26 detailed losses: loss_rpn_cls=0.0000, loss_rpn_bbox=0.0010, loss_cls=0.0113, acc=99.5786, loss_bbox=0.0050, loss_mask=0.0051
2026-02-14 02:10:28,709 - portable_sam_fusion - INFO - Epoch 26/30 | train=0.022391 val=0.194376 | sat_backbone=6.37e-06 sat_other=1.26e-05
2026-02-14 02:15:08,229 - portable_sam_fusion - INFO - Epoch 27 detailed losses: loss_rpn_cls=0.0000, loss_rpn_bbox=0.0009, loss_cls=0.0087, acc=99.6768, loss_bbox=0.0038, loss_mask=0.0049
2026-02-14 02:15:27,779 - portable_sam_fusion - INFO - Epoch 27/30 | train=0.018436 val=0.220074 | sat_backbone=3.70e-06 sat_other=7.22e-06
2026-02-14 02:20:07,299 - portable_sam_fusion - INFO - Epoch 28 detailed losses: loss_rpn_cls=0.0000, loss_rpn_bbox=0.0009, loss_cls=0.0083, acc=99.6995, loss_bbox=0.0036, loss_mask=0.0048
2026-02-14 02:20:27,121 - portable_sam_fusion - INFO - Epoch 28/30 | train=0.017601 val=0.211415 | sat_backbone=1.77e-06 sat_other=3.34e-06
2026-02-14 02:25:06,218 - portable_sam_fusion - INFO - Epoch 29 detailed losses: loss_rpn_cls=0.0000, loss_rpn_bbox=0.0008, loss_cls=0.0080, acc=99.7227, loss_bbox=0.0035, loss_mask=0.0047
2026-02-14 02:25:25,273 - portable_sam_fusion - INFO - Epoch 29/30 | train=0.017030 val=0.199209 | sat_backbone=5.93e-07 sat_other=9.88e-07
2026-02-14 02:30:05,765 - portable_sam_fusion - INFO - Epoch 30 detailed losses: loss_rpn_cls=0.0000, loss_rpn_bbox=0.0008, loss_cls=0.0073, acc=99.7535, loss_bbox=0.0032, loss_mask=0.0047
2026-02-14 02:30:24,649 - portable_sam_fusion - INFO - Epoch 30/30 | train=0.016092 val=0.214290 | sat_backbone=2.00e-07 sat_other=2.00e-07
