/home/wangcheng/anaconda3/envs/cvt/lib/python3.9/site-packages/imagecorruptions/corruptions.py:17: UserWarning: pkg_resources is deprecated as an API. See https://setuptools.pypa.io/en/latest/pkg_resources.html. The pkg_resources package is slated for removal as early as 2025-11-30. Refrain from using this package or pin to Setuptools<81.
  from pkg_resources import resource_filename
Loads checkpoint by local backend from path: /home/wangcheng/project/SCVT3/portable_sam_fusion/checkpoints/sam_vit_b_01ec64.pth
Loaded SAM VisionEncoder with interpolation. Missing keys: 0, Unexpected keys: 138
02/13 09:24:35 - mmengine - INFO - load model from: /home/wangcheng/project/SCVT3/portable_sam_fusion/checkpoints/sam_vit_b_01ec64.pth
02/13 09:24:35 - mmengine - INFO - Loads checkpoint by local backend from path: /home/wangcheng/project/SCVT3/portable_sam_fusion/checkpoints/sam_vit_b_01ec64.pth
02/13 09:24:36 - mmengine - WARNING - The model and loaded state dict do not match exactly

unexpected key in source state_dict: shared_image_embedding.positional_embedding, vision_encoder.pos_embed, vision_encoder.patch_embed.projection.weight, vision_encoder.patch_embed.projection.bias, vision_encoder.layers.0.layer_norm1.weight, vision_encoder.layers.0.layer_norm1.bias, vision_encoder.layers.0.attn.rel_pos_h, vision_encoder.layers.0.attn.rel_pos_w, vision_encoder.layers.0.attn.qkv.weight, vision_encoder.layers.0.attn.qkv.bias, vision_encoder.layers.0.attn.proj.weight, vision_encoder.layers.0.attn.proj.bias, vision_encoder.layers.0.layer_norm2.weight, vision_encoder.layers.0.layer_norm2.bias, vision_encoder.layers.0.mlp.lin1.weight, vision_encoder.layers.0.mlp.lin1.bias, vision_encoder.layers.0.mlp.lin2.weight, vision_encoder.layers.0.mlp.lin2.bias, vision_encoder.layers.1.layer_norm1.weight, vision_encoder.layers.1.layer_norm1.bias, vision_encoder.layers.1.attn.rel_pos_h, vision_encoder.layers.1.attn.rel_pos_w, vision_encoder.layers.1.attn.qkv.weight, vision_encoder.layers.1.attn.qkv.bias, vision_encoder.layers.1.attn.proj.weight, vision_encoder.layers.1.attn.proj.bias, vision_encoder.layers.1.layer_norm2.weight, vision_encoder.layers.1.layer_norm2.bias, vision_encoder.layers.1.mlp.lin1.weight, vision_encoder.layers.1.mlp.lin1.bias, vision_encoder.layers.1.mlp.lin2.weight, vision_encoder.layers.1.mlp.lin2.bias, vision_encoder.layers.2.layer_norm1.weight, vision_encoder.layers.2.layer_norm1.bias, vision_encoder.layers.2.attn.rel_pos_h, vision_encoder.layers.2.attn.rel_pos_w, vision_encoder.layers.2.attn.qkv.weight, vision_encoder.layers.2.attn.qkv.bias, vision_encoder.layers.2.attn.proj.weight, vision_encoder.layers.2.attn.proj.bias, vision_encoder.layers.2.layer_norm2.weight, vision_encoder.layers.2.layer_norm2.bias, vision_encoder.layers.2.mlp.lin1.weight, vision_encoder.layers.2.mlp.lin1.bias, vision_encoder.layers.2.mlp.lin2.weight, vision_encoder.layers.2.mlp.lin2.bias, vision_encoder.layers.3.layer_norm1.weight, vision_encoder.layers.3.layer_norm1.bias, vision_encoder.layers.3.attn.rel_pos_h, vision_encoder.layers.3.attn.rel_pos_w, vision_encoder.layers.3.attn.qkv.weight, vision_encoder.layers.3.attn.qkv.bias, vision_encoder.layers.3.attn.proj.weight, vision_encoder.layers.3.attn.proj.bias, vision_encoder.layers.3.layer_norm2.weight, vision_encoder.layers.3.layer_norm2.bias, vision_encoder.layers.3.mlp.lin1.weight, vision_encoder.layers.3.mlp.lin1.bias, vision_encoder.layers.3.mlp.lin2.weight, vision_encoder.layers.3.mlp.lin2.bias, vision_encoder.layers.4.layer_norm1.weight, vision_encoder.layers.4.layer_norm1.bias, vision_encoder.layers.4.attn.rel_pos_h, vision_encoder.layers.4.attn.rel_pos_w, vision_encoder.layers.4.attn.qkv.weight, vision_encoder.layers.4.attn.qkv.bias, vision_encoder.layers.4.attn.proj.weight, vision_encoder.layers.4.attn.proj.bias, vision_encoder.layers.4.layer_norm2.weight, vision_encoder.layers.4.layer_norm2.bias, vision_encoder.layers.4.mlp.lin1.weight, vision_encoder.layers.4.mlp.lin1.bias, vision_encoder.layers.4.mlp.lin2.weight, vision_encoder.layers.4.mlp.lin2.bias, vision_encoder.layers.5.layer_norm1.weight, vision_encoder.layers.5.layer_norm1.bias, vision_encoder.layers.5.attn.rel_pos_h, vision_encoder.layers.5.attn.rel_pos_w, vision_encoder.layers.5.attn.qkv.weight, vision_encoder.layers.5.attn.qkv.bias, vision_encoder.layers.5.attn.proj.weight, vision_encoder.layers.5.attn.proj.bias, vision_encoder.layers.5.layer_norm2.weight, vision_encoder.layers.5.layer_norm2.bias, vision_encoder.layers.5.mlp.lin1.weight, vision_encoder.layers.5.mlp.lin1.bias, vision_encoder.layers.5.mlp.lin2.weight, vision_encoder.layers.5.mlp.lin2.bias, vision_encoder.layers.6.layer_norm1.weight, vision_encoder.layers.6.layer_norm1.bias, vision_encoder.layers.6.attn.rel_pos_h, vision_encoder.layers.6.attn.rel_pos_w, vision_encoder.layers.6.attn.qkv.weight, vision_encoder.layers.6.attn.qkv.bias, vision_encoder.layers.6.attn.proj.weight, vision_encoder.layers.6.attn.proj.bias, vision_encoder.layers.6.layer_norm2.weight, vision_encoder.layers.6.layer_norm2.bias, vision_encoder.layers.6.mlp.lin1.weight, vision_encoder.layers.6.mlp.lin1.bias, vision_encoder.layers.6.mlp.lin2.weight, vision_encoder.layers.6.mlp.lin2.bias, vision_encoder.layers.7.layer_norm1.weight, vision_encoder.layers.7.layer_norm1.bias, vision_encoder.layers.7.attn.rel_pos_h, vision_encoder.layers.7.attn.rel_pos_w, vision_encoder.layers.7.attn.qkv.weight, vision_encoder.layers.7.attn.qkv.bias, vision_encoder.layers.7.attn.proj.weight, vision_encoder.layers.7.attn.proj.bias, vision_encoder.layers.7.layer_norm2.weight, vision_encoder.layers.7.layer_norm2.bias, vision_encoder.layers.7.mlp.lin1.weight, vision_encoder.layers.7.mlp.lin1.bias, vision_encoder.layers.7.mlp.lin2.weight, vision_encoder.layers.7.mlp.lin2.bias, vision_encoder.layers.8.layer_norm1.weight, vision_encoder.layers.8.layer_norm1.bias, vision_encoder.layers.8.attn.rel_pos_h, vision_encoder.layers.8.attn.rel_pos_w, vision_encoder.layers.8.attn.qkv.weight, vision_encoder.layers.8.attn.qkv.bias, vision_encoder.layers.8.attn.proj.weight, vision_encoder.layers.8.attn.proj.bias, vision_encoder.layers.8.layer_norm2.weight, vision_encoder.layers.8.layer_norm2.bias, vision_encoder.layers.8.mlp.lin1.weight, vision_encoder.layers.8.mlp.lin1.bias, vision_encoder.layers.8.mlp.lin2.weight, vision_encoder.layers.8.mlp.lin2.bias, vision_encoder.layers.9.layer_norm1.weight, vision_encoder.layers.9.layer_norm1.bias, vision_encoder.layers.9.attn.rel_pos_h, vision_encoder.layers.9.attn.rel_pos_w, vision_encoder.layers.9.attn.qkv.weight, vision_encoder.layers.9.attn.qkv.bias, vision_encoder.layers.9.attn.proj.weight, vision_encoder.layers.9.attn.proj.bias, vision_encoder.layers.9.layer_norm2.weight, vision_encoder.layers.9.layer_norm2.bias, vision_encoder.layers.9.mlp.lin1.weight, vision_encoder.layers.9.mlp.lin1.bias, vision_encoder.layers.9.mlp.lin2.weight, vision_encoder.layers.9.mlp.lin2.bias, vision_encoder.layers.10.layer_norm1.weight, vision_encoder.layers.10.layer_norm1.bias, vision_encoder.layers.10.attn.rel_pos_h, vision_encoder.layers.10.attn.rel_pos_w, vision_encoder.layers.10.attn.qkv.weight, vision_encoder.layers.10.attn.qkv.bias, vision_encoder.layers.10.attn.proj.weight, vision_encoder.layers.10.attn.proj.bias, vision_encoder.layers.10.layer_norm2.weight, vision_encoder.layers.10.layer_norm2.bias, vision_encoder.layers.10.mlp.lin1.weight, vision_encoder.layers.10.mlp.lin1.bias, vision_encoder.layers.10.mlp.lin2.weight, vision_encoder.layers.10.mlp.lin2.bias, vision_encoder.layers.11.layer_norm1.weight, vision_encoder.layers.11.layer_norm1.bias, vision_encoder.layers.11.attn.rel_pos_h, vision_encoder.layers.11.attn.rel_pos_w, vision_encoder.layers.11.attn.qkv.weight, vision_encoder.layers.11.attn.qkv.bias, vision_encoder.layers.11.attn.proj.weight, vision_encoder.layers.11.attn.proj.bias, vision_encoder.layers.11.layer_norm2.weight, vision_encoder.layers.11.layer_norm2.bias, vision_encoder.layers.11.mlp.lin1.weight, vision_encoder.layers.11.mlp.lin1.bias, vision_encoder.layers.11.mlp.lin2.weight, vision_encoder.layers.11.mlp.lin2.bias, vision_encoder.neck.conv1.weight, vision_encoder.neck.layer_norm1.weight, vision_encoder.neck.layer_norm1.bias, vision_encoder.neck.conv2.weight, vision_encoder.neck.layer_norm2.weight, vision_encoder.neck.layer_norm2.bias, mask_decoder.iou_token.weight, mask_decoder.mask_tokens.weight, mask_decoder.transformer.layers.0.self_attn.q_proj.weight, mask_decoder.transformer.layers.0.self_attn.q_proj.bias, mask_decoder.transformer.layers.0.self_attn.k_proj.weight, mask_decoder.transformer.layers.0.self_attn.k_proj.bias, mask_decoder.transformer.layers.0.self_attn.v_proj.weight, mask_decoder.transformer.layers.0.self_attn.v_proj.bias, mask_decoder.transformer.layers.0.self_attn.out_proj.weight, mask_decoder.transformer.layers.0.self_attn.out_proj.bias, mask_decoder.transformer.layers.0.layer_norm1.weight, mask_decoder.transformer.layers.0.layer_norm1.bias, mask_decoder.transformer.layers.0.cross_attn_token_to_image.q_proj.weight, mask_decoder.transformer.layers.0.cross_attn_token_to_image.q_proj.bias, mask_decoder.transformer.layers.0.cross_attn_token_to_image.k_proj.weight, mask_decoder.transformer.layers.0.cross_attn_token_to_image.k_proj.bias, mask_decoder.transformer.layers.0.cross_attn_token_to_image.v_proj.weight, mask_decoder.transformer.layers.0.cross_attn_token_to_image.v_proj.bias, mask_decoder.transformer.layers.0.cross_attn_token_to_image.out_proj.weight, mask_decoder.transformer.layers.0.cross_attn_token_to_image.out_proj.bias, mask_decoder.transformer.layers.0.layer_norm2.weight, mask_decoder.transformer.layers.0.layer_norm2.bias, mask_decoder.transformer.layers.0.mlp.lin1.weight, mask_decoder.transformer.layers.0.mlp.lin1.bias, mask_decoder.transformer.layers.0.mlp.lin2.weight, mask_decoder.transformer.layers.0.mlp.lin2.bias, mask_decoder.transformer.layers.0.layer_norm3.weight, mask_decoder.transformer.layers.0.layer_norm3.bias, mask_decoder.transformer.layers.0.layer_norm4.weight, mask_decoder.transformer.layers.0.layer_norm4.bias, mask_decoder.transformer.layers.0.cross_attn_image_to_token.q_proj.weight, mask_decoder.transformer.layers.0.cross_attn_image_to_token.q_proj.bias, mask_decoder.transformer.layers.0.cross_attn_image_to_token.k_proj.weight, mask_decoder.transformer.layers.0.cross_attn_image_to_token.k_proj.bias, mask_decoder.transformer.layers.0.cross_attn_image_to_token.v_proj.weight, mask_decoder.transformer.layers.0.cross_attn_image_to_token.v_proj.bias, mask_decoder.transformer.layers.0.cross_attn_image_to_token.out_proj.weight, mask_decoder.transformer.layers.0.cross_attn_image_to_token.out_proj.bias, mask_decoder.transformer.layers.1.self_attn.q_proj.weight, mask_decoder.transformer.layers.1.self_attn.q_proj.bias, mask_decoder.transformer.layers.1.self_attn.k_proj.weight, mask_decoder.transformer.layers.1.self_attn.k_proj.bias, mask_decoder.transformer.layers.1.self_attn.v_proj.weight, mask_decoder.transformer.layers.1.self_attn.v_proj.bias, mask_decoder.transformer.layers.1.self_attn.out_proj.weight, mask_decoder.transformer.layers.1.self_attn.out_proj.bias, mask_decoder.transformer.layers.1.layer_norm1.weight, mask_decoder.transformer.layers.1.layer_norm1.bias, mask_decoder.transformer.layers.1.cross_attn_token_to_image.q_proj.weight, mask_decoder.transformer.layers.1.cross_attn_token_to_image.q_proj.bias, mask_decoder.transformer.layers.1.cross_attn_token_to_image.k_proj.weight, mask_decoder.transformer.layers.1.cross_attn_token_to_image.k_proj.bias, mask_decoder.transformer.layers.1.cross_attn_token_to_image.v_proj.weight, mask_decoder.transformer.layers.1.cross_attn_token_to_image.v_proj.bias, mask_decoder.transformer.layers.1.cross_attn_token_to_image.out_proj.weight, mask_decoder.transformer.layers.1.cross_attn_token_to_image.out_proj.bias, mask_decoder.transformer.layers.1.layer_norm2.weight, mask_decoder.transformer.layers.1.layer_norm2.bias, mask_decoder.transformer.layers.1.mlp.lin1.weight, mask_decoder.transformer.layers.1.mlp.lin1.bias, mask_decoder.transformer.layers.1.mlp.lin2.weight, mask_decoder.transformer.layers.1.mlp.lin2.bias, mask_decoder.transformer.layers.1.layer_norm3.weight, mask_decoder.transformer.layers.1.layer_norm3.bias, mask_decoder.transformer.layers.1.layer_norm4.weight, mask_decoder.transformer.layers.1.layer_norm4.bias, mask_decoder.transformer.layers.1.cross_attn_image_to_token.q_proj.weight, mask_decoder.transformer.layers.1.cross_attn_image_to_token.q_proj.bias, mask_decoder.transformer.layers.1.cross_attn_image_to_token.k_proj.weight, mask_decoder.transformer.layers.1.cross_attn_image_to_token.k_proj.bias, mask_decoder.transformer.layers.1.cross_attn_image_to_token.v_proj.weight, mask_decoder.transformer.layers.1.cross_attn_image_to_token.v_proj.bias, mask_decoder.transformer.layers.1.cross_attn_image_to_token.out_proj.weight, mask_decoder.transformer.layers.1.cross_attn_image_to_token.out_proj.bias, mask_decoder.transformer.final_attn_token_to_image.q_proj.weight, mask_decoder.transformer.final_attn_token_to_image.q_proj.bias, mask_decoder.transformer.final_attn_token_to_image.k_proj.weight, mask_decoder.transformer.final_attn_token_to_image.k_proj.bias, mask_decoder.transformer.final_attn_token_to_image.v_proj.weight, mask_decoder.transformer.final_attn_token_to_image.v_proj.bias, mask_decoder.transformer.final_attn_token_to_image.out_proj.weight, mask_decoder.transformer.final_attn_token_to_image.out_proj.bias, mask_decoder.transformer.layer_norm_final_attn.weight, mask_decoder.transformer.layer_norm_final_attn.bias, mask_decoder.upscale_conv1.weight, mask_decoder.upscale_conv1.bias, mask_decoder.upscale_conv2.weight, mask_decoder.upscale_conv2.bias, mask_decoder.upscale_layer_norm.weight, mask_decoder.upscale_layer_norm.bias, mask_decoder.output_hypernetworks_mlps.0.proj_in.weight, mask_decoder.output_hypernetworks_mlps.0.proj_in.bias, mask_decoder.output_hypernetworks_mlps.0.proj_out.weight, mask_decoder.output_hypernetworks_mlps.0.proj_out.bias, mask_decoder.output_hypernetworks_mlps.0.layers.0.weight, mask_decoder.output_hypernetworks_mlps.0.layers.0.bias, mask_decoder.output_hypernetworks_mlps.1.proj_in.weight, mask_decoder.output_hypernetworks_mlps.1.proj_in.bias, mask_decoder.output_hypernetworks_mlps.1.proj_out.weight, mask_decoder.output_hypernetworks_mlps.1.proj_out.bias, mask_decoder.output_hypernetworks_mlps.1.layers.0.weight, mask_decoder.output_hypernetworks_mlps.1.layers.0.bias, mask_decoder.output_hypernetworks_mlps.2.proj_in.weight, mask_decoder.output_hypernetworks_mlps.2.proj_in.bias, mask_decoder.output_hypernetworks_mlps.2.proj_out.weight, mask_decoder.output_hypernetworks_mlps.2.proj_out.bias, mask_decoder.output_hypernetworks_mlps.2.layers.0.weight, mask_decoder.output_hypernetworks_mlps.2.layers.0.bias, mask_decoder.output_hypernetworks_mlps.3.proj_in.weight, mask_decoder.output_hypernetworks_mlps.3.proj_in.bias, mask_decoder.output_hypernetworks_mlps.3.proj_out.weight, mask_decoder.output_hypernetworks_mlps.3.proj_out.bias, mask_decoder.output_hypernetworks_mlps.3.layers.0.weight, mask_decoder.output_hypernetworks_mlps.3.layers.0.bias, mask_decoder.iou_prediction_head.proj_in.weight, mask_decoder.iou_prediction_head.proj_in.bias, mask_decoder.iou_prediction_head.proj_out.weight, mask_decoder.iou_prediction_head.proj_out.bias, mask_decoder.iou_prediction_head.layers.0.weight, mask_decoder.iou_prediction_head.layers.0.bias, prompt_encoder.shared_embedding.positional_embedding

02/13 09:24:36 - mmengine - INFO - 
prompt_encoder.mask_embed.conv1.weight - torch.Size([4, 1, 2, 2]): 
PretrainedInit: load from /home/wangcheng/project/SCVT3/portable_sam_fusion/checkpoints/sam_vit_b_01ec64.pth 
 
02/13 09:24:36 - mmengine - INFO - 
prompt_encoder.mask_embed.conv1.bias - torch.Size([4]): 
PretrainedInit: load from /home/wangcheng/project/SCVT3/portable_sam_fusion/checkpoints/sam_vit_b_01ec64.pth 
 
02/13 09:24:36 - mmengine - INFO - 
prompt_encoder.mask_embed.conv2.weight - torch.Size([16, 4, 2, 2]): 
PretrainedInit: load from /home/wangcheng/project/SCVT3/portable_sam_fusion/checkpoints/sam_vit_b_01ec64.pth 
 
02/13 09:24:36 - mmengine - INFO - 
prompt_encoder.mask_embed.conv2.bias - torch.Size([16]): 
PretrainedInit: load from /home/wangcheng/project/SCVT3/portable_sam_fusion/checkpoints/sam_vit_b_01ec64.pth 
 
02/13 09:24:36 - mmengine - INFO - 
prompt_encoder.mask_embed.conv3.weight - torch.Size([256, 16, 1, 1]): 
PretrainedInit: load from /home/wangcheng/project/SCVT3/portable_sam_fusion/checkpoints/sam_vit_b_01ec64.pth 
 
02/13 09:24:36 - mmengine - INFO - 
prompt_encoder.mask_embed.conv3.bias - torch.Size([256]): 
PretrainedInit: load from /home/wangcheng/project/SCVT3/portable_sam_fusion/checkpoints/sam_vit_b_01ec64.pth 
 
02/13 09:24:36 - mmengine - INFO - 
prompt_encoder.mask_embed.layer_norm1.weight - torch.Size([4]): 
PretrainedInit: load from /home/wangcheng/project/SCVT3/portable_sam_fusion/checkpoints/sam_vit_b_01ec64.pth 
 
02/13 09:24:36 - mmengine - INFO - 
prompt_encoder.mask_embed.layer_norm1.bias - torch.Size([4]): 
PretrainedInit: load from /home/wangcheng/project/SCVT3/portable_sam_fusion/checkpoints/sam_vit_b_01ec64.pth 
 
02/13 09:24:36 - mmengine - INFO - 
prompt_encoder.mask_embed.layer_norm2.weight - torch.Size([16]): 
PretrainedInit: load from /home/wangcheng/project/SCVT3/portable_sam_fusion/checkpoints/sam_vit_b_01ec64.pth 
 
02/13 09:24:36 - mmengine - INFO - 
prompt_encoder.mask_embed.layer_norm2.bias - torch.Size([16]): 
PretrainedInit: load from /home/wangcheng/project/SCVT3/portable_sam_fusion/checkpoints/sam_vit_b_01ec64.pth 
 
02/13 09:24:36 - mmengine - INFO - 
prompt_encoder.no_mask_embed.weight - torch.Size([1, 256]): 
PretrainedInit: load from /home/wangcheng/project/SCVT3/portable_sam_fusion/checkpoints/sam_vit_b_01ec64.pth 
 
02/13 09:24:36 - mmengine - INFO - 
prompt_encoder.point_embed.0.weight - torch.Size([1, 256]): 
PretrainedInit: load from /home/wangcheng/project/SCVT3/portable_sam_fusion/checkpoints/sam_vit_b_01ec64.pth 
 
02/13 09:24:36 - mmengine - INFO - 
prompt_encoder.point_embed.1.weight - torch.Size([1, 256]): 
PretrainedInit: load from /home/wangcheng/project/SCVT3/portable_sam_fusion/checkpoints/sam_vit_b_01ec64.pth 
 
02/13 09:24:36 - mmengine - INFO - 
prompt_encoder.point_embed.2.weight - torch.Size([1, 256]): 
PretrainedInit: load from /home/wangcheng/project/SCVT3/portable_sam_fusion/checkpoints/sam_vit_b_01ec64.pth 
 
02/13 09:24:36 - mmengine - INFO - 
prompt_encoder.point_embed.3.weight - torch.Size([1, 256]): 
PretrainedInit: load from /home/wangcheng/project/SCVT3/portable_sam_fusion/checkpoints/sam_vit_b_01ec64.pth 
 
02/13 09:24:36 - mmengine - INFO - 
prompt_encoder.not_a_point_embed.weight - torch.Size([1, 256]): 
PretrainedInit: load from /home/wangcheng/project/SCVT3/portable_sam_fusion/checkpoints/sam_vit_b_01ec64.pth 
 
Loads checkpoint by local backend from path: /home/wangcheng/project/SCVT3/portable_sam_fusion/checkpoints/sam_vit_b_01ec64.pth
Loaded SAM PositionalEmbedding. Missing keys: 0, Unexpected keys: 314
2026-02-13 09:24:37,704 - portable_sam_fusion.data.satellite_drone_dataset - INFO - SatelliteDroneDataset initialized (训练集): 578 scenes, views=4, sat_size=(1024, 1024), drone_size=(512, 512)
2026-02-13 09:24:37,732 - portable_sam_fusion.data.satellite_drone_dataset - INFO - SatelliteDroneDataset initialized (验证集): 56 scenes, views=4, sat_size=(1024, 1024), drone_size=(512, 512)
2026-02-13 09:24:37,732 - portable_sam_fusion - INFO - Dataset size: 578
2026-02-13 09:29:13,550 - portable_sam_fusion - INFO - Epoch 1 detailed losses: loss_rpn_cls=0.6922, loss_rpn_bbox=0.0217, loss_cls=0.3858, acc=94.7387, loss_bbox=0.0005, loss_mask=0.6824
2026-02-13 09:29:36,900 - portable_sam_fusion - INFO - Epoch 1/50 | train=1.782500 val=1.511818 | sat_backbone=1.35e-07 sat_other=2.69e-07 drone_guidance=1.35e-07
2026-02-13 09:34:12,049 - portable_sam_fusion - INFO - Epoch 2 detailed losses: loss_rpn_cls=0.6272, loss_rpn_bbox=0.0189, loss_cls=0.0855, acc=98.1212, loss_bbox=0.0004, loss_mask=0.6091
2026-02-13 09:34:47,094 - portable_sam_fusion - INFO - Epoch 2/50 | train=1.341193 val=1.237672 | sat_backbone=1.69e-07 sat_other=3.38e-07 drone_guidance=1.69e-07
2026-02-13 09:39:19,808 - portable_sam_fusion - INFO - Epoch 3 detailed losses: loss_rpn_cls=0.5285, loss_rpn_bbox=0.0173, loss_cls=0.0497, acc=98.3571, loss_bbox=0.0023, loss_mask=0.5014
2026-02-13 09:39:55,039 - portable_sam_fusion - INFO - Epoch 3/50 | train=1.099118 val=1.024448 | sat_backbone=2.04e-07 sat_other=4.07e-07 drone_guidance=2.04e-07
2026-02-13 09:44:36,070 - portable_sam_fusion - INFO - Epoch 4 detailed losses: loss_rpn_cls=0.4014, loss_rpn_bbox=0.0165, loss_cls=0.0700, acc=98.3145, loss_bbox=0.0160, loss_mask=0.4029
2026-02-13 09:45:12,401 - portable_sam_fusion - INFO - Epoch 4/50 | train=0.906762 val=0.899584 | sat_backbone=2.38e-07 sat_other=4.77e-07 drone_guidance=2.38e-07
2026-02-13 09:49:57,568 - portable_sam_fusion - INFO - Epoch 5 detailed losses: loss_rpn_cls=0.2672, loss_rpn_bbox=0.0167, loss_cls=0.1227, acc=96.3445, loss_bbox=0.0580, loss_mask=0.3360
2026-02-13 09:50:34,369 - portable_sam_fusion - INFO - Epoch 5/50 | train=0.800556 val=0.840741 | sat_backbone=1.00e-04 sat_other=2.00e-04 drone_guidance=1.00e-04
2026-02-13 09:55:38,065 - portable_sam_fusion - INFO - Epoch 6 detailed losses: loss_rpn_cls=0.0030, loss_rpn_bbox=0.0216, loss_cls=0.1734, acc=94.1670, loss_bbox=0.1277, loss_mask=0.1822
2026-02-13 09:56:16,871 - portable_sam_fusion - INFO - Epoch 6/50 | train=0.507917 val=0.625053 | sat_backbone=9.99e-05 sat_other=2.00e-04 drone_guidance=9.99e-05
2026-02-13 10:01:08,123 - portable_sam_fusion - INFO - Epoch 7 detailed losses: loss_rpn_cls=0.0010, loss_rpn_bbox=0.0129, loss_cls=0.0967, acc=95.9011, loss_bbox=0.0871, loss_mask=0.1289
2026-02-13 10:01:45,480 - portable_sam_fusion - INFO - Epoch 7/50 | train=0.326587 val=0.432096 | sat_backbone=9.97e-05 sat_other=1.99e-04 drone_guidance=9.97e-05
2026-02-13 10:06:39,773 - portable_sam_fusion - INFO - Epoch 8 detailed losses: loss_rpn_cls=0.0006, loss_rpn_bbox=0.0109, loss_cls=0.0612, acc=97.4697, loss_bbox=0.0562, loss_mask=0.1022
2026-02-13 10:07:16,875 - portable_sam_fusion - INFO - Epoch 8/50 | train=0.231229 val=0.292733 | sat_backbone=9.93e-05 sat_other=1.98e-04 drone_guidance=9.93e-05
2026-02-13 10:12:11,146 - portable_sam_fusion - INFO - Epoch 9 detailed losses: loss_rpn_cls=0.0004, loss_rpn_bbox=0.0099, loss_cls=0.0492, acc=97.9523, loss_bbox=0.0460, loss_mask=0.0609
2026-02-13 10:12:49,680 - portable_sam_fusion - INFO - Epoch 9/50 | train=0.166404 val=0.208623 | sat_backbone=9.87e-05 sat_other=1.97e-04 drone_guidance=9.87e-05
2026-02-13 10:17:35,298 - portable_sam_fusion - INFO - Epoch 10 detailed losses: loss_rpn_cls=0.0003, loss_rpn_bbox=0.0079, loss_cls=0.0372, acc=98.5172, loss_bbox=0.0350, loss_mask=0.0416
2026-02-13 10:18:11,617 - portable_sam_fusion - INFO - Epoch 10/50 | train=0.122031 val=0.153636 | sat_backbone=9.80e-05 sat_other=1.96e-04 drone_guidance=9.80e-05
2026-02-13 10:23:06,808 - portable_sam_fusion - INFO - Epoch 11 detailed losses: loss_rpn_cls=0.0003, loss_rpn_bbox=0.0075, loss_cls=0.0457, acc=98.0739, loss_bbox=0.0458, loss_mask=0.0342
2026-02-13 10:23:28,040 - portable_sam_fusion - INFO - Epoch 11/50 | train=0.133505 val=0.171953 | sat_backbone=9.72e-05 sat_other=1.94e-04 drone_guidance=9.72e-05
2026-02-13 10:28:20,932 - portable_sam_fusion - INFO - Epoch 12 detailed losses: loss_rpn_cls=0.0002, loss_rpn_bbox=0.0070, loss_cls=0.0391, acc=98.3834, loss_bbox=0.0375, loss_mask=0.0272
2026-02-13 10:28:43,894 - portable_sam_fusion - INFO - Epoch 12/50 | train=0.111125 val=0.220880 | sat_backbone=9.62e-05 sat_other=1.91e-04 drone_guidance=9.62e-05
2026-02-13 10:33:40,108 - portable_sam_fusion - INFO - Epoch 13 detailed losses: loss_rpn_cls=0.0002, loss_rpn_bbox=0.0062, loss_cls=0.0361, acc=98.5362, loss_bbox=0.0318, loss_mask=0.0221
2026-02-13 10:34:01,819 - portable_sam_fusion - INFO - Epoch 13/50 | train=0.096382 val=0.175853 | sat_backbone=9.51e-05 sat_other=1.89e-04 drone_guidance=9.51e-05
2026-02-13 10:39:00,715 - portable_sam_fusion - INFO - Epoch 14 detailed losses: loss_rpn_cls=0.0002, loss_rpn_bbox=0.0053, loss_cls=0.0356, acc=98.5362, loss_bbox=0.0315, loss_mask=0.0191
2026-02-13 10:39:23,539 - portable_sam_fusion - INFO - Epoch 14/50 | train=0.091766 val=0.201245 | sat_backbone=9.38e-05 sat_other=1.86e-04 drone_guidance=9.38e-05
2026-02-13 10:44:24,292 - portable_sam_fusion - INFO - Epoch 15 detailed losses: loss_rpn_cls=0.0001, loss_rpn_bbox=0.0053, loss_cls=0.0362, acc=98.5078, loss_bbox=0.0315, loss_mask=0.0185
2026-02-13 10:44:48,249 - portable_sam_fusion - INFO - Epoch 15/50 | train=0.091660 val=0.242413 | sat_backbone=9.24e-05 sat_other=1.83e-04 drone_guidance=9.24e-05
2026-02-13 10:49:56,851 - portable_sam_fusion - INFO - Epoch 16 detailed losses: loss_rpn_cls=0.0001, loss_rpn_bbox=0.0047, loss_cls=0.0413, acc=98.3192, loss_bbox=0.0358, loss_mask=0.0194
2026-02-13 10:50:20,474 - portable_sam_fusion - INFO - Epoch 16/50 | train=0.101323 val=0.254562 | sat_backbone=9.08e-05 sat_other=1.79e-04 drone_guidance=9.08e-05
2026-02-13 10:55:34,016 - portable_sam_fusion - INFO - Epoch 17 detailed losses: loss_rpn_cls=0.0001, loss_rpn_bbox=0.0044, loss_cls=0.0383, acc=98.4186, loss_bbox=0.0301, loss_mask=0.0153
2026-02-13 10:55:57,860 - portable_sam_fusion - INFO - Epoch 17/50 | train=0.088220 val=0.253202 | sat_backbone=8.92e-05 sat_other=1.76e-04 drone_guidance=8.92e-05
2026-02-13 11:01:08,391 - portable_sam_fusion - INFO - Epoch 18 detailed losses: loss_rpn_cls=0.0001, loss_rpn_bbox=0.0039, loss_cls=0.0352, acc=98.5774, loss_bbox=0.0287, loss_mask=0.0171
2026-02-13 11:01:31,198 - portable_sam_fusion - INFO - Epoch 18/50 | train=0.084961 val=0.160509 | sat_backbone=8.74e-05 sat_other=1.72e-04 drone_guidance=8.74e-05
2026-02-13 11:06:52,945 - portable_sam_fusion - INFO - Epoch 19 detailed losses: loss_rpn_cls=0.0001, loss_rpn_bbox=0.0036, loss_cls=0.0382, acc=98.4449, loss_bbox=0.0289, loss_mask=0.0155
2026-02-13 11:07:17,026 - portable_sam_fusion - INFO - Epoch 19/50 | train=0.086336 val=0.200380 | sat_backbone=8.55e-05 sat_other=1.67e-04 drone_guidance=8.55e-05
2026-02-13 11:12:46,425 - portable_sam_fusion - INFO - Epoch 20 detailed losses: loss_rpn_cls=0.0001, loss_rpn_bbox=0.0031, loss_cls=0.0360, acc=98.5416, loss_bbox=0.0255, loss_mask=0.0137
2026-02-13 11:13:10,094 - portable_sam_fusion - INFO - Epoch 20/50 | train=0.078414 val=0.197095 | sat_backbone=8.35e-05 sat_other=1.63e-04 drone_guidance=8.35e-05
2026-02-13 11:18:35,590 - portable_sam_fusion - INFO - Epoch 21 detailed losses: loss_rpn_cls=0.0001, loss_rpn_bbox=0.0030, loss_cls=0.0332, acc=98.6815, loss_bbox=0.0245, loss_mask=0.0121
2026-02-13 11:19:01,006 - portable_sam_fusion - INFO - Epoch 21/50 | train=0.072902 val=0.259135 | sat_backbone=8.14e-05 sat_other=1.58e-04 drone_guidance=8.14e-05
2026-02-13 11:24:22,808 - portable_sam_fusion - INFO - Epoch 22 detailed losses: loss_rpn_cls=0.0001, loss_rpn_bbox=0.0027, loss_cls=0.0310, acc=98.7159, loss_bbox=0.0219, loss_mask=0.0109
2026-02-13 11:24:46,088 - portable_sam_fusion - INFO - Epoch 22/50 | train=0.066514 val=0.191777 | sat_backbone=7.93e-05 sat_other=1.53e-04 drone_guidance=7.93e-05
2026-02-13 11:30:39,023 - portable_sam_fusion - INFO - Epoch 23 detailed losses: loss_rpn_cls=0.0001, loss_rpn_bbox=0.0024, loss_cls=0.0318, acc=98.7261, loss_bbox=0.0226, loss_mask=0.0106
2026-02-13 11:31:13,622 - portable_sam_fusion - INFO - Epoch 23/50 | train=0.067479 val=0.281182 | sat_backbone=7.70e-05 sat_other=1.48e-04 drone_guidance=7.70e-05
2026-02-13 11:37:57,281 - portable_sam_fusion - INFO - Epoch 24 detailed losses: loss_rpn_cls=0.0001, loss_rpn_bbox=0.0021, loss_cls=0.0315, acc=98.7315, loss_bbox=0.0213, loss_mask=0.0109
2026-02-13 11:38:21,910 - portable_sam_fusion - INFO - Epoch 24/50 | train=0.065914 val=0.228573 | sat_backbone=7.47e-05 sat_other=1.43e-04 drone_guidance=7.47e-05
2026-02-13 11:43:54,550 - portable_sam_fusion - INFO - Epoch 25 detailed losses: loss_rpn_cls=0.0000, loss_rpn_bbox=0.0020, loss_cls=0.0284, acc=98.8639, loss_bbox=0.0185, loss_mask=0.0094
2026-02-13 11:44:20,210 - portable_sam_fusion - INFO - Epoch 25/50 | train=0.058320 val=0.178059 | sat_backbone=7.24e-05 sat_other=1.38e-04 drone_guidance=7.24e-05
2026-02-13 11:44:20,211 - portable_sam_fusion - INFO - Early stopping triggered (patience=15)
