/home/wangcheng/anaconda3/envs/cvt/lib/python3.9/site-packages/imagecorruptions/corruptions.py:17: UserWarning: pkg_resources is deprecated as an API. See https://setuptools.pypa.io/en/latest/pkg_resources.html. The pkg_resources package is slated for removal as early as 2025-11-30. Refrain from using this package or pin to Setuptools<81.
  from pkg_resources import resource_filename
Loads checkpoint by local backend from path: /home/wangcheng/project/SCVT3/portable_sam_fusion/checkpoints/sam_vit_b_01ec64.pth
Loaded SAM VisionEncoder with interpolation. Missing keys: 0, Unexpected keys: 138
Enabled gradient checkpointing for SAM VisionEncoder (via forward wrapper)
02/21 10:28:11 - mmengine - INFO - load model from: /home/wangcheng/project/SCVT3/portable_sam_fusion/checkpoints/sam_vit_b_01ec64.pth
02/21 10:28:11 - mmengine - INFO - Loads checkpoint by local backend from path: /home/wangcheng/project/SCVT3/portable_sam_fusion/checkpoints/sam_vit_b_01ec64.pth
02/21 10:28:11 - mmengine - WARNING - The model and loaded state dict do not match exactly

unexpected key in source state_dict: shared_image_embedding.positional_embedding, vision_encoder.pos_embed, vision_encoder.patch_embed.projection.weight, vision_encoder.patch_embed.projection.bias, vision_encoder.layers.0.layer_norm1.weight, vision_encoder.layers.0.layer_norm1.bias, vision_encoder.layers.0.attn.rel_pos_h, vision_encoder.layers.0.attn.rel_pos_w, vision_encoder.layers.0.attn.qkv.weight, vision_encoder.layers.0.attn.qkv.bias, vision_encoder.layers.0.attn.proj.weight, vision_encoder.layers.0.attn.proj.bias, vision_encoder.layers.0.layer_norm2.weight, vision_encoder.layers.0.layer_norm2.bias, vision_encoder.layers.0.mlp.lin1.weight, vision_encoder.layers.0.mlp.lin1.bias, vision_encoder.layers.0.mlp.lin2.weight, vision_encoder.layers.0.mlp.lin2.bias, vision_encoder.layers.1.layer_norm1.weight, vision_encoder.layers.1.layer_norm1.bias, vision_encoder.layers.1.attn.rel_pos_h, vision_encoder.layers.1.attn.rel_pos_w, vision_encoder.layers.1.attn.qkv.weight, vision_encoder.layers.1.attn.qkv.bias, vision_encoder.layers.1.attn.proj.weight, vision_encoder.layers.1.attn.proj.bias, vision_encoder.layers.1.layer_norm2.weight, vision_encoder.layers.1.layer_norm2.bias, vision_encoder.layers.1.mlp.lin1.weight, vision_encoder.layers.1.mlp.lin1.bias, vision_encoder.layers.1.mlp.lin2.weight, vision_encoder.layers.1.mlp.lin2.bias, vision_encoder.layers.2.layer_norm1.weight, vision_encoder.layers.2.layer_norm1.bias, vision_encoder.layers.2.attn.rel_pos_h, vision_encoder.layers.2.attn.rel_pos_w, vision_encoder.layers.2.attn.qkv.weight, vision_encoder.layers.2.attn.qkv.bias, vision_encoder.layers.2.attn.proj.weight, vision_encoder.layers.2.attn.proj.bias, vision_encoder.layers.2.layer_norm2.weight, vision_encoder.layers.2.layer_norm2.bias, vision_encoder.layers.2.mlp.lin1.weight, vision_encoder.layers.2.mlp.lin1.bias, vision_encoder.layers.2.mlp.lin2.weight, vision_encoder.layers.2.mlp.lin2.bias, vision_encoder.layers.3.layer_norm1.weight, vision_encoder.layers.3.layer_norm1.bias, vision_encoder.layers.3.attn.rel_pos_h, vision_encoder.layers.3.attn.rel_pos_w, vision_encoder.layers.3.attn.qkv.weight, vision_encoder.layers.3.attn.qkv.bias, vision_encoder.layers.3.attn.proj.weight, vision_encoder.layers.3.attn.proj.bias, vision_encoder.layers.3.layer_norm2.weight, vision_encoder.layers.3.layer_norm2.bias, vision_encoder.layers.3.mlp.lin1.weight, vision_encoder.layers.3.mlp.lin1.bias, vision_encoder.layers.3.mlp.lin2.weight, vision_encoder.layers.3.mlp.lin2.bias, vision_encoder.layers.4.layer_norm1.weight, vision_encoder.layers.4.layer_norm1.bias, vision_encoder.layers.4.attn.rel_pos_h, vision_encoder.layers.4.attn.rel_pos_w, vision_encoder.layers.4.attn.qkv.weight, vision_encoder.layers.4.attn.qkv.bias, vision_encoder.layers.4.attn.proj.weight, vision_encoder.layers.4.attn.proj.bias, vision_encoder.layers.4.layer_norm2.weight, vision_encoder.layers.4.layer_norm2.bias, vision_encoder.layers.4.mlp.lin1.weight, vision_encoder.layers.4.mlp.lin1.bias, vision_encoder.layers.4.mlp.lin2.weight, vision_encoder.layers.4.mlp.lin2.bias, vision_encoder.layers.5.layer_norm1.weight, vision_encoder.layers.5.layer_norm1.bias, vision_encoder.layers.5.attn.rel_pos_h, vision_encoder.layers.5.attn.rel_pos_w, vision_encoder.layers.5.attn.qkv.weight, vision_encoder.layers.5.attn.qkv.bias, vision_encoder.layers.5.attn.proj.weight, vision_encoder.layers.5.attn.proj.bias, vision_encoder.layers.5.layer_norm2.weight, vision_encoder.layers.5.layer_norm2.bias, vision_encoder.layers.5.mlp.lin1.weight, vision_encoder.layers.5.mlp.lin1.bias, vision_encoder.layers.5.mlp.lin2.weight, vision_encoder.layers.5.mlp.lin2.bias, vision_encoder.layers.6.layer_norm1.weight, vision_encoder.layers.6.layer_norm1.bias, vision_encoder.layers.6.attn.rel_pos_h, vision_encoder.layers.6.attn.rel_pos_w, vision_encoder.layers.6.attn.qkv.weight, vision_encoder.layers.6.attn.qkv.bias, vision_encoder.layers.6.attn.proj.weight, vision_encoder.layers.6.attn.proj.bias, vision_encoder.layers.6.layer_norm2.weight, vision_encoder.layers.6.layer_norm2.bias, vision_encoder.layers.6.mlp.lin1.weight, vision_encoder.layers.6.mlp.lin1.bias, vision_encoder.layers.6.mlp.lin2.weight, vision_encoder.layers.6.mlp.lin2.bias, vision_encoder.layers.7.layer_norm1.weight, vision_encoder.layers.7.layer_norm1.bias, vision_encoder.layers.7.attn.rel_pos_h, vision_encoder.layers.7.attn.rel_pos_w, vision_encoder.layers.7.attn.qkv.weight, vision_encoder.layers.7.attn.qkv.bias, vision_encoder.layers.7.attn.proj.weight, vision_encoder.layers.7.attn.proj.bias, vision_encoder.layers.7.layer_norm2.weight, vision_encoder.layers.7.layer_norm2.bias, vision_encoder.layers.7.mlp.lin1.weight, vision_encoder.layers.7.mlp.lin1.bias, vision_encoder.layers.7.mlp.lin2.weight, vision_encoder.layers.7.mlp.lin2.bias, vision_encoder.layers.8.layer_norm1.weight, vision_encoder.layers.8.layer_norm1.bias, vision_encoder.layers.8.attn.rel_pos_h, vision_encoder.layers.8.attn.rel_pos_w, vision_encoder.layers.8.attn.qkv.weight, vision_encoder.layers.8.attn.qkv.bias, vision_encoder.layers.8.attn.proj.weight, vision_encoder.layers.8.attn.proj.bias, vision_encoder.layers.8.layer_norm2.weight, vision_encoder.layers.8.layer_norm2.bias, vision_encoder.layers.8.mlp.lin1.weight, vision_encoder.layers.8.mlp.lin1.bias, vision_encoder.layers.8.mlp.lin2.weight, vision_encoder.layers.8.mlp.lin2.bias, vision_encoder.layers.9.layer_norm1.weight, vision_encoder.layers.9.layer_norm1.bias, vision_encoder.layers.9.attn.rel_pos_h, vision_encoder.layers.9.attn.rel_pos_w, vision_encoder.layers.9.attn.qkv.weight, vision_encoder.layers.9.attn.qkv.bias, vision_encoder.layers.9.attn.proj.weight, vision_encoder.layers.9.attn.proj.bias, vision_encoder.layers.9.layer_norm2.weight, vision_encoder.layers.9.layer_norm2.bias, vision_encoder.layers.9.mlp.lin1.weight, vision_encoder.layers.9.mlp.lin1.bias, vision_encoder.layers.9.mlp.lin2.weight, vision_encoder.layers.9.mlp.lin2.bias, vision_encoder.layers.10.layer_norm1.weight, vision_encoder.layers.10.layer_norm1.bias, vision_encoder.layers.10.attn.rel_pos_h, vision_encoder.layers.10.attn.rel_pos_w, vision_encoder.layers.10.attn.qkv.weight, vision_encoder.layers.10.attn.qkv.bias, vision_encoder.layers.10.attn.proj.weight, vision_encoder.layers.10.attn.proj.bias, vision_encoder.layers.10.layer_norm2.weight, vision_encoder.layers.10.layer_norm2.bias, vision_encoder.layers.10.mlp.lin1.weight, vision_encoder.layers.10.mlp.lin1.bias, vision_encoder.layers.10.mlp.lin2.weight, vision_encoder.layers.10.mlp.lin2.bias, vision_encoder.layers.11.layer_norm1.weight, vision_encoder.layers.11.layer_norm1.bias, vision_encoder.layers.11.attn.rel_pos_h, vision_encoder.layers.11.attn.rel_pos_w, vision_encoder.layers.11.attn.qkv.weight, vision_encoder.layers.11.attn.qkv.bias, vision_encoder.layers.11.attn.proj.weight, vision_encoder.layers.11.attn.proj.bias, vision_encoder.layers.11.layer_norm2.weight, vision_encoder.layers.11.layer_norm2.bias, vision_encoder.layers.11.mlp.lin1.weight, vision_encoder.layers.11.mlp.lin1.bias, vision_encoder.layers.11.mlp.lin2.weight, vision_encoder.layers.11.mlp.lin2.bias, vision_encoder.neck.conv1.weight, vision_encoder.neck.layer_norm1.weight, vision_encoder.neck.layer_norm1.bias, vision_encoder.neck.conv2.weight, vision_encoder.neck.layer_norm2.weight, vision_encoder.neck.layer_norm2.bias, mask_decoder.iou_token.weight, mask_decoder.mask_tokens.weight, mask_decoder.transformer.layers.0.self_attn.q_proj.weight, mask_decoder.transformer.layers.0.self_attn.q_proj.bias, mask_decoder.transformer.layers.0.self_attn.k_proj.weight, mask_decoder.transformer.layers.0.self_attn.k_proj.bias, mask_decoder.transformer.layers.0.self_attn.v_proj.weight, mask_decoder.transformer.layers.0.self_attn.v_proj.bias, mask_decoder.transformer.layers.0.self_attn.out_proj.weight, mask_decoder.transformer.layers.0.self_attn.out_proj.bias, mask_decoder.transformer.layers.0.layer_norm1.weight, mask_decoder.transformer.layers.0.layer_norm1.bias, mask_decoder.transformer.layers.0.cross_attn_token_to_image.q_proj.weight, mask_decoder.transformer.layers.0.cross_attn_token_to_image.q_proj.bias, mask_decoder.transformer.layers.0.cross_attn_token_to_image.k_proj.weight, mask_decoder.transformer.layers.0.cross_attn_token_to_image.k_proj.bias, mask_decoder.transformer.layers.0.cross_attn_token_to_image.v_proj.weight, mask_decoder.transformer.layers.0.cross_attn_token_to_image.v_proj.bias, mask_decoder.transformer.layers.0.cross_attn_token_to_image.out_proj.weight, mask_decoder.transformer.layers.0.cross_attn_token_to_image.out_proj.bias, mask_decoder.transformer.layers.0.layer_norm2.weight, mask_decoder.transformer.layers.0.layer_norm2.bias, mask_decoder.transformer.layers.0.mlp.lin1.weight, mask_decoder.transformer.layers.0.mlp.lin1.bias, mask_decoder.transformer.layers.0.mlp.lin2.weight, mask_decoder.transformer.layers.0.mlp.lin2.bias, mask_decoder.transformer.layers.0.layer_norm3.weight, mask_decoder.transformer.layers.0.layer_norm3.bias, mask_decoder.transformer.layers.0.layer_norm4.weight, mask_decoder.transformer.layers.0.layer_norm4.bias, mask_decoder.transformer.layers.0.cross_attn_image_to_token.q_proj.weight, mask_decoder.transformer.layers.0.cross_attn_image_to_token.q_proj.bias, mask_decoder.transformer.layers.0.cross_attn_image_to_token.k_proj.weight, mask_decoder.transformer.layers.0.cross_attn_image_to_token.k_proj.bias, mask_decoder.transformer.layers.0.cross_attn_image_to_token.v_proj.weight, mask_decoder.transformer.layers.0.cross_attn_image_to_token.v_proj.bias, mask_decoder.transformer.layers.0.cross_attn_image_to_token.out_proj.weight, mask_decoder.transformer.layers.0.cross_attn_image_to_token.out_proj.bias, mask_decoder.transformer.layers.1.self_attn.q_proj.weight, mask_decoder.transformer.layers.1.self_attn.q_proj.bias, mask_decoder.transformer.layers.1.self_attn.k_proj.weight, mask_decoder.transformer.layers.1.self_attn.k_proj.bias, mask_decoder.transformer.layers.1.self_attn.v_proj.weight, mask_decoder.transformer.layers.1.self_attn.v_proj.bias, mask_decoder.transformer.layers.1.self_attn.out_proj.weight, mask_decoder.transformer.layers.1.self_attn.out_proj.bias, mask_decoder.transformer.layers.1.layer_norm1.weight, mask_decoder.transformer.layers.1.layer_norm1.bias, mask_decoder.transformer.layers.1.cross_attn_token_to_image.q_proj.weight, mask_decoder.transformer.layers.1.cross_attn_token_to_image.q_proj.bias, mask_decoder.transformer.layers.1.cross_attn_token_to_image.k_proj.weight, mask_decoder.transformer.layers.1.cross_attn_token_to_image.k_proj.bias, mask_decoder.transformer.layers.1.cross_attn_token_to_image.v_proj.weight, mask_decoder.transformer.layers.1.cross_attn_token_to_image.v_proj.bias, mask_decoder.transformer.layers.1.cross_attn_token_to_image.out_proj.weight, mask_decoder.transformer.layers.1.cross_attn_token_to_image.out_proj.bias, mask_decoder.transformer.layers.1.layer_norm2.weight, mask_decoder.transformer.layers.1.layer_norm2.bias, mask_decoder.transformer.layers.1.mlp.lin1.weight, mask_decoder.transformer.layers.1.mlp.lin1.bias, mask_decoder.transformer.layers.1.mlp.lin2.weight, mask_decoder.transformer.layers.1.mlp.lin2.bias, mask_decoder.transformer.layers.1.layer_norm3.weight, mask_decoder.transformer.layers.1.layer_norm3.bias, mask_decoder.transformer.layers.1.layer_norm4.weight, mask_decoder.transformer.layers.1.layer_norm4.bias, mask_decoder.transformer.layers.1.cross_attn_image_to_token.q_proj.weight, mask_decoder.transformer.layers.1.cross_attn_image_to_token.q_proj.bias, mask_decoder.transformer.layers.1.cross_attn_image_to_token.k_proj.weight, mask_decoder.transformer.layers.1.cross_attn_image_to_token.k_proj.bias, mask_decoder.transformer.layers.1.cross_attn_image_to_token.v_proj.weight, mask_decoder.transformer.layers.1.cross_attn_image_to_token.v_proj.bias, mask_decoder.transformer.layers.1.cross_attn_image_to_token.out_proj.weight, mask_decoder.transformer.layers.1.cross_attn_image_to_token.out_proj.bias, mask_decoder.transformer.final_attn_token_to_image.q_proj.weight, mask_decoder.transformer.final_attn_token_to_image.q_proj.bias, mask_decoder.transformer.final_attn_token_to_image.k_proj.weight, mask_decoder.transformer.final_attn_token_to_image.k_proj.bias, mask_decoder.transformer.final_attn_token_to_image.v_proj.weight, mask_decoder.transformer.final_attn_token_to_image.v_proj.bias, mask_decoder.transformer.final_attn_token_to_image.out_proj.weight, mask_decoder.transformer.final_attn_token_to_image.out_proj.bias, mask_decoder.transformer.layer_norm_final_attn.weight, mask_decoder.transformer.layer_norm_final_attn.bias, mask_decoder.upscale_conv1.weight, mask_decoder.upscale_conv1.bias, mask_decoder.upscale_conv2.weight, mask_decoder.upscale_conv2.bias, mask_decoder.upscale_layer_norm.weight, mask_decoder.upscale_layer_norm.bias, mask_decoder.output_hypernetworks_mlps.0.proj_in.weight, mask_decoder.output_hypernetworks_mlps.0.proj_in.bias, mask_decoder.output_hypernetworks_mlps.0.proj_out.weight, mask_decoder.output_hypernetworks_mlps.0.proj_out.bias, mask_decoder.output_hypernetworks_mlps.0.layers.0.weight, mask_decoder.output_hypernetworks_mlps.0.layers.0.bias, mask_decoder.output_hypernetworks_mlps.1.proj_in.weight, mask_decoder.output_hypernetworks_mlps.1.proj_in.bias, mask_decoder.output_hypernetworks_mlps.1.proj_out.weight, mask_decoder.output_hypernetworks_mlps.1.proj_out.bias, mask_decoder.output_hypernetworks_mlps.1.layers.0.weight, mask_decoder.output_hypernetworks_mlps.1.layers.0.bias, mask_decoder.output_hypernetworks_mlps.2.proj_in.weight, mask_decoder.output_hypernetworks_mlps.2.proj_in.bias, mask_decoder.output_hypernetworks_mlps.2.proj_out.weight, mask_decoder.output_hypernetworks_mlps.2.proj_out.bias, mask_decoder.output_hypernetworks_mlps.2.layers.0.weight, mask_decoder.output_hypernetworks_mlps.2.layers.0.bias, mask_decoder.output_hypernetworks_mlps.3.proj_in.weight, mask_decoder.output_hypernetworks_mlps.3.proj_in.bias, mask_decoder.output_hypernetworks_mlps.3.proj_out.weight, mask_decoder.output_hypernetworks_mlps.3.proj_out.bias, mask_decoder.output_hypernetworks_mlps.3.layers.0.weight, mask_decoder.output_hypernetworks_mlps.3.layers.0.bias, mask_decoder.iou_prediction_head.proj_in.weight, mask_decoder.iou_prediction_head.proj_in.bias, mask_decoder.iou_prediction_head.proj_out.weight, mask_decoder.iou_prediction_head.proj_out.bias, mask_decoder.iou_prediction_head.layers.0.weight, mask_decoder.iou_prediction_head.layers.0.bias, prompt_encoder.shared_embedding.positional_embedding

02/21 10:28:11 - mmengine - INFO - 
prompt_encoder.mask_embed.conv1.weight - torch.Size([4, 1, 2, 2]): 
PretrainedInit: load from /home/wangcheng/project/SCVT3/portable_sam_fusion/checkpoints/sam_vit_b_01ec64.pth 
 
02/21 10:28:11 - mmengine - INFO - 
prompt_encoder.mask_embed.conv1.bias - torch.Size([4]): 
PretrainedInit: load from /home/wangcheng/project/SCVT3/portable_sam_fusion/checkpoints/sam_vit_b_01ec64.pth 
 
02/21 10:28:11 - mmengine - INFO - 
prompt_encoder.mask_embed.conv2.weight - torch.Size([16, 4, 2, 2]): 
PretrainedInit: load from /home/wangcheng/project/SCVT3/portable_sam_fusion/checkpoints/sam_vit_b_01ec64.pth 
 
02/21 10:28:11 - mmengine - INFO - 
prompt_encoder.mask_embed.conv2.bias - torch.Size([16]): 
PretrainedInit: load from /home/wangcheng/project/SCVT3/portable_sam_fusion/checkpoints/sam_vit_b_01ec64.pth 
 
02/21 10:28:11 - mmengine - INFO - 
prompt_encoder.mask_embed.conv3.weight - torch.Size([256, 16, 1, 1]): 
PretrainedInit: load from /home/wangcheng/project/SCVT3/portable_sam_fusion/checkpoints/sam_vit_b_01ec64.pth 
 
02/21 10:28:11 - mmengine - INFO - 
prompt_encoder.mask_embed.conv3.bias - torch.Size([256]): 
PretrainedInit: load from /home/wangcheng/project/SCVT3/portable_sam_fusion/checkpoints/sam_vit_b_01ec64.pth 
 
02/21 10:28:11 - mmengine - INFO - 
prompt_encoder.mask_embed.layer_norm1.weight - torch.Size([4]): 
PretrainedInit: load from /home/wangcheng/project/SCVT3/portable_sam_fusion/checkpoints/sam_vit_b_01ec64.pth 
 
02/21 10:28:11 - mmengine - INFO - 
prompt_encoder.mask_embed.layer_norm1.bias - torch.Size([4]): 
PretrainedInit: load from /home/wangcheng/project/SCVT3/portable_sam_fusion/checkpoints/sam_vit_b_01ec64.pth 
 
02/21 10:28:11 - mmengine - INFO - 
prompt_encoder.mask_embed.layer_norm2.weight - torch.Size([16]): 
PretrainedInit: load from /home/wangcheng/project/SCVT3/portable_sam_fusion/checkpoints/sam_vit_b_01ec64.pth 
 
02/21 10:28:11 - mmengine - INFO - 
prompt_encoder.mask_embed.layer_norm2.bias - torch.Size([16]): 
PretrainedInit: load from /home/wangcheng/project/SCVT3/portable_sam_fusion/checkpoints/sam_vit_b_01ec64.pth 
 
02/21 10:28:11 - mmengine - INFO - 
prompt_encoder.no_mask_embed.weight - torch.Size([1, 256]): 
PretrainedInit: load from /home/wangcheng/project/SCVT3/portable_sam_fusion/checkpoints/sam_vit_b_01ec64.pth 
 
02/21 10:28:11 - mmengine - INFO - 
prompt_encoder.point_embed.0.weight - torch.Size([1, 256]): 
PretrainedInit: load from /home/wangcheng/project/SCVT3/portable_sam_fusion/checkpoints/sam_vit_b_01ec64.pth 
 
02/21 10:28:11 - mmengine - INFO - 
prompt_encoder.point_embed.1.weight - torch.Size([1, 256]): 
PretrainedInit: load from /home/wangcheng/project/SCVT3/portable_sam_fusion/checkpoints/sam_vit_b_01ec64.pth 
 
02/21 10:28:11 - mmengine - INFO - 
prompt_encoder.point_embed.2.weight - torch.Size([1, 256]): 
PretrainedInit: load from /home/wangcheng/project/SCVT3/portable_sam_fusion/checkpoints/sam_vit_b_01ec64.pth 
 
02/21 10:28:11 - mmengine - INFO - 
prompt_encoder.point_embed.3.weight - torch.Size([1, 256]): 
PretrainedInit: load from /home/wangcheng/project/SCVT3/portable_sam_fusion/checkpoints/sam_vit_b_01ec64.pth 
 
02/21 10:28:11 - mmengine - INFO - 
prompt_encoder.not_a_point_embed.weight - torch.Size([1, 256]): 
PretrainedInit: load from /home/wangcheng/project/SCVT3/portable_sam_fusion/checkpoints/sam_vit_b_01ec64.pth 
 
Loads checkpoint by local backend from path: /home/wangcheng/project/SCVT3/portable_sam_fusion/checkpoints/sam_vit_b_01ec64.pth
Loaded SAM PositionalEmbedding. Missing keys: 0, Unexpected keys: 314
2026-02-21 10:28:12,270 - dinov2 - WARNING - xFormers not available
2026-02-21 10:28:12,272 - dinov2 - WARNING - xFormers not available
2026-02-21 10:28:12,289 - dinov2 - INFO - using MLP layer as FFN
2026-02-21 10:28:15,050 - portable_sam_fusion.data.loader - INFO - Built scene ID mapping: 734 scenes
2026-02-21 10:28:16,376 - portable_sam_fusion.data.satellite_drone_dataset - INFO - SatelliteDroneDataset initialized (训练集): 734 scenes, views=4, sat_size=(1024, 1024), drone_size=(512, 512)
2026-02-21 10:28:16,377 - portable_sam_fusion - INFO - Dataset size: 734
2026-02-21 10:36:13,648 - portable_sam_fusion - INFO - Epoch 1 detailed losses: loss_rpn_cls=0.6862, loss_rpn_bbox=0.0329, loss_cls=0.4085, acc=94.7745, loss_bbox=0.0127, loss_mask=0.6705, loss_contrastive=0.0693, loss_consistency=0.0988, loss_spatial_align=0.0392
2026-02-21 10:36:48,501 - portable_sam_fusion - INFO - Epoch 1/50 | train=2.018089 | sat_backbone=2.10e-06 sat_other=4.20e-06 drone_guidance=2.10e-06 scene_alignment=2.10e-06
2026-02-21 10:46:03,462 - portable_sam_fusion - INFO - Epoch 2 detailed losses: loss_rpn_cls=0.3318, loss_rpn_bbox=0.0241, loss_cls=0.3098, acc=88.2823, loss_bbox=0.2773, loss_mask=0.3741, loss_contrastive=0.0686, loss_consistency=0.0545, loss_spatial_align=0.0386
2026-02-21 10:46:39,002 - portable_sam_fusion - INFO - Epoch 2/50 | train=1.478908 | sat_backbone=4.10e-06 sat_other=8.19e-06 drone_guidance=4.10e-06 scene_alignment=4.10e-06
2026-02-21 10:56:34,965 - portable_sam_fusion - INFO - Epoch 3 detailed losses: loss_rpn_cls=0.0956, loss_rpn_bbox=0.0184, loss_cls=0.2913, acc=87.3595, loss_bbox=0.2890, loss_mask=0.2041, loss_contrastive=0.0577, loss_consistency=0.0176, loss_spatial_align=0.0387
2026-02-21 10:57:11,191 - portable_sam_fusion - INFO - Epoch 3/50 | train=1.012331 | sat_backbone=6.09e-06 sat_other=1.22e-05 drone_guidance=6.09e-06 scene_alignment=6.09e-06
2026-02-21 11:06:45,979 - portable_sam_fusion - INFO - Epoch 4 detailed losses: loss_rpn_cls=0.0515, loss_rpn_bbox=0.0145, loss_cls=0.2676, acc=88.3850, loss_bbox=0.2430, loss_mask=0.1481, loss_contrastive=0.0079, loss_consistency=0.0071, loss_spatial_align=0.0394
2026-02-21 11:07:18,013 - portable_sam_fusion - INFO - Epoch 4/50 | train=0.779008 | sat_backbone=8.09e-06 sat_other=1.62e-05 drone_guidance=8.09e-06 scene_alignment=8.09e-06
2026-02-21 11:17:37,639 - portable_sam_fusion - INFO - Epoch 5 detailed losses: loss_rpn_cls=0.0328, loss_rpn_bbox=0.0120, loss_cls=0.2475, acc=89.3568, loss_bbox=0.2042, loss_mask=0.1282, loss_contrastive=0.0044, loss_consistency=0.0018, loss_spatial_align=0.0386
2026-02-21 11:18:16,551 - portable_sam_fusion - INFO - Epoch 5/50 | train=0.669377 | sat_backbone=1.01e-05 sat_other=2.02e-05 drone_guidance=1.01e-05 scene_alignment=1.01e-05
2026-02-21 11:28:29,786 - portable_sam_fusion - INFO - Epoch 6 detailed losses: loss_rpn_cls=0.0232, loss_rpn_bbox=0.0100, loss_cls=0.2203, acc=90.7000, loss_bbox=0.1659, loss_mask=0.1140, loss_contrastive=0.0026, loss_consistency=0.0007, loss_spatial_align=0.0375
2026-02-21 11:29:06,033 - portable_sam_fusion - INFO - Epoch 6/50 | train=0.574198 | sat_backbone=1.21e-05 sat_other=2.42e-05 drone_guidance=1.21e-05 scene_alignment=1.21e-05
2026-02-21 11:39:27,904 - portable_sam_fusion - INFO - Epoch 7 detailed losses: loss_rpn_cls=0.0174, loss_rpn_bbox=0.0083, loss_cls=0.2056, acc=91.3743, loss_bbox=0.1479, loss_mask=0.0955, loss_contrastive=0.0018, loss_consistency=0.0004, loss_spatial_align=0.0361
2026-02-21 11:40:08,657 - portable_sam_fusion - INFO - Epoch 7/50 | train=0.513060 | sat_backbone=1.41e-05 sat_other=2.82e-05 drone_guidance=1.41e-05 scene_alignment=1.41e-05
2026-02-21 11:50:30,055 - portable_sam_fusion - INFO - Epoch 8 detailed losses: loss_rpn_cls=0.0144, loss_rpn_bbox=0.0072, loss_cls=0.1902, acc=91.9549, loss_bbox=0.1222, loss_mask=0.0710, loss_contrastive=0.0020, loss_consistency=0.0003, loss_spatial_align=0.0347
2026-02-21 11:50:59,909 - portable_sam_fusion - INFO - Epoch 8/50 | train=0.442022 | sat_backbone=1.61e-05 sat_other=3.22e-05 drone_guidance=1.61e-05 scene_alignment=1.61e-05
2026-02-21 12:01:15,436 - portable_sam_fusion - INFO - Epoch 9 detailed losses: loss_rpn_cls=0.0118, loss_rpn_bbox=0.0065, loss_cls=0.1732, acc=92.7266, loss_bbox=0.1116, loss_mask=0.0510, loss_contrastive=0.0028, loss_consistency=0.0003, loss_spatial_align=0.0335
2026-02-21 12:01:45,301 - portable_sam_fusion - INFO - Epoch 9/50 | train=0.390658 | sat_backbone=1.81e-05 sat_other=3.62e-05 drone_guidance=1.81e-05 scene_alignment=1.81e-05
2026-02-21 12:11:59,323 - portable_sam_fusion - INFO - Epoch 10 detailed losses: loss_rpn_cls=0.0098, loss_rpn_bbox=0.0059, loss_cls=0.1622, acc=93.1843, loss_bbox=0.0987, loss_mask=0.0353, loss_contrastive=0.0010, loss_consistency=0.0002, loss_spatial_align=0.0323
2026-02-21 12:12:33,702 - portable_sam_fusion - INFO - Epoch 10/50 | train=0.345400 | sat_backbone=2.01e-05 sat_other=4.02e-05 drone_guidance=2.01e-05 scene_alignment=2.01e-05
2026-02-21 12:22:48,832 - portable_sam_fusion - INFO - Epoch 11 detailed losses: loss_rpn_cls=0.0090, loss_rpn_bbox=0.0055, loss_cls=0.1463, acc=93.9230, loss_bbox=0.0863, loss_mask=0.0314, loss_contrastive=0.0024, loss_consistency=0.0002, loss_spatial_align=0.0312
2026-02-21 12:23:20,421 - portable_sam_fusion - INFO - Epoch 11/50 | train=0.312400 | sat_backbone=2.21e-05 sat_other=4.42e-05 drone_guidance=2.21e-05 scene_alignment=2.21e-05
2026-02-21 12:33:36,996 - portable_sam_fusion - INFO - Epoch 12 detailed losses: loss_rpn_cls=0.0079, loss_rpn_bbox=0.0053, loss_cls=0.1417, acc=94.1252, loss_bbox=0.0825, loss_mask=0.0274, loss_contrastive=0.0024, loss_consistency=0.0002, loss_spatial_align=0.0302
2026-02-21 12:34:07,238 - portable_sam_fusion - INFO - Epoch 12/50 | train=0.297606 | sat_backbone=2.41e-05 sat_other=4.82e-05 drone_guidance=2.41e-05 scene_alignment=2.41e-05
2026-02-21 12:44:24,710 - portable_sam_fusion - INFO - Epoch 13 detailed losses: loss_rpn_cls=0.0068, loss_rpn_bbox=0.0049, loss_cls=0.1302, acc=94.6648, loss_bbox=0.0777, loss_mask=0.0264, loss_contrastive=0.0024, loss_consistency=0.0002, loss_spatial_align=0.0289
2026-02-21 12:44:57,971 - portable_sam_fusion - INFO - Epoch 13/50 | train=0.277487 | sat_backbone=2.61e-05 sat_other=5.21e-05 drone_guidance=2.61e-05 scene_alignment=2.61e-05
2026-02-21 12:55:14,614 - portable_sam_fusion - INFO - Epoch 14 detailed losses: loss_rpn_cls=0.0054, loss_rpn_bbox=0.0049, loss_cls=0.1253, acc=94.8186, loss_bbox=0.0698, loss_mask=0.0231, loss_contrastive=0.0023, loss_consistency=0.0002, loss_spatial_align=0.0277
2026-02-21 12:55:48,030 - portable_sam_fusion - INFO - Epoch 14/50 | train=0.258606 | sat_backbone=2.81e-05 sat_other=5.61e-05 drone_guidance=2.81e-05 scene_alignment=2.81e-05
2026-02-21 13:06:07,239 - portable_sam_fusion - INFO - Epoch 15 detailed losses: loss_rpn_cls=0.0051, loss_rpn_bbox=0.0042, loss_cls=0.1224, acc=94.9384, loss_bbox=0.0684, loss_mask=0.0219, loss_contrastive=0.0010, loss_consistency=0.0001, loss_spatial_align=0.0262
2026-02-21 13:06:36,489 - portable_sam_fusion - INFO - Epoch 15/50 | train=0.249368 | sat_backbone=3.01e-05 sat_other=6.01e-05 drone_guidance=3.01e-05 scene_alignment=3.01e-05
2026-02-21 13:16:51,462 - portable_sam_fusion - INFO - Epoch 16 detailed losses: loss_rpn_cls=0.0050, loss_rpn_bbox=0.0044, loss_cls=0.1155, acc=95.1991, loss_bbox=0.0617, loss_mask=0.0219, loss_contrastive=0.0010, loss_consistency=0.0001, loss_spatial_align=0.0246
2026-02-21 13:17:20,172 - portable_sam_fusion - INFO - Epoch 16/50 | train=0.234299 | sat_backbone=3.21e-05 sat_other=6.41e-05 drone_guidance=3.21e-05 scene_alignment=3.21e-05
2026-02-21 13:27:32,702 - portable_sam_fusion - INFO - Epoch 17 detailed losses: loss_rpn_cls=0.0044, loss_rpn_bbox=0.0036, loss_cls=0.1136, acc=95.3194, loss_bbox=0.0635, loss_mask=0.0201, loss_contrastive=0.0021, loss_consistency=0.0001, loss_spatial_align=0.0234
2026-02-21 13:28:04,269 - portable_sam_fusion - INFO - Epoch 17/50 | train=0.230857 | sat_backbone=3.41e-05 sat_other=6.81e-05 drone_guidance=3.41e-05 scene_alignment=3.41e-05
2026-02-21 13:38:13,048 - portable_sam_fusion - INFO - Epoch 18 detailed losses: loss_rpn_cls=0.0040, loss_rpn_bbox=0.0038, loss_cls=0.1014, acc=95.8117, loss_bbox=0.0554, loss_mask=0.0229, loss_contrastive=0.0017, loss_consistency=0.0001, loss_spatial_align=0.0221
2026-02-21 13:38:43,259 - portable_sam_fusion - INFO - Epoch 18/50 | train=0.211518 | sat_backbone=3.61e-05 sat_other=7.21e-05 drone_guidance=3.61e-05 scene_alignment=3.61e-05
2026-02-21 13:48:55,124 - portable_sam_fusion - INFO - Epoch 19 detailed losses: loss_rpn_cls=0.0037, loss_rpn_bbox=0.0038, loss_cls=0.1011, acc=95.7718, loss_bbox=0.0548, loss_mask=0.0185, loss_contrastive=0.0011, loss_consistency=0.0001, loss_spatial_align=0.0205
2026-02-21 13:49:31,800 - portable_sam_fusion - INFO - Epoch 19/50 | train=0.203433 | sat_backbone=3.81e-05 sat_other=7.61e-05 drone_guidance=3.81e-05 scene_alignment=3.81e-05
2026-02-21 13:59:49,943 - portable_sam_fusion - INFO - Epoch 20 detailed losses: loss_rpn_cls=0.0037, loss_rpn_bbox=0.0036, loss_cls=0.1014, acc=95.8202, loss_bbox=0.0510, loss_mask=0.0205, loss_contrastive=0.0015, loss_consistency=0.0001, loss_spatial_align=0.0198
2026-02-21 14:00:25,529 - portable_sam_fusion - INFO - Epoch 20/50 | train=0.201712 | sat_backbone=4.01e-05 sat_other=8.01e-05 drone_guidance=4.01e-05 scene_alignment=4.01e-05
2026-02-21 14:10:17,938 - portable_sam_fusion - INFO - Epoch 21 detailed losses: loss_rpn_cls=0.0034, loss_rpn_bbox=0.0036, loss_cls=0.0979, acc=96.0161, loss_bbox=0.0520, loss_mask=0.0185, loss_contrastive=0.0022, loss_consistency=0.0001, loss_spatial_align=0.0181
2026-02-21 14:10:56,076 - portable_sam_fusion - INFO - Epoch 21/50 | train=0.195820 | sat_backbone=4.21e-05 sat_other=8.41e-05 drone_guidance=4.21e-05 scene_alignment=4.21e-05
2026-02-21 14:21:05,294 - portable_sam_fusion - INFO - Epoch 22 detailed losses: loss_rpn_cls=0.0036, loss_rpn_bbox=0.0036, loss_cls=0.0947, acc=96.1140, loss_bbox=0.0497, loss_mask=0.0176, loss_contrastive=0.0029, loss_consistency=0.0001, loss_spatial_align=0.0167
2026-02-21 14:21:43,777 - portable_sam_fusion - INFO - Epoch 22/50 | train=0.188876 | sat_backbone=4.41e-05 sat_other=8.81e-05 drone_guidance=4.41e-05 scene_alignment=4.41e-05
2026-02-21 14:31:58,242 - portable_sam_fusion - INFO - Epoch 23 detailed losses: loss_rpn_cls=0.0034, loss_rpn_bbox=0.0038, loss_cls=0.0922, acc=96.2231, loss_bbox=0.0458, loss_mask=0.0171, loss_contrastive=0.0020, loss_consistency=0.0001, loss_spatial_align=0.0150
2026-02-21 14:32:36,868 - portable_sam_fusion - INFO - Epoch 23/50 | train=0.179330 | sat_backbone=4.61e-05 sat_other=9.21e-05 drone_guidance=4.61e-05 scene_alignment=4.61e-05
2026-02-21 14:43:00,994 - portable_sam_fusion - INFO - Epoch 24 detailed losses: loss_rpn_cls=0.0036, loss_rpn_bbox=0.0036, loss_cls=0.0928, acc=96.2188, loss_bbox=0.0491, loss_mask=0.0191, loss_contrastive=0.0026, loss_consistency=0.0000, loss_spatial_align=0.0133
2026-02-21 14:43:04,584 - portable_sam_fusion - INFO - Epoch 24/50 | train=0.184222 | sat_backbone=4.81e-05 sat_other=9.61e-05 drone_guidance=4.81e-05 scene_alignment=4.81e-05
2026-02-21 14:53:23,081 - portable_sam_fusion - INFO - Epoch 25 detailed losses: loss_rpn_cls=0.0031, loss_rpn_bbox=0.0034, loss_cls=0.0891, acc=96.3247, loss_bbox=0.0433, loss_mask=0.0168, loss_contrastive=0.0013, loss_consistency=0.0000, loss_spatial_align=0.0116
2026-02-21 14:53:45,811 - portable_sam_fusion - INFO - Epoch 25/50 | train=0.168628 | sat_backbone=5.01e-05 sat_other=1.00e-04 drone_guidance=5.01e-05 scene_alignment=5.01e-05
2026-02-21 15:04:03,341 - portable_sam_fusion - INFO - Epoch 26 detailed losses: loss_rpn_cls=0.0030, loss_rpn_bbox=0.0027, loss_cls=0.0899, acc=96.2965, loss_bbox=0.0433, loss_mask=0.0188, loss_contrastive=0.0019, loss_consistency=0.0000, loss_spatial_align=0.0099
2026-02-21 15:04:06,632 - portable_sam_fusion - INFO - Epoch 26/50 | train=0.169461 | sat_backbone=5.20e-05 sat_other=1.04e-04 drone_guidance=5.20e-05 scene_alignment=5.20e-05
2026-02-21 15:14:21,248 - portable_sam_fusion - INFO - Epoch 27 detailed losses: loss_rpn_cls=0.0026, loss_rpn_bbox=0.0029, loss_cls=0.0856, acc=96.4461, loss_bbox=0.0425, loss_mask=0.0162, loss_contrastive=0.0002, loss_consistency=0.0000, loss_spatial_align=0.0079
2026-02-21 15:14:42,876 - portable_sam_fusion - INFO - Epoch 27/50 | train=0.157972 | sat_backbone=5.40e-05 sat_other=1.08e-04 drone_guidance=5.40e-05 scene_alignment=5.40e-05
2026-02-21 15:25:00,687 - portable_sam_fusion - INFO - Epoch 28 detailed losses: loss_rpn_cls=0.0041, loss_rpn_bbox=0.0028, loss_cls=0.0863, acc=96.5733, loss_bbox=0.0419, loss_mask=0.0158, loss_contrastive=0.0027, loss_consistency=0.0000, loss_spatial_align=0.0065
2026-02-21 15:25:03,922 - portable_sam_fusion - INFO - Epoch 28/50 | train=0.160208 | sat_backbone=5.60e-05 sat_other=1.12e-04 drone_guidance=5.60e-05 scene_alignment=5.60e-05
2026-02-21 15:35:23,447 - portable_sam_fusion - INFO - Epoch 29 detailed losses: loss_rpn_cls=0.0028, loss_rpn_bbox=0.0036, loss_cls=0.0787, acc=96.7776, loss_bbox=0.0356, loss_mask=0.0163, loss_contrastive=0.0005, loss_consistency=0.0000, loss_spatial_align=0.0045
2026-02-21 15:35:43,838 - portable_sam_fusion - INFO - Epoch 29/50 | train=0.142046 | sat_backbone=5.80e-05 sat_other=1.16e-04 drone_guidance=5.80e-05 scene_alignment=5.80e-05
2026-02-21 15:46:00,082 - portable_sam_fusion - INFO - Epoch 30 detailed losses: loss_rpn_cls=0.0025, loss_rpn_bbox=0.0027, loss_cls=0.0799, acc=96.7137, loss_bbox=0.0368, loss_mask=0.0169, loss_contrastive=0.0011, loss_consistency=0.0000, loss_spatial_align=0.0032
2026-02-21 15:46:04,515 - portable_sam_fusion - INFO - Epoch 30/50 | train=0.143084 | sat_backbone=6.00e-05 sat_other=1.20e-04 drone_guidance=6.00e-05 scene_alignment=6.00e-05
2026-02-21 15:56:26,519 - portable_sam_fusion - INFO - Epoch 31 detailed losses: loss_rpn_cls=0.0027, loss_rpn_bbox=0.0024, loss_cls=0.0764, acc=96.8505, loss_bbox=0.0350, loss_mask=0.0170, loss_contrastive=0.0011, loss_consistency=0.0000, loss_spatial_align=0.0024
2026-02-21 15:56:46,219 - portable_sam_fusion - INFO - Epoch 31/50 | train=0.137021 | sat_backbone=6.20e-05 sat_other=1.24e-04 drone_guidance=6.20e-05 scene_alignment=6.20e-05
2026-02-21 16:07:02,694 - portable_sam_fusion - INFO - Epoch 32 detailed losses: loss_rpn_cls=0.0025, loss_rpn_bbox=0.0025, loss_cls=0.0770, acc=96.8590, loss_bbox=0.0357, loss_mask=0.0133, loss_contrastive=0.0012, loss_consistency=0.0000, loss_spatial_align=0.0019
2026-02-21 16:07:23,982 - portable_sam_fusion - INFO - Epoch 32/50 | train=0.134185 | sat_backbone=6.40e-05 sat_other=1.28e-04 drone_guidance=6.40e-05 scene_alignment=6.40e-05
2026-02-21 16:17:38,390 - portable_sam_fusion - INFO - Epoch 33 detailed losses: loss_rpn_cls=0.0028, loss_rpn_bbox=0.0025, loss_cls=0.0731, acc=97.0102, loss_bbox=0.0328, loss_mask=0.0159, loss_contrastive=0.0013, loss_consistency=0.0000, loss_spatial_align=0.0016
2026-02-21 16:17:57,928 - portable_sam_fusion - INFO - Epoch 33/50 | train=0.130008 | sat_backbone=6.60e-05 sat_other=1.32e-04 drone_guidance=6.60e-05 scene_alignment=6.60e-05
2026-02-21 16:28:14,008 - portable_sam_fusion - INFO - Epoch 34 detailed losses: loss_rpn_cls=0.0018, loss_rpn_bbox=0.0024, loss_cls=0.0758, acc=96.9240, loss_bbox=0.0329, loss_mask=0.0173, loss_contrastive=0.0005, loss_consistency=0.0000, loss_spatial_align=0.0013
2026-02-21 16:28:18,223 - portable_sam_fusion - INFO - Epoch 34/50 | train=0.131929 | sat_backbone=6.80e-05 sat_other=1.36e-04 drone_guidance=6.80e-05 scene_alignment=6.80e-05
2026-02-21 16:38:33,973 - portable_sam_fusion - INFO - Epoch 35 detailed losses: loss_rpn_cls=0.0022, loss_rpn_bbox=0.0021, loss_cls=0.0728, acc=97.0011, loss_bbox=0.0306, loss_mask=0.0156, loss_contrastive=0.0015, loss_consistency=0.0000, loss_spatial_align=0.0011
2026-02-21 16:38:53,813 - portable_sam_fusion - INFO - Epoch 35/50 | train=0.126058 | sat_backbone=7.00e-05 sat_other=1.40e-04 drone_guidance=7.00e-05 scene_alignment=7.00e-05
2026-02-21 16:49:06,180 - portable_sam_fusion - INFO - Epoch 36 detailed losses: loss_rpn_cls=0.0022, loss_rpn_bbox=0.0021, loss_cls=0.0673, acc=97.2566, loss_bbox=0.0299, loss_mask=0.0152, loss_contrastive=0.0014, loss_consistency=0.0000, loss_spatial_align=0.0011
2026-02-21 16:49:25,937 - portable_sam_fusion - INFO - Epoch 36/50 | train=0.119189 | sat_backbone=7.20e-05 sat_other=1.44e-04 drone_guidance=7.20e-05 scene_alignment=7.20e-05
2026-02-21 16:59:44,307 - portable_sam_fusion - INFO - Epoch 37 detailed losses: loss_rpn_cls=0.0021, loss_rpn_bbox=0.0023, loss_cls=0.0761, acc=96.9176, loss_bbox=0.0331, loss_mask=0.0134, loss_contrastive=0.0014, loss_consistency=0.0000, loss_spatial_align=0.0010
2026-02-21 16:59:47,552 - portable_sam_fusion - INFO - Epoch 37/50 | train=0.129416 | sat_backbone=7.40e-05 sat_other=1.48e-04 drone_guidance=7.40e-05 scene_alignment=7.40e-05
2026-02-21 17:09:59,766 - portable_sam_fusion - INFO - Epoch 38 detailed losses: loss_rpn_cls=0.0025, loss_rpn_bbox=0.0024, loss_cls=0.0744, acc=96.9953, loss_bbox=0.0334, loss_mask=0.0131, loss_contrastive=0.0016, loss_consistency=0.0000, loss_spatial_align=0.0009
2026-02-21 17:10:03,002 - portable_sam_fusion - INFO - Epoch 38/50 | train=0.128278 | sat_backbone=7.60e-05 sat_other=1.52e-04 drone_guidance=7.60e-05 scene_alignment=7.60e-05
2026-02-21 17:20:21,854 - portable_sam_fusion - INFO - Epoch 39 detailed losses: loss_rpn_cls=0.0021, loss_rpn_bbox=0.0021, loss_cls=0.0694, acc=97.1512, loss_bbox=0.0293, loss_mask=0.0156, loss_contrastive=0.0004, loss_consistency=0.0000, loss_spatial_align=0.0007
2026-02-21 17:20:25,379 - portable_sam_fusion - INFO - Epoch 39/50 | train=0.119707 | sat_backbone=7.80e-05 sat_other=1.56e-04 drone_guidance=7.80e-05 scene_alignment=7.80e-05
2026-02-21 17:30:42,348 - portable_sam_fusion - INFO - Epoch 40 detailed losses: loss_rpn_cls=0.0019, loss_rpn_bbox=0.0022, loss_cls=0.0703, acc=97.1645, loss_bbox=0.0293, loss_mask=0.0133, loss_contrastive=0.0004, loss_consistency=0.0000, loss_spatial_align=0.0006
2026-02-21 17:31:03,434 - portable_sam_fusion - INFO - Epoch 40/50 | train=0.118126 | sat_backbone=8.00e-05 sat_other=1.60e-04 drone_guidance=8.00e-05 scene_alignment=8.00e-05
2026-02-21 17:41:22,937 - portable_sam_fusion - INFO - Epoch 41 detailed losses: loss_rpn_cls=0.0020, loss_rpn_bbox=0.0019, loss_cls=0.0737, acc=97.0437, loss_bbox=0.0316, loss_mask=0.0155, loss_contrastive=0.0003, loss_consistency=0.0000, loss_spatial_align=0.0006
2026-02-21 17:41:27,792 - portable_sam_fusion - INFO - Epoch 41/50 | train=0.125656 | sat_backbone=8.20e-05 sat_other=1.64e-04 drone_guidance=8.20e-05 scene_alignment=8.20e-05
2026-02-21 17:51:47,302 - portable_sam_fusion - INFO - Epoch 42 detailed losses: loss_rpn_cls=0.0015, loss_rpn_bbox=0.0018, loss_cls=0.0673, acc=97.2390, loss_bbox=0.0278, loss_mask=0.0160, loss_contrastive=0.0004, loss_consistency=0.0000, loss_spatial_align=0.0005
2026-02-21 17:52:05,776 - portable_sam_fusion - INFO - Epoch 42/50 | train=0.115230 | sat_backbone=8.40e-05 sat_other=1.68e-04 drone_guidance=8.40e-05 scene_alignment=8.40e-05
2026-02-21 18:02:23,565 - portable_sam_fusion - INFO - Epoch 43 detailed losses: loss_rpn_cls=0.0023, loss_rpn_bbox=0.0024, loss_cls=0.0700, acc=97.1459, loss_bbox=0.0321, loss_mask=0.0131, loss_contrastive=0.0007, loss_consistency=0.0000, loss_spatial_align=0.0005
2026-02-21 18:02:30,439 - portable_sam_fusion - INFO - Epoch 43/50 | train=0.121203 | sat_backbone=8.60e-05 sat_other=1.72e-04 drone_guidance=8.60e-05 scene_alignment=8.60e-05
