/home/wangcheng/anaconda3/envs/cvt/lib/python3.9/site-packages/imagecorruptions/corruptions.py:17: UserWarning: pkg_resources is deprecated as an API. See https://setuptools.pypa.io/en/latest/pkg_resources.html. The pkg_resources package is slated for removal as early as 2025-11-30. Refrain from using this package or pin to Setuptools<81.
  from pkg_resources import resource_filename
Loads checkpoint by local backend from path: /home/wangcheng/project/SCVT3/portable_sam_fusion/checkpoints/sam_vit_b_01ec64.pth
Loaded SAM VisionEncoder with interpolation. Missing keys: 0, Unexpected keys: 138
Enabled gradient checkpointing for SAM VisionEncoder (via forward wrapper)
02/20 00:44:54 - mmengine - INFO - load model from: /home/wangcheng/project/SCVT3/portable_sam_fusion/checkpoints/sam_vit_b_01ec64.pth
02/20 00:44:54 - mmengine - INFO - Loads checkpoint by local backend from path: /home/wangcheng/project/SCVT3/portable_sam_fusion/checkpoints/sam_vit_b_01ec64.pth
02/20 00:44:55 - mmengine - WARNING - The model and loaded state dict do not match exactly

unexpected key in source state_dict: shared_image_embedding.positional_embedding, vision_encoder.pos_embed, vision_encoder.patch_embed.projection.weight, vision_encoder.patch_embed.projection.bias, vision_encoder.layers.0.layer_norm1.weight, vision_encoder.layers.0.layer_norm1.bias, vision_encoder.layers.0.attn.rel_pos_h, vision_encoder.layers.0.attn.rel_pos_w, vision_encoder.layers.0.attn.qkv.weight, vision_encoder.layers.0.attn.qkv.bias, vision_encoder.layers.0.attn.proj.weight, vision_encoder.layers.0.attn.proj.bias, vision_encoder.layers.0.layer_norm2.weight, vision_encoder.layers.0.layer_norm2.bias, vision_encoder.layers.0.mlp.lin1.weight, vision_encoder.layers.0.mlp.lin1.bias, vision_encoder.layers.0.mlp.lin2.weight, vision_encoder.layers.0.mlp.lin2.bias, vision_encoder.layers.1.layer_norm1.weight, vision_encoder.layers.1.layer_norm1.bias, vision_encoder.layers.1.attn.rel_pos_h, vision_encoder.layers.1.attn.rel_pos_w, vision_encoder.layers.1.attn.qkv.weight, vision_encoder.layers.1.attn.qkv.bias, vision_encoder.layers.1.attn.proj.weight, vision_encoder.layers.1.attn.proj.bias, vision_encoder.layers.1.layer_norm2.weight, vision_encoder.layers.1.layer_norm2.bias, vision_encoder.layers.1.mlp.lin1.weight, vision_encoder.layers.1.mlp.lin1.bias, vision_encoder.layers.1.mlp.lin2.weight, vision_encoder.layers.1.mlp.lin2.bias, vision_encoder.layers.2.layer_norm1.weight, vision_encoder.layers.2.layer_norm1.bias, vision_encoder.layers.2.attn.rel_pos_h, vision_encoder.layers.2.attn.rel_pos_w, vision_encoder.layers.2.attn.qkv.weight, vision_encoder.layers.2.attn.qkv.bias, vision_encoder.layers.2.attn.proj.weight, vision_encoder.layers.2.attn.proj.bias, vision_encoder.layers.2.layer_norm2.weight, vision_encoder.layers.2.layer_norm2.bias, vision_encoder.layers.2.mlp.lin1.weight, vision_encoder.layers.2.mlp.lin1.bias, vision_encoder.layers.2.mlp.lin2.weight, vision_encoder.layers.2.mlp.lin2.bias, vision_encoder.layers.3.layer_norm1.weight, vision_encoder.layers.3.layer_norm1.bias, vision_encoder.layers.3.attn.rel_pos_h, vision_encoder.layers.3.attn.rel_pos_w, vision_encoder.layers.3.attn.qkv.weight, vision_encoder.layers.3.attn.qkv.bias, vision_encoder.layers.3.attn.proj.weight, vision_encoder.layers.3.attn.proj.bias, vision_encoder.layers.3.layer_norm2.weight, vision_encoder.layers.3.layer_norm2.bias, vision_encoder.layers.3.mlp.lin1.weight, vision_encoder.layers.3.mlp.lin1.bias, vision_encoder.layers.3.mlp.lin2.weight, vision_encoder.layers.3.mlp.lin2.bias, vision_encoder.layers.4.layer_norm1.weight, vision_encoder.layers.4.layer_norm1.bias, vision_encoder.layers.4.attn.rel_pos_h, vision_encoder.layers.4.attn.rel_pos_w, vision_encoder.layers.4.attn.qkv.weight, vision_encoder.layers.4.attn.qkv.bias, vision_encoder.layers.4.attn.proj.weight, vision_encoder.layers.4.attn.proj.bias, vision_encoder.layers.4.layer_norm2.weight, vision_encoder.layers.4.layer_norm2.bias, vision_encoder.layers.4.mlp.lin1.weight, vision_encoder.layers.4.mlp.lin1.bias, vision_encoder.layers.4.mlp.lin2.weight, vision_encoder.layers.4.mlp.lin2.bias, vision_encoder.layers.5.layer_norm1.weight, vision_encoder.layers.5.layer_norm1.bias, vision_encoder.layers.5.attn.rel_pos_h, vision_encoder.layers.5.attn.rel_pos_w, vision_encoder.layers.5.attn.qkv.weight, vision_encoder.layers.5.attn.qkv.bias, vision_encoder.layers.5.attn.proj.weight, vision_encoder.layers.5.attn.proj.bias, vision_encoder.layers.5.layer_norm2.weight, vision_encoder.layers.5.layer_norm2.bias, vision_encoder.layers.5.mlp.lin1.weight, vision_encoder.layers.5.mlp.lin1.bias, vision_encoder.layers.5.mlp.lin2.weight, vision_encoder.layers.5.mlp.lin2.bias, vision_encoder.layers.6.layer_norm1.weight, vision_encoder.layers.6.layer_norm1.bias, vision_encoder.layers.6.attn.rel_pos_h, vision_encoder.layers.6.attn.rel_pos_w, vision_encoder.layers.6.attn.qkv.weight, vision_encoder.layers.6.attn.qkv.bias, vision_encoder.layers.6.attn.proj.weight, vision_encoder.layers.6.attn.proj.bias, vision_encoder.layers.6.layer_norm2.weight, vision_encoder.layers.6.layer_norm2.bias, vision_encoder.layers.6.mlp.lin1.weight, vision_encoder.layers.6.mlp.lin1.bias, vision_encoder.layers.6.mlp.lin2.weight, vision_encoder.layers.6.mlp.lin2.bias, vision_encoder.layers.7.layer_norm1.weight, vision_encoder.layers.7.layer_norm1.bias, vision_encoder.layers.7.attn.rel_pos_h, vision_encoder.layers.7.attn.rel_pos_w, vision_encoder.layers.7.attn.qkv.weight, vision_encoder.layers.7.attn.qkv.bias, vision_encoder.layers.7.attn.proj.weight, vision_encoder.layers.7.attn.proj.bias, vision_encoder.layers.7.layer_norm2.weight, vision_encoder.layers.7.layer_norm2.bias, vision_encoder.layers.7.mlp.lin1.weight, vision_encoder.layers.7.mlp.lin1.bias, vision_encoder.layers.7.mlp.lin2.weight, vision_encoder.layers.7.mlp.lin2.bias, vision_encoder.layers.8.layer_norm1.weight, vision_encoder.layers.8.layer_norm1.bias, vision_encoder.layers.8.attn.rel_pos_h, vision_encoder.layers.8.attn.rel_pos_w, vision_encoder.layers.8.attn.qkv.weight, vision_encoder.layers.8.attn.qkv.bias, vision_encoder.layers.8.attn.proj.weight, vision_encoder.layers.8.attn.proj.bias, vision_encoder.layers.8.layer_norm2.weight, vision_encoder.layers.8.layer_norm2.bias, vision_encoder.layers.8.mlp.lin1.weight, vision_encoder.layers.8.mlp.lin1.bias, vision_encoder.layers.8.mlp.lin2.weight, vision_encoder.layers.8.mlp.lin2.bias, vision_encoder.layers.9.layer_norm1.weight, vision_encoder.layers.9.layer_norm1.bias, vision_encoder.layers.9.attn.rel_pos_h, vision_encoder.layers.9.attn.rel_pos_w, vision_encoder.layers.9.attn.qkv.weight, vision_encoder.layers.9.attn.qkv.bias, vision_encoder.layers.9.attn.proj.weight, vision_encoder.layers.9.attn.proj.bias, vision_encoder.layers.9.layer_norm2.weight, vision_encoder.layers.9.layer_norm2.bias, vision_encoder.layers.9.mlp.lin1.weight, vision_encoder.layers.9.mlp.lin1.bias, vision_encoder.layers.9.mlp.lin2.weight, vision_encoder.layers.9.mlp.lin2.bias, vision_encoder.layers.10.layer_norm1.weight, vision_encoder.layers.10.layer_norm1.bias, vision_encoder.layers.10.attn.rel_pos_h, vision_encoder.layers.10.attn.rel_pos_w, vision_encoder.layers.10.attn.qkv.weight, vision_encoder.layers.10.attn.qkv.bias, vision_encoder.layers.10.attn.proj.weight, vision_encoder.layers.10.attn.proj.bias, vision_encoder.layers.10.layer_norm2.weight, vision_encoder.layers.10.layer_norm2.bias, vision_encoder.layers.10.mlp.lin1.weight, vision_encoder.layers.10.mlp.lin1.bias, vision_encoder.layers.10.mlp.lin2.weight, vision_encoder.layers.10.mlp.lin2.bias, vision_encoder.layers.11.layer_norm1.weight, vision_encoder.layers.11.layer_norm1.bias, vision_encoder.layers.11.attn.rel_pos_h, vision_encoder.layers.11.attn.rel_pos_w, vision_encoder.layers.11.attn.qkv.weight, vision_encoder.layers.11.attn.qkv.bias, vision_encoder.layers.11.attn.proj.weight, vision_encoder.layers.11.attn.proj.bias, vision_encoder.layers.11.layer_norm2.weight, vision_encoder.layers.11.layer_norm2.bias, vision_encoder.layers.11.mlp.lin1.weight, vision_encoder.layers.11.mlp.lin1.bias, vision_encoder.layers.11.mlp.lin2.weight, vision_encoder.layers.11.mlp.lin2.bias, vision_encoder.neck.conv1.weight, vision_encoder.neck.layer_norm1.weight, vision_encoder.neck.layer_norm1.bias, vision_encoder.neck.conv2.weight, vision_encoder.neck.layer_norm2.weight, vision_encoder.neck.layer_norm2.bias, mask_decoder.iou_token.weight, mask_decoder.mask_tokens.weight, mask_decoder.transformer.layers.0.self_attn.q_proj.weight, mask_decoder.transformer.layers.0.self_attn.q_proj.bias, mask_decoder.transformer.layers.0.self_attn.k_proj.weight, mask_decoder.transformer.layers.0.self_attn.k_proj.bias, mask_decoder.transformer.layers.0.self_attn.v_proj.weight, mask_decoder.transformer.layers.0.self_attn.v_proj.bias, mask_decoder.transformer.layers.0.self_attn.out_proj.weight, mask_decoder.transformer.layers.0.self_attn.out_proj.bias, mask_decoder.transformer.layers.0.layer_norm1.weight, mask_decoder.transformer.layers.0.layer_norm1.bias, mask_decoder.transformer.layers.0.cross_attn_token_to_image.q_proj.weight, mask_decoder.transformer.layers.0.cross_attn_token_to_image.q_proj.bias, mask_decoder.transformer.layers.0.cross_attn_token_to_image.k_proj.weight, mask_decoder.transformer.layers.0.cross_attn_token_to_image.k_proj.bias, mask_decoder.transformer.layers.0.cross_attn_token_to_image.v_proj.weight, mask_decoder.transformer.layers.0.cross_attn_token_to_image.v_proj.bias, mask_decoder.transformer.layers.0.cross_attn_token_to_image.out_proj.weight, mask_decoder.transformer.layers.0.cross_attn_token_to_image.out_proj.bias, mask_decoder.transformer.layers.0.layer_norm2.weight, mask_decoder.transformer.layers.0.layer_norm2.bias, mask_decoder.transformer.layers.0.mlp.lin1.weight, mask_decoder.transformer.layers.0.mlp.lin1.bias, mask_decoder.transformer.layers.0.mlp.lin2.weight, mask_decoder.transformer.layers.0.mlp.lin2.bias, mask_decoder.transformer.layers.0.layer_norm3.weight, mask_decoder.transformer.layers.0.layer_norm3.bias, mask_decoder.transformer.layers.0.layer_norm4.weight, mask_decoder.transformer.layers.0.layer_norm4.bias, mask_decoder.transformer.layers.0.cross_attn_image_to_token.q_proj.weight, mask_decoder.transformer.layers.0.cross_attn_image_to_token.q_proj.bias, mask_decoder.transformer.layers.0.cross_attn_image_to_token.k_proj.weight, mask_decoder.transformer.layers.0.cross_attn_image_to_token.k_proj.bias, mask_decoder.transformer.layers.0.cross_attn_image_to_token.v_proj.weight, mask_decoder.transformer.layers.0.cross_attn_image_to_token.v_proj.bias, mask_decoder.transformer.layers.0.cross_attn_image_to_token.out_proj.weight, mask_decoder.transformer.layers.0.cross_attn_image_to_token.out_proj.bias, mask_decoder.transformer.layers.1.self_attn.q_proj.weight, mask_decoder.transformer.layers.1.self_attn.q_proj.bias, mask_decoder.transformer.layers.1.self_attn.k_proj.weight, mask_decoder.transformer.layers.1.self_attn.k_proj.bias, mask_decoder.transformer.layers.1.self_attn.v_proj.weight, mask_decoder.transformer.layers.1.self_attn.v_proj.bias, mask_decoder.transformer.layers.1.self_attn.out_proj.weight, mask_decoder.transformer.layers.1.self_attn.out_proj.bias, mask_decoder.transformer.layers.1.layer_norm1.weight, mask_decoder.transformer.layers.1.layer_norm1.bias, mask_decoder.transformer.layers.1.cross_attn_token_to_image.q_proj.weight, mask_decoder.transformer.layers.1.cross_attn_token_to_image.q_proj.bias, mask_decoder.transformer.layers.1.cross_attn_token_to_image.k_proj.weight, mask_decoder.transformer.layers.1.cross_attn_token_to_image.k_proj.bias, mask_decoder.transformer.layers.1.cross_attn_token_to_image.v_proj.weight, mask_decoder.transformer.layers.1.cross_attn_token_to_image.v_proj.bias, mask_decoder.transformer.layers.1.cross_attn_token_to_image.out_proj.weight, mask_decoder.transformer.layers.1.cross_attn_token_to_image.out_proj.bias, mask_decoder.transformer.layers.1.layer_norm2.weight, mask_decoder.transformer.layers.1.layer_norm2.bias, mask_decoder.transformer.layers.1.mlp.lin1.weight, mask_decoder.transformer.layers.1.mlp.lin1.bias, mask_decoder.transformer.layers.1.mlp.lin2.weight, mask_decoder.transformer.layers.1.mlp.lin2.bias, mask_decoder.transformer.layers.1.layer_norm3.weight, mask_decoder.transformer.layers.1.layer_norm3.bias, mask_decoder.transformer.layers.1.layer_norm4.weight, mask_decoder.transformer.layers.1.layer_norm4.bias, mask_decoder.transformer.layers.1.cross_attn_image_to_token.q_proj.weight, mask_decoder.transformer.layers.1.cross_attn_image_to_token.q_proj.bias, mask_decoder.transformer.layers.1.cross_attn_image_to_token.k_proj.weight, mask_decoder.transformer.layers.1.cross_attn_image_to_token.k_proj.bias, mask_decoder.transformer.layers.1.cross_attn_image_to_token.v_proj.weight, mask_decoder.transformer.layers.1.cross_attn_image_to_token.v_proj.bias, mask_decoder.transformer.layers.1.cross_attn_image_to_token.out_proj.weight, mask_decoder.transformer.layers.1.cross_attn_image_to_token.out_proj.bias, mask_decoder.transformer.final_attn_token_to_image.q_proj.weight, mask_decoder.transformer.final_attn_token_to_image.q_proj.bias, mask_decoder.transformer.final_attn_token_to_image.k_proj.weight, mask_decoder.transformer.final_attn_token_to_image.k_proj.bias, mask_decoder.transformer.final_attn_token_to_image.v_proj.weight, mask_decoder.transformer.final_attn_token_to_image.v_proj.bias, mask_decoder.transformer.final_attn_token_to_image.out_proj.weight, mask_decoder.transformer.final_attn_token_to_image.out_proj.bias, mask_decoder.transformer.layer_norm_final_attn.weight, mask_decoder.transformer.layer_norm_final_attn.bias, mask_decoder.upscale_conv1.weight, mask_decoder.upscale_conv1.bias, mask_decoder.upscale_conv2.weight, mask_decoder.upscale_conv2.bias, mask_decoder.upscale_layer_norm.weight, mask_decoder.upscale_layer_norm.bias, mask_decoder.output_hypernetworks_mlps.0.proj_in.weight, mask_decoder.output_hypernetworks_mlps.0.proj_in.bias, mask_decoder.output_hypernetworks_mlps.0.proj_out.weight, mask_decoder.output_hypernetworks_mlps.0.proj_out.bias, mask_decoder.output_hypernetworks_mlps.0.layers.0.weight, mask_decoder.output_hypernetworks_mlps.0.layers.0.bias, mask_decoder.output_hypernetworks_mlps.1.proj_in.weight, mask_decoder.output_hypernetworks_mlps.1.proj_in.bias, mask_decoder.output_hypernetworks_mlps.1.proj_out.weight, mask_decoder.output_hypernetworks_mlps.1.proj_out.bias, mask_decoder.output_hypernetworks_mlps.1.layers.0.weight, mask_decoder.output_hypernetworks_mlps.1.layers.0.bias, mask_decoder.output_hypernetworks_mlps.2.proj_in.weight, mask_decoder.output_hypernetworks_mlps.2.proj_in.bias, mask_decoder.output_hypernetworks_mlps.2.proj_out.weight, mask_decoder.output_hypernetworks_mlps.2.proj_out.bias, mask_decoder.output_hypernetworks_mlps.2.layers.0.weight, mask_decoder.output_hypernetworks_mlps.2.layers.0.bias, mask_decoder.output_hypernetworks_mlps.3.proj_in.weight, mask_decoder.output_hypernetworks_mlps.3.proj_in.bias, mask_decoder.output_hypernetworks_mlps.3.proj_out.weight, mask_decoder.output_hypernetworks_mlps.3.proj_out.bias, mask_decoder.output_hypernetworks_mlps.3.layers.0.weight, mask_decoder.output_hypernetworks_mlps.3.layers.0.bias, mask_decoder.iou_prediction_head.proj_in.weight, mask_decoder.iou_prediction_head.proj_in.bias, mask_decoder.iou_prediction_head.proj_out.weight, mask_decoder.iou_prediction_head.proj_out.bias, mask_decoder.iou_prediction_head.layers.0.weight, mask_decoder.iou_prediction_head.layers.0.bias, prompt_encoder.shared_embedding.positional_embedding

02/20 00:44:55 - mmengine - INFO - 
prompt_encoder.mask_embed.conv1.weight - torch.Size([4, 1, 2, 2]): 
PretrainedInit: load from /home/wangcheng/project/SCVT3/portable_sam_fusion/checkpoints/sam_vit_b_01ec64.pth 
 
02/20 00:44:55 - mmengine - INFO - 
prompt_encoder.mask_embed.conv1.bias - torch.Size([4]): 
PretrainedInit: load from /home/wangcheng/project/SCVT3/portable_sam_fusion/checkpoints/sam_vit_b_01ec64.pth 
 
02/20 00:44:55 - mmengine - INFO - 
prompt_encoder.mask_embed.conv2.weight - torch.Size([16, 4, 2, 2]): 
PretrainedInit: load from /home/wangcheng/project/SCVT3/portable_sam_fusion/checkpoints/sam_vit_b_01ec64.pth 
 
02/20 00:44:55 - mmengine - INFO - 
prompt_encoder.mask_embed.conv2.bias - torch.Size([16]): 
PretrainedInit: load from /home/wangcheng/project/SCVT3/portable_sam_fusion/checkpoints/sam_vit_b_01ec64.pth 
 
02/20 00:44:55 - mmengine - INFO - 
prompt_encoder.mask_embed.conv3.weight - torch.Size([256, 16, 1, 1]): 
PretrainedInit: load from /home/wangcheng/project/SCVT3/portable_sam_fusion/checkpoints/sam_vit_b_01ec64.pth 
 
02/20 00:44:55 - mmengine - INFO - 
prompt_encoder.mask_embed.conv3.bias - torch.Size([256]): 
PretrainedInit: load from /home/wangcheng/project/SCVT3/portable_sam_fusion/checkpoints/sam_vit_b_01ec64.pth 
 
02/20 00:44:55 - mmengine - INFO - 
prompt_encoder.mask_embed.layer_norm1.weight - torch.Size([4]): 
PretrainedInit: load from /home/wangcheng/project/SCVT3/portable_sam_fusion/checkpoints/sam_vit_b_01ec64.pth 
 
02/20 00:44:55 - mmengine - INFO - 
prompt_encoder.mask_embed.layer_norm1.bias - torch.Size([4]): 
PretrainedInit: load from /home/wangcheng/project/SCVT3/portable_sam_fusion/checkpoints/sam_vit_b_01ec64.pth 
 
02/20 00:44:55 - mmengine - INFO - 
prompt_encoder.mask_embed.layer_norm2.weight - torch.Size([16]): 
PretrainedInit: load from /home/wangcheng/project/SCVT3/portable_sam_fusion/checkpoints/sam_vit_b_01ec64.pth 
 
02/20 00:44:55 - mmengine - INFO - 
prompt_encoder.mask_embed.layer_norm2.bias - torch.Size([16]): 
PretrainedInit: load from /home/wangcheng/project/SCVT3/portable_sam_fusion/checkpoints/sam_vit_b_01ec64.pth 
 
02/20 00:44:55 - mmengine - INFO - 
prompt_encoder.no_mask_embed.weight - torch.Size([1, 256]): 
PretrainedInit: load from /home/wangcheng/project/SCVT3/portable_sam_fusion/checkpoints/sam_vit_b_01ec64.pth 
 
02/20 00:44:55 - mmengine - INFO - 
prompt_encoder.point_embed.0.weight - torch.Size([1, 256]): 
PretrainedInit: load from /home/wangcheng/project/SCVT3/portable_sam_fusion/checkpoints/sam_vit_b_01ec64.pth 
 
02/20 00:44:55 - mmengine - INFO - 
prompt_encoder.point_embed.1.weight - torch.Size([1, 256]): 
PretrainedInit: load from /home/wangcheng/project/SCVT3/portable_sam_fusion/checkpoints/sam_vit_b_01ec64.pth 
 
02/20 00:44:55 - mmengine - INFO - 
prompt_encoder.point_embed.2.weight - torch.Size([1, 256]): 
PretrainedInit: load from /home/wangcheng/project/SCVT3/portable_sam_fusion/checkpoints/sam_vit_b_01ec64.pth 
 
02/20 00:44:55 - mmengine - INFO - 
prompt_encoder.point_embed.3.weight - torch.Size([1, 256]): 
PretrainedInit: load from /home/wangcheng/project/SCVT3/portable_sam_fusion/checkpoints/sam_vit_b_01ec64.pth 
 
02/20 00:44:55 - mmengine - INFO - 
prompt_encoder.not_a_point_embed.weight - torch.Size([1, 256]): 
PretrainedInit: load from /home/wangcheng/project/SCVT3/portable_sam_fusion/checkpoints/sam_vit_b_01ec64.pth 
 
Loads checkpoint by local backend from path: /home/wangcheng/project/SCVT3/portable_sam_fusion/checkpoints/sam_vit_b_01ec64.pth
Loaded SAM PositionalEmbedding. Missing keys: 0, Unexpected keys: 314
2026-02-20 00:44:56,223 - portable_sam_fusion.data.loader - INFO - Built scene ID mapping: 734 scenes
2026-02-20 00:44:56,720 - portable_sam_fusion.data.satellite_drone_dataset - INFO - SatelliteDroneDataset initialized (训练集): 734 scenes, views=4, sat_size=(512, 512), drone_size=(512, 512)
2026-02-20 00:44:56,721 - portable_sam_fusion - INFO - Dataset size: 734
2026-02-20 00:48:29,062 - portable_sam_fusion - INFO - Epoch 1 detailed losses: loss_rpn_cls=0.6994, loss_rpn_bbox=0.0441, loss_cls=0.4723, acc=96.7629, loss_bbox=0.0216, loss_mask=0.6523, loss_contrastive=0.1388, loss_consistency=0.0903, loss_spatial_align=0.0342
2026-02-20 00:49:10,621 - portable_sam_fusion - INFO - Epoch 1/50 | train=2.153030 | sat_backbone=2.10e-06 sat_other=4.20e-06 drone_guidance=2.10e-06 scene_alignment=2.10e-06
2026-02-20 00:52:46,224 - portable_sam_fusion - INFO - Epoch 2 detailed losses: loss_rpn_cls=0.5083, loss_rpn_bbox=0.0315, loss_cls=0.2695, acc=91.5711, loss_bbox=0.1855, loss_mask=0.4733, loss_contrastive=0.1383, loss_consistency=0.0662, loss_spatial_align=0.0334
2026-02-20 00:53:05,681 - portable_sam_fusion - INFO - Epoch 2/50 | train=1.705982 | sat_backbone=4.10e-06 sat_other=8.19e-06 drone_guidance=4.10e-06 scene_alignment=4.10e-06
2026-02-20 00:56:56,685 - portable_sam_fusion - INFO - Epoch 3 detailed losses: loss_rpn_cls=0.2103, loss_rpn_bbox=0.0242, loss_cls=0.3512, acc=85.1637, loss_bbox=0.3512, loss_mask=0.3040, loss_contrastive=0.1365, loss_consistency=0.0315, loss_spatial_align=0.0328
2026-02-20 00:57:14,700 - portable_sam_fusion - INFO - Epoch 3/50 | train=1.441754 | sat_backbone=6.09e-06 sat_other=1.22e-05 drone_guidance=6.09e-06 scene_alignment=6.09e-06
2026-02-20 01:01:08,351 - portable_sam_fusion - INFO - Epoch 4 detailed losses: loss_rpn_cls=0.1224, loss_rpn_bbox=0.0180, loss_cls=0.3027, acc=86.4519, loss_bbox=0.2920, loss_mask=0.2199, loss_contrastive=0.1142, loss_consistency=0.0152, loss_spatial_align=0.0334
2026-02-20 01:01:26,340 - portable_sam_fusion - INFO - Epoch 4/50 | train=1.117818 | sat_backbone=8.09e-06 sat_other=1.62e-05 drone_guidance=8.09e-06 scene_alignment=8.09e-06
2026-02-20 01:05:24,953 - portable_sam_fusion - INFO - Epoch 5 detailed losses: loss_rpn_cls=0.0841, loss_rpn_bbox=0.0137, loss_cls=0.2758, acc=87.9312, loss_bbox=0.2486, loss_mask=0.1571, loss_contrastive=0.0631, loss_consistency=0.0092, loss_spatial_align=0.0343
2026-02-20 01:05:43,149 - portable_sam_fusion - INFO - Epoch 5/50 | train=0.885877 | sat_backbone=1.01e-05 sat_other=2.02e-05 drone_guidance=1.01e-05 scene_alignment=1.01e-05
2026-02-20 01:09:41,163 - portable_sam_fusion - INFO - Epoch 6 detailed losses: loss_rpn_cls=0.0578, loss_rpn_bbox=0.0117, loss_cls=0.2508, acc=89.2077, loss_bbox=0.2046, loss_mask=0.1352, loss_contrastive=0.0426, loss_consistency=0.0046, loss_spatial_align=0.0342
2026-02-20 01:10:17,952 - portable_sam_fusion - INFO - Epoch 6/50 | train=0.741658 | sat_backbone=1.21e-05 sat_other=2.42e-05 drone_guidance=1.21e-05 scene_alignment=1.21e-05
2026-02-20 01:14:17,779 - portable_sam_fusion - INFO - Epoch 7 detailed losses: loss_rpn_cls=0.0405, loss_rpn_bbox=0.0104, loss_cls=0.2292, acc=90.1661, loss_bbox=0.1801, loss_mask=0.1202, loss_contrastive=0.0332, loss_consistency=0.0029, loss_spatial_align=0.0336
2026-02-20 01:14:50,435 - portable_sam_fusion - INFO - Epoch 7/50 | train=0.650209 | sat_backbone=1.41e-05 sat_other=2.82e-05 drone_guidance=1.41e-05 scene_alignment=1.41e-05
2026-02-20 01:18:51,851 - portable_sam_fusion - INFO - Epoch 8 detailed losses: loss_rpn_cls=0.0306, loss_rpn_bbox=0.0090, loss_cls=0.2083, acc=91.1976, loss_bbox=0.1512, loss_mask=0.1051, loss_contrastive=0.0260, loss_consistency=0.0020, loss_spatial_align=0.0327
2026-02-20 01:19:25,758 - portable_sam_fusion - INFO - Epoch 8/50 | train=0.564856 | sat_backbone=1.61e-05 sat_other=3.22e-05 drone_guidance=1.61e-05 scene_alignment=1.61e-05
2026-02-20 01:23:26,937 - portable_sam_fusion - INFO - Epoch 9 detailed losses: loss_rpn_cls=0.0241, loss_rpn_bbox=0.0078, loss_cls=0.1885, acc=92.1336, loss_bbox=0.1285, loss_mask=0.0910, loss_contrastive=0.0229, loss_consistency=0.0014, loss_spatial_align=0.0316
2026-02-20 01:23:46,227 - portable_sam_fusion - INFO - Epoch 9/50 | train=0.495918 | sat_backbone=1.81e-05 sat_other=3.62e-05 drone_guidance=1.81e-05 scene_alignment=1.81e-05
2026-02-20 01:27:44,412 - portable_sam_fusion - INFO - Epoch 10 detailed losses: loss_rpn_cls=0.0199, loss_rpn_bbox=0.0071, loss_cls=0.1758, acc=92.5792, loss_bbox=0.1117, loss_mask=0.0764, loss_contrastive=0.0199, loss_consistency=0.0011, loss_spatial_align=0.0304
2026-02-20 01:28:02,667 - portable_sam_fusion - INFO - Epoch 10/50 | train=0.442318 | sat_backbone=2.01e-05 sat_other=4.02e-05 drone_guidance=2.01e-05 scene_alignment=2.01e-05
2026-02-20 01:32:01,919 - portable_sam_fusion - INFO - Epoch 11 detailed losses: loss_rpn_cls=0.0164, loss_rpn_bbox=0.0065, loss_cls=0.1549, acc=93.5648, loss_bbox=0.0972, loss_mask=0.0546, loss_contrastive=0.0170, loss_consistency=0.0009, loss_spatial_align=0.0291
2026-02-20 01:32:22,078 - portable_sam_fusion - INFO - Epoch 11/50 | train=0.376694 | sat_backbone=2.21e-05 sat_other=4.42e-05 drone_guidance=2.21e-05 scene_alignment=2.21e-05
2026-02-20 01:36:22,253 - portable_sam_fusion - INFO - Epoch 12 detailed losses: loss_rpn_cls=0.0143, loss_rpn_bbox=0.0058, loss_cls=0.1478, acc=93.8359, loss_bbox=0.0893, loss_mask=0.0386, loss_contrastive=0.0163, loss_consistency=0.0009, loss_spatial_align=0.0278
2026-02-20 01:36:43,121 - portable_sam_fusion - INFO - Epoch 12/50 | train=0.340780 | sat_backbone=2.41e-05 sat_other=4.82e-05 drone_guidance=2.41e-05 scene_alignment=2.41e-05
2026-02-20 01:40:43,538 - portable_sam_fusion - INFO - Epoch 13 detailed losses: loss_rpn_cls=0.0105, loss_rpn_bbox=0.0052, loss_cls=0.1367, acc=94.3007, loss_bbox=0.0831, loss_mask=0.0331, loss_contrastive=0.0161, loss_consistency=0.0008, loss_spatial_align=0.0267
2026-02-20 01:41:03,709 - portable_sam_fusion - INFO - Epoch 13/50 | train=0.312194 | sat_backbone=2.61e-05 sat_other=5.21e-05 drone_guidance=2.61e-05 scene_alignment=2.61e-05
2026-02-20 01:45:04,814 - portable_sam_fusion - INFO - Epoch 14 detailed losses: loss_rpn_cls=0.0099, loss_rpn_bbox=0.0049, loss_cls=0.1279, acc=94.7154, loss_bbox=0.0732, loss_mask=0.0279, loss_contrastive=0.0134, loss_consistency=0.0007, loss_spatial_align=0.0256
2026-02-20 01:45:24,042 - portable_sam_fusion - INFO - Epoch 14/50 | train=0.283566 | sat_backbone=2.81e-05 sat_other=5.61e-05 drone_guidance=2.81e-05 scene_alignment=2.81e-05
2026-02-20 01:49:24,903 - portable_sam_fusion - INFO - Epoch 15 detailed losses: loss_rpn_cls=0.0099, loss_rpn_bbox=0.0045, loss_cls=0.1228, acc=94.8760, loss_bbox=0.0687, loss_mask=0.0264, loss_contrastive=0.0129, loss_consistency=0.0006, loss_spatial_align=0.0244
2026-02-20 01:49:43,223 - portable_sam_fusion - INFO - Epoch 15/50 | train=0.270206 | sat_backbone=3.01e-05 sat_other=6.01e-05 drone_guidance=3.01e-05 scene_alignment=3.01e-05
2026-02-20 01:53:41,850 - portable_sam_fusion - INFO - Epoch 16 detailed losses: loss_rpn_cls=0.0078, loss_rpn_bbox=0.0042, loss_cls=0.1159, acc=95.1577, loss_bbox=0.0620, loss_mask=0.0247, loss_contrastive=0.0120, loss_consistency=0.0006, loss_spatial_align=0.0236
2026-02-20 01:54:01,953 - portable_sam_fusion - INFO - Epoch 16/50 | train=0.250695 | sat_backbone=3.21e-05 sat_other=6.41e-05 drone_guidance=3.21e-05 scene_alignment=3.21e-05
2026-02-20 01:58:01,810 - portable_sam_fusion - INFO - Epoch 17 detailed losses: loss_rpn_cls=0.0079, loss_rpn_bbox=0.0042, loss_cls=0.1109, acc=95.3477, loss_bbox=0.0596, loss_mask=0.0220, loss_contrastive=0.0133, loss_consistency=0.0005, loss_spatial_align=0.0225
2026-02-20 01:58:23,068 - portable_sam_fusion - INFO - Epoch 17/50 | train=0.240909 | sat_backbone=3.41e-05 sat_other=6.81e-05 drone_guidance=3.41e-05 scene_alignment=3.41e-05
2026-02-20 02:02:20,630 - portable_sam_fusion - INFO - Epoch 18 detailed losses: loss_rpn_cls=0.0062, loss_rpn_bbox=0.0041, loss_cls=0.1096, acc=95.4395, loss_bbox=0.0590, loss_mask=0.0217, loss_contrastive=0.0104, loss_consistency=0.0005, loss_spatial_align=0.0216
2026-02-20 02:02:46,319 - portable_sam_fusion - INFO - Epoch 18/50 | train=0.233028 | sat_backbone=3.61e-05 sat_other=7.21e-05 drone_guidance=3.61e-05 scene_alignment=3.61e-05
2026-02-20 02:06:50,717 - portable_sam_fusion - INFO - Epoch 19 detailed losses: loss_rpn_cls=0.0059, loss_rpn_bbox=0.0039, loss_cls=0.1054, acc=95.6151, loss_bbox=0.0583, loss_mask=0.0231, loss_contrastive=0.0078, loss_consistency=0.0004, loss_spatial_align=0.0207
2026-02-20 02:07:16,231 - portable_sam_fusion - INFO - Epoch 19/50 | train=0.225484 | sat_backbone=3.81e-05 sat_other=7.61e-05 drone_guidance=3.81e-05 scene_alignment=3.81e-05
2026-02-20 02:11:17,384 - portable_sam_fusion - INFO - Epoch 20 detailed losses: loss_rpn_cls=0.0062, loss_rpn_bbox=0.0037, loss_cls=0.1065, acc=95.5670, loss_bbox=0.0639, loss_mask=0.0207, loss_contrastive=0.0066, loss_consistency=0.0003, loss_spatial_align=0.0198
2026-02-20 02:11:20,266 - portable_sam_fusion - INFO - Epoch 20/50 | train=0.227705 | sat_backbone=4.01e-05 sat_other=8.01e-05 drone_guidance=4.01e-05 scene_alignment=4.01e-05
2026-02-20 02:15:23,199 - portable_sam_fusion - INFO - Epoch 21 detailed losses: loss_rpn_cls=0.0052, loss_rpn_bbox=0.0037, loss_cls=0.1065, acc=95.6076, loss_bbox=0.0562, loss_mask=0.0228, loss_contrastive=0.0067, loss_consistency=0.0004, loss_spatial_align=0.0191
2026-02-20 02:15:43,851 - portable_sam_fusion - INFO - Epoch 21/50 | train=0.220556 | sat_backbone=4.21e-05 sat_other=8.41e-05 drone_guidance=4.21e-05 scene_alignment=4.21e-05
2026-02-20 02:19:45,071 - portable_sam_fusion - INFO - Epoch 22 detailed losses: loss_rpn_cls=0.0048, loss_rpn_bbox=0.0043, loss_cls=0.0993, acc=95.8766, loss_bbox=0.0525, loss_mask=0.0214, loss_contrastive=0.0064, loss_consistency=0.0003, loss_spatial_align=0.0184
2026-02-20 02:20:23,262 - portable_sam_fusion - INFO - Epoch 22/50 | train=0.207308 | sat_backbone=4.41e-05 sat_other=8.81e-05 drone_guidance=4.41e-05 scene_alignment=4.41e-05
2026-02-20 02:24:24,150 - portable_sam_fusion - INFO - Epoch 23 detailed losses: loss_rpn_cls=0.0046, loss_rpn_bbox=0.0037, loss_cls=0.0969, acc=95.9507, loss_bbox=0.0499, loss_mask=0.0199, loss_contrastive=0.0048, loss_consistency=0.0003, loss_spatial_align=0.0176
2026-02-20 02:24:52,021 - portable_sam_fusion - INFO - Epoch 23/50 | train=0.197770 | sat_backbone=4.61e-05 sat_other=9.21e-05 drone_guidance=4.61e-05 scene_alignment=4.61e-05
2026-02-20 02:28:56,972 - portable_sam_fusion - INFO - Epoch 24 detailed losses: loss_rpn_cls=0.0044, loss_rpn_bbox=0.0038, loss_cls=0.0938, acc=96.0457, loss_bbox=0.0496, loss_mask=0.0228, loss_contrastive=0.0065, loss_consistency=0.0003, loss_spatial_align=0.0170
2026-02-20 02:29:00,008 - portable_sam_fusion - INFO - Epoch 24/50 | train=0.198069 | sat_backbone=4.81e-05 sat_other=9.61e-05 drone_guidance=4.81e-05 scene_alignment=4.81e-05
2026-02-20 02:33:03,898 - portable_sam_fusion - INFO - Epoch 25 detailed losses: loss_rpn_cls=0.0049, loss_rpn_bbox=0.0032, loss_cls=0.0970, acc=95.8990, loss_bbox=0.0532, loss_mask=0.0185, loss_contrastive=0.0042, loss_consistency=0.0003, loss_spatial_align=0.0165
2026-02-20 02:33:07,270 - portable_sam_fusion - INFO - Epoch 25/50 | train=0.197839 | sat_backbone=5.01e-05 sat_other=1.00e-04 drone_guidance=5.01e-05 scene_alignment=5.01e-05
2026-02-20 02:37:09,012 - portable_sam_fusion - INFO - Epoch 26 detailed losses: loss_rpn_cls=0.0052, loss_rpn_bbox=0.0040, loss_cls=0.0890, acc=96.2992, loss_bbox=0.0492, loss_mask=0.0195, loss_contrastive=0.0039, loss_consistency=0.0003, loss_spatial_align=0.0161
2026-02-20 02:37:44,096 - portable_sam_fusion - INFO - Epoch 26/50 | train=0.187223 | sat_backbone=5.20e-05 sat_other=1.04e-04 drone_guidance=5.20e-05 scene_alignment=5.20e-05
2026-02-20 02:41:45,421 - portable_sam_fusion - INFO - Epoch 27 detailed losses: loss_rpn_cls=0.0043, loss_rpn_bbox=0.0032, loss_cls=0.0917, acc=96.1914, loss_bbox=0.0466, loss_mask=0.0177, loss_contrastive=0.0039, loss_consistency=0.0002, loss_spatial_align=0.0155
2026-02-20 02:42:08,036 - portable_sam_fusion - INFO - Epoch 27/50 | train=0.183238 | sat_backbone=5.40e-05 sat_other=1.08e-04 drone_guidance=5.40e-05 scene_alignment=5.40e-05
2026-02-20 02:46:11,798 - portable_sam_fusion - INFO - Epoch 28 detailed losses: loss_rpn_cls=0.0036, loss_rpn_bbox=0.0032, loss_cls=0.0903, acc=96.2063, loss_bbox=0.0441, loss_mask=0.0176, loss_contrastive=0.0035, loss_consistency=0.0002, loss_spatial_align=0.0149
2026-02-20 02:46:32,045 - portable_sam_fusion - INFO - Epoch 28/50 | train=0.177280 | sat_backbone=5.60e-05 sat_other=1.12e-04 drone_guidance=5.60e-05 scene_alignment=5.60e-05
2026-02-20 02:50:33,388 - portable_sam_fusion - INFO - Epoch 29 detailed losses: loss_rpn_cls=0.0040, loss_rpn_bbox=0.0031, loss_cls=0.0876, acc=96.3462, loss_bbox=0.0457, loss_mask=0.0179, loss_contrastive=0.0028, loss_consistency=0.0002, loss_spatial_align=0.0142
2026-02-20 02:50:53,762 - portable_sam_fusion - INFO - Epoch 29/50 | train=0.175504 | sat_backbone=5.80e-05 sat_other=1.16e-04 drone_guidance=5.80e-05 scene_alignment=5.80e-05
2026-02-20 02:54:53,923 - portable_sam_fusion - INFO - Epoch 30 detailed losses: loss_rpn_cls=0.0040, loss_rpn_bbox=0.0031, loss_cls=0.0810, acc=96.6060, loss_bbox=0.0420, loss_mask=0.0167, loss_contrastive=0.0029, loss_consistency=0.0002, loss_spatial_align=0.0137
2026-02-20 02:55:14,451 - portable_sam_fusion - INFO - Epoch 30/50 | train=0.163569 | sat_backbone=6.00e-05 sat_other=1.20e-04 drone_guidance=6.00e-05 scene_alignment=6.00e-05
2026-02-20 02:59:14,740 - portable_sam_fusion - INFO - Epoch 31 detailed losses: loss_rpn_cls=0.0033, loss_rpn_bbox=0.0031, loss_cls=0.0814, acc=96.5602, loss_bbox=0.0388, loss_mask=0.0170, loss_contrastive=0.0023, loss_consistency=0.0002, loss_spatial_align=0.0131
2026-02-20 02:59:32,945 - portable_sam_fusion - INFO - Epoch 31/50 | train=0.159114 | sat_backbone=6.20e-05 sat_other=1.24e-04 drone_guidance=6.20e-05 scene_alignment=6.20e-05
2026-02-20 03:03:35,906 - portable_sam_fusion - INFO - Epoch 32 detailed losses: loss_rpn_cls=0.0034, loss_rpn_bbox=0.0029, loss_cls=0.0784, acc=96.7427, loss_bbox=0.0397, loss_mask=0.0156, loss_contrastive=0.0034, loss_consistency=0.0001, loss_spatial_align=0.0126
2026-02-20 03:03:53,801 - portable_sam_fusion - INFO - Epoch 32/50 | train=0.156186 | sat_backbone=6.40e-05 sat_other=1.28e-04 drone_guidance=6.40e-05 scene_alignment=6.40e-05
2026-02-20 03:07:54,291 - portable_sam_fusion - INFO - Epoch 33 detailed losses: loss_rpn_cls=0.0031, loss_rpn_bbox=0.0025, loss_cls=0.0820, acc=96.6076, loss_bbox=0.0394, loss_mask=0.0183, loss_contrastive=0.0022, loss_consistency=0.0001, loss_spatial_align=0.0123
2026-02-20 03:07:57,212 - portable_sam_fusion - INFO - Epoch 33/50 | train=0.159799 | sat_backbone=6.60e-05 sat_other=1.32e-04 drone_guidance=6.60e-05 scene_alignment=6.60e-05
2026-02-20 03:12:01,793 - portable_sam_fusion - INFO - Epoch 34 detailed losses: loss_rpn_cls=0.0033, loss_rpn_bbox=0.0026, loss_cls=0.0775, acc=96.7859, loss_bbox=0.0348, loss_mask=0.0182, loss_contrastive=0.0022, loss_consistency=0.0001, loss_spatial_align=0.0118
2026-02-20 03:12:32,745 - portable_sam_fusion - INFO - Epoch 34/50 | train=0.150582 | sat_backbone=6.80e-05 sat_other=1.36e-04 drone_guidance=6.80e-05 scene_alignment=6.80e-05
2026-02-20 03:16:34,718 - portable_sam_fusion - INFO - Epoch 35 detailed losses: loss_rpn_cls=0.0023, loss_rpn_bbox=0.0026, loss_cls=0.0726, acc=96.9737, loss_bbox=0.0359, loss_mask=0.0133, loss_contrastive=0.0017, loss_consistency=0.0001, loss_spatial_align=0.0114
2026-02-20 03:17:07,816 - portable_sam_fusion - INFO - Epoch 35/50 | train=0.139945 | sat_backbone=7.00e-05 sat_other=1.40e-04 drone_guidance=7.00e-05 scene_alignment=7.00e-05
2026-02-20 03:21:08,912 - portable_sam_fusion - INFO - Epoch 36 detailed losses: loss_rpn_cls=0.0030, loss_rpn_bbox=0.0025, loss_cls=0.0760, acc=96.9060, loss_bbox=0.0371, loss_mask=0.0150, loss_contrastive=0.0023, loss_consistency=0.0001, loss_spatial_align=0.0110
2026-02-20 03:21:24,547 - portable_sam_fusion - INFO - Epoch 36/50 | train=0.146867 | sat_backbone=7.20e-05 sat_other=1.44e-04 drone_guidance=7.20e-05 scene_alignment=7.20e-05
2026-02-20 03:25:27,537 - portable_sam_fusion - INFO - Epoch 37 detailed losses: loss_rpn_cls=0.0026, loss_rpn_bbox=0.0027, loss_cls=0.0746, acc=96.9268, loss_bbox=0.0362, loss_mask=0.0150, loss_contrastive=0.0024, loss_consistency=0.0001, loss_spatial_align=0.0110
2026-02-20 03:25:44,703 - portable_sam_fusion - INFO - Epoch 37/50 | train=0.144718 | sat_backbone=7.40e-05 sat_other=1.48e-04 drone_guidance=7.40e-05 scene_alignment=7.40e-05
2026-02-20 03:29:44,533 - portable_sam_fusion - INFO - Epoch 38 detailed losses: loss_rpn_cls=0.0022, loss_rpn_bbox=0.0022, loss_cls=0.0697, acc=97.0917, loss_bbox=0.0317, loss_mask=0.0149, loss_contrastive=0.0015, loss_consistency=0.0001, loss_spatial_align=0.0102
2026-02-20 03:30:20,687 - portable_sam_fusion - INFO - Epoch 38/50 | train=0.132572 | sat_backbone=7.60e-05 sat_other=1.52e-04 drone_guidance=7.60e-05 scene_alignment=7.60e-05
2026-02-20 03:34:25,013 - portable_sam_fusion - INFO - Epoch 39 detailed losses: loss_rpn_cls=0.0028, loss_rpn_bbox=0.0023, loss_cls=0.0679, acc=97.1584, loss_bbox=0.0289, loss_mask=0.0129, loss_contrastive=0.0012, loss_consistency=0.0001, loss_spatial_align=0.0098
2026-02-20 03:34:58,690 - portable_sam_fusion - INFO - Epoch 39/50 | train=0.125862 | sat_backbone=7.80e-05 sat_other=1.56e-04 drone_guidance=7.80e-05 scene_alignment=7.80e-05
2026-02-20 03:38:58,941 - portable_sam_fusion - INFO - Epoch 40 detailed losses: loss_rpn_cls=0.0020, loss_rpn_bbox=0.0025, loss_cls=0.0693, acc=97.1386, loss_bbox=0.0314, loss_mask=0.0177, loss_contrastive=0.0019, loss_consistency=0.0001, loss_spatial_align=0.0093
2026-02-20 03:39:14,056 - portable_sam_fusion - INFO - Epoch 40/50 | train=0.134228 | sat_backbone=8.00e-05 sat_other=1.60e-04 drone_guidance=8.00e-05 scene_alignment=8.00e-05
2026-02-20 03:43:15,087 - portable_sam_fusion - INFO - Epoch 41 detailed losses: loss_rpn_cls=0.0027, loss_rpn_bbox=0.0019, loss_cls=0.0655, acc=97.2646, loss_bbox=0.0301, loss_mask=0.0158, loss_contrastive=0.0019, loss_consistency=0.0001, loss_spatial_align=0.0093
2026-02-20 03:43:32,648 - portable_sam_fusion - INFO - Epoch 41/50 | train=0.127134 | sat_backbone=8.20e-05 sat_other=1.64e-04 drone_guidance=8.20e-05 scene_alignment=8.20e-05
2026-02-20 03:47:34,105 - portable_sam_fusion - INFO - Epoch 42 detailed losses: loss_rpn_cls=0.0020, loss_rpn_bbox=0.0020, loss_cls=0.0667, acc=97.2459, loss_bbox=0.0303, loss_mask=0.0155, loss_contrastive=0.0009, loss_consistency=0.0001, loss_spatial_align=0.0088
2026-02-20 03:47:37,484 - portable_sam_fusion - INFO - Epoch 42/50 | train=0.126213 | sat_backbone=8.40e-05 sat_other=1.68e-04 drone_guidance=8.40e-05 scene_alignment=8.40e-05
2026-02-20 03:51:36,032 - portable_sam_fusion - INFO - Epoch 43 detailed losses: loss_rpn_cls=0.0026, loss_rpn_bbox=0.0021, loss_cls=0.0696, acc=97.1578, loss_bbox=0.0324, loss_mask=0.0147, loss_contrastive=0.0026, loss_consistency=0.0001, loss_spatial_align=0.0085
2026-02-20 03:51:39,270 - portable_sam_fusion - INFO - Epoch 43/50 | train=0.132683 | sat_backbone=8.60e-05 sat_other=1.72e-04 drone_guidance=8.60e-05 scene_alignment=8.60e-05
2026-02-20 03:55:40,612 - portable_sam_fusion - INFO - Epoch 44 detailed losses: loss_rpn_cls=0.0018, loss_rpn_bbox=0.0023, loss_cls=0.0631, acc=97.4028, loss_bbox=0.0274, loss_mask=0.0127, loss_contrastive=0.0013, loss_consistency=0.0000, loss_spatial_align=0.0082
2026-02-20 03:56:01,970 - portable_sam_fusion - INFO - Epoch 44/50 | train=0.117020 | sat_backbone=8.80e-05 sat_other=1.76e-04 drone_guidance=8.80e-05 scene_alignment=8.80e-05
2026-02-20 04:00:04,691 - portable_sam_fusion - INFO - Epoch 45 detailed losses: loss_rpn_cls=0.0031, loss_rpn_bbox=0.0023, loss_cls=0.0686, acc=97.2139, loss_bbox=0.0323, loss_mask=0.0142, loss_contrastive=0.0017, loss_consistency=0.0000, loss_spatial_align=0.0077
2026-02-20 04:00:07,856 - portable_sam_fusion - INFO - Epoch 45/50 | train=0.129884 | sat_backbone=9.00e-05 sat_other=1.80e-04 drone_guidance=9.00e-05 scene_alignment=9.00e-05
2026-02-20 04:04:11,691 - portable_sam_fusion - INFO - Epoch 46 detailed losses: loss_rpn_cls=0.0019, loss_rpn_bbox=0.0017, loss_cls=0.0652, acc=97.3435, loss_bbox=0.0297, loss_mask=0.0160, loss_contrastive=0.0013, loss_consistency=0.0000, loss_spatial_align=0.0071
2026-02-20 04:04:14,594 - portable_sam_fusion - INFO - Epoch 46/50 | train=0.123033 | sat_backbone=9.20e-05 sat_other=1.84e-04 drone_guidance=9.20e-05 scene_alignment=9.20e-05
2026-02-20 04:08:14,997 - portable_sam_fusion - INFO - Epoch 47 detailed losses: loss_rpn_cls=0.0018, loss_rpn_bbox=0.0018, loss_cls=0.0630, acc=97.4097, loss_bbox=0.0271, loss_mask=0.0160, loss_contrastive=0.0015, loss_consistency=0.0000, loss_spatial_align=0.0069
2026-02-20 04:08:17,911 - portable_sam_fusion - INFO - Epoch 47/50 | train=0.118246 | sat_backbone=9.40e-05 sat_other=1.88e-04 drone_guidance=9.40e-05 scene_alignment=9.40e-05
2026-02-20 04:12:16,644 - portable_sam_fusion - INFO - Epoch 48 detailed losses: loss_rpn_cls=0.0023, loss_rpn_bbox=0.0018, loss_cls=0.0627, acc=97.3745, loss_bbox=0.0274, loss_mask=0.0139, loss_contrastive=0.0014, loss_consistency=0.0000, loss_spatial_align=0.0065
2026-02-20 04:12:33,999 - portable_sam_fusion - INFO - Epoch 48/50 | train=0.116080 | sat_backbone=9.60e-05 sat_other=1.92e-04 drone_guidance=9.60e-05 scene_alignment=9.60e-05
2026-02-20 04:16:36,229 - portable_sam_fusion - INFO - Epoch 49 detailed losses: loss_rpn_cls=0.0021, loss_rpn_bbox=0.0017, loss_cls=0.0611, acc=97.4647, loss_bbox=0.0258, loss_mask=0.0125, loss_contrastive=0.0005, loss_consistency=0.0000, loss_spatial_align=0.0059
2026-02-20 04:16:54,289 - portable_sam_fusion - INFO - Epoch 49/50 | train=0.109670 | sat_backbone=9.80e-05 sat_other=1.96e-04 drone_guidance=9.80e-05 scene_alignment=9.80e-05
2026-02-20 04:20:55,903 - portable_sam_fusion - INFO - Epoch 50 detailed losses: loss_rpn_cls=0.0011, loss_rpn_bbox=0.0017, loss_cls=0.0649, acc=97.3286, loss_bbox=0.0289, loss_mask=0.0144, loss_contrastive=0.0016, loss_consistency=0.0000, loss_spatial_align=0.0054
2026-02-20 04:20:58,895 - portable_sam_fusion - INFO - Epoch 50/50 | train=0.118153 | sat_backbone=1.00e-04 sat_other=2.00e-04 drone_guidance=1.00e-04 scene_alignment=1.00e-04
