/home/wangcheng/anaconda3/envs/cvt/lib/python3.9/site-packages/imagecorruptions/corruptions.py:17: UserWarning: pkg_resources is deprecated as an API. See https://setuptools.pypa.io/en/latest/pkg_resources.html. The pkg_resources package is slated for removal as early as 2025-11-30. Refrain from using this package or pin to Setuptools<81.
  from pkg_resources import resource_filename
Loads checkpoint by local backend from path: /home/wangcheng/project/SCVT3/portable_sam_fusion/checkpoints/sam_vit_b_01ec64.pth
Loaded SAM VisionEncoder with interpolation. Missing keys: 0, Unexpected keys: 138
02/11 18:27:58 - mmengine - INFO - load model from: /home/wangcheng/project/SCVT3/portable_sam_fusion/checkpoints/sam_vit_b_01ec64.pth
02/11 18:27:58 - mmengine - INFO - Loads checkpoint by local backend from path: /home/wangcheng/project/SCVT3/portable_sam_fusion/checkpoints/sam_vit_b_01ec64.pth
02/11 18:27:59 - mmengine - WARNING - The model and loaded state dict do not match exactly

unexpected key in source state_dict: shared_image_embedding.positional_embedding, vision_encoder.pos_embed, vision_encoder.patch_embed.projection.weight, vision_encoder.patch_embed.projection.bias, vision_encoder.layers.0.layer_norm1.weight, vision_encoder.layers.0.layer_norm1.bias, vision_encoder.layers.0.attn.rel_pos_h, vision_encoder.layers.0.attn.rel_pos_w, vision_encoder.layers.0.attn.qkv.weight, vision_encoder.layers.0.attn.qkv.bias, vision_encoder.layers.0.attn.proj.weight, vision_encoder.layers.0.attn.proj.bias, vision_encoder.layers.0.layer_norm2.weight, vision_encoder.layers.0.layer_norm2.bias, vision_encoder.layers.0.mlp.lin1.weight, vision_encoder.layers.0.mlp.lin1.bias, vision_encoder.layers.0.mlp.lin2.weight, vision_encoder.layers.0.mlp.lin2.bias, vision_encoder.layers.1.layer_norm1.weight, vision_encoder.layers.1.layer_norm1.bias, vision_encoder.layers.1.attn.rel_pos_h, vision_encoder.layers.1.attn.rel_pos_w, vision_encoder.layers.1.attn.qkv.weight, vision_encoder.layers.1.attn.qkv.bias, vision_encoder.layers.1.attn.proj.weight, vision_encoder.layers.1.attn.proj.bias, vision_encoder.layers.1.layer_norm2.weight, vision_encoder.layers.1.layer_norm2.bias, vision_encoder.layers.1.mlp.lin1.weight, vision_encoder.layers.1.mlp.lin1.bias, vision_encoder.layers.1.mlp.lin2.weight, vision_encoder.layers.1.mlp.lin2.bias, vision_encoder.layers.2.layer_norm1.weight, vision_encoder.layers.2.layer_norm1.bias, vision_encoder.layers.2.attn.rel_pos_h, vision_encoder.layers.2.attn.rel_pos_w, vision_encoder.layers.2.attn.qkv.weight, vision_encoder.layers.2.attn.qkv.bias, vision_encoder.layers.2.attn.proj.weight, vision_encoder.layers.2.attn.proj.bias, vision_encoder.layers.2.layer_norm2.weight, vision_encoder.layers.2.layer_norm2.bias, vision_encoder.layers.2.mlp.lin1.weight, vision_encoder.layers.2.mlp.lin1.bias, vision_encoder.layers.2.mlp.lin2.weight, vision_encoder.layers.2.mlp.lin2.bias, vision_encoder.layers.3.layer_norm1.weight, vision_encoder.layers.3.layer_norm1.bias, vision_encoder.layers.3.attn.rel_pos_h, vision_encoder.layers.3.attn.rel_pos_w, vision_encoder.layers.3.attn.qkv.weight, vision_encoder.layers.3.attn.qkv.bias, vision_encoder.layers.3.attn.proj.weight, vision_encoder.layers.3.attn.proj.bias, vision_encoder.layers.3.layer_norm2.weight, vision_encoder.layers.3.layer_norm2.bias, vision_encoder.layers.3.mlp.lin1.weight, vision_encoder.layers.3.mlp.lin1.bias, vision_encoder.layers.3.mlp.lin2.weight, vision_encoder.layers.3.mlp.lin2.bias, vision_encoder.layers.4.layer_norm1.weight, vision_encoder.layers.4.layer_norm1.bias, vision_encoder.layers.4.attn.rel_pos_h, vision_encoder.layers.4.attn.rel_pos_w, vision_encoder.layers.4.attn.qkv.weight, vision_encoder.layers.4.attn.qkv.bias, vision_encoder.layers.4.attn.proj.weight, vision_encoder.layers.4.attn.proj.bias, vision_encoder.layers.4.layer_norm2.weight, vision_encoder.layers.4.layer_norm2.bias, vision_encoder.layers.4.mlp.lin1.weight, vision_encoder.layers.4.mlp.lin1.bias, vision_encoder.layers.4.mlp.lin2.weight, vision_encoder.layers.4.mlp.lin2.bias, vision_encoder.layers.5.layer_norm1.weight, vision_encoder.layers.5.layer_norm1.bias, vision_encoder.layers.5.attn.rel_pos_h, vision_encoder.layers.5.attn.rel_pos_w, vision_encoder.layers.5.attn.qkv.weight, vision_encoder.layers.5.attn.qkv.bias, vision_encoder.layers.5.attn.proj.weight, vision_encoder.layers.5.attn.proj.bias, vision_encoder.layers.5.layer_norm2.weight, vision_encoder.layers.5.layer_norm2.bias, vision_encoder.layers.5.mlp.lin1.weight, vision_encoder.layers.5.mlp.lin1.bias, vision_encoder.layers.5.mlp.lin2.weight, vision_encoder.layers.5.mlp.lin2.bias, vision_encoder.layers.6.layer_norm1.weight, vision_encoder.layers.6.layer_norm1.bias, vision_encoder.layers.6.attn.rel_pos_h, vision_encoder.layers.6.attn.rel_pos_w, vision_encoder.layers.6.attn.qkv.weight, vision_encoder.layers.6.attn.qkv.bias, vision_encoder.layers.6.attn.proj.weight, vision_encoder.layers.6.attn.proj.bias, vision_encoder.layers.6.layer_norm2.weight, vision_encoder.layers.6.layer_norm2.bias, vision_encoder.layers.6.mlp.lin1.weight, vision_encoder.layers.6.mlp.lin1.bias, vision_encoder.layers.6.mlp.lin2.weight, vision_encoder.layers.6.mlp.lin2.bias, vision_encoder.layers.7.layer_norm1.weight, vision_encoder.layers.7.layer_norm1.bias, vision_encoder.layers.7.attn.rel_pos_h, vision_encoder.layers.7.attn.rel_pos_w, vision_encoder.layers.7.attn.qkv.weight, vision_encoder.layers.7.attn.qkv.bias, vision_encoder.layers.7.attn.proj.weight, vision_encoder.layers.7.attn.proj.bias, vision_encoder.layers.7.layer_norm2.weight, vision_encoder.layers.7.layer_norm2.bias, vision_encoder.layers.7.mlp.lin1.weight, vision_encoder.layers.7.mlp.lin1.bias, vision_encoder.layers.7.mlp.lin2.weight, vision_encoder.layers.7.mlp.lin2.bias, vision_encoder.layers.8.layer_norm1.weight, vision_encoder.layers.8.layer_norm1.bias, vision_encoder.layers.8.attn.rel_pos_h, vision_encoder.layers.8.attn.rel_pos_w, vision_encoder.layers.8.attn.qkv.weight, vision_encoder.layers.8.attn.qkv.bias, vision_encoder.layers.8.attn.proj.weight, vision_encoder.layers.8.attn.proj.bias, vision_encoder.layers.8.layer_norm2.weight, vision_encoder.layers.8.layer_norm2.bias, vision_encoder.layers.8.mlp.lin1.weight, vision_encoder.layers.8.mlp.lin1.bias, vision_encoder.layers.8.mlp.lin2.weight, vision_encoder.layers.8.mlp.lin2.bias, vision_encoder.layers.9.layer_norm1.weight, vision_encoder.layers.9.layer_norm1.bias, vision_encoder.layers.9.attn.rel_pos_h, vision_encoder.layers.9.attn.rel_pos_w, vision_encoder.layers.9.attn.qkv.weight, vision_encoder.layers.9.attn.qkv.bias, vision_encoder.layers.9.attn.proj.weight, vision_encoder.layers.9.attn.proj.bias, vision_encoder.layers.9.layer_norm2.weight, vision_encoder.layers.9.layer_norm2.bias, vision_encoder.layers.9.mlp.lin1.weight, vision_encoder.layers.9.mlp.lin1.bias, vision_encoder.layers.9.mlp.lin2.weight, vision_encoder.layers.9.mlp.lin2.bias, vision_encoder.layers.10.layer_norm1.weight, vision_encoder.layers.10.layer_norm1.bias, vision_encoder.layers.10.attn.rel_pos_h, vision_encoder.layers.10.attn.rel_pos_w, vision_encoder.layers.10.attn.qkv.weight, vision_encoder.layers.10.attn.qkv.bias, vision_encoder.layers.10.attn.proj.weight, vision_encoder.layers.10.attn.proj.bias, vision_encoder.layers.10.layer_norm2.weight, vision_encoder.layers.10.layer_norm2.bias, vision_encoder.layers.10.mlp.lin1.weight, vision_encoder.layers.10.mlp.lin1.bias, vision_encoder.layers.10.mlp.lin2.weight, vision_encoder.layers.10.mlp.lin2.bias, vision_encoder.layers.11.layer_norm1.weight, vision_encoder.layers.11.layer_norm1.bias, vision_encoder.layers.11.attn.rel_pos_h, vision_encoder.layers.11.attn.rel_pos_w, vision_encoder.layers.11.attn.qkv.weight, vision_encoder.layers.11.attn.qkv.bias, vision_encoder.layers.11.attn.proj.weight, vision_encoder.layers.11.attn.proj.bias, vision_encoder.layers.11.layer_norm2.weight, vision_encoder.layers.11.layer_norm2.bias, vision_encoder.layers.11.mlp.lin1.weight, vision_encoder.layers.11.mlp.lin1.bias, vision_encoder.layers.11.mlp.lin2.weight, vision_encoder.layers.11.mlp.lin2.bias, vision_encoder.neck.conv1.weight, vision_encoder.neck.layer_norm1.weight, vision_encoder.neck.layer_norm1.bias, vision_encoder.neck.conv2.weight, vision_encoder.neck.layer_norm2.weight, vision_encoder.neck.layer_norm2.bias, mask_decoder.iou_token.weight, mask_decoder.mask_tokens.weight, mask_decoder.transformer.layers.0.self_attn.q_proj.weight, mask_decoder.transformer.layers.0.self_attn.q_proj.bias, mask_decoder.transformer.layers.0.self_attn.k_proj.weight, mask_decoder.transformer.layers.0.self_attn.k_proj.bias, mask_decoder.transformer.layers.0.self_attn.v_proj.weight, mask_decoder.transformer.layers.0.self_attn.v_proj.bias, mask_decoder.transformer.layers.0.self_attn.out_proj.weight, mask_decoder.transformer.layers.0.self_attn.out_proj.bias, mask_decoder.transformer.layers.0.layer_norm1.weight, mask_decoder.transformer.layers.0.layer_norm1.bias, mask_decoder.transformer.layers.0.cross_attn_token_to_image.q_proj.weight, mask_decoder.transformer.layers.0.cross_attn_token_to_image.q_proj.bias, mask_decoder.transformer.layers.0.cross_attn_token_to_image.k_proj.weight, mask_decoder.transformer.layers.0.cross_attn_token_to_image.k_proj.bias, mask_decoder.transformer.layers.0.cross_attn_token_to_image.v_proj.weight, mask_decoder.transformer.layers.0.cross_attn_token_to_image.v_proj.bias, mask_decoder.transformer.layers.0.cross_attn_token_to_image.out_proj.weight, mask_decoder.transformer.layers.0.cross_attn_token_to_image.out_proj.bias, mask_decoder.transformer.layers.0.layer_norm2.weight, mask_decoder.transformer.layers.0.layer_norm2.bias, mask_decoder.transformer.layers.0.mlp.lin1.weight, mask_decoder.transformer.layers.0.mlp.lin1.bias, mask_decoder.transformer.layers.0.mlp.lin2.weight, mask_decoder.transformer.layers.0.mlp.lin2.bias, mask_decoder.transformer.layers.0.layer_norm3.weight, mask_decoder.transformer.layers.0.layer_norm3.bias, mask_decoder.transformer.layers.0.layer_norm4.weight, mask_decoder.transformer.layers.0.layer_norm4.bias, mask_decoder.transformer.layers.0.cross_attn_image_to_token.q_proj.weight, mask_decoder.transformer.layers.0.cross_attn_image_to_token.q_proj.bias, mask_decoder.transformer.layers.0.cross_attn_image_to_token.k_proj.weight, mask_decoder.transformer.layers.0.cross_attn_image_to_token.k_proj.bias, mask_decoder.transformer.layers.0.cross_attn_image_to_token.v_proj.weight, mask_decoder.transformer.layers.0.cross_attn_image_to_token.v_proj.bias, mask_decoder.transformer.layers.0.cross_attn_image_to_token.out_proj.weight, mask_decoder.transformer.layers.0.cross_attn_image_to_token.out_proj.bias, mask_decoder.transformer.layers.1.self_attn.q_proj.weight, mask_decoder.transformer.layers.1.self_attn.q_proj.bias, mask_decoder.transformer.layers.1.self_attn.k_proj.weight, mask_decoder.transformer.layers.1.self_attn.k_proj.bias, mask_decoder.transformer.layers.1.self_attn.v_proj.weight, mask_decoder.transformer.layers.1.self_attn.v_proj.bias, mask_decoder.transformer.layers.1.self_attn.out_proj.weight, mask_decoder.transformer.layers.1.self_attn.out_proj.bias, mask_decoder.transformer.layers.1.layer_norm1.weight, mask_decoder.transformer.layers.1.layer_norm1.bias, mask_decoder.transformer.layers.1.cross_attn_token_to_image.q_proj.weight, mask_decoder.transformer.layers.1.cross_attn_token_to_image.q_proj.bias, mask_decoder.transformer.layers.1.cross_attn_token_to_image.k_proj.weight, mask_decoder.transformer.layers.1.cross_attn_token_to_image.k_proj.bias, mask_decoder.transformer.layers.1.cross_attn_token_to_image.v_proj.weight, mask_decoder.transformer.layers.1.cross_attn_token_to_image.v_proj.bias, mask_decoder.transformer.layers.1.cross_attn_token_to_image.out_proj.weight, mask_decoder.transformer.layers.1.cross_attn_token_to_image.out_proj.bias, mask_decoder.transformer.layers.1.layer_norm2.weight, mask_decoder.transformer.layers.1.layer_norm2.bias, mask_decoder.transformer.layers.1.mlp.lin1.weight, mask_decoder.transformer.layers.1.mlp.lin1.bias, mask_decoder.transformer.layers.1.mlp.lin2.weight, mask_decoder.transformer.layers.1.mlp.lin2.bias, mask_decoder.transformer.layers.1.layer_norm3.weight, mask_decoder.transformer.layers.1.layer_norm3.bias, mask_decoder.transformer.layers.1.layer_norm4.weight, mask_decoder.transformer.layers.1.layer_norm4.bias, mask_decoder.transformer.layers.1.cross_attn_image_to_token.q_proj.weight, mask_decoder.transformer.layers.1.cross_attn_image_to_token.q_proj.bias, mask_decoder.transformer.layers.1.cross_attn_image_to_token.k_proj.weight, mask_decoder.transformer.layers.1.cross_attn_image_to_token.k_proj.bias, mask_decoder.transformer.layers.1.cross_attn_image_to_token.v_proj.weight, mask_decoder.transformer.layers.1.cross_attn_image_to_token.v_proj.bias, mask_decoder.transformer.layers.1.cross_attn_image_to_token.out_proj.weight, mask_decoder.transformer.layers.1.cross_attn_image_to_token.out_proj.bias, mask_decoder.transformer.final_attn_token_to_image.q_proj.weight, mask_decoder.transformer.final_attn_token_to_image.q_proj.bias, mask_decoder.transformer.final_attn_token_to_image.k_proj.weight, mask_decoder.transformer.final_attn_token_to_image.k_proj.bias, mask_decoder.transformer.final_attn_token_to_image.v_proj.weight, mask_decoder.transformer.final_attn_token_to_image.v_proj.bias, mask_decoder.transformer.final_attn_token_to_image.out_proj.weight, mask_decoder.transformer.final_attn_token_to_image.out_proj.bias, mask_decoder.transformer.layer_norm_final_attn.weight, mask_decoder.transformer.layer_norm_final_attn.bias, mask_decoder.upscale_conv1.weight, mask_decoder.upscale_conv1.bias, mask_decoder.upscale_conv2.weight, mask_decoder.upscale_conv2.bias, mask_decoder.upscale_layer_norm.weight, mask_decoder.upscale_layer_norm.bias, mask_decoder.output_hypernetworks_mlps.0.proj_in.weight, mask_decoder.output_hypernetworks_mlps.0.proj_in.bias, mask_decoder.output_hypernetworks_mlps.0.proj_out.weight, mask_decoder.output_hypernetworks_mlps.0.proj_out.bias, mask_decoder.output_hypernetworks_mlps.0.layers.0.weight, mask_decoder.output_hypernetworks_mlps.0.layers.0.bias, mask_decoder.output_hypernetworks_mlps.1.proj_in.weight, mask_decoder.output_hypernetworks_mlps.1.proj_in.bias, mask_decoder.output_hypernetworks_mlps.1.proj_out.weight, mask_decoder.output_hypernetworks_mlps.1.proj_out.bias, mask_decoder.output_hypernetworks_mlps.1.layers.0.weight, mask_decoder.output_hypernetworks_mlps.1.layers.0.bias, mask_decoder.output_hypernetworks_mlps.2.proj_in.weight, mask_decoder.output_hypernetworks_mlps.2.proj_in.bias, mask_decoder.output_hypernetworks_mlps.2.proj_out.weight, mask_decoder.output_hypernetworks_mlps.2.proj_out.bias, mask_decoder.output_hypernetworks_mlps.2.layers.0.weight, mask_decoder.output_hypernetworks_mlps.2.layers.0.bias, mask_decoder.output_hypernetworks_mlps.3.proj_in.weight, mask_decoder.output_hypernetworks_mlps.3.proj_in.bias, mask_decoder.output_hypernetworks_mlps.3.proj_out.weight, mask_decoder.output_hypernetworks_mlps.3.proj_out.bias, mask_decoder.output_hypernetworks_mlps.3.layers.0.weight, mask_decoder.output_hypernetworks_mlps.3.layers.0.bias, mask_decoder.iou_prediction_head.proj_in.weight, mask_decoder.iou_prediction_head.proj_in.bias, mask_decoder.iou_prediction_head.proj_out.weight, mask_decoder.iou_prediction_head.proj_out.bias, mask_decoder.iou_prediction_head.layers.0.weight, mask_decoder.iou_prediction_head.layers.0.bias, prompt_encoder.shared_embedding.positional_embedding

02/11 18:27:59 - mmengine - INFO - 
prompt_encoder.mask_embed.conv1.weight - torch.Size([4, 1, 2, 2]): 
PretrainedInit: load from /home/wangcheng/project/SCVT3/portable_sam_fusion/checkpoints/sam_vit_b_01ec64.pth 
 
02/11 18:27:59 - mmengine - INFO - 
prompt_encoder.mask_embed.conv1.bias - torch.Size([4]): 
PretrainedInit: load from /home/wangcheng/project/SCVT3/portable_sam_fusion/checkpoints/sam_vit_b_01ec64.pth 
 
02/11 18:27:59 - mmengine - INFO - 
prompt_encoder.mask_embed.conv2.weight - torch.Size([16, 4, 2, 2]): 
PretrainedInit: load from /home/wangcheng/project/SCVT3/portable_sam_fusion/checkpoints/sam_vit_b_01ec64.pth 
 
02/11 18:27:59 - mmengine - INFO - 
prompt_encoder.mask_embed.conv2.bias - torch.Size([16]): 
PretrainedInit: load from /home/wangcheng/project/SCVT3/portable_sam_fusion/checkpoints/sam_vit_b_01ec64.pth 
 
02/11 18:27:59 - mmengine - INFO - 
prompt_encoder.mask_embed.conv3.weight - torch.Size([256, 16, 1, 1]): 
PretrainedInit: load from /home/wangcheng/project/SCVT3/portable_sam_fusion/checkpoints/sam_vit_b_01ec64.pth 
 
02/11 18:27:59 - mmengine - INFO - 
prompt_encoder.mask_embed.conv3.bias - torch.Size([256]): 
PretrainedInit: load from /home/wangcheng/project/SCVT3/portable_sam_fusion/checkpoints/sam_vit_b_01ec64.pth 
 
02/11 18:27:59 - mmengine - INFO - 
prompt_encoder.mask_embed.layer_norm1.weight - torch.Size([4]): 
PretrainedInit: load from /home/wangcheng/project/SCVT3/portable_sam_fusion/checkpoints/sam_vit_b_01ec64.pth 
 
02/11 18:27:59 - mmengine - INFO - 
prompt_encoder.mask_embed.layer_norm1.bias - torch.Size([4]): 
PretrainedInit: load from /home/wangcheng/project/SCVT3/portable_sam_fusion/checkpoints/sam_vit_b_01ec64.pth 
 
02/11 18:27:59 - mmengine - INFO - 
prompt_encoder.mask_embed.layer_norm2.weight - torch.Size([16]): 
PretrainedInit: load from /home/wangcheng/project/SCVT3/portable_sam_fusion/checkpoints/sam_vit_b_01ec64.pth 
 
02/11 18:27:59 - mmengine - INFO - 
prompt_encoder.mask_embed.layer_norm2.bias - torch.Size([16]): 
PretrainedInit: load from /home/wangcheng/project/SCVT3/portable_sam_fusion/checkpoints/sam_vit_b_01ec64.pth 
 
02/11 18:27:59 - mmengine - INFO - 
prompt_encoder.no_mask_embed.weight - torch.Size([1, 256]): 
PretrainedInit: load from /home/wangcheng/project/SCVT3/portable_sam_fusion/checkpoints/sam_vit_b_01ec64.pth 
 
02/11 18:27:59 - mmengine - INFO - 
prompt_encoder.point_embed.0.weight - torch.Size([1, 256]): 
PretrainedInit: load from /home/wangcheng/project/SCVT3/portable_sam_fusion/checkpoints/sam_vit_b_01ec64.pth 
 
02/11 18:27:59 - mmengine - INFO - 
prompt_encoder.point_embed.1.weight - torch.Size([1, 256]): 
PretrainedInit: load from /home/wangcheng/project/SCVT3/portable_sam_fusion/checkpoints/sam_vit_b_01ec64.pth 
 
02/11 18:27:59 - mmengine - INFO - 
prompt_encoder.point_embed.2.weight - torch.Size([1, 256]): 
PretrainedInit: load from /home/wangcheng/project/SCVT3/portable_sam_fusion/checkpoints/sam_vit_b_01ec64.pth 
 
02/11 18:27:59 - mmengine - INFO - 
prompt_encoder.point_embed.3.weight - torch.Size([1, 256]): 
PretrainedInit: load from /home/wangcheng/project/SCVT3/portable_sam_fusion/checkpoints/sam_vit_b_01ec64.pth 
 
02/11 18:27:59 - mmengine - INFO - 
prompt_encoder.not_a_point_embed.weight - torch.Size([1, 256]): 
PretrainedInit: load from /home/wangcheng/project/SCVT3/portable_sam_fusion/checkpoints/sam_vit_b_01ec64.pth 
 
Loads checkpoint by local backend from path: /home/wangcheng/project/SCVT3/portable_sam_fusion/checkpoints/sam_vit_b_01ec64.pth
Loaded SAM PositionalEmbedding. Missing keys: 0, Unexpected keys: 314
2026-02-11 18:28:00,963 - portable_sam_fusion.data.satellite_drone_dataset - INFO - SatelliteDroneDataset initialized (训练集): 578 scenes, views=4, sat_size=(1024, 1024), drone_size=(512, 512)
2026-02-11 18:28:00,996 - portable_sam_fusion.data.satellite_drone_dataset - INFO - SatelliteDroneDataset initialized (验证集): 56 scenes, views=4, sat_size=(1024, 1024), drone_size=(512, 512)
2026-02-11 18:28:00,996 - portable_sam_fusion - INFO - Dataset size: 578
2026-02-11 18:32:34,652 - portable_sam_fusion - INFO - Epoch 1 detailed losses: loss_rpn_cls=0.7199, loss_rpn_bbox=0.0238, loss_cls=0.3564, acc=97.6096, loss_bbox=0.0015, loss_mask=0.6736
2026-02-11 18:33:19,646 - portable_sam_fusion - INFO - Epoch 1/40 | train=1.031548 val=0.796001 | sat_backbone=1.35e-07 sat_other=2.69e-07 drone_guidance=1.35e-07
2026-02-11 18:37:47,651 - portable_sam_fusion - INFO - Epoch 2 detailed losses: loss_rpn_cls=0.7210, loss_rpn_bbox=0.0247, loss_cls=0.0676, acc=98.2131, loss_bbox=0.0008, loss_mask=0.6073
2026-02-11 18:38:34,097 - portable_sam_fusion - INFO - Epoch 2/40 | train=0.675804 val=0.617355 | sat_backbone=1.69e-07 sat_other=3.38e-07 drone_guidance=1.69e-07
2026-02-11 18:43:04,952 - portable_sam_fusion - INFO - Epoch 3 detailed losses: loss_rpn_cls=0.7214, loss_rpn_bbox=0.0249, loss_cls=0.0330, acc=99.1126, loss_bbox=0.0009, loss_mask=0.5031
2026-02-11 18:43:50,526 - portable_sam_fusion - INFO - Epoch 3/40 | train=0.537022 val=0.510599 | sat_backbone=2.04e-07 sat_other=4.07e-07 drone_guidance=2.04e-07
2026-02-11 18:48:22,397 - portable_sam_fusion - INFO - Epoch 4 detailed losses: loss_rpn_cls=0.7223, loss_rpn_bbox=0.0247, loss_cls=0.0259, acc=99.5594, loss_bbox=0.0010, loss_mask=0.4170
2026-02-11 18:49:11,341 - portable_sam_fusion - INFO - Epoch 4/40 | train=0.443841 val=0.446994 | sat_backbone=2.38e-07 sat_other=4.77e-07 drone_guidance=2.38e-07
2026-02-11 18:53:41,835 - portable_sam_fusion - INFO - Epoch 5 detailed losses: loss_rpn_cls=0.7222, loss_rpn_bbox=0.0248, loss_cls=0.0241, acc=99.5898, loss_bbox=0.0011, loss_mask=0.3573
2026-02-11 18:54:27,701 - portable_sam_fusion - INFO - Epoch 5/40 | train=0.382495 val=0.408099 | sat_backbone=1.00e-04 sat_other=2.00e-04 drone_guidance=1.00e-04
2026-02-11 18:59:02,367 - portable_sam_fusion - INFO - Epoch 6 detailed losses: loss_rpn_cls=0.7251, loss_rpn_bbox=0.0310, loss_cls=0.0109, acc=99.7675, loss_bbox=0.0014, loss_mask=0.2378
2026-02-11 18:59:47,913 - portable_sam_fusion - INFO - Epoch 6/40 | train=0.250075 val=0.225049 | sat_backbone=9.99e-05 sat_other=2.00e-04 drone_guidance=9.99e-05
2026-02-11 19:04:17,433 - portable_sam_fusion - INFO - Epoch 7 detailed losses: loss_rpn_cls=0.7252, loss_rpn_bbox=0.0313, loss_cls=0.0000, acc=100.0000, loss_bbox=0.0001, loss_mask=0.1869
2026-02-11 19:05:02,678 - portable_sam_fusion - INFO - Epoch 7/40 | train=0.186946 val=0.188300 | sat_backbone=9.95e-05 sat_other=1.99e-04 drone_guidance=9.95e-05
2026-02-11 19:09:33,671 - portable_sam_fusion - INFO - Epoch 8 detailed losses: loss_rpn_cls=0.7251, loss_rpn_bbox=0.0295, loss_cls=0.0000, acc=100.0000, loss_bbox=0.0000, loss_mask=0.1500
2026-02-11 19:10:18,451 - portable_sam_fusion - INFO - Epoch 8/40 | train=0.149993 val=0.143281 | sat_backbone=9.89e-05 sat_other=1.98e-04 drone_guidance=9.89e-05
2026-02-11 19:14:53,247 - portable_sam_fusion - INFO - Epoch 9 detailed losses: loss_rpn_cls=0.7274, loss_rpn_bbox=0.0274, loss_cls=0.0000, acc=100.0000, loss_bbox=0.0000, loss_mask=0.1068
2026-02-11 19:15:40,161 - portable_sam_fusion - INFO - Epoch 9/40 | train=0.106837 val=0.104956 | sat_backbone=9.80e-05 sat_other=1.96e-04 drone_guidance=9.80e-05
2026-02-11 19:20:11,717 - portable_sam_fusion - INFO - Epoch 10 detailed losses: loss_rpn_cls=0.7297, loss_rpn_bbox=0.0260, loss_cls=0.0000, acc=99.9993, loss_bbox=0.0000, loss_mask=0.0759
2026-02-11 19:20:56,389 - portable_sam_fusion - INFO - Epoch 10/40 | train=0.075927 val=0.079862 | sat_backbone=9.70e-05 sat_other=1.93e-04 drone_guidance=9.70e-05
2026-02-11 19:25:24,939 - portable_sam_fusion - INFO - Epoch 11 detailed losses: loss_rpn_cls=0.7309, loss_rpn_bbox=0.0248, loss_cls=0.0000, acc=100.0000, loss_bbox=0.0000, loss_mask=0.0585
2026-02-11 19:26:09,631 - portable_sam_fusion - INFO - Epoch 11/40 | train=0.058475 val=0.078744 | sat_backbone=9.56e-05 sat_other=1.90e-04 drone_guidance=9.56e-05
2026-02-11 19:30:38,948 - portable_sam_fusion - INFO - Epoch 12 detailed losses: loss_rpn_cls=0.7325, loss_rpn_bbox=0.0246, loss_cls=0.0000, acc=100.0000, loss_bbox=0.0000, loss_mask=0.0495
2026-02-11 19:31:23,736 - portable_sam_fusion - INFO - Epoch 12/40 | train=0.049497 val=0.059738 | sat_backbone=9.41e-05 sat_other=1.87e-04 drone_guidance=9.41e-05
2026-02-11 19:35:56,045 - portable_sam_fusion - INFO - Epoch 13 detailed losses: loss_rpn_cls=0.7306, loss_rpn_bbox=0.0242, loss_cls=0.0000, acc=100.0000, loss_bbox=0.0000, loss_mask=0.0409
2026-02-11 19:36:41,162 - portable_sam_fusion - INFO - Epoch 13/40 | train=0.040904 val=0.052659 | sat_backbone=9.24e-05 sat_other=1.83e-04 drone_guidance=9.24e-05
2026-02-11 19:41:16,539 - portable_sam_fusion - INFO - Epoch 14 detailed losses: loss_rpn_cls=0.7296, loss_rpn_bbox=0.0241, loss_cls=0.0000, acc=100.0000, loss_bbox=0.0000, loss_mask=0.0321
2026-02-11 19:42:01,801 - portable_sam_fusion - INFO - Epoch 14/40 | train=0.032110 val=0.046350 | sat_backbone=9.04e-05 sat_other=1.78e-04 drone_guidance=9.04e-05
2026-02-11 19:46:32,347 - portable_sam_fusion - INFO - Epoch 15 detailed losses: loss_rpn_cls=0.7280, loss_rpn_bbox=0.0236, loss_cls=0.0000, acc=100.0000, loss_bbox=0.0000, loss_mask=0.0292
2026-02-11 19:47:03,755 - portable_sam_fusion - INFO - Epoch 15/40 | train=0.029193 val=0.060218 | sat_backbone=8.83e-05 sat_other=1.74e-04 drone_guidance=8.83e-05
2026-02-11 19:51:39,325 - portable_sam_fusion - INFO - Epoch 16 detailed losses: loss_rpn_cls=0.7280, loss_rpn_bbox=0.0236, loss_cls=0.0000, acc=100.0000, loss_bbox=0.0000, loss_mask=0.0251
2026-02-11 19:52:10,577 - portable_sam_fusion - INFO - Epoch 16/40 | train=0.025127 val=0.050496 | sat_backbone=8.60e-05 sat_other=1.68e-04 drone_guidance=8.60e-05
2026-02-11 19:56:39,160 - portable_sam_fusion - INFO - Epoch 17 detailed losses: loss_rpn_cls=0.7309, loss_rpn_bbox=0.0238, loss_cls=0.0000, acc=100.0000, loss_bbox=0.0000, loss_mask=0.0192
2026-02-11 19:57:24,058 - portable_sam_fusion - INFO - Epoch 17/40 | train=0.019159 val=0.046083 | sat_backbone=8.35e-05 sat_other=1.63e-04 drone_guidance=8.35e-05
2026-02-11 20:01:20,187 - portable_sam_fusion - INFO - Epoch 18 detailed losses: loss_rpn_cls=0.7283, loss_rpn_bbox=0.0235, loss_cls=0.0000, acc=100.0000, loss_bbox=0.0000, loss_mask=0.0175
2026-02-11 20:01:51,395 - portable_sam_fusion - INFO - Epoch 18/40 | train=0.017462 val=0.058185 | sat_backbone=8.09e-05 sat_other=1.57e-04 drone_guidance=8.09e-05
2026-02-11 20:06:30,910 - portable_sam_fusion - INFO - Epoch 19 detailed losses: loss_rpn_cls=0.7257, loss_rpn_bbox=0.0235, loss_cls=0.0000, acc=100.0000, loss_bbox=0.0000, loss_mask=0.0164
2026-02-11 20:07:01,896 - portable_sam_fusion - INFO - Epoch 19/40 | train=0.016406 val=0.053186 | sat_backbone=7.82e-05 sat_other=1.51e-04 drone_guidance=7.82e-05
2026-02-11 20:11:45,915 - portable_sam_fusion - INFO - Epoch 20 detailed losses: loss_rpn_cls=0.7257, loss_rpn_bbox=0.0232, loss_cls=0.0000, acc=100.0000, loss_bbox=0.0000, loss_mask=0.0143
2026-02-11 20:12:17,874 - portable_sam_fusion - INFO - Epoch 20/40 | train=0.014331 val=0.058822 | sat_backbone=7.53e-05 sat_other=1.44e-04 drone_guidance=7.53e-05
2026-02-11 20:16:50,969 - portable_sam_fusion - INFO - Epoch 21 detailed losses: loss_rpn_cls=0.7211, loss_rpn_bbox=0.0229, loss_cls=0.0000, acc=100.0000, loss_bbox=0.0000, loss_mask=0.0116
2026-02-11 20:17:35,668 - portable_sam_fusion - INFO - Epoch 21/40 | train=0.011650 val=0.042140 | sat_backbone=7.24e-05 sat_other=1.38e-04 drone_guidance=7.24e-05
2026-02-11 20:22:10,840 - portable_sam_fusion - INFO - Epoch 22 detailed losses: loss_rpn_cls=0.7206, loss_rpn_bbox=0.0229, loss_cls=0.0000, acc=100.0000, loss_bbox=0.0000, loss_mask=0.0107
2026-02-11 20:22:41,803 - portable_sam_fusion - INFO - Epoch 22/40 | train=0.010716 val=0.046888 | sat_backbone=6.93e-05 sat_other=1.31e-04 drone_guidance=6.93e-05
2026-02-11 20:27:11,386 - portable_sam_fusion - INFO - Epoch 23 detailed losses: loss_rpn_cls=0.7219, loss_rpn_bbox=0.0229, loss_cls=0.0000, acc=100.0000, loss_bbox=0.0000, loss_mask=0.0099
2026-02-11 20:27:42,654 - portable_sam_fusion - INFO - Epoch 23/40 | train=0.009918 val=0.047934 | sat_backbone=6.63e-05 sat_other=1.24e-04 drone_guidance=6.63e-05
2026-02-11 20:32:15,795 - portable_sam_fusion - INFO - Epoch 24 detailed losses: loss_rpn_cls=0.7238, loss_rpn_bbox=0.0229, loss_cls=0.0000, acc=100.0000, loss_bbox=0.0000, loss_mask=0.0085
2026-02-11 20:32:46,768 - portable_sam_fusion - INFO - Epoch 24/40 | train=0.008467 val=0.053427 | sat_backbone=6.31e-05 sat_other=1.17e-04 drone_guidance=6.31e-05
2026-02-11 20:37:19,273 - portable_sam_fusion - INFO - Epoch 25 detailed losses: loss_rpn_cls=0.7238, loss_rpn_bbox=0.0228, loss_cls=0.0000, acc=100.0000, loss_bbox=0.0000, loss_mask=0.0081
2026-02-11 20:37:51,338 - portable_sam_fusion - INFO - Epoch 25/40 | train=0.008073 val=0.054715 | sat_backbone=6.00e-05 sat_other=1.10e-04 drone_guidance=6.00e-05
2026-02-11 20:42:20,349 - portable_sam_fusion - INFO - Epoch 26 detailed losses: loss_rpn_cls=0.7246, loss_rpn_bbox=0.0229, loss_cls=0.0000, acc=100.0000, loss_bbox=0.0000, loss_mask=0.0083
2026-02-11 20:42:53,000 - portable_sam_fusion - INFO - Epoch 26/40 | train=0.008324 val=0.046857 | sat_backbone=5.69e-05 sat_other=1.03e-04 drone_guidance=5.69e-05
2026-02-11 20:47:22,545 - portable_sam_fusion - INFO - Epoch 27 detailed losses: loss_rpn_cls=0.7247, loss_rpn_bbox=0.0230, loss_cls=0.0000, acc=100.0000, loss_bbox=0.0000, loss_mask=0.0082
2026-02-11 20:47:53,677 - portable_sam_fusion - INFO - Epoch 27/40 | train=0.008155 val=0.044952 | sat_backbone=5.37e-05 sat_other=9.59e-05 drone_guidance=5.37e-05
2026-02-11 20:52:25,826 - portable_sam_fusion - INFO - Epoch 28 detailed losses: loss_rpn_cls=0.7241, loss_rpn_bbox=0.0230, loss_cls=0.0000, acc=100.0000, loss_bbox=0.0000, loss_mask=0.0070
2026-02-11 20:52:56,547 - portable_sam_fusion - INFO - Epoch 28/40 | train=0.007046 val=0.062347 | sat_backbone=5.07e-05 sat_other=8.90e-05 drone_guidance=5.07e-05
2026-02-11 20:57:28,967 - portable_sam_fusion - INFO - Epoch 29 detailed losses: loss_rpn_cls=0.7229, loss_rpn_bbox=0.0229, loss_cls=0.0000, acc=100.0000, loss_bbox=0.0000, loss_mask=0.0063
2026-02-11 20:58:00,268 - portable_sam_fusion - INFO - Epoch 29/40 | train=0.006265 val=0.054516 | sat_backbone=4.76e-05 sat_other=8.22e-05 drone_guidance=4.76e-05
2026-02-11 21:02:28,045 - portable_sam_fusion - INFO - Epoch 30 detailed losses: loss_rpn_cls=0.7230, loss_rpn_bbox=0.0229, loss_cls=0.0000, acc=100.0000, loss_bbox=0.0000, loss_mask=0.0063
2026-02-11 21:02:48,864 - portable_sam_fusion - INFO - Epoch 30/40 | train=0.006306 val=0.058329 | sat_backbone=4.47e-05 sat_other=7.56e-05 drone_guidance=4.47e-05
2026-02-11 21:07:18,788 - portable_sam_fusion - INFO - Epoch 31 detailed losses: loss_rpn_cls=0.7238, loss_rpn_bbox=0.0230, loss_cls=0.0000, acc=100.0000, loss_bbox=0.0000, loss_mask=0.0057
2026-02-11 21:07:39,348 - portable_sam_fusion - INFO - Epoch 31/40 | train=0.005722 val=0.062453 | sat_backbone=4.18e-05 sat_other=6.91e-05 drone_guidance=4.18e-05
2026-02-11 21:12:16,064 - portable_sam_fusion - INFO - Epoch 32 detailed losses: loss_rpn_cls=0.7230, loss_rpn_bbox=0.0229, loss_cls=0.0000, acc=100.0000, loss_bbox=0.0000, loss_mask=0.0049
2026-02-11 21:12:38,281 - portable_sam_fusion - INFO - Epoch 32/40 | train=0.004878 val=0.066399 | sat_backbone=3.91e-05 sat_other=6.30e-05 drone_guidance=3.91e-05
2026-02-11 21:17:08,866 - portable_sam_fusion - INFO - Epoch 33 detailed losses: loss_rpn_cls=0.7228, loss_rpn_bbox=0.0229, loss_cls=0.0000, acc=100.0000, loss_bbox=0.0000, loss_mask=0.0045
2026-02-11 21:17:29,047 - portable_sam_fusion - INFO - Epoch 33/40 | train=0.004537 val=0.075380 | sat_backbone=3.65e-05 sat_other=5.71e-05 drone_guidance=3.65e-05
2026-02-11 21:21:55,124 - portable_sam_fusion - INFO - Epoch 34 detailed losses: loss_rpn_cls=0.7229, loss_rpn_bbox=0.0228, loss_cls=0.0000, acc=100.0000, loss_bbox=0.0000, loss_mask=0.0043
2026-02-11 21:22:15,615 - portable_sam_fusion - INFO - Epoch 34/40 | train=0.004286 val=0.079395 | sat_backbone=3.40e-05 sat_other=5.15e-05 drone_guidance=3.40e-05
2026-02-11 21:26:45,997 - portable_sam_fusion - INFO - Epoch 35 detailed losses: loss_rpn_cls=0.7229, loss_rpn_bbox=0.0228, loss_cls=0.0000, acc=100.0000, loss_bbox=0.0000, loss_mask=0.0041
2026-02-11 21:27:06,373 - portable_sam_fusion - INFO - Epoch 35/40 | train=0.004070 val=0.081659 | sat_backbone=3.17e-05 sat_other=4.64e-05 drone_guidance=3.17e-05
2026-02-11 21:31:37,751 - portable_sam_fusion - INFO - Epoch 36 detailed losses: loss_rpn_cls=0.7225, loss_rpn_bbox=0.0228, loss_cls=0.0000, acc=100.0000, loss_bbox=0.0000, loss_mask=0.0039
2026-02-11 21:31:57,658 - portable_sam_fusion - INFO - Epoch 36/40 | train=0.003920 val=0.085802 | sat_backbone=2.96e-05 sat_other=4.16e-05 drone_guidance=2.96e-05
2026-02-11 21:31:57,659 - portable_sam_fusion - INFO - Early stopping triggered (patience=15)
