/home/wangcheng/anaconda3/envs/cvt/lib/python3.9/site-packages/imagecorruptions/corruptions.py:17: UserWarning: pkg_resources is deprecated as an API. See https://setuptools.pypa.io/en/latest/pkg_resources.html. The pkg_resources package is slated for removal as early as 2025-11-30. Refrain from using this package or pin to Setuptools<81.
  from pkg_resources import resource_filename
Loads checkpoint by local backend from path: /home/wangcheng/project/SCVT3/portable_sam_fusion/checkpoints/sam_vit_b_01ec64.pth
Loaded SAM VisionEncoder with interpolation. Missing keys: 0, Unexpected keys: 138
Enabled gradient checkpointing for SAM VisionEncoder (via forward wrapper)
02/20 14:49:16 - mmengine - INFO - load model from: /home/wangcheng/project/SCVT3/portable_sam_fusion/checkpoints/sam_vit_b_01ec64.pth
02/20 14:49:16 - mmengine - INFO - Loads checkpoint by local backend from path: /home/wangcheng/project/SCVT3/portable_sam_fusion/checkpoints/sam_vit_b_01ec64.pth
02/20 14:49:17 - mmengine - WARNING - The model and loaded state dict do not match exactly

unexpected key in source state_dict: shared_image_embedding.positional_embedding, vision_encoder.pos_embed, vision_encoder.patch_embed.projection.weight, vision_encoder.patch_embed.projection.bias, vision_encoder.layers.0.layer_norm1.weight, vision_encoder.layers.0.layer_norm1.bias, vision_encoder.layers.0.attn.rel_pos_h, vision_encoder.layers.0.attn.rel_pos_w, vision_encoder.layers.0.attn.qkv.weight, vision_encoder.layers.0.attn.qkv.bias, vision_encoder.layers.0.attn.proj.weight, vision_encoder.layers.0.attn.proj.bias, vision_encoder.layers.0.layer_norm2.weight, vision_encoder.layers.0.layer_norm2.bias, vision_encoder.layers.0.mlp.lin1.weight, vision_encoder.layers.0.mlp.lin1.bias, vision_encoder.layers.0.mlp.lin2.weight, vision_encoder.layers.0.mlp.lin2.bias, vision_encoder.layers.1.layer_norm1.weight, vision_encoder.layers.1.layer_norm1.bias, vision_encoder.layers.1.attn.rel_pos_h, vision_encoder.layers.1.attn.rel_pos_w, vision_encoder.layers.1.attn.qkv.weight, vision_encoder.layers.1.attn.qkv.bias, vision_encoder.layers.1.attn.proj.weight, vision_encoder.layers.1.attn.proj.bias, vision_encoder.layers.1.layer_norm2.weight, vision_encoder.layers.1.layer_norm2.bias, vision_encoder.layers.1.mlp.lin1.weight, vision_encoder.layers.1.mlp.lin1.bias, vision_encoder.layers.1.mlp.lin2.weight, vision_encoder.layers.1.mlp.lin2.bias, vision_encoder.layers.2.layer_norm1.weight, vision_encoder.layers.2.layer_norm1.bias, vision_encoder.layers.2.attn.rel_pos_h, vision_encoder.layers.2.attn.rel_pos_w, vision_encoder.layers.2.attn.qkv.weight, vision_encoder.layers.2.attn.qkv.bias, vision_encoder.layers.2.attn.proj.weight, vision_encoder.layers.2.attn.proj.bias, vision_encoder.layers.2.layer_norm2.weight, vision_encoder.layers.2.layer_norm2.bias, vision_encoder.layers.2.mlp.lin1.weight, vision_encoder.layers.2.mlp.lin1.bias, vision_encoder.layers.2.mlp.lin2.weight, vision_encoder.layers.2.mlp.lin2.bias, vision_encoder.layers.3.layer_norm1.weight, vision_encoder.layers.3.layer_norm1.bias, vision_encoder.layers.3.attn.rel_pos_h, vision_encoder.layers.3.attn.rel_pos_w, vision_encoder.layers.3.attn.qkv.weight, vision_encoder.layers.3.attn.qkv.bias, vision_encoder.layers.3.attn.proj.weight, vision_encoder.layers.3.attn.proj.bias, vision_encoder.layers.3.layer_norm2.weight, vision_encoder.layers.3.layer_norm2.bias, vision_encoder.layers.3.mlp.lin1.weight, vision_encoder.layers.3.mlp.lin1.bias, vision_encoder.layers.3.mlp.lin2.weight, vision_encoder.layers.3.mlp.lin2.bias, vision_encoder.layers.4.layer_norm1.weight, vision_encoder.layers.4.layer_norm1.bias, vision_encoder.layers.4.attn.rel_pos_h, vision_encoder.layers.4.attn.rel_pos_w, vision_encoder.layers.4.attn.qkv.weight, vision_encoder.layers.4.attn.qkv.bias, vision_encoder.layers.4.attn.proj.weight, vision_encoder.layers.4.attn.proj.bias, vision_encoder.layers.4.layer_norm2.weight, vision_encoder.layers.4.layer_norm2.bias, vision_encoder.layers.4.mlp.lin1.weight, vision_encoder.layers.4.mlp.lin1.bias, vision_encoder.layers.4.mlp.lin2.weight, vision_encoder.layers.4.mlp.lin2.bias, vision_encoder.layers.5.layer_norm1.weight, vision_encoder.layers.5.layer_norm1.bias, vision_encoder.layers.5.attn.rel_pos_h, vision_encoder.layers.5.attn.rel_pos_w, vision_encoder.layers.5.attn.qkv.weight, vision_encoder.layers.5.attn.qkv.bias, vision_encoder.layers.5.attn.proj.weight, vision_encoder.layers.5.attn.proj.bias, vision_encoder.layers.5.layer_norm2.weight, vision_encoder.layers.5.layer_norm2.bias, vision_encoder.layers.5.mlp.lin1.weight, vision_encoder.layers.5.mlp.lin1.bias, vision_encoder.layers.5.mlp.lin2.weight, vision_encoder.layers.5.mlp.lin2.bias, vision_encoder.layers.6.layer_norm1.weight, vision_encoder.layers.6.layer_norm1.bias, vision_encoder.layers.6.attn.rel_pos_h, vision_encoder.layers.6.attn.rel_pos_w, vision_encoder.layers.6.attn.qkv.weight, vision_encoder.layers.6.attn.qkv.bias, vision_encoder.layers.6.attn.proj.weight, vision_encoder.layers.6.attn.proj.bias, vision_encoder.layers.6.layer_norm2.weight, vision_encoder.layers.6.layer_norm2.bias, vision_encoder.layers.6.mlp.lin1.weight, vision_encoder.layers.6.mlp.lin1.bias, vision_encoder.layers.6.mlp.lin2.weight, vision_encoder.layers.6.mlp.lin2.bias, vision_encoder.layers.7.layer_norm1.weight, vision_encoder.layers.7.layer_norm1.bias, vision_encoder.layers.7.attn.rel_pos_h, vision_encoder.layers.7.attn.rel_pos_w, vision_encoder.layers.7.attn.qkv.weight, vision_encoder.layers.7.attn.qkv.bias, vision_encoder.layers.7.attn.proj.weight, vision_encoder.layers.7.attn.proj.bias, vision_encoder.layers.7.layer_norm2.weight, vision_encoder.layers.7.layer_norm2.bias, vision_encoder.layers.7.mlp.lin1.weight, vision_encoder.layers.7.mlp.lin1.bias, vision_encoder.layers.7.mlp.lin2.weight, vision_encoder.layers.7.mlp.lin2.bias, vision_encoder.layers.8.layer_norm1.weight, vision_encoder.layers.8.layer_norm1.bias, vision_encoder.layers.8.attn.rel_pos_h, vision_encoder.layers.8.attn.rel_pos_w, vision_encoder.layers.8.attn.qkv.weight, vision_encoder.layers.8.attn.qkv.bias, vision_encoder.layers.8.attn.proj.weight, vision_encoder.layers.8.attn.proj.bias, vision_encoder.layers.8.layer_norm2.weight, vision_encoder.layers.8.layer_norm2.bias, vision_encoder.layers.8.mlp.lin1.weight, vision_encoder.layers.8.mlp.lin1.bias, vision_encoder.layers.8.mlp.lin2.weight, vision_encoder.layers.8.mlp.lin2.bias, vision_encoder.layers.9.layer_norm1.weight, vision_encoder.layers.9.layer_norm1.bias, vision_encoder.layers.9.attn.rel_pos_h, vision_encoder.layers.9.attn.rel_pos_w, vision_encoder.layers.9.attn.qkv.weight, vision_encoder.layers.9.attn.qkv.bias, vision_encoder.layers.9.attn.proj.weight, vision_encoder.layers.9.attn.proj.bias, vision_encoder.layers.9.layer_norm2.weight, vision_encoder.layers.9.layer_norm2.bias, vision_encoder.layers.9.mlp.lin1.weight, vision_encoder.layers.9.mlp.lin1.bias, vision_encoder.layers.9.mlp.lin2.weight, vision_encoder.layers.9.mlp.lin2.bias, vision_encoder.layers.10.layer_norm1.weight, vision_encoder.layers.10.layer_norm1.bias, vision_encoder.layers.10.attn.rel_pos_h, vision_encoder.layers.10.attn.rel_pos_w, vision_encoder.layers.10.attn.qkv.weight, vision_encoder.layers.10.attn.qkv.bias, vision_encoder.layers.10.attn.proj.weight, vision_encoder.layers.10.attn.proj.bias, vision_encoder.layers.10.layer_norm2.weight, vision_encoder.layers.10.layer_norm2.bias, vision_encoder.layers.10.mlp.lin1.weight, vision_encoder.layers.10.mlp.lin1.bias, vision_encoder.layers.10.mlp.lin2.weight, vision_encoder.layers.10.mlp.lin2.bias, vision_encoder.layers.11.layer_norm1.weight, vision_encoder.layers.11.layer_norm1.bias, vision_encoder.layers.11.attn.rel_pos_h, vision_encoder.layers.11.attn.rel_pos_w, vision_encoder.layers.11.attn.qkv.weight, vision_encoder.layers.11.attn.qkv.bias, vision_encoder.layers.11.attn.proj.weight, vision_encoder.layers.11.attn.proj.bias, vision_encoder.layers.11.layer_norm2.weight, vision_encoder.layers.11.layer_norm2.bias, vision_encoder.layers.11.mlp.lin1.weight, vision_encoder.layers.11.mlp.lin1.bias, vision_encoder.layers.11.mlp.lin2.weight, vision_encoder.layers.11.mlp.lin2.bias, vision_encoder.neck.conv1.weight, vision_encoder.neck.layer_norm1.weight, vision_encoder.neck.layer_norm1.bias, vision_encoder.neck.conv2.weight, vision_encoder.neck.layer_norm2.weight, vision_encoder.neck.layer_norm2.bias, mask_decoder.iou_token.weight, mask_decoder.mask_tokens.weight, mask_decoder.transformer.layers.0.self_attn.q_proj.weight, mask_decoder.transformer.layers.0.self_attn.q_proj.bias, mask_decoder.transformer.layers.0.self_attn.k_proj.weight, mask_decoder.transformer.layers.0.self_attn.k_proj.bias, mask_decoder.transformer.layers.0.self_attn.v_proj.weight, mask_decoder.transformer.layers.0.self_attn.v_proj.bias, mask_decoder.transformer.layers.0.self_attn.out_proj.weight, mask_decoder.transformer.layers.0.self_attn.out_proj.bias, mask_decoder.transformer.layers.0.layer_norm1.weight, mask_decoder.transformer.layers.0.layer_norm1.bias, mask_decoder.transformer.layers.0.cross_attn_token_to_image.q_proj.weight, mask_decoder.transformer.layers.0.cross_attn_token_to_image.q_proj.bias, mask_decoder.transformer.layers.0.cross_attn_token_to_image.k_proj.weight, mask_decoder.transformer.layers.0.cross_attn_token_to_image.k_proj.bias, mask_decoder.transformer.layers.0.cross_attn_token_to_image.v_proj.weight, mask_decoder.transformer.layers.0.cross_attn_token_to_image.v_proj.bias, mask_decoder.transformer.layers.0.cross_attn_token_to_image.out_proj.weight, mask_decoder.transformer.layers.0.cross_attn_token_to_image.out_proj.bias, mask_decoder.transformer.layers.0.layer_norm2.weight, mask_decoder.transformer.layers.0.layer_norm2.bias, mask_decoder.transformer.layers.0.mlp.lin1.weight, mask_decoder.transformer.layers.0.mlp.lin1.bias, mask_decoder.transformer.layers.0.mlp.lin2.weight, mask_decoder.transformer.layers.0.mlp.lin2.bias, mask_decoder.transformer.layers.0.layer_norm3.weight, mask_decoder.transformer.layers.0.layer_norm3.bias, mask_decoder.transformer.layers.0.layer_norm4.weight, mask_decoder.transformer.layers.0.layer_norm4.bias, mask_decoder.transformer.layers.0.cross_attn_image_to_token.q_proj.weight, mask_decoder.transformer.layers.0.cross_attn_image_to_token.q_proj.bias, mask_decoder.transformer.layers.0.cross_attn_image_to_token.k_proj.weight, mask_decoder.transformer.layers.0.cross_attn_image_to_token.k_proj.bias, mask_decoder.transformer.layers.0.cross_attn_image_to_token.v_proj.weight, mask_decoder.transformer.layers.0.cross_attn_image_to_token.v_proj.bias, mask_decoder.transformer.layers.0.cross_attn_image_to_token.out_proj.weight, mask_decoder.transformer.layers.0.cross_attn_image_to_token.out_proj.bias, mask_decoder.transformer.layers.1.self_attn.q_proj.weight, mask_decoder.transformer.layers.1.self_attn.q_proj.bias, mask_decoder.transformer.layers.1.self_attn.k_proj.weight, mask_decoder.transformer.layers.1.self_attn.k_proj.bias, mask_decoder.transformer.layers.1.self_attn.v_proj.weight, mask_decoder.transformer.layers.1.self_attn.v_proj.bias, mask_decoder.transformer.layers.1.self_attn.out_proj.weight, mask_decoder.transformer.layers.1.self_attn.out_proj.bias, mask_decoder.transformer.layers.1.layer_norm1.weight, mask_decoder.transformer.layers.1.layer_norm1.bias, mask_decoder.transformer.layers.1.cross_attn_token_to_image.q_proj.weight, mask_decoder.transformer.layers.1.cross_attn_token_to_image.q_proj.bias, mask_decoder.transformer.layers.1.cross_attn_token_to_image.k_proj.weight, mask_decoder.transformer.layers.1.cross_attn_token_to_image.k_proj.bias, mask_decoder.transformer.layers.1.cross_attn_token_to_image.v_proj.weight, mask_decoder.transformer.layers.1.cross_attn_token_to_image.v_proj.bias, mask_decoder.transformer.layers.1.cross_attn_token_to_image.out_proj.weight, mask_decoder.transformer.layers.1.cross_attn_token_to_image.out_proj.bias, mask_decoder.transformer.layers.1.layer_norm2.weight, mask_decoder.transformer.layers.1.layer_norm2.bias, mask_decoder.transformer.layers.1.mlp.lin1.weight, mask_decoder.transformer.layers.1.mlp.lin1.bias, mask_decoder.transformer.layers.1.mlp.lin2.weight, mask_decoder.transformer.layers.1.mlp.lin2.bias, mask_decoder.transformer.layers.1.layer_norm3.weight, mask_decoder.transformer.layers.1.layer_norm3.bias, mask_decoder.transformer.layers.1.layer_norm4.weight, mask_decoder.transformer.layers.1.layer_norm4.bias, mask_decoder.transformer.layers.1.cross_attn_image_to_token.q_proj.weight, mask_decoder.transformer.layers.1.cross_attn_image_to_token.q_proj.bias, mask_decoder.transformer.layers.1.cross_attn_image_to_token.k_proj.weight, mask_decoder.transformer.layers.1.cross_attn_image_to_token.k_proj.bias, mask_decoder.transformer.layers.1.cross_attn_image_to_token.v_proj.weight, mask_decoder.transformer.layers.1.cross_attn_image_to_token.v_proj.bias, mask_decoder.transformer.layers.1.cross_attn_image_to_token.out_proj.weight, mask_decoder.transformer.layers.1.cross_attn_image_to_token.out_proj.bias, mask_decoder.transformer.final_attn_token_to_image.q_proj.weight, mask_decoder.transformer.final_attn_token_to_image.q_proj.bias, mask_decoder.transformer.final_attn_token_to_image.k_proj.weight, mask_decoder.transformer.final_attn_token_to_image.k_proj.bias, mask_decoder.transformer.final_attn_token_to_image.v_proj.weight, mask_decoder.transformer.final_attn_token_to_image.v_proj.bias, mask_decoder.transformer.final_attn_token_to_image.out_proj.weight, mask_decoder.transformer.final_attn_token_to_image.out_proj.bias, mask_decoder.transformer.layer_norm_final_attn.weight, mask_decoder.transformer.layer_norm_final_attn.bias, mask_decoder.upscale_conv1.weight, mask_decoder.upscale_conv1.bias, mask_decoder.upscale_conv2.weight, mask_decoder.upscale_conv2.bias, mask_decoder.upscale_layer_norm.weight, mask_decoder.upscale_layer_norm.bias, mask_decoder.output_hypernetworks_mlps.0.proj_in.weight, mask_decoder.output_hypernetworks_mlps.0.proj_in.bias, mask_decoder.output_hypernetworks_mlps.0.proj_out.weight, mask_decoder.output_hypernetworks_mlps.0.proj_out.bias, mask_decoder.output_hypernetworks_mlps.0.layers.0.weight, mask_decoder.output_hypernetworks_mlps.0.layers.0.bias, mask_decoder.output_hypernetworks_mlps.1.proj_in.weight, mask_decoder.output_hypernetworks_mlps.1.proj_in.bias, mask_decoder.output_hypernetworks_mlps.1.proj_out.weight, mask_decoder.output_hypernetworks_mlps.1.proj_out.bias, mask_decoder.output_hypernetworks_mlps.1.layers.0.weight, mask_decoder.output_hypernetworks_mlps.1.layers.0.bias, mask_decoder.output_hypernetworks_mlps.2.proj_in.weight, mask_decoder.output_hypernetworks_mlps.2.proj_in.bias, mask_decoder.output_hypernetworks_mlps.2.proj_out.weight, mask_decoder.output_hypernetworks_mlps.2.proj_out.bias, mask_decoder.output_hypernetworks_mlps.2.layers.0.weight, mask_decoder.output_hypernetworks_mlps.2.layers.0.bias, mask_decoder.output_hypernetworks_mlps.3.proj_in.weight, mask_decoder.output_hypernetworks_mlps.3.proj_in.bias, mask_decoder.output_hypernetworks_mlps.3.proj_out.weight, mask_decoder.output_hypernetworks_mlps.3.proj_out.bias, mask_decoder.output_hypernetworks_mlps.3.layers.0.weight, mask_decoder.output_hypernetworks_mlps.3.layers.0.bias, mask_decoder.iou_prediction_head.proj_in.weight, mask_decoder.iou_prediction_head.proj_in.bias, mask_decoder.iou_prediction_head.proj_out.weight, mask_decoder.iou_prediction_head.proj_out.bias, mask_decoder.iou_prediction_head.layers.0.weight, mask_decoder.iou_prediction_head.layers.0.bias, prompt_encoder.shared_embedding.positional_embedding

02/20 14:49:17 - mmengine - INFO - 
prompt_encoder.mask_embed.conv1.weight - torch.Size([4, 1, 2, 2]): 
PretrainedInit: load from /home/wangcheng/project/SCVT3/portable_sam_fusion/checkpoints/sam_vit_b_01ec64.pth 
 
02/20 14:49:17 - mmengine - INFO - 
prompt_encoder.mask_embed.conv1.bias - torch.Size([4]): 
PretrainedInit: load from /home/wangcheng/project/SCVT3/portable_sam_fusion/checkpoints/sam_vit_b_01ec64.pth 
 
02/20 14:49:17 - mmengine - INFO - 
prompt_encoder.mask_embed.conv2.weight - torch.Size([16, 4, 2, 2]): 
PretrainedInit: load from /home/wangcheng/project/SCVT3/portable_sam_fusion/checkpoints/sam_vit_b_01ec64.pth 
 
02/20 14:49:17 - mmengine - INFO - 
prompt_encoder.mask_embed.conv2.bias - torch.Size([16]): 
PretrainedInit: load from /home/wangcheng/project/SCVT3/portable_sam_fusion/checkpoints/sam_vit_b_01ec64.pth 
 
02/20 14:49:17 - mmengine - INFO - 
prompt_encoder.mask_embed.conv3.weight - torch.Size([256, 16, 1, 1]): 
PretrainedInit: load from /home/wangcheng/project/SCVT3/portable_sam_fusion/checkpoints/sam_vit_b_01ec64.pth 
 
02/20 14:49:17 - mmengine - INFO - 
prompt_encoder.mask_embed.conv3.bias - torch.Size([256]): 
PretrainedInit: load from /home/wangcheng/project/SCVT3/portable_sam_fusion/checkpoints/sam_vit_b_01ec64.pth 
 
02/20 14:49:17 - mmengine - INFO - 
prompt_encoder.mask_embed.layer_norm1.weight - torch.Size([4]): 
PretrainedInit: load from /home/wangcheng/project/SCVT3/portable_sam_fusion/checkpoints/sam_vit_b_01ec64.pth 
 
02/20 14:49:17 - mmengine - INFO - 
prompt_encoder.mask_embed.layer_norm1.bias - torch.Size([4]): 
PretrainedInit: load from /home/wangcheng/project/SCVT3/portable_sam_fusion/checkpoints/sam_vit_b_01ec64.pth 
 
02/20 14:49:17 - mmengine - INFO - 
prompt_encoder.mask_embed.layer_norm2.weight - torch.Size([16]): 
PretrainedInit: load from /home/wangcheng/project/SCVT3/portable_sam_fusion/checkpoints/sam_vit_b_01ec64.pth 
 
02/20 14:49:17 - mmengine - INFO - 
prompt_encoder.mask_embed.layer_norm2.bias - torch.Size([16]): 
PretrainedInit: load from /home/wangcheng/project/SCVT3/portable_sam_fusion/checkpoints/sam_vit_b_01ec64.pth 
 
02/20 14:49:17 - mmengine - INFO - 
prompt_encoder.no_mask_embed.weight - torch.Size([1, 256]): 
PretrainedInit: load from /home/wangcheng/project/SCVT3/portable_sam_fusion/checkpoints/sam_vit_b_01ec64.pth 
 
02/20 14:49:17 - mmengine - INFO - 
prompt_encoder.point_embed.0.weight - torch.Size([1, 256]): 
PretrainedInit: load from /home/wangcheng/project/SCVT3/portable_sam_fusion/checkpoints/sam_vit_b_01ec64.pth 
 
02/20 14:49:17 - mmengine - INFO - 
prompt_encoder.point_embed.1.weight - torch.Size([1, 256]): 
PretrainedInit: load from /home/wangcheng/project/SCVT3/portable_sam_fusion/checkpoints/sam_vit_b_01ec64.pth 
 
02/20 14:49:17 - mmengine - INFO - 
prompt_encoder.point_embed.2.weight - torch.Size([1, 256]): 
PretrainedInit: load from /home/wangcheng/project/SCVT3/portable_sam_fusion/checkpoints/sam_vit_b_01ec64.pth 
 
02/20 14:49:17 - mmengine - INFO - 
prompt_encoder.point_embed.3.weight - torch.Size([1, 256]): 
PretrainedInit: load from /home/wangcheng/project/SCVT3/portable_sam_fusion/checkpoints/sam_vit_b_01ec64.pth 
 
02/20 14:49:17 - mmengine - INFO - 
prompt_encoder.not_a_point_embed.weight - torch.Size([1, 256]): 
PretrainedInit: load from /home/wangcheng/project/SCVT3/portable_sam_fusion/checkpoints/sam_vit_b_01ec64.pth 
 
Loads checkpoint by local backend from path: /home/wangcheng/project/SCVT3/portable_sam_fusion/checkpoints/sam_vit_b_01ec64.pth
Loaded SAM PositionalEmbedding. Missing keys: 0, Unexpected keys: 314
2026-02-20 14:49:17,597 - dinov2 - WARNING - xFormers not available
2026-02-20 14:49:17,599 - dinov2 - WARNING - xFormers not available
2026-02-20 14:49:17,616 - dinov2 - INFO - using MLP layer as FFN
2026-02-20 14:49:22,623 - portable_sam_fusion.data.loader - INFO - Built scene ID mapping: 734 scenes
2026-02-20 14:49:23,102 - portable_sam_fusion.data.satellite_drone_dataset - INFO - SatelliteDroneDataset initialized (训练集): 734 scenes, views=4, sat_size=(1024, 1024), drone_size=(512, 512)
2026-02-20 14:49:23,102 - portable_sam_fusion - INFO - Dataset size: 734
2026-02-20 14:57:18,556 - portable_sam_fusion - INFO - Epoch 1 detailed losses: loss_rpn_cls=0.7092, loss_rpn_bbox=0.0394, loss_cls=0.4154, acc=95.3498, loss_bbox=0.0009, loss_mask=0.6686, loss_contrastive=0.0694, loss_consistency=0.0930, loss_spatial_align=0.0393
2026-02-20 14:57:47,319 - portable_sam_fusion - INFO - Epoch 1/50 | train=2.035333 | sat_backbone=2.10e-06 sat_other=4.20e-06 drone_guidance=2.10e-06 scene_alignment=2.10e-06
2026-02-20 15:06:34,785 - portable_sam_fusion - INFO - Epoch 2 detailed losses: loss_rpn_cls=0.3390, loss_rpn_bbox=0.0252, loss_cls=0.2880, acc=89.4010, loss_bbox=0.2467, loss_mask=0.3994, loss_contrastive=0.0690, loss_consistency=0.0504, loss_spatial_align=0.0383
2026-02-20 15:06:52,330 - portable_sam_fusion - INFO - Epoch 2/50 | train=1.455952 | sat_backbone=4.10e-06 sat_other=8.19e-06 drone_guidance=4.10e-06 scene_alignment=4.10e-06
2026-02-20 15:16:29,039 - portable_sam_fusion - INFO - Epoch 3 detailed losses: loss_rpn_cls=0.0923, loss_rpn_bbox=0.0175, loss_cls=0.2953, acc=87.3462, loss_bbox=0.2813, loss_mask=0.2421, loss_contrastive=0.0567, loss_consistency=0.0146, loss_spatial_align=0.0385
2026-02-20 15:16:47,992 - portable_sam_fusion - INFO - Epoch 3/50 | train=1.038335 | sat_backbone=6.09e-06 sat_other=1.22e-05 drone_guidance=6.09e-06 scene_alignment=6.09e-06
2026-02-20 15:26:40,009 - portable_sam_fusion - INFO - Epoch 4 detailed losses: loss_rpn_cls=0.0551, loss_rpn_bbox=0.0139, loss_cls=0.2746, acc=87.9689, loss_bbox=0.2449, loss_mask=0.1541, loss_contrastive=0.0102, loss_consistency=0.0064, loss_spatial_align=0.0392
2026-02-20 15:26:59,256 - portable_sam_fusion - INFO - Epoch 4/50 | train=0.798390 | sat_backbone=8.09e-06 sat_other=1.62e-05 drone_guidance=8.09e-06 scene_alignment=8.09e-06
2026-02-20 15:37:02,434 - portable_sam_fusion - INFO - Epoch 5 detailed losses: loss_rpn_cls=0.0380, loss_rpn_bbox=0.0116, loss_cls=0.2642, acc=88.6213, loss_bbox=0.2146, loss_mask=0.1333, loss_contrastive=0.0045, loss_consistency=0.0018, loss_spatial_align=0.0387
2026-02-20 15:37:20,808 - portable_sam_fusion - INFO - Epoch 5/50 | train=0.706523 | sat_backbone=1.01e-05 sat_other=2.02e-05 drone_guidance=1.01e-05 scene_alignment=1.01e-05
2026-02-20 15:47:28,750 - portable_sam_fusion - INFO - Epoch 6 detailed losses: loss_rpn_cls=0.0265, loss_rpn_bbox=0.0099, loss_cls=0.2397, acc=89.7948, loss_bbox=0.1772, loss_mask=0.1188, loss_contrastive=0.0049, loss_consistency=0.0008, loss_spatial_align=0.0377
2026-02-20 15:47:49,831 - portable_sam_fusion - INFO - Epoch 6/50 | train=0.615422 | sat_backbone=1.21e-05 sat_other=2.42e-05 drone_guidance=1.21e-05 scene_alignment=1.21e-05
2026-02-20 15:57:56,625 - portable_sam_fusion - INFO - Epoch 7 detailed losses: loss_rpn_cls=0.0192, loss_rpn_bbox=0.0085, loss_cls=0.2187, acc=90.7517, loss_bbox=0.1534, loss_mask=0.1012, loss_contrastive=0.0026, loss_consistency=0.0005, loss_spatial_align=0.0363
2026-02-20 15:58:11,114 - portable_sam_fusion - INFO - Epoch 7/50 | train=0.540416 | sat_backbone=1.41e-05 sat_other=2.82e-05 drone_guidance=1.41e-05 scene_alignment=1.41e-05
2026-02-20 16:07:40,840 - portable_sam_fusion - INFO - Epoch 8 detailed losses: loss_rpn_cls=0.0155, loss_rpn_bbox=0.0076, loss_cls=0.1976, acc=91.6436, loss_bbox=0.1346, loss_mask=0.0844, loss_contrastive=0.0026, loss_consistency=0.0004, loss_spatial_align=0.0352
2026-02-20 16:08:00,442 - portable_sam_fusion - INFO - Epoch 8/50 | train=0.477906 | sat_backbone=1.61e-05 sat_other=3.22e-05 drone_guidance=1.61e-05 scene_alignment=1.61e-05
2026-02-20 16:18:07,683 - portable_sam_fusion - INFO - Epoch 9 detailed losses: loss_rpn_cls=0.0125, loss_rpn_bbox=0.0066, loss_cls=0.1777, acc=92.4738, loss_bbox=0.1151, loss_mask=0.0670, loss_contrastive=0.0023, loss_consistency=0.0003, loss_spatial_align=0.0339
2026-02-20 16:18:26,560 - portable_sam_fusion - INFO - Epoch 9/50 | train=0.415521 | sat_backbone=1.81e-05 sat_other=3.62e-05 drone_guidance=1.81e-05 scene_alignment=1.81e-05
2026-02-20 16:28:37,741 - portable_sam_fusion - INFO - Epoch 10 detailed losses: loss_rpn_cls=0.0103, loss_rpn_bbox=0.0060, loss_cls=0.1616, acc=93.2577, loss_bbox=0.1032, loss_mask=0.0515, loss_contrastive=0.0019, loss_consistency=0.0003, loss_spatial_align=0.0328
2026-02-20 16:28:56,814 - portable_sam_fusion - INFO - Epoch 10/50 | train=0.367543 | sat_backbone=2.01e-05 sat_other=4.02e-05 drone_guidance=2.01e-05 scene_alignment=2.01e-05
2026-02-20 16:39:05,713 - portable_sam_fusion - INFO - Epoch 11 detailed losses: loss_rpn_cls=0.0093, loss_rpn_bbox=0.0054, loss_cls=0.1563, acc=93.4323, loss_bbox=0.0921, loss_mask=0.0371, loss_contrastive=0.0014, loss_consistency=0.0002, loss_spatial_align=0.0313
2026-02-20 16:39:25,106 - portable_sam_fusion - INFO - Epoch 11/50 | train=0.333215 | sat_backbone=2.21e-05 sat_other=4.42e-05 drone_guidance=2.21e-05 scene_alignment=2.21e-05
2026-02-20 16:49:32,291 - portable_sam_fusion - INFO - Epoch 12 detailed losses: loss_rpn_cls=0.0083, loss_rpn_bbox=0.0052, loss_cls=0.1434, acc=94.0342, loss_bbox=0.0853, loss_mask=0.0303, loss_contrastive=0.0011, loss_consistency=0.0002, loss_spatial_align=0.0300
2026-02-20 16:49:51,748 - portable_sam_fusion - INFO - Epoch 12/50 | train=0.303755 | sat_backbone=2.41e-05 sat_other=4.82e-05 drone_guidance=2.41e-05 scene_alignment=2.41e-05
2026-02-20 17:00:03,306 - portable_sam_fusion - INFO - Epoch 13 detailed losses: loss_rpn_cls=0.0059, loss_rpn_bbox=0.0045, loss_cls=0.1324, acc=94.5190, loss_bbox=0.0742, loss_mask=0.0283, loss_contrastive=0.0027, loss_consistency=0.0002, loss_spatial_align=0.0287
2026-02-20 17:00:18,336 - portable_sam_fusion - INFO - Epoch 13/50 | train=0.277076 | sat_backbone=2.61e-05 sat_other=5.21e-05 drone_guidance=2.61e-05 scene_alignment=2.61e-05
2026-02-20 17:10:26,471 - portable_sam_fusion - INFO - Epoch 14 detailed losses: loss_rpn_cls=0.0064, loss_rpn_bbox=0.0044, loss_cls=0.1284, acc=94.7218, loss_bbox=0.0738, loss_mask=0.0277, loss_contrastive=0.0021, loss_consistency=0.0002, loss_spatial_align=0.0275
2026-02-20 17:10:45,569 - portable_sam_fusion - INFO - Epoch 14/50 | train=0.270570 | sat_backbone=2.81e-05 sat_other=5.61e-05 drone_guidance=2.81e-05 scene_alignment=2.81e-05
2026-02-20 17:20:51,641 - portable_sam_fusion - INFO - Epoch 15 detailed losses: loss_rpn_cls=0.0056, loss_rpn_bbox=0.0042, loss_cls=0.1213, acc=94.9921, loss_bbox=0.0680, loss_mask=0.0235, loss_contrastive=0.0020, loss_consistency=0.0001, loss_spatial_align=0.0260
2026-02-20 17:21:10,731 - portable_sam_fusion - INFO - Epoch 15/50 | train=0.250875 | sat_backbone=3.01e-05 sat_other=6.01e-05 drone_guidance=3.01e-05 scene_alignment=3.01e-05
2026-02-20 17:31:21,872 - portable_sam_fusion - INFO - Epoch 16 detailed losses: loss_rpn_cls=0.0063, loss_rpn_bbox=0.0041, loss_cls=0.1174, acc=95.1741, loss_bbox=0.0616, loss_mask=0.0218, loss_contrastive=0.0009, loss_consistency=0.0001, loss_spatial_align=0.0245
2026-02-20 17:31:41,022 - portable_sam_fusion - INFO - Epoch 16/50 | train=0.236659 | sat_backbone=3.21e-05 sat_other=6.41e-05 drone_guidance=3.21e-05 scene_alignment=3.21e-05
2026-02-20 17:41:52,065 - portable_sam_fusion - INFO - Epoch 17 detailed losses: loss_rpn_cls=0.0047, loss_rpn_bbox=0.0039, loss_cls=0.1116, acc=95.3801, loss_bbox=0.0594, loss_mask=0.0198, loss_contrastive=0.0025, loss_consistency=0.0001, loss_spatial_align=0.0231
2026-02-20 17:42:12,691 - portable_sam_fusion - INFO - Epoch 17/50 | train=0.225050 | sat_backbone=3.41e-05 sat_other=6.81e-05 drone_guidance=3.41e-05 scene_alignment=3.41e-05
2026-02-20 17:52:21,295 - portable_sam_fusion - INFO - Epoch 18 detailed losses: loss_rpn_cls=0.0044, loss_rpn_bbox=0.0042, loss_cls=0.1063, acc=95.6201, loss_bbox=0.0555, loss_mask=0.0193, loss_contrastive=0.0010, loss_consistency=0.0001, loss_spatial_align=0.0218
2026-02-20 17:52:41,321 - portable_sam_fusion - INFO - Epoch 18/50 | train=0.212570 | sat_backbone=3.61e-05 sat_other=7.21e-05 drone_guidance=3.61e-05 scene_alignment=3.61e-05
2026-02-20 18:02:47,488 - portable_sam_fusion - INFO - Epoch 19 detailed losses: loss_rpn_cls=0.0034, loss_rpn_bbox=0.0037, loss_cls=0.1044, acc=95.6382, loss_bbox=0.0536, loss_mask=0.0184, loss_contrastive=0.0022, loss_consistency=0.0001, loss_spatial_align=0.0205
2026-02-20 18:03:07,563 - portable_sam_fusion - INFO - Epoch 19/50 | train=0.206274 | sat_backbone=3.81e-05 sat_other=7.61e-05 drone_guidance=3.81e-05 scene_alignment=3.81e-05
2026-02-20 18:13:16,272 - portable_sam_fusion - INFO - Epoch 20 detailed losses: loss_rpn_cls=0.0043, loss_rpn_bbox=0.0038, loss_cls=0.1022, acc=95.8234, loss_bbox=0.0510, loss_mask=0.0217, loss_contrastive=0.0014, loss_consistency=0.0001, loss_spatial_align=0.0190
2026-02-20 18:13:36,267 - portable_sam_fusion - INFO - Epoch 20/50 | train=0.203460 | sat_backbone=4.01e-05 sat_other=8.01e-05 drone_guidance=4.01e-05 scene_alignment=4.01e-05
2026-02-20 18:23:45,125 - portable_sam_fusion - INFO - Epoch 21 detailed losses: loss_rpn_cls=0.0033, loss_rpn_bbox=0.0032, loss_cls=0.0988, acc=95.9474, loss_bbox=0.0492, loss_mask=0.0176, loss_contrastive=0.0013, loss_consistency=0.0001, loss_spatial_align=0.0176
2026-02-20 18:24:05,102 - portable_sam_fusion - INFO - Epoch 21/50 | train=0.191030 | sat_backbone=4.21e-05 sat_other=8.41e-05 drone_guidance=4.21e-05 scene_alignment=4.21e-05
2026-02-20 18:34:16,396 - portable_sam_fusion - INFO - Epoch 22 detailed losses: loss_rpn_cls=0.0030, loss_rpn_bbox=0.0037, loss_cls=0.0948, acc=96.0443, loss_bbox=0.0477, loss_mask=0.0171, loss_contrastive=0.0016, loss_consistency=0.0001, loss_spatial_align=0.0168
2026-02-20 18:34:36,669 - portable_sam_fusion - INFO - Epoch 22/50 | train=0.184770 | sat_backbone=4.41e-05 sat_other=8.81e-05 drone_guidance=4.41e-05 scene_alignment=4.41e-05
2026-02-20 18:44:46,242 - portable_sam_fusion - INFO - Epoch 23 detailed losses: loss_rpn_cls=0.0035, loss_rpn_bbox=0.0032, loss_cls=0.0946, acc=96.1544, loss_bbox=0.0474, loss_mask=0.0161, loss_contrastive=0.0018, loss_consistency=0.0001, loss_spatial_align=0.0155
2026-02-20 18:45:06,223 - portable_sam_fusion - INFO - Epoch 23/50 | train=0.182073 | sat_backbone=4.61e-05 sat_other=9.21e-05 drone_guidance=4.61e-05 scene_alignment=4.61e-05
