/home/wangcheng/anaconda3/envs/cvt/lib/python3.9/site-packages/imagecorruptions/corruptions.py:17: UserWarning: pkg_resources is deprecated as an API. See https://setuptools.pypa.io/en/latest/pkg_resources.html. The pkg_resources package is slated for removal as early as 2025-11-30. Refrain from using this package or pin to Setuptools<81.
  from pkg_resources import resource_filename
Loads checkpoint by local backend from path: /home/wangcheng/project/SCVT3/portable_sam_fusion/checkpoints/sam_vit_b_01ec64.pth
Loaded SAM VisionEncoder with interpolation. Missing keys: 0, Unexpected keys: 138
02/11 13:49:14 - mmengine - INFO - load model from: /home/wangcheng/project/SCVT3/portable_sam_fusion/checkpoints/sam_vit_b_01ec64.pth
02/11 13:49:14 - mmengine - INFO - Loads checkpoint by local backend from path: /home/wangcheng/project/SCVT3/portable_sam_fusion/checkpoints/sam_vit_b_01ec64.pth
02/11 13:49:15 - mmengine - WARNING - The model and loaded state dict do not match exactly

unexpected key in source state_dict: shared_image_embedding.positional_embedding, vision_encoder.pos_embed, vision_encoder.patch_embed.projection.weight, vision_encoder.patch_embed.projection.bias, vision_encoder.layers.0.layer_norm1.weight, vision_encoder.layers.0.layer_norm1.bias, vision_encoder.layers.0.attn.rel_pos_h, vision_encoder.layers.0.attn.rel_pos_w, vision_encoder.layers.0.attn.qkv.weight, vision_encoder.layers.0.attn.qkv.bias, vision_encoder.layers.0.attn.proj.weight, vision_encoder.layers.0.attn.proj.bias, vision_encoder.layers.0.layer_norm2.weight, vision_encoder.layers.0.layer_norm2.bias, vision_encoder.layers.0.mlp.lin1.weight, vision_encoder.layers.0.mlp.lin1.bias, vision_encoder.layers.0.mlp.lin2.weight, vision_encoder.layers.0.mlp.lin2.bias, vision_encoder.layers.1.layer_norm1.weight, vision_encoder.layers.1.layer_norm1.bias, vision_encoder.layers.1.attn.rel_pos_h, vision_encoder.layers.1.attn.rel_pos_w, vision_encoder.layers.1.attn.qkv.weight, vision_encoder.layers.1.attn.qkv.bias, vision_encoder.layers.1.attn.proj.weight, vision_encoder.layers.1.attn.proj.bias, vision_encoder.layers.1.layer_norm2.weight, vision_encoder.layers.1.layer_norm2.bias, vision_encoder.layers.1.mlp.lin1.weight, vision_encoder.layers.1.mlp.lin1.bias, vision_encoder.layers.1.mlp.lin2.weight, vision_encoder.layers.1.mlp.lin2.bias, vision_encoder.layers.2.layer_norm1.weight, vision_encoder.layers.2.layer_norm1.bias, vision_encoder.layers.2.attn.rel_pos_h, vision_encoder.layers.2.attn.rel_pos_w, vision_encoder.layers.2.attn.qkv.weight, vision_encoder.layers.2.attn.qkv.bias, vision_encoder.layers.2.attn.proj.weight, vision_encoder.layers.2.attn.proj.bias, vision_encoder.layers.2.layer_norm2.weight, vision_encoder.layers.2.layer_norm2.bias, vision_encoder.layers.2.mlp.lin1.weight, vision_encoder.layers.2.mlp.lin1.bias, vision_encoder.layers.2.mlp.lin2.weight, vision_encoder.layers.2.mlp.lin2.bias, vision_encoder.layers.3.layer_norm1.weight, vision_encoder.layers.3.layer_norm1.bias, vision_encoder.layers.3.attn.rel_pos_h, vision_encoder.layers.3.attn.rel_pos_w, vision_encoder.layers.3.attn.qkv.weight, vision_encoder.layers.3.attn.qkv.bias, vision_encoder.layers.3.attn.proj.weight, vision_encoder.layers.3.attn.proj.bias, vision_encoder.layers.3.layer_norm2.weight, vision_encoder.layers.3.layer_norm2.bias, vision_encoder.layers.3.mlp.lin1.weight, vision_encoder.layers.3.mlp.lin1.bias, vision_encoder.layers.3.mlp.lin2.weight, vision_encoder.layers.3.mlp.lin2.bias, vision_encoder.layers.4.layer_norm1.weight, vision_encoder.layers.4.layer_norm1.bias, vision_encoder.layers.4.attn.rel_pos_h, vision_encoder.layers.4.attn.rel_pos_w, vision_encoder.layers.4.attn.qkv.weight, vision_encoder.layers.4.attn.qkv.bias, vision_encoder.layers.4.attn.proj.weight, vision_encoder.layers.4.attn.proj.bias, vision_encoder.layers.4.layer_norm2.weight, vision_encoder.layers.4.layer_norm2.bias, vision_encoder.layers.4.mlp.lin1.weight, vision_encoder.layers.4.mlp.lin1.bias, vision_encoder.layers.4.mlp.lin2.weight, vision_encoder.layers.4.mlp.lin2.bias, vision_encoder.layers.5.layer_norm1.weight, vision_encoder.layers.5.layer_norm1.bias, vision_encoder.layers.5.attn.rel_pos_h, vision_encoder.layers.5.attn.rel_pos_w, vision_encoder.layers.5.attn.qkv.weight, vision_encoder.layers.5.attn.qkv.bias, vision_encoder.layers.5.attn.proj.weight, vision_encoder.layers.5.attn.proj.bias, vision_encoder.layers.5.layer_norm2.weight, vision_encoder.layers.5.layer_norm2.bias, vision_encoder.layers.5.mlp.lin1.weight, vision_encoder.layers.5.mlp.lin1.bias, vision_encoder.layers.5.mlp.lin2.weight, vision_encoder.layers.5.mlp.lin2.bias, vision_encoder.layers.6.layer_norm1.weight, vision_encoder.layers.6.layer_norm1.bias, vision_encoder.layers.6.attn.rel_pos_h, vision_encoder.layers.6.attn.rel_pos_w, vision_encoder.layers.6.attn.qkv.weight, vision_encoder.layers.6.attn.qkv.bias, vision_encoder.layers.6.attn.proj.weight, vision_encoder.layers.6.attn.proj.bias, vision_encoder.layers.6.layer_norm2.weight, vision_encoder.layers.6.layer_norm2.bias, vision_encoder.layers.6.mlp.lin1.weight, vision_encoder.layers.6.mlp.lin1.bias, vision_encoder.layers.6.mlp.lin2.weight, vision_encoder.layers.6.mlp.lin2.bias, vision_encoder.layers.7.layer_norm1.weight, vision_encoder.layers.7.layer_norm1.bias, vision_encoder.layers.7.attn.rel_pos_h, vision_encoder.layers.7.attn.rel_pos_w, vision_encoder.layers.7.attn.qkv.weight, vision_encoder.layers.7.attn.qkv.bias, vision_encoder.layers.7.attn.proj.weight, vision_encoder.layers.7.attn.proj.bias, vision_encoder.layers.7.layer_norm2.weight, vision_encoder.layers.7.layer_norm2.bias, vision_encoder.layers.7.mlp.lin1.weight, vision_encoder.layers.7.mlp.lin1.bias, vision_encoder.layers.7.mlp.lin2.weight, vision_encoder.layers.7.mlp.lin2.bias, vision_encoder.layers.8.layer_norm1.weight, vision_encoder.layers.8.layer_norm1.bias, vision_encoder.layers.8.attn.rel_pos_h, vision_encoder.layers.8.attn.rel_pos_w, vision_encoder.layers.8.attn.qkv.weight, vision_encoder.layers.8.attn.qkv.bias, vision_encoder.layers.8.attn.proj.weight, vision_encoder.layers.8.attn.proj.bias, vision_encoder.layers.8.layer_norm2.weight, vision_encoder.layers.8.layer_norm2.bias, vision_encoder.layers.8.mlp.lin1.weight, vision_encoder.layers.8.mlp.lin1.bias, vision_encoder.layers.8.mlp.lin2.weight, vision_encoder.layers.8.mlp.lin2.bias, vision_encoder.layers.9.layer_norm1.weight, vision_encoder.layers.9.layer_norm1.bias, vision_encoder.layers.9.attn.rel_pos_h, vision_encoder.layers.9.attn.rel_pos_w, vision_encoder.layers.9.attn.qkv.weight, vision_encoder.layers.9.attn.qkv.bias, vision_encoder.layers.9.attn.proj.weight, vision_encoder.layers.9.attn.proj.bias, vision_encoder.layers.9.layer_norm2.weight, vision_encoder.layers.9.layer_norm2.bias, vision_encoder.layers.9.mlp.lin1.weight, vision_encoder.layers.9.mlp.lin1.bias, vision_encoder.layers.9.mlp.lin2.weight, vision_encoder.layers.9.mlp.lin2.bias, vision_encoder.layers.10.layer_norm1.weight, vision_encoder.layers.10.layer_norm1.bias, vision_encoder.layers.10.attn.rel_pos_h, vision_encoder.layers.10.attn.rel_pos_w, vision_encoder.layers.10.attn.qkv.weight, vision_encoder.layers.10.attn.qkv.bias, vision_encoder.layers.10.attn.proj.weight, vision_encoder.layers.10.attn.proj.bias, vision_encoder.layers.10.layer_norm2.weight, vision_encoder.layers.10.layer_norm2.bias, vision_encoder.layers.10.mlp.lin1.weight, vision_encoder.layers.10.mlp.lin1.bias, vision_encoder.layers.10.mlp.lin2.weight, vision_encoder.layers.10.mlp.lin2.bias, vision_encoder.layers.11.layer_norm1.weight, vision_encoder.layers.11.layer_norm1.bias, vision_encoder.layers.11.attn.rel_pos_h, vision_encoder.layers.11.attn.rel_pos_w, vision_encoder.layers.11.attn.qkv.weight, vision_encoder.layers.11.attn.qkv.bias, vision_encoder.layers.11.attn.proj.weight, vision_encoder.layers.11.attn.proj.bias, vision_encoder.layers.11.layer_norm2.weight, vision_encoder.layers.11.layer_norm2.bias, vision_encoder.layers.11.mlp.lin1.weight, vision_encoder.layers.11.mlp.lin1.bias, vision_encoder.layers.11.mlp.lin2.weight, vision_encoder.layers.11.mlp.lin2.bias, vision_encoder.neck.conv1.weight, vision_encoder.neck.layer_norm1.weight, vision_encoder.neck.layer_norm1.bias, vision_encoder.neck.conv2.weight, vision_encoder.neck.layer_norm2.weight, vision_encoder.neck.layer_norm2.bias, mask_decoder.iou_token.weight, mask_decoder.mask_tokens.weight, mask_decoder.transformer.layers.0.self_attn.q_proj.weight, mask_decoder.transformer.layers.0.self_attn.q_proj.bias, mask_decoder.transformer.layers.0.self_attn.k_proj.weight, mask_decoder.transformer.layers.0.self_attn.k_proj.bias, mask_decoder.transformer.layers.0.self_attn.v_proj.weight, mask_decoder.transformer.layers.0.self_attn.v_proj.bias, mask_decoder.transformer.layers.0.self_attn.out_proj.weight, mask_decoder.transformer.layers.0.self_attn.out_proj.bias, mask_decoder.transformer.layers.0.layer_norm1.weight, mask_decoder.transformer.layers.0.layer_norm1.bias, mask_decoder.transformer.layers.0.cross_attn_token_to_image.q_proj.weight, mask_decoder.transformer.layers.0.cross_attn_token_to_image.q_proj.bias, mask_decoder.transformer.layers.0.cross_attn_token_to_image.k_proj.weight, mask_decoder.transformer.layers.0.cross_attn_token_to_image.k_proj.bias, mask_decoder.transformer.layers.0.cross_attn_token_to_image.v_proj.weight, mask_decoder.transformer.layers.0.cross_attn_token_to_image.v_proj.bias, mask_decoder.transformer.layers.0.cross_attn_token_to_image.out_proj.weight, mask_decoder.transformer.layers.0.cross_attn_token_to_image.out_proj.bias, mask_decoder.transformer.layers.0.layer_norm2.weight, mask_decoder.transformer.layers.0.layer_norm2.bias, mask_decoder.transformer.layers.0.mlp.lin1.weight, mask_decoder.transformer.layers.0.mlp.lin1.bias, mask_decoder.transformer.layers.0.mlp.lin2.weight, mask_decoder.transformer.layers.0.mlp.lin2.bias, mask_decoder.transformer.layers.0.layer_norm3.weight, mask_decoder.transformer.layers.0.layer_norm3.bias, mask_decoder.transformer.layers.0.layer_norm4.weight, mask_decoder.transformer.layers.0.layer_norm4.bias, mask_decoder.transformer.layers.0.cross_attn_image_to_token.q_proj.weight, mask_decoder.transformer.layers.0.cross_attn_image_to_token.q_proj.bias, mask_decoder.transformer.layers.0.cross_attn_image_to_token.k_proj.weight, mask_decoder.transformer.layers.0.cross_attn_image_to_token.k_proj.bias, mask_decoder.transformer.layers.0.cross_attn_image_to_token.v_proj.weight, mask_decoder.transformer.layers.0.cross_attn_image_to_token.v_proj.bias, mask_decoder.transformer.layers.0.cross_attn_image_to_token.out_proj.weight, mask_decoder.transformer.layers.0.cross_attn_image_to_token.out_proj.bias, mask_decoder.transformer.layers.1.self_attn.q_proj.weight, mask_decoder.transformer.layers.1.self_attn.q_proj.bias, mask_decoder.transformer.layers.1.self_attn.k_proj.weight, mask_decoder.transformer.layers.1.self_attn.k_proj.bias, mask_decoder.transformer.layers.1.self_attn.v_proj.weight, mask_decoder.transformer.layers.1.self_attn.v_proj.bias, mask_decoder.transformer.layers.1.self_attn.out_proj.weight, mask_decoder.transformer.layers.1.self_attn.out_proj.bias, mask_decoder.transformer.layers.1.layer_norm1.weight, mask_decoder.transformer.layers.1.layer_norm1.bias, mask_decoder.transformer.layers.1.cross_attn_token_to_image.q_proj.weight, mask_decoder.transformer.layers.1.cross_attn_token_to_image.q_proj.bias, mask_decoder.transformer.layers.1.cross_attn_token_to_image.k_proj.weight, mask_decoder.transformer.layers.1.cross_attn_token_to_image.k_proj.bias, mask_decoder.transformer.layers.1.cross_attn_token_to_image.v_proj.weight, mask_decoder.transformer.layers.1.cross_attn_token_to_image.v_proj.bias, mask_decoder.transformer.layers.1.cross_attn_token_to_image.out_proj.weight, mask_decoder.transformer.layers.1.cross_attn_token_to_image.out_proj.bias, mask_decoder.transformer.layers.1.layer_norm2.weight, mask_decoder.transformer.layers.1.layer_norm2.bias, mask_decoder.transformer.layers.1.mlp.lin1.weight, mask_decoder.transformer.layers.1.mlp.lin1.bias, mask_decoder.transformer.layers.1.mlp.lin2.weight, mask_decoder.transformer.layers.1.mlp.lin2.bias, mask_decoder.transformer.layers.1.layer_norm3.weight, mask_decoder.transformer.layers.1.layer_norm3.bias, mask_decoder.transformer.layers.1.layer_norm4.weight, mask_decoder.transformer.layers.1.layer_norm4.bias, mask_decoder.transformer.layers.1.cross_attn_image_to_token.q_proj.weight, mask_decoder.transformer.layers.1.cross_attn_image_to_token.q_proj.bias, mask_decoder.transformer.layers.1.cross_attn_image_to_token.k_proj.weight, mask_decoder.transformer.layers.1.cross_attn_image_to_token.k_proj.bias, mask_decoder.transformer.layers.1.cross_attn_image_to_token.v_proj.weight, mask_decoder.transformer.layers.1.cross_attn_image_to_token.v_proj.bias, mask_decoder.transformer.layers.1.cross_attn_image_to_token.out_proj.weight, mask_decoder.transformer.layers.1.cross_attn_image_to_token.out_proj.bias, mask_decoder.transformer.final_attn_token_to_image.q_proj.weight, mask_decoder.transformer.final_attn_token_to_image.q_proj.bias, mask_decoder.transformer.final_attn_token_to_image.k_proj.weight, mask_decoder.transformer.final_attn_token_to_image.k_proj.bias, mask_decoder.transformer.final_attn_token_to_image.v_proj.weight, mask_decoder.transformer.final_attn_token_to_image.v_proj.bias, mask_decoder.transformer.final_attn_token_to_image.out_proj.weight, mask_decoder.transformer.final_attn_token_to_image.out_proj.bias, mask_decoder.transformer.layer_norm_final_attn.weight, mask_decoder.transformer.layer_norm_final_attn.bias, mask_decoder.upscale_conv1.weight, mask_decoder.upscale_conv1.bias, mask_decoder.upscale_conv2.weight, mask_decoder.upscale_conv2.bias, mask_decoder.upscale_layer_norm.weight, mask_decoder.upscale_layer_norm.bias, mask_decoder.output_hypernetworks_mlps.0.proj_in.weight, mask_decoder.output_hypernetworks_mlps.0.proj_in.bias, mask_decoder.output_hypernetworks_mlps.0.proj_out.weight, mask_decoder.output_hypernetworks_mlps.0.proj_out.bias, mask_decoder.output_hypernetworks_mlps.0.layers.0.weight, mask_decoder.output_hypernetworks_mlps.0.layers.0.bias, mask_decoder.output_hypernetworks_mlps.1.proj_in.weight, mask_decoder.output_hypernetworks_mlps.1.proj_in.bias, mask_decoder.output_hypernetworks_mlps.1.proj_out.weight, mask_decoder.output_hypernetworks_mlps.1.proj_out.bias, mask_decoder.output_hypernetworks_mlps.1.layers.0.weight, mask_decoder.output_hypernetworks_mlps.1.layers.0.bias, mask_decoder.output_hypernetworks_mlps.2.proj_in.weight, mask_decoder.output_hypernetworks_mlps.2.proj_in.bias, mask_decoder.output_hypernetworks_mlps.2.proj_out.weight, mask_decoder.output_hypernetworks_mlps.2.proj_out.bias, mask_decoder.output_hypernetworks_mlps.2.layers.0.weight, mask_decoder.output_hypernetworks_mlps.2.layers.0.bias, mask_decoder.output_hypernetworks_mlps.3.proj_in.weight, mask_decoder.output_hypernetworks_mlps.3.proj_in.bias, mask_decoder.output_hypernetworks_mlps.3.proj_out.weight, mask_decoder.output_hypernetworks_mlps.3.proj_out.bias, mask_decoder.output_hypernetworks_mlps.3.layers.0.weight, mask_decoder.output_hypernetworks_mlps.3.layers.0.bias, mask_decoder.iou_prediction_head.proj_in.weight, mask_decoder.iou_prediction_head.proj_in.bias, mask_decoder.iou_prediction_head.proj_out.weight, mask_decoder.iou_prediction_head.proj_out.bias, mask_decoder.iou_prediction_head.layers.0.weight, mask_decoder.iou_prediction_head.layers.0.bias, prompt_encoder.shared_embedding.positional_embedding

02/11 13:49:15 - mmengine - INFO - 
prompt_encoder.mask_embed.conv1.weight - torch.Size([4, 1, 2, 2]): 
PretrainedInit: load from /home/wangcheng/project/SCVT3/portable_sam_fusion/checkpoints/sam_vit_b_01ec64.pth 
 
02/11 13:49:15 - mmengine - INFO - 
prompt_encoder.mask_embed.conv1.bias - torch.Size([4]): 
PretrainedInit: load from /home/wangcheng/project/SCVT3/portable_sam_fusion/checkpoints/sam_vit_b_01ec64.pth 
 
02/11 13:49:15 - mmengine - INFO - 
prompt_encoder.mask_embed.conv2.weight - torch.Size([16, 4, 2, 2]): 
PretrainedInit: load from /home/wangcheng/project/SCVT3/portable_sam_fusion/checkpoints/sam_vit_b_01ec64.pth 
 
02/11 13:49:15 - mmengine - INFO - 
prompt_encoder.mask_embed.conv2.bias - torch.Size([16]): 
PretrainedInit: load from /home/wangcheng/project/SCVT3/portable_sam_fusion/checkpoints/sam_vit_b_01ec64.pth 
 
02/11 13:49:15 - mmengine - INFO - 
prompt_encoder.mask_embed.conv3.weight - torch.Size([256, 16, 1, 1]): 
PretrainedInit: load from /home/wangcheng/project/SCVT3/portable_sam_fusion/checkpoints/sam_vit_b_01ec64.pth 
 
02/11 13:49:15 - mmengine - INFO - 
prompt_encoder.mask_embed.conv3.bias - torch.Size([256]): 
PretrainedInit: load from /home/wangcheng/project/SCVT3/portable_sam_fusion/checkpoints/sam_vit_b_01ec64.pth 
 
02/11 13:49:15 - mmengine - INFO - 
prompt_encoder.mask_embed.layer_norm1.weight - torch.Size([4]): 
PretrainedInit: load from /home/wangcheng/project/SCVT3/portable_sam_fusion/checkpoints/sam_vit_b_01ec64.pth 
 
02/11 13:49:15 - mmengine - INFO - 
prompt_encoder.mask_embed.layer_norm1.bias - torch.Size([4]): 
PretrainedInit: load from /home/wangcheng/project/SCVT3/portable_sam_fusion/checkpoints/sam_vit_b_01ec64.pth 
 
02/11 13:49:15 - mmengine - INFO - 
prompt_encoder.mask_embed.layer_norm2.weight - torch.Size([16]): 
PretrainedInit: load from /home/wangcheng/project/SCVT3/portable_sam_fusion/checkpoints/sam_vit_b_01ec64.pth 
 
02/11 13:49:15 - mmengine - INFO - 
prompt_encoder.mask_embed.layer_norm2.bias - torch.Size([16]): 
PretrainedInit: load from /home/wangcheng/project/SCVT3/portable_sam_fusion/checkpoints/sam_vit_b_01ec64.pth 
 
02/11 13:49:15 - mmengine - INFO - 
prompt_encoder.no_mask_embed.weight - torch.Size([1, 256]): 
PretrainedInit: load from /home/wangcheng/project/SCVT3/portable_sam_fusion/checkpoints/sam_vit_b_01ec64.pth 
 
02/11 13:49:15 - mmengine - INFO - 
prompt_encoder.point_embed.0.weight - torch.Size([1, 256]): 
PretrainedInit: load from /home/wangcheng/project/SCVT3/portable_sam_fusion/checkpoints/sam_vit_b_01ec64.pth 
 
02/11 13:49:15 - mmengine - INFO - 
prompt_encoder.point_embed.1.weight - torch.Size([1, 256]): 
PretrainedInit: load from /home/wangcheng/project/SCVT3/portable_sam_fusion/checkpoints/sam_vit_b_01ec64.pth 
 
02/11 13:49:15 - mmengine - INFO - 
prompt_encoder.point_embed.2.weight - torch.Size([1, 256]): 
PretrainedInit: load from /home/wangcheng/project/SCVT3/portable_sam_fusion/checkpoints/sam_vit_b_01ec64.pth 
 
02/11 13:49:15 - mmengine - INFO - 
prompt_encoder.point_embed.3.weight - torch.Size([1, 256]): 
PretrainedInit: load from /home/wangcheng/project/SCVT3/portable_sam_fusion/checkpoints/sam_vit_b_01ec64.pth 
 
02/11 13:49:15 - mmengine - INFO - 
prompt_encoder.not_a_point_embed.weight - torch.Size([1, 256]): 
PretrainedInit: load from /home/wangcheng/project/SCVT3/portable_sam_fusion/checkpoints/sam_vit_b_01ec64.pth 
 
Loads checkpoint by local backend from path: /home/wangcheng/project/SCVT3/portable_sam_fusion/checkpoints/sam_vit_b_01ec64.pth
Loaded SAM PositionalEmbedding. Missing keys: 0, Unexpected keys: 314
2026-02-11 13:49:16,799 - portable_sam_fusion.data.satellite_drone_dataset - INFO - SatelliteDroneDataset initialized (训练集): 578 scenes, views=4, sat_size=(1024, 1024), drone_size=(512, 512)
2026-02-11 13:49:16,827 - portable_sam_fusion.data.satellite_drone_dataset - INFO - SatelliteDroneDataset initialized (验证集): 56 scenes, views=4, sat_size=(1024, 1024), drone_size=(512, 512)
2026-02-11 13:49:16,827 - portable_sam_fusion - INFO - Dataset size: 578
2026-02-11 13:53:49,621 - portable_sam_fusion - INFO - Epoch 1 detailed losses: loss_rpn_cls=0.6487, loss_rpn_bbox=0.0229, loss_cls=0.3818, acc=95.9647, loss_bbox=0.0116, loss_mask=0.6723
2026-02-11 13:54:12,775 - portable_sam_fusion - INFO - Epoch 1/40 | train=1.065693 val=0.827326 | sat_backbone=1.35e-07 sat_other=2.69e-07 drone_guidance=1.35e-07
2026-02-11 13:58:43,563 - portable_sam_fusion - INFO - Epoch 2 detailed losses: loss_rpn_cls=0.6479, loss_rpn_bbox=0.0227, loss_cls=0.0883, acc=97.7813, loss_bbox=0.0106, loss_mask=0.6058
2026-02-11 13:59:17,105 - portable_sam_fusion - INFO - Epoch 2/40 | train=0.704640 val=0.652145 | sat_backbone=1.69e-07 sat_other=3.38e-07 drone_guidance=1.69e-07
2026-02-11 14:03:52,568 - portable_sam_fusion - INFO - Epoch 3 detailed losses: loss_rpn_cls=0.6490, loss_rpn_bbox=0.0221, loss_cls=0.0536, acc=98.5673, loss_bbox=0.0101, loss_mask=0.5262
2026-02-11 14:04:27,575 - portable_sam_fusion - INFO - Epoch 3/40 | train=0.589864 val=0.572419 | sat_backbone=2.04e-07 sat_other=4.07e-07 drone_guidance=2.04e-07
2026-02-11 14:09:04,699 - portable_sam_fusion - INFO - Epoch 4 detailed losses: loss_rpn_cls=0.6489, loss_rpn_bbox=0.0219, loss_cls=0.0468, acc=98.6585, loss_bbox=0.0092, loss_mask=0.4472
2026-02-11 14:09:40,350 - portable_sam_fusion - INFO - Epoch 4/40 | train=0.503112 val=0.500213 | sat_backbone=2.38e-07 sat_other=4.77e-07 drone_guidance=2.38e-07
2026-02-11 14:14:18,193 - portable_sam_fusion - INFO - Epoch 5 detailed losses: loss_rpn_cls=0.6488, loss_rpn_bbox=0.0219, loss_cls=0.0444, acc=98.6524, loss_bbox=0.0094, loss_mask=0.3719
2026-02-11 14:14:57,844 - portable_sam_fusion - INFO - Epoch 5/40 | train=0.425738 val=0.449700 | sat_backbone=1.00e-04 sat_other=2.00e-04 drone_guidance=1.00e-04
2026-02-11 14:19:30,058 - portable_sam_fusion - INFO - Epoch 6 detailed losses: loss_rpn_cls=0.6480, loss_rpn_bbox=0.0242, loss_cls=0.0273, acc=99.4357, loss_bbox=0.0053, loss_mask=0.2257
2026-02-11 14:20:03,683 - portable_sam_fusion - INFO - Epoch 6/40 | train=0.258364 val=0.277060 | sat_backbone=9.99e-05 sat_other=2.00e-04 drone_guidance=9.99e-05
2026-02-11 14:24:34,628 - portable_sam_fusion - INFO - Epoch 7 detailed losses: loss_rpn_cls=0.6563, loss_rpn_bbox=0.0225, loss_cls=0.0050, acc=99.8736, loss_bbox=0.0012, loss_mask=0.1605
2026-02-11 14:25:08,386 - portable_sam_fusion - INFO - Epoch 7/40 | train=0.166688 val=0.134625 | sat_backbone=9.95e-05 sat_other=1.99e-04 drone_guidance=9.95e-05
2026-02-11 14:29:38,571 - portable_sam_fusion - INFO - Epoch 8 detailed losses: loss_rpn_cls=0.6612, loss_rpn_bbox=0.0221, loss_cls=0.0044, acc=99.8750, loss_bbox=0.0009, loss_mask=0.0910
2026-02-11 14:30:11,923 - portable_sam_fusion - INFO - Epoch 8/40 | train=0.096346 val=0.119699 | sat_backbone=9.89e-05 sat_other=1.98e-04 drone_guidance=9.89e-05
2026-02-11 14:34:43,278 - portable_sam_fusion - INFO - Epoch 9 detailed losses: loss_rpn_cls=0.6653, loss_rpn_bbox=0.0222, loss_cls=0.0026, acc=99.9473, loss_bbox=0.0008, loss_mask=0.0606
2026-02-11 14:35:16,398 - portable_sam_fusion - INFO - Epoch 9/40 | train=0.063995 val=0.072732 | sat_backbone=9.80e-05 sat_other=1.96e-04 drone_guidance=9.80e-05
2026-02-11 14:39:45,144 - portable_sam_fusion - INFO - Epoch 10 detailed losses: loss_rpn_cls=0.6652, loss_rpn_bbox=0.0224, loss_cls=0.0013, acc=99.9757, loss_bbox=0.0002, loss_mask=0.0445
2026-02-11 14:40:18,929 - portable_sam_fusion - INFO - Epoch 10/40 | train=0.046005 val=0.049662 | sat_backbone=9.70e-05 sat_other=1.93e-04 drone_guidance=9.70e-05
2026-02-11 14:44:50,188 - portable_sam_fusion - INFO - Epoch 11 detailed losses: loss_rpn_cls=0.6657, loss_rpn_bbox=0.0224, loss_cls=0.0008, acc=99.9736, loss_bbox=0.0000, loss_mask=0.0341
2026-02-11 14:45:23,430 - portable_sam_fusion - INFO - Epoch 11/40 | train=0.034959 val=0.049450 | sat_backbone=9.56e-05 sat_other=1.90e-04 drone_guidance=9.56e-05
2026-02-11 14:49:53,318 - portable_sam_fusion - INFO - Epoch 12 detailed losses: loss_rpn_cls=0.6670, loss_rpn_bbox=0.0225, loss_cls=0.0010, acc=99.9709, loss_bbox=0.0002, loss_mask=0.0270
2026-02-11 14:50:30,031 - portable_sam_fusion - INFO - Epoch 12/40 | train=0.028220 val=0.048439 | sat_backbone=9.41e-05 sat_other=1.87e-04 drone_guidance=9.41e-05
2026-02-11 14:55:01,275 - portable_sam_fusion - INFO - Epoch 13 detailed losses: loss_rpn_cls=0.6681, loss_rpn_bbox=0.0227, loss_cls=0.0002, acc=99.9980, loss_bbox=0.0000, loss_mask=0.0224
2026-02-11 14:55:40,487 - portable_sam_fusion - INFO - Epoch 13/40 | train=0.022626 val=0.043432 | sat_backbone=9.24e-05 sat_other=1.83e-04 drone_guidance=9.24e-05
2026-02-11 15:00:09,743 - portable_sam_fusion - INFO - Epoch 14 detailed losses: loss_rpn_cls=0.6695, loss_rpn_bbox=0.0227, loss_cls=0.0003, acc=99.9905, loss_bbox=0.0000, loss_mask=0.0190
2026-02-11 15:00:46,714 - portable_sam_fusion - INFO - Epoch 14/40 | train=0.019320 val=0.038402 | sat_backbone=9.04e-05 sat_other=1.78e-04 drone_guidance=9.04e-05
2026-02-11 15:05:19,658 - portable_sam_fusion - INFO - Epoch 15 detailed losses: loss_rpn_cls=0.6675, loss_rpn_bbox=0.0226, loss_cls=0.0001, acc=99.9980, loss_bbox=0.0000, loss_mask=0.0161
2026-02-11 15:05:39,579 - portable_sam_fusion - INFO - Epoch 15/40 | train=0.016264 val=0.056680 | sat_backbone=8.83e-05 sat_other=1.74e-04 drone_guidance=8.83e-05
2026-02-11 15:10:10,310 - portable_sam_fusion - INFO - Epoch 16 detailed losses: loss_rpn_cls=0.6717, loss_rpn_bbox=0.0224, loss_cls=0.0000, acc=100.0000, loss_bbox=0.0000, loss_mask=0.0139
2026-02-11 15:10:30,141 - portable_sam_fusion - INFO - Epoch 16/40 | train=0.013947 val=0.046803 | sat_backbone=8.60e-05 sat_other=1.68e-04 drone_guidance=8.60e-05
2026-02-11 15:15:00,396 - portable_sam_fusion - INFO - Epoch 17 detailed losses: loss_rpn_cls=0.6704, loss_rpn_bbox=0.0224, loss_cls=0.0000, acc=100.0000, loss_bbox=0.0000, loss_mask=0.0126
2026-02-11 15:15:20,310 - portable_sam_fusion - INFO - Epoch 17/40 | train=0.012654 val=0.041397 | sat_backbone=8.35e-05 sat_other=1.63e-04 drone_guidance=8.35e-05
2026-02-11 15:19:49,737 - portable_sam_fusion - INFO - Epoch 18 detailed losses: loss_rpn_cls=0.6705, loss_rpn_bbox=0.0224, loss_cls=0.0000, acc=100.0000, loss_bbox=0.0000, loss_mask=0.0118
2026-02-11 15:20:10,240 - portable_sam_fusion - INFO - Epoch 18/40 | train=0.011814 val=0.039009 | sat_backbone=8.09e-05 sat_other=1.57e-04 drone_guidance=8.09e-05
2026-02-11 15:24:39,463 - portable_sam_fusion - INFO - Epoch 19 detailed losses: loss_rpn_cls=0.6690, loss_rpn_bbox=0.0225, loss_cls=0.0000, acc=100.0000, loss_bbox=0.0000, loss_mask=0.0104
2026-02-11 15:24:59,604 - portable_sam_fusion - INFO - Epoch 19/40 | train=0.010371 val=0.046028 | sat_backbone=7.82e-05 sat_other=1.51e-04 drone_guidance=7.82e-05
2026-02-11 15:29:28,189 - portable_sam_fusion - INFO - Epoch 20 detailed losses: loss_rpn_cls=0.6710, loss_rpn_bbox=0.0224, loss_cls=0.0000, acc=100.0000, loss_bbox=0.0000, loss_mask=0.0090
2026-02-11 15:29:48,922 - portable_sam_fusion - INFO - Epoch 20/40 | train=0.009020 val=0.040637 | sat_backbone=7.53e-05 sat_other=1.44e-04 drone_guidance=7.53e-05
2026-02-11 15:33:31,395 - portable_sam_fusion - INFO - Epoch 21 detailed losses: loss_rpn_cls=0.6705, loss_rpn_bbox=0.0223, loss_cls=0.0000, acc=100.0000, loss_bbox=0.0000, loss_mask=0.0073
2026-02-11 15:33:51,302 - portable_sam_fusion - INFO - Epoch 21/40 | train=0.007323 val=0.052639 | sat_backbone=7.24e-05 sat_other=1.38e-04 drone_guidance=7.24e-05
2026-02-11 15:38:28,237 - portable_sam_fusion - INFO - Epoch 22 detailed losses: loss_rpn_cls=0.6708, loss_rpn_bbox=0.0223, loss_cls=0.0000, acc=100.0000, loss_bbox=0.0000, loss_mask=0.0069
2026-02-11 15:38:49,128 - portable_sam_fusion - INFO - Epoch 22/40 | train=0.006924 val=0.041630 | sat_backbone=6.93e-05 sat_other=1.31e-04 drone_guidance=6.93e-05
2026-02-11 15:43:22,965 - portable_sam_fusion - INFO - Epoch 23 detailed losses: loss_rpn_cls=0.6696, loss_rpn_bbox=0.0223, loss_cls=0.0000, acc=100.0000, loss_bbox=0.0000, loss_mask=0.0068
2026-02-11 15:43:44,407 - portable_sam_fusion - INFO - Epoch 23/40 | train=0.006775 val=0.059479 | sat_backbone=6.63e-05 sat_other=1.24e-04 drone_guidance=6.63e-05
2026-02-11 15:48:15,274 - portable_sam_fusion - INFO - Epoch 24 detailed losses: loss_rpn_cls=0.6718, loss_rpn_bbox=0.0224, loss_cls=0.0000, acc=100.0000, loss_bbox=0.0000, loss_mask=0.0080
2026-02-11 15:48:36,023 - portable_sam_fusion - INFO - Epoch 24/40 | train=0.008025 val=0.047693 | sat_backbone=6.31e-05 sat_other=1.17e-04 drone_guidance=6.31e-05
2026-02-11 15:53:06,721 - portable_sam_fusion - INFO - Epoch 25 detailed losses: loss_rpn_cls=0.6713, loss_rpn_bbox=0.0223, loss_cls=0.0000, acc=100.0000, loss_bbox=0.0000, loss_mask=0.0076
2026-02-11 15:53:27,445 - portable_sam_fusion - INFO - Epoch 25/40 | train=0.007632 val=0.044532 | sat_backbone=6.00e-05 sat_other=1.10e-04 drone_guidance=6.00e-05
2026-02-11 15:57:56,668 - portable_sam_fusion - INFO - Epoch 26 detailed losses: loss_rpn_cls=0.6719, loss_rpn_bbox=0.0224, loss_cls=0.0000, acc=100.0000, loss_bbox=0.0000, loss_mask=0.0079
2026-02-11 15:58:17,097 - portable_sam_fusion - INFO - Epoch 26/40 | train=0.007859 val=0.060404 | sat_backbone=5.69e-05 sat_other=1.03e-04 drone_guidance=5.69e-05
2026-02-11 16:02:49,704 - portable_sam_fusion - INFO - Epoch 27 detailed losses: loss_rpn_cls=0.6700, loss_rpn_bbox=0.0223, loss_cls=0.0000, acc=100.0000, loss_bbox=0.0000, loss_mask=0.0065
2026-02-11 16:03:10,401 - portable_sam_fusion - INFO - Epoch 27/40 | train=0.006473 val=0.046411 | sat_backbone=5.37e-05 sat_other=9.59e-05 drone_guidance=5.37e-05
2026-02-11 16:07:40,139 - portable_sam_fusion - INFO - Epoch 28 detailed losses: loss_rpn_cls=0.6718, loss_rpn_bbox=0.0222, loss_cls=0.0000, acc=100.0000, loss_bbox=0.0000, loss_mask=0.0050
2026-02-11 16:07:54,595 - portable_sam_fusion - INFO - Epoch 28/40 | train=0.005009 val=0.047086 | sat_backbone=5.07e-05 sat_other=8.90e-05 drone_guidance=5.07e-05
2026-02-11 16:12:42,785 - portable_sam_fusion - INFO - Epoch 29 detailed losses: loss_rpn_cls=0.6716, loss_rpn_bbox=0.0222, loss_cls=0.0000, acc=100.0000, loss_bbox=0.0000, loss_mask=0.0044
2026-02-11 16:13:02,789 - portable_sam_fusion - INFO - Epoch 29/40 | train=0.004446 val=0.048068 | sat_backbone=4.76e-05 sat_other=8.22e-05 drone_guidance=4.76e-05
2026-02-11 16:13:02,790 - portable_sam_fusion - INFO - Early stopping triggered (patience=15)
