
*****************************************
Setting OMP_NUM_THREADS environment variable for each process to be 1 in default, to avoid your system being overloaded, please further tune the variable for optimal performance in your application as needed. 
*****************************************
[rank2]: Traceback (most recent call last):
[rank2]:   File "/home/wangcheng2021/project/SCVT2/portable_sam_fusion/train/train_rsprompter_fusion.py", line 521, in <module>
[rank2]:     main()
[rank2]:   File "/home/wangcheng2021/project/SCVT2/portable_sam_fusion/train/train_rsprompter_fusion.py", line 174, in main
[rank2]:     dist_info = _init_distributed()
[rank2]:   File "/home/wangcheng2021/project/SCVT2/portable_sam_fusion/train/train_rsprompter_fusion.py", line 34, in _init_distributed
[rank2]:     torch.cuda.set_device(local_rank)
[rank2]:   File "/data/wangcheng/cvt/lib/python3.9/site-packages/torch/cuda/__init__.py", line 569, in set_device
[rank2]:     torch._C._cuda_setDevice(device)
[rank2]: torch.AcceleratorError: CUDA error: invalid device ordinal
[rank2]: CUDA kernel errors might be asynchronously reported at some other API call, so the stacktrace below might be incorrect.
[rank2]: For debugging consider passing CUDA_LAUNCH_BLOCKING=1
[rank2]: Compile with `TORCH_USE_CUDA_DSA` to enable device-side assertions.

[rank3]: Traceback (most recent call last):
[rank3]:   File "/home/wangcheng2021/project/SCVT2/portable_sam_fusion/train/train_rsprompter_fusion.py", line 521, in <module>
[rank3]:     main()
[rank3]:   File "/home/wangcheng2021/project/SCVT2/portable_sam_fusion/train/train_rsprompter_fusion.py", line 174, in main
[rank3]:     dist_info = _init_distributed()
[rank3]:   File "/home/wangcheng2021/project/SCVT2/portable_sam_fusion/train/train_rsprompter_fusion.py", line 34, in _init_distributed
[rank3]:     torch.cuda.set_device(local_rank)
[rank3]:   File "/data/wangcheng/cvt/lib/python3.9/site-packages/torch/cuda/__init__.py", line 569, in set_device
[rank3]:     torch._C._cuda_setDevice(device)
[rank3]: torch.AcceleratorError: CUDA error: invalid device ordinal
[rank3]: CUDA kernel errors might be asynchronously reported at some other API call, so the stacktrace below might be incorrect.
[rank3]: For debugging consider passing CUDA_LAUNCH_BLOCKING=1
[rank3]: Compile with `TORCH_USE_CUDA_DSA` to enable device-side assertions.

[rank1]: Traceback (most recent call last):
[rank1]:   File "/home/wangcheng2021/project/SCVT2/portable_sam_fusion/train/train_rsprompter_fusion.py", line 521, in <module>
[rank1]:     main()
[rank1]:   File "/home/wangcheng2021/project/SCVT2/portable_sam_fusion/train/train_rsprompter_fusion.py", line 174, in main
[rank1]:     dist_info = _init_distributed()
[rank1]:   File "/home/wangcheng2021/project/SCVT2/portable_sam_fusion/train/train_rsprompter_fusion.py", line 34, in _init_distributed
[rank1]:     torch.cuda.set_device(local_rank)
[rank1]:   File "/data/wangcheng/cvt/lib/python3.9/site-packages/torch/cuda/__init__.py", line 569, in set_device
[rank1]:     torch._C._cuda_setDevice(device)
[rank1]: torch.AcceleratorError: CUDA error: invalid device ordinal
[rank1]: CUDA kernel errors might be asynchronously reported at some other API call, so the stacktrace below might be incorrect.
[rank1]: For debugging consider passing CUDA_LAUNCH_BLOCKING=1
[rank1]: Compile with `TORCH_USE_CUDA_DSA` to enable device-side assertions.

[rank2]:[W205 22:17:54.759812436 ProcessGroupNCCL.cpp:1538] Warning: WARNING: destroy_process_group() was not called before program exit, which can leak resources. For more info, please see https://pytorch.org/docs/stable/distributed.html#shutdown (function operator())
[rank3]:[W205 22:17:54.854109355 ProcessGroupNCCL.cpp:1538] Warning: WARNING: destroy_process_group() was not called before program exit, which can leak resources. For more info, please see https://pytorch.org/docs/stable/distributed.html#shutdown (function operator())
[rank1]:[W205 22:17:54.921260388 ProcessGroupNCCL.cpp:1538] Warning: WARNING: destroy_process_group() was not called before program exit, which can leak resources. For more info, please see https://pytorch.org/docs/stable/distributed.html#shutdown (function operator())
Loads checkpoint by local backend from path: /home/wangcheng2021/project/SCVT2/portable_sam_fusion/checkpoints/sam_vit_b_01ec64.pth
W0205 22:17:54.784617 439315 site-packages/torch/distributed/elastic/multiprocessing/api.py:900] Sending process 439484 closing signal SIGTERM
W0205 22:17:54.785353 439315 site-packages/torch/distributed/elastic/multiprocessing/api.py:900] Sending process 439485 closing signal SIGTERM
W0205 22:17:54.785630 439315 site-packages/torch/distributed/elastic/multiprocessing/api.py:900] Sending process 439487 closing signal SIGTERM
E0205 22:17:54.949898 439315 site-packages/torch/distributed/elastic/multiprocessing/api.py:874] failed (exitcode: 1) local_rank: 2 (pid: 439486) of binary: /data/wangcheng/cvt/bin/python
Traceback (most recent call last):
  File "/data/wangcheng/cvt/lib/python3.9/runpy.py", line 197, in _run_module_as_main
    return _run_code(code, main_globals, None,
  File "/data/wangcheng/cvt/lib/python3.9/runpy.py", line 87, in _run_code
    exec(code, run_globals)
  File "/data/wangcheng/cvt/lib/python3.9/site-packages/torch/distributed/run.py", line 905, in <module>
    main()
  File "/data/wangcheng/cvt/lib/python3.9/site-packages/torch/distributed/elastic/multiprocessing/errors/__init__.py", line 357, in wrapper
    return f(*args, **kwargs)
  File "/data/wangcheng/cvt/lib/python3.9/site-packages/torch/distributed/run.py", line 901, in main
    run(args)
  File "/data/wangcheng/cvt/lib/python3.9/site-packages/torch/distributed/run.py", line 892, in run
    elastic_launch(
  File "/data/wangcheng/cvt/lib/python3.9/site-packages/torch/distributed/launcher/api.py", line 143, in __call__
    return launch_agent(self._config, self._entrypoint, list(args))
  File "/data/wangcheng/cvt/lib/python3.9/site-packages/torch/distributed/launcher/api.py", line 277, in launch_agent
    raise ChildFailedError(
torch.distributed.elastic.multiprocessing.errors.ChildFailedError: 
============================================================
/home/wangcheng2021/project/SCVT2/portable_sam_fusion/train/train_rsprompter_fusion.py FAILED
------------------------------------------------------------
Failures:
  <NO_OTHER_FAILURES>
------------------------------------------------------------
Root Cause (first observed failure):
[0]:
  time      : 2026-02-05_22:17:54
  host      : lthpc
  rank      : 2 (local_rank: 2)
  exitcode  : 1 (pid: 439486)
  error_file: <N/A>
  traceback : To enable traceback see: https://pytorch.org/docs/stable/elastic/errors.html
============================================================
