/home/wangcheng/anaconda3/envs/cvt/lib/python3.9/site-packages/imagecorruptions/corruptions.py:17: UserWarning: pkg_resources is deprecated as an API. See https://setuptools.pypa.io/en/latest/pkg_resources.html. The pkg_resources package is slated for removal as early as 2025-11-30. Refrain from using this package or pin to Setuptools<81.
  from pkg_resources import resource_filename
Loads checkpoint by local backend from path: /home/wangcheng/project/SCVT3/portable_sam_fusion/checkpoints/sam_vit_b_01ec64.pth
Loaded SAM VisionEncoder with interpolation. Missing keys: 0, Unexpected keys: 138
02/13 15:44:57 - mmengine - INFO - load model from: /home/wangcheng/project/SCVT3/portable_sam_fusion/checkpoints/sam_vit_b_01ec64.pth
02/13 15:44:57 - mmengine - INFO - Loads checkpoint by local backend from path: /home/wangcheng/project/SCVT3/portable_sam_fusion/checkpoints/sam_vit_b_01ec64.pth
02/13 15:44:57 - mmengine - WARNING - The model and loaded state dict do not match exactly

unexpected key in source state_dict: shared_image_embedding.positional_embedding, vision_encoder.pos_embed, vision_encoder.patch_embed.projection.weight, vision_encoder.patch_embed.projection.bias, vision_encoder.layers.0.layer_norm1.weight, vision_encoder.layers.0.layer_norm1.bias, vision_encoder.layers.0.attn.rel_pos_h, vision_encoder.layers.0.attn.rel_pos_w, vision_encoder.layers.0.attn.qkv.weight, vision_encoder.layers.0.attn.qkv.bias, vision_encoder.layers.0.attn.proj.weight, vision_encoder.layers.0.attn.proj.bias, vision_encoder.layers.0.layer_norm2.weight, vision_encoder.layers.0.layer_norm2.bias, vision_encoder.layers.0.mlp.lin1.weight, vision_encoder.layers.0.mlp.lin1.bias, vision_encoder.layers.0.mlp.lin2.weight, vision_encoder.layers.0.mlp.lin2.bias, vision_encoder.layers.1.layer_norm1.weight, vision_encoder.layers.1.layer_norm1.bias, vision_encoder.layers.1.attn.rel_pos_h, vision_encoder.layers.1.attn.rel_pos_w, vision_encoder.layers.1.attn.qkv.weight, vision_encoder.layers.1.attn.qkv.bias, vision_encoder.layers.1.attn.proj.weight, vision_encoder.layers.1.attn.proj.bias, vision_encoder.layers.1.layer_norm2.weight, vision_encoder.layers.1.layer_norm2.bias, vision_encoder.layers.1.mlp.lin1.weight, vision_encoder.layers.1.mlp.lin1.bias, vision_encoder.layers.1.mlp.lin2.weight, vision_encoder.layers.1.mlp.lin2.bias, vision_encoder.layers.2.layer_norm1.weight, vision_encoder.layers.2.layer_norm1.bias, vision_encoder.layers.2.attn.rel_pos_h, vision_encoder.layers.2.attn.rel_pos_w, vision_encoder.layers.2.attn.qkv.weight, vision_encoder.layers.2.attn.qkv.bias, vision_encoder.layers.2.attn.proj.weight, vision_encoder.layers.2.attn.proj.bias, vision_encoder.layers.2.layer_norm2.weight, vision_encoder.layers.2.layer_norm2.bias, vision_encoder.layers.2.mlp.lin1.weight, vision_encoder.layers.2.mlp.lin1.bias, vision_encoder.layers.2.mlp.lin2.weight, vision_encoder.layers.2.mlp.lin2.bias, vision_encoder.layers.3.layer_norm1.weight, vision_encoder.layers.3.layer_norm1.bias, vision_encoder.layers.3.attn.rel_pos_h, vision_encoder.layers.3.attn.rel_pos_w, vision_encoder.layers.3.attn.qkv.weight, vision_encoder.layers.3.attn.qkv.bias, vision_encoder.layers.3.attn.proj.weight, vision_encoder.layers.3.attn.proj.bias, vision_encoder.layers.3.layer_norm2.weight, vision_encoder.layers.3.layer_norm2.bias, vision_encoder.layers.3.mlp.lin1.weight, vision_encoder.layers.3.mlp.lin1.bias, vision_encoder.layers.3.mlp.lin2.weight, vision_encoder.layers.3.mlp.lin2.bias, vision_encoder.layers.4.layer_norm1.weight, vision_encoder.layers.4.layer_norm1.bias, vision_encoder.layers.4.attn.rel_pos_h, vision_encoder.layers.4.attn.rel_pos_w, vision_encoder.layers.4.attn.qkv.weight, vision_encoder.layers.4.attn.qkv.bias, vision_encoder.layers.4.attn.proj.weight, vision_encoder.layers.4.attn.proj.bias, vision_encoder.layers.4.layer_norm2.weight, vision_encoder.layers.4.layer_norm2.bias, vision_encoder.layers.4.mlp.lin1.weight, vision_encoder.layers.4.mlp.lin1.bias, vision_encoder.layers.4.mlp.lin2.weight, vision_encoder.layers.4.mlp.lin2.bias, vision_encoder.layers.5.layer_norm1.weight, vision_encoder.layers.5.layer_norm1.bias, vision_encoder.layers.5.attn.rel_pos_h, vision_encoder.layers.5.attn.rel_pos_w, vision_encoder.layers.5.attn.qkv.weight, vision_encoder.layers.5.attn.qkv.bias, vision_encoder.layers.5.attn.proj.weight, vision_encoder.layers.5.attn.proj.bias, vision_encoder.layers.5.layer_norm2.weight, vision_encoder.layers.5.layer_norm2.bias, vision_encoder.layers.5.mlp.lin1.weight, vision_encoder.layers.5.mlp.lin1.bias, vision_encoder.layers.5.mlp.lin2.weight, vision_encoder.layers.5.mlp.lin2.bias, vision_encoder.layers.6.layer_norm1.weight, vision_encoder.layers.6.layer_norm1.bias, vision_encoder.layers.6.attn.rel_pos_h, vision_encoder.layers.6.attn.rel_pos_w, vision_encoder.layers.6.attn.qkv.weight, vision_encoder.layers.6.attn.qkv.bias, vision_encoder.layers.6.attn.proj.weight, vision_encoder.layers.6.attn.proj.bias, vision_encoder.layers.6.layer_norm2.weight, vision_encoder.layers.6.layer_norm2.bias, vision_encoder.layers.6.mlp.lin1.weight, vision_encoder.layers.6.mlp.lin1.bias, vision_encoder.layers.6.mlp.lin2.weight, vision_encoder.layers.6.mlp.lin2.bias, vision_encoder.layers.7.layer_norm1.weight, vision_encoder.layers.7.layer_norm1.bias, vision_encoder.layers.7.attn.rel_pos_h, vision_encoder.layers.7.attn.rel_pos_w, vision_encoder.layers.7.attn.qkv.weight, vision_encoder.layers.7.attn.qkv.bias, vision_encoder.layers.7.attn.proj.weight, vision_encoder.layers.7.attn.proj.bias, vision_encoder.layers.7.layer_norm2.weight, vision_encoder.layers.7.layer_norm2.bias, vision_encoder.layers.7.mlp.lin1.weight, vision_encoder.layers.7.mlp.lin1.bias, vision_encoder.layers.7.mlp.lin2.weight, vision_encoder.layers.7.mlp.lin2.bias, vision_encoder.layers.8.layer_norm1.weight, vision_encoder.layers.8.layer_norm1.bias, vision_encoder.layers.8.attn.rel_pos_h, vision_encoder.layers.8.attn.rel_pos_w, vision_encoder.layers.8.attn.qkv.weight, vision_encoder.layers.8.attn.qkv.bias, vision_encoder.layers.8.attn.proj.weight, vision_encoder.layers.8.attn.proj.bias, vision_encoder.layers.8.layer_norm2.weight, vision_encoder.layers.8.layer_norm2.bias, vision_encoder.layers.8.mlp.lin1.weight, vision_encoder.layers.8.mlp.lin1.bias, vision_encoder.layers.8.mlp.lin2.weight, vision_encoder.layers.8.mlp.lin2.bias, vision_encoder.layers.9.layer_norm1.weight, vision_encoder.layers.9.layer_norm1.bias, vision_encoder.layers.9.attn.rel_pos_h, vision_encoder.layers.9.attn.rel_pos_w, vision_encoder.layers.9.attn.qkv.weight, vision_encoder.layers.9.attn.qkv.bias, vision_encoder.layers.9.attn.proj.weight, vision_encoder.layers.9.attn.proj.bias, vision_encoder.layers.9.layer_norm2.weight, vision_encoder.layers.9.layer_norm2.bias, vision_encoder.layers.9.mlp.lin1.weight, vision_encoder.layers.9.mlp.lin1.bias, vision_encoder.layers.9.mlp.lin2.weight, vision_encoder.layers.9.mlp.lin2.bias, vision_encoder.layers.10.layer_norm1.weight, vision_encoder.layers.10.layer_norm1.bias, vision_encoder.layers.10.attn.rel_pos_h, vision_encoder.layers.10.attn.rel_pos_w, vision_encoder.layers.10.attn.qkv.weight, vision_encoder.layers.10.attn.qkv.bias, vision_encoder.layers.10.attn.proj.weight, vision_encoder.layers.10.attn.proj.bias, vision_encoder.layers.10.layer_norm2.weight, vision_encoder.layers.10.layer_norm2.bias, vision_encoder.layers.10.mlp.lin1.weight, vision_encoder.layers.10.mlp.lin1.bias, vision_encoder.layers.10.mlp.lin2.weight, vision_encoder.layers.10.mlp.lin2.bias, vision_encoder.layers.11.layer_norm1.weight, vision_encoder.layers.11.layer_norm1.bias, vision_encoder.layers.11.attn.rel_pos_h, vision_encoder.layers.11.attn.rel_pos_w, vision_encoder.layers.11.attn.qkv.weight, vision_encoder.layers.11.attn.qkv.bias, vision_encoder.layers.11.attn.proj.weight, vision_encoder.layers.11.attn.proj.bias, vision_encoder.layers.11.layer_norm2.weight, vision_encoder.layers.11.layer_norm2.bias, vision_encoder.layers.11.mlp.lin1.weight, vision_encoder.layers.11.mlp.lin1.bias, vision_encoder.layers.11.mlp.lin2.weight, vision_encoder.layers.11.mlp.lin2.bias, vision_encoder.neck.conv1.weight, vision_encoder.neck.layer_norm1.weight, vision_encoder.neck.layer_norm1.bias, vision_encoder.neck.conv2.weight, vision_encoder.neck.layer_norm2.weight, vision_encoder.neck.layer_norm2.bias, mask_decoder.iou_token.weight, mask_decoder.mask_tokens.weight, mask_decoder.transformer.layers.0.self_attn.q_proj.weight, mask_decoder.transformer.layers.0.self_attn.q_proj.bias, mask_decoder.transformer.layers.0.self_attn.k_proj.weight, mask_decoder.transformer.layers.0.self_attn.k_proj.bias, mask_decoder.transformer.layers.0.self_attn.v_proj.weight, mask_decoder.transformer.layers.0.self_attn.v_proj.bias, mask_decoder.transformer.layers.0.self_attn.out_proj.weight, mask_decoder.transformer.layers.0.self_attn.out_proj.bias, mask_decoder.transformer.layers.0.layer_norm1.weight, mask_decoder.transformer.layers.0.layer_norm1.bias, mask_decoder.transformer.layers.0.cross_attn_token_to_image.q_proj.weight, mask_decoder.transformer.layers.0.cross_attn_token_to_image.q_proj.bias, mask_decoder.transformer.layers.0.cross_attn_token_to_image.k_proj.weight, mask_decoder.transformer.layers.0.cross_attn_token_to_image.k_proj.bias, mask_decoder.transformer.layers.0.cross_attn_token_to_image.v_proj.weight, mask_decoder.transformer.layers.0.cross_attn_token_to_image.v_proj.bias, mask_decoder.transformer.layers.0.cross_attn_token_to_image.out_proj.weight, mask_decoder.transformer.layers.0.cross_attn_token_to_image.out_proj.bias, mask_decoder.transformer.layers.0.layer_norm2.weight, mask_decoder.transformer.layers.0.layer_norm2.bias, mask_decoder.transformer.layers.0.mlp.lin1.weight, mask_decoder.transformer.layers.0.mlp.lin1.bias, mask_decoder.transformer.layers.0.mlp.lin2.weight, mask_decoder.transformer.layers.0.mlp.lin2.bias, mask_decoder.transformer.layers.0.layer_norm3.weight, mask_decoder.transformer.layers.0.layer_norm3.bias, mask_decoder.transformer.layers.0.layer_norm4.weight, mask_decoder.transformer.layers.0.layer_norm4.bias, mask_decoder.transformer.layers.0.cross_attn_image_to_token.q_proj.weight, mask_decoder.transformer.layers.0.cross_attn_image_to_token.q_proj.bias, mask_decoder.transformer.layers.0.cross_attn_image_to_token.k_proj.weight, mask_decoder.transformer.layers.0.cross_attn_image_to_token.k_proj.bias, mask_decoder.transformer.layers.0.cross_attn_image_to_token.v_proj.weight, mask_decoder.transformer.layers.0.cross_attn_image_to_token.v_proj.bias, mask_decoder.transformer.layers.0.cross_attn_image_to_token.out_proj.weight, mask_decoder.transformer.layers.0.cross_attn_image_to_token.out_proj.bias, mask_decoder.transformer.layers.1.self_attn.q_proj.weight, mask_decoder.transformer.layers.1.self_attn.q_proj.bias, mask_decoder.transformer.layers.1.self_attn.k_proj.weight, mask_decoder.transformer.layers.1.self_attn.k_proj.bias, mask_decoder.transformer.layers.1.self_attn.v_proj.weight, mask_decoder.transformer.layers.1.self_attn.v_proj.bias, mask_decoder.transformer.layers.1.self_attn.out_proj.weight, mask_decoder.transformer.layers.1.self_attn.out_proj.bias, mask_decoder.transformer.layers.1.layer_norm1.weight, mask_decoder.transformer.layers.1.layer_norm1.bias, mask_decoder.transformer.layers.1.cross_attn_token_to_image.q_proj.weight, mask_decoder.transformer.layers.1.cross_attn_token_to_image.q_proj.bias, mask_decoder.transformer.layers.1.cross_attn_token_to_image.k_proj.weight, mask_decoder.transformer.layers.1.cross_attn_token_to_image.k_proj.bias, mask_decoder.transformer.layers.1.cross_attn_token_to_image.v_proj.weight, mask_decoder.transformer.layers.1.cross_attn_token_to_image.v_proj.bias, mask_decoder.transformer.layers.1.cross_attn_token_to_image.out_proj.weight, mask_decoder.transformer.layers.1.cross_attn_token_to_image.out_proj.bias, mask_decoder.transformer.layers.1.layer_norm2.weight, mask_decoder.transformer.layers.1.layer_norm2.bias, mask_decoder.transformer.layers.1.mlp.lin1.weight, mask_decoder.transformer.layers.1.mlp.lin1.bias, mask_decoder.transformer.layers.1.mlp.lin2.weight, mask_decoder.transformer.layers.1.mlp.lin2.bias, mask_decoder.transformer.layers.1.layer_norm3.weight, mask_decoder.transformer.layers.1.layer_norm3.bias, mask_decoder.transformer.layers.1.layer_norm4.weight, mask_decoder.transformer.layers.1.layer_norm4.bias, mask_decoder.transformer.layers.1.cross_attn_image_to_token.q_proj.weight, mask_decoder.transformer.layers.1.cross_attn_image_to_token.q_proj.bias, mask_decoder.transformer.layers.1.cross_attn_image_to_token.k_proj.weight, mask_decoder.transformer.layers.1.cross_attn_image_to_token.k_proj.bias, mask_decoder.transformer.layers.1.cross_attn_image_to_token.v_proj.weight, mask_decoder.transformer.layers.1.cross_attn_image_to_token.v_proj.bias, mask_decoder.transformer.layers.1.cross_attn_image_to_token.out_proj.weight, mask_decoder.transformer.layers.1.cross_attn_image_to_token.out_proj.bias, mask_decoder.transformer.final_attn_token_to_image.q_proj.weight, mask_decoder.transformer.final_attn_token_to_image.q_proj.bias, mask_decoder.transformer.final_attn_token_to_image.k_proj.weight, mask_decoder.transformer.final_attn_token_to_image.k_proj.bias, mask_decoder.transformer.final_attn_token_to_image.v_proj.weight, mask_decoder.transformer.final_attn_token_to_image.v_proj.bias, mask_decoder.transformer.final_attn_token_to_image.out_proj.weight, mask_decoder.transformer.final_attn_token_to_image.out_proj.bias, mask_decoder.transformer.layer_norm_final_attn.weight, mask_decoder.transformer.layer_norm_final_attn.bias, mask_decoder.upscale_conv1.weight, mask_decoder.upscale_conv1.bias, mask_decoder.upscale_conv2.weight, mask_decoder.upscale_conv2.bias, mask_decoder.upscale_layer_norm.weight, mask_decoder.upscale_layer_norm.bias, mask_decoder.output_hypernetworks_mlps.0.proj_in.weight, mask_decoder.output_hypernetworks_mlps.0.proj_in.bias, mask_decoder.output_hypernetworks_mlps.0.proj_out.weight, mask_decoder.output_hypernetworks_mlps.0.proj_out.bias, mask_decoder.output_hypernetworks_mlps.0.layers.0.weight, mask_decoder.output_hypernetworks_mlps.0.layers.0.bias, mask_decoder.output_hypernetworks_mlps.1.proj_in.weight, mask_decoder.output_hypernetworks_mlps.1.proj_in.bias, mask_decoder.output_hypernetworks_mlps.1.proj_out.weight, mask_decoder.output_hypernetworks_mlps.1.proj_out.bias, mask_decoder.output_hypernetworks_mlps.1.layers.0.weight, mask_decoder.output_hypernetworks_mlps.1.layers.0.bias, mask_decoder.output_hypernetworks_mlps.2.proj_in.weight, mask_decoder.output_hypernetworks_mlps.2.proj_in.bias, mask_decoder.output_hypernetworks_mlps.2.proj_out.weight, mask_decoder.output_hypernetworks_mlps.2.proj_out.bias, mask_decoder.output_hypernetworks_mlps.2.layers.0.weight, mask_decoder.output_hypernetworks_mlps.2.layers.0.bias, mask_decoder.output_hypernetworks_mlps.3.proj_in.weight, mask_decoder.output_hypernetworks_mlps.3.proj_in.bias, mask_decoder.output_hypernetworks_mlps.3.proj_out.weight, mask_decoder.output_hypernetworks_mlps.3.proj_out.bias, mask_decoder.output_hypernetworks_mlps.3.layers.0.weight, mask_decoder.output_hypernetworks_mlps.3.layers.0.bias, mask_decoder.iou_prediction_head.proj_in.weight, mask_decoder.iou_prediction_head.proj_in.bias, mask_decoder.iou_prediction_head.proj_out.weight, mask_decoder.iou_prediction_head.proj_out.bias, mask_decoder.iou_prediction_head.layers.0.weight, mask_decoder.iou_prediction_head.layers.0.bias, prompt_encoder.shared_embedding.positional_embedding

02/13 15:44:57 - mmengine - INFO - 
prompt_encoder.mask_embed.conv1.weight - torch.Size([4, 1, 2, 2]): 
PretrainedInit: load from /home/wangcheng/project/SCVT3/portable_sam_fusion/checkpoints/sam_vit_b_01ec64.pth 
 
02/13 15:44:57 - mmengine - INFO - 
prompt_encoder.mask_embed.conv1.bias - torch.Size([4]): 
PretrainedInit: load from /home/wangcheng/project/SCVT3/portable_sam_fusion/checkpoints/sam_vit_b_01ec64.pth 
 
02/13 15:44:57 - mmengine - INFO - 
prompt_encoder.mask_embed.conv2.weight - torch.Size([16, 4, 2, 2]): 
PretrainedInit: load from /home/wangcheng/project/SCVT3/portable_sam_fusion/checkpoints/sam_vit_b_01ec64.pth 
 
02/13 15:44:57 - mmengine - INFO - 
prompt_encoder.mask_embed.conv2.bias - torch.Size([16]): 
PretrainedInit: load from /home/wangcheng/project/SCVT3/portable_sam_fusion/checkpoints/sam_vit_b_01ec64.pth 
 
02/13 15:44:57 - mmengine - INFO - 
prompt_encoder.mask_embed.conv3.weight - torch.Size([256, 16, 1, 1]): 
PretrainedInit: load from /home/wangcheng/project/SCVT3/portable_sam_fusion/checkpoints/sam_vit_b_01ec64.pth 
 
02/13 15:44:57 - mmengine - INFO - 
prompt_encoder.mask_embed.conv3.bias - torch.Size([256]): 
PretrainedInit: load from /home/wangcheng/project/SCVT3/portable_sam_fusion/checkpoints/sam_vit_b_01ec64.pth 
 
02/13 15:44:57 - mmengine - INFO - 
prompt_encoder.mask_embed.layer_norm1.weight - torch.Size([4]): 
PretrainedInit: load from /home/wangcheng/project/SCVT3/portable_sam_fusion/checkpoints/sam_vit_b_01ec64.pth 
 
02/13 15:44:57 - mmengine - INFO - 
prompt_encoder.mask_embed.layer_norm1.bias - torch.Size([4]): 
PretrainedInit: load from /home/wangcheng/project/SCVT3/portable_sam_fusion/checkpoints/sam_vit_b_01ec64.pth 
 
02/13 15:44:57 - mmengine - INFO - 
prompt_encoder.mask_embed.layer_norm2.weight - torch.Size([16]): 
PretrainedInit: load from /home/wangcheng/project/SCVT3/portable_sam_fusion/checkpoints/sam_vit_b_01ec64.pth 
 
02/13 15:44:57 - mmengine - INFO - 
prompt_encoder.mask_embed.layer_norm2.bias - torch.Size([16]): 
PretrainedInit: load from /home/wangcheng/project/SCVT3/portable_sam_fusion/checkpoints/sam_vit_b_01ec64.pth 
 
02/13 15:44:57 - mmengine - INFO - 
prompt_encoder.no_mask_embed.weight - torch.Size([1, 256]): 
PretrainedInit: load from /home/wangcheng/project/SCVT3/portable_sam_fusion/checkpoints/sam_vit_b_01ec64.pth 
 
02/13 15:44:57 - mmengine - INFO - 
prompt_encoder.point_embed.0.weight - torch.Size([1, 256]): 
PretrainedInit: load from /home/wangcheng/project/SCVT3/portable_sam_fusion/checkpoints/sam_vit_b_01ec64.pth 
 
02/13 15:44:57 - mmengine - INFO - 
prompt_encoder.point_embed.1.weight - torch.Size([1, 256]): 
PretrainedInit: load from /home/wangcheng/project/SCVT3/portable_sam_fusion/checkpoints/sam_vit_b_01ec64.pth 
 
02/13 15:44:57 - mmengine - INFO - 
prompt_encoder.point_embed.2.weight - torch.Size([1, 256]): 
PretrainedInit: load from /home/wangcheng/project/SCVT3/portable_sam_fusion/checkpoints/sam_vit_b_01ec64.pth 
 
02/13 15:44:57 - mmengine - INFO - 
prompt_encoder.point_embed.3.weight - torch.Size([1, 256]): 
PretrainedInit: load from /home/wangcheng/project/SCVT3/portable_sam_fusion/checkpoints/sam_vit_b_01ec64.pth 
 
02/13 15:44:57 - mmengine - INFO - 
prompt_encoder.not_a_point_embed.weight - torch.Size([1, 256]): 
PretrainedInit: load from /home/wangcheng/project/SCVT3/portable_sam_fusion/checkpoints/sam_vit_b_01ec64.pth 
 
Loads checkpoint by local backend from path: /home/wangcheng/project/SCVT3/portable_sam_fusion/checkpoints/sam_vit_b_01ec64.pth
Loaded SAM PositionalEmbedding. Missing keys: 0, Unexpected keys: 314
2026-02-13 15:44:59,588 - portable_sam_fusion.data.satellite_drone_dataset - INFO - SatelliteDroneDataset initialized (训练集): 672 scenes, views=4, sat_size=(1024, 1024), drone_size=(512, 512)
2026-02-13 15:44:59,623 - portable_sam_fusion.data.satellite_drone_dataset - INFO - SatelliteDroneDataset initialized (验证集): 62 scenes, views=4, sat_size=(1024, 1024), drone_size=(512, 512)
2026-02-13 15:44:59,624 - portable_sam_fusion - INFO - Dataset size: 672
2026-02-13 15:50:25,151 - portable_sam_fusion - INFO - Epoch 1 detailed losses: loss_rpn_cls=0.7091, loss_rpn_bbox=0.0223, loss_cls=0.3080, acc=97.9620, loss_bbox=0.0077, loss_mask=0.6764
2026-02-13 15:51:16,516 - portable_sam_fusion - INFO - Epoch 1/30 | train=1.723581 val=1.492905 | sat_backbone=1.30e-07 sat_other=2.59e-07 drone_guidance=1.30e-07
2026-02-13 15:56:41,363 - portable_sam_fusion - INFO - Epoch 2 detailed losses: loss_rpn_cls=0.6291, loss_rpn_bbox=0.0194, loss_cls=0.0873, acc=97.9719, loss_bbox=0.0074, loss_mask=0.6045
2026-02-13 15:57:32,392 - portable_sam_fusion - INFO - Epoch 2/30 | train=1.347677 val=1.274396 | sat_backbone=1.59e-07 sat_other=3.19e-07 drone_guidance=1.59e-07
2026-02-13 16:02:56,563 - portable_sam_fusion - INFO - Epoch 3 detailed losses: loss_rpn_cls=0.5229, loss_rpn_bbox=0.0178, loss_cls=0.0648, acc=98.1910, loss_bbox=0.0070, loss_mask=0.5149
2026-02-13 16:03:48,316 - portable_sam_fusion - INFO - Epoch 3/30 | train=1.127407 val=1.058917 | sat_backbone=1.89e-07 sat_other=3.78e-07 drone_guidance=1.89e-07
2026-02-13 16:09:12,399 - portable_sam_fusion - INFO - Epoch 4 detailed losses: loss_rpn_cls=0.3992, loss_rpn_bbox=0.0168, loss_cls=0.0600, acc=98.5299, loss_bbox=0.0101, loss_mask=0.4290
2026-02-13 16:10:04,437 - portable_sam_fusion - INFO - Epoch 4/30 | train=0.915082 val=0.883012 | sat_backbone=2.19e-07 sat_other=4.38e-07 drone_guidance=2.19e-07
2026-02-13 16:15:37,986 - portable_sam_fusion - INFO - Epoch 5 detailed losses: loss_rpn_cls=0.2763, loss_rpn_bbox=0.0171, loss_cls=0.1019, acc=96.8494, loss_bbox=0.0456, loss_mask=0.3536
2026-02-13 16:16:29,608 - portable_sam_fusion - INFO - Epoch 5/30 | train=0.794475 val=0.808957 | sat_backbone=1.00e-04 sat_other=2.00e-04 drone_guidance=1.00e-04
2026-02-13 16:22:17,286 - portable_sam_fusion - INFO - Epoch 6 detailed losses: loss_rpn_cls=0.0032, loss_rpn_bbox=0.0189, loss_cls=0.1639, acc=94.1488, loss_bbox=0.1162, loss_mask=0.2129
2026-02-13 16:23:09,938 - portable_sam_fusion - INFO - Epoch 6/30 | train=0.514947 val=0.414755 | sat_backbone=9.96e-05 sat_other=1.99e-04 drone_guidance=9.96e-05
2026-02-13 16:28:45,934 - portable_sam_fusion - INFO - Epoch 7 detailed losses: loss_rpn_cls=0.0009, loss_rpn_bbox=0.0125, loss_cls=0.0808, acc=96.7053, loss_bbox=0.0711, loss_mask=0.1456
2026-02-13 16:29:37,598 - portable_sam_fusion - INFO - Epoch 7/30 | train=0.310860 val=0.302435 | sat_backbone=9.84e-05 sat_other=1.97e-04 drone_guidance=9.84e-05
2026-02-13 16:35:10,540 - portable_sam_fusion - INFO - Epoch 8 detailed losses: loss_rpn_cls=0.0005, loss_rpn_bbox=0.0106, loss_cls=0.0539, acc=97.8690, loss_bbox=0.0501, loss_mask=0.1118
2026-02-13 16:36:02,279 - portable_sam_fusion - INFO - Epoch 8/30 | train=0.226861 val=0.158348 | sat_backbone=9.65e-05 sat_other=1.93e-04 drone_guidance=9.65e-05
2026-02-13 16:41:44,738 - portable_sam_fusion - INFO - Epoch 9 detailed losses: loss_rpn_cls=0.0004, loss_rpn_bbox=0.0094, loss_cls=0.0580, acc=97.6097, loss_bbox=0.0547, loss_mask=0.0737
2026-02-13 16:42:20,392 - portable_sam_fusion - INFO - Epoch 9/30 | train=0.196099 val=0.175544 | sat_backbone=9.38e-05 sat_other=1.88e-04 drone_guidance=9.38e-05
2026-02-13 16:48:02,632 - portable_sam_fusion - INFO - Epoch 10 detailed losses: loss_rpn_cls=0.0003, loss_rpn_bbox=0.0082, loss_cls=0.0502, acc=97.9411, loss_bbox=0.0497, loss_mask=0.0499
2026-02-13 16:48:37,929 - portable_sam_fusion - INFO - Epoch 10/30 | train=0.158222 val=0.161672 | sat_backbone=9.05e-05 sat_other=1.81e-04 drone_guidance=9.05e-05
2026-02-13 16:54:23,562 - portable_sam_fusion - INFO - Epoch 11 detailed losses: loss_rpn_cls=0.0002, loss_rpn_bbox=0.0076, loss_cls=0.0474, acc=97.9957, loss_bbox=0.0478, loss_mask=0.0369
2026-02-13 16:55:03,518 - portable_sam_fusion - INFO - Epoch 11/30 | train=0.139982 val=0.221593 | sat_backbone=8.65e-05 sat_other=1.73e-04 drone_guidance=8.65e-05
2026-02-13 17:00:33,467 - portable_sam_fusion - INFO - Epoch 12 detailed losses: loss_rpn_cls=0.0002, loss_rpn_bbox=0.0067, loss_cls=0.0453, acc=98.1149, loss_bbox=0.0446, loss_mask=0.0333
2026-02-13 17:01:01,976 - portable_sam_fusion - INFO - Epoch 12/30 | train=0.130217 val=0.171832 | sat_backbone=8.19e-05 sat_other=1.64e-04 drone_guidance=8.19e-05
2026-02-13 17:07:18,561 - portable_sam_fusion - INFO - Epoch 13 detailed losses: loss_rpn_cls=0.0001, loss_rpn_bbox=0.0060, loss_cls=0.0402, acc=98.3561, loss_bbox=0.0368, loss_mask=0.0278
2026-02-13 17:08:12,323 - portable_sam_fusion - INFO - Epoch 13/30 | train=0.110857 val=0.186673 | sat_backbone=7.68e-05 sat_other=1.54e-04 drone_guidance=7.68e-05
2026-02-13 17:14:08,123 - portable_sam_fusion - INFO - Epoch 14 detailed losses: loss_rpn_cls=0.0001, loss_rpn_bbox=0.0056, loss_cls=0.0422, acc=98.2561, loss_bbox=0.0393, loss_mask=0.0244
2026-02-13 17:14:59,840 - portable_sam_fusion - INFO - Epoch 14/30 | train=0.111553 val=0.156028 | sat_backbone=7.13e-05 sat_other=1.43e-04 drone_guidance=7.13e-05
2026-02-13 17:20:52,067 - portable_sam_fusion - INFO - Epoch 15 detailed losses: loss_rpn_cls=0.0001, loss_rpn_bbox=0.0053, loss_cls=0.0365, acc=98.5328, loss_bbox=0.0332, loss_mask=0.0205
2026-02-13 17:21:28,904 - portable_sam_fusion - INFO - Epoch 15/30 | train=0.095658 val=0.178093 | sat_backbone=6.55e-05 sat_other=1.31e-04 drone_guidance=6.55e-05
2026-02-13 17:27:22,675 - portable_sam_fusion - INFO - Epoch 16 detailed losses: loss_rpn_cls=0.0001, loss_rpn_bbox=0.0047, loss_cls=0.0354, acc=98.5753, loss_bbox=0.0306, loss_mask=0.0178
2026-02-13 17:27:59,166 - portable_sam_fusion - INFO - Epoch 16/30 | train=0.088603 val=0.158505 | sat_backbone=5.95e-05 sat_other=1.19e-04 drone_guidance=5.95e-05
2026-02-13 17:33:54,019 - portable_sam_fusion - INFO - Epoch 17 detailed losses: loss_rpn_cls=0.0001, loss_rpn_bbox=0.0043, loss_cls=0.0338, acc=98.6689, loss_bbox=0.0265, loss_mask=0.0162
2026-02-13 17:34:31,056 - portable_sam_fusion - INFO - Epoch 17/30 | train=0.080865 val=0.177090 | sat_backbone=5.32e-05 sat_other=1.06e-04 drone_guidance=5.32e-05
2026-02-13 17:40:27,294 - portable_sam_fusion - INFO - Epoch 18 detailed losses: loss_rpn_cls=0.0001, loss_rpn_bbox=0.0037, loss_cls=0.0347, acc=98.6049, loss_bbox=0.0279, loss_mask=0.0144
2026-02-13 17:41:06,420 - portable_sam_fusion - INFO - Epoch 18/30 | train=0.080822 val=0.193037 | sat_backbone=4.70e-05 sat_other=9.38e-05 drone_guidance=4.70e-05
2026-02-13 17:47:13,407 - portable_sam_fusion - INFO - Epoch 19 detailed losses: loss_rpn_cls=0.0001, loss_rpn_bbox=0.0034, loss_cls=0.0362, acc=98.5747, loss_bbox=0.0276, loss_mask=0.0147
2026-02-13 17:47:50,249 - portable_sam_fusion - INFO - Epoch 19/30 | train=0.081989 val=0.157624 | sat_backbone=4.07e-05 sat_other=8.14e-05 drone_guidance=4.07e-05
2026-02-13 17:53:49,491 - portable_sam_fusion - INFO - Epoch 20 detailed losses: loss_rpn_cls=0.0001, loss_rpn_bbox=0.0030, loss_cls=0.0300, acc=98.8403, loss_bbox=0.0210, loss_mask=0.0118
2026-02-13 17:54:28,849 - portable_sam_fusion - INFO - Epoch 20/30 | train=0.065860 val=0.272094 | sat_backbone=3.47e-05 sat_other=6.92e-05 drone_guidance=3.47e-05
2026-02-13 18:00:37,202 - portable_sam_fusion - INFO - Epoch 21 detailed losses: loss_rpn_cls=0.0001, loss_rpn_bbox=0.0028, loss_cls=0.0281, acc=98.9078, loss_bbox=0.0193, loss_mask=0.0107
2026-02-13 18:01:14,451 - portable_sam_fusion - INFO - Epoch 21/30 | train=0.060985 val=0.189678 | sat_backbone=2.89e-05 sat_other=5.76e-05 drone_guidance=2.89e-05
2026-02-13 18:08:29,071 - portable_sam_fusion - INFO - Epoch 22 detailed losses: loss_rpn_cls=0.0001, loss_rpn_bbox=0.0024, loss_cls=0.0259, acc=98.9827, loss_bbox=0.0170, loss_mask=0.0104
2026-02-13 18:09:06,179 - portable_sam_fusion - INFO - Epoch 22/30 | train=0.055805 val=0.206728 | sat_backbone=2.34e-05 sat_other=4.66e-05 drone_guidance=2.34e-05
2026-02-13 18:15:19,859 - portable_sam_fusion - INFO - Epoch 23 detailed losses: loss_rpn_cls=0.0000, loss_rpn_bbox=0.0021, loss_cls=0.0260, acc=98.9973, loss_bbox=0.0153, loss_mask=0.0093
2026-02-13 18:15:58,144 - portable_sam_fusion - INFO - Epoch 23/30 | train=0.052755 val=0.179875 | sat_backbone=1.83e-05 sat_other=3.64e-05 drone_guidance=1.83e-05
2026-02-13 18:21:59,102 - portable_sam_fusion - INFO - Epoch 24 detailed losses: loss_rpn_cls=0.0000, loss_rpn_bbox=0.0019, loss_cls=0.0191, acc=99.2565, loss_bbox=0.0111, loss_mask=0.0085
2026-02-13 18:22:36,868 - portable_sam_fusion - INFO - Epoch 24/30 | train=0.040603 val=0.202978 | sat_backbone=1.37e-05 sat_other=2.73e-05 drone_guidance=1.37e-05
2026-02-13 18:28:44,154 - portable_sam_fusion - INFO - Epoch 25 detailed losses: loss_rpn_cls=0.0000, loss_rpn_bbox=0.0017, loss_cls=0.0196, acc=99.2344, loss_bbox=0.0109, loss_mask=0.0082
2026-02-13 18:29:22,296 - portable_sam_fusion - INFO - Epoch 25/30 | train=0.040424 val=0.201626 | sat_backbone=9.73e-06 sat_other=1.93e-05 drone_guidance=9.73e-06
2026-02-13 18:35:29,249 - portable_sam_fusion - INFO - Epoch 26 detailed losses: loss_rpn_cls=0.0000, loss_rpn_bbox=0.0015, loss_cls=0.0201, acc=99.2437, loss_bbox=0.0107, loss_mask=0.0082
2026-02-13 18:36:07,572 - portable_sam_fusion - INFO - Epoch 26/30 | train=0.040558 val=0.212433 | sat_backbone=6.37e-06 sat_other=1.26e-05 drone_guidance=6.37e-06
2026-02-13 18:42:14,056 - portable_sam_fusion - INFO - Epoch 27 detailed losses: loss_rpn_cls=0.0000, loss_rpn_bbox=0.0014, loss_cls=0.0190, acc=99.2722, loss_bbox=0.0097, loss_mask=0.0079
2026-02-13 18:42:53,826 - portable_sam_fusion - INFO - Epoch 27/30 | train=0.038027 val=0.205666 | sat_backbone=3.70e-06 sat_other=7.22e-06 drone_guidance=3.70e-06
2026-02-13 18:49:03,466 - portable_sam_fusion - INFO - Epoch 28 detailed losses: loss_rpn_cls=0.0000, loss_rpn_bbox=0.0013, loss_cls=0.0183, acc=99.3286, loss_bbox=0.0087, loss_mask=0.0078
2026-02-13 18:49:42,417 - portable_sam_fusion - INFO - Epoch 28/30 | train=0.036133 val=0.232044 | sat_backbone=1.77e-06 sat_other=3.34e-06 drone_guidance=1.77e-06
2026-02-13 18:55:52,749 - portable_sam_fusion - INFO - Epoch 29 detailed losses: loss_rpn_cls=0.0000, loss_rpn_bbox=0.0012, loss_cls=0.0176, acc=99.3461, loss_bbox=0.0084, loss_mask=0.0074
2026-02-13 18:56:18,302 - portable_sam_fusion - INFO - Epoch 29/30 | train=0.034591 val=0.215637 | sat_backbone=5.93e-07 sat_other=9.88e-07 drone_guidance=5.93e-07
2026-02-13 18:56:18,304 - portable_sam_fusion - INFO - Early stopping triggered (patience=15)
