/home/wangcheng/anaconda3/envs/cvt/lib/python3.9/site-packages/imagecorruptions/corruptions.py:17: UserWarning: pkg_resources is deprecated as an API. See https://setuptools.pypa.io/en/latest/pkg_resources.html. The pkg_resources package is slated for removal as early as 2025-11-30. Refrain from using this package or pin to Setuptools<81.
  from pkg_resources import resource_filename
Loads checkpoint by local backend from path: /home/wangcheng/project/SCVT3/portable_sam_fusion/checkpoints/sam_vit_b_01ec64.pth
Loaded SAM VisionEncoder with interpolation. Missing keys: 0, Unexpected keys: 138
02/14 14:28:51 - mmengine - INFO - load model from: /home/wangcheng/project/SCVT3/portable_sam_fusion/checkpoints/sam_vit_b_01ec64.pth
02/14 14:28:51 - mmengine - INFO - Loads checkpoint by local backend from path: /home/wangcheng/project/SCVT3/portable_sam_fusion/checkpoints/sam_vit_b_01ec64.pth
02/14 14:28:51 - mmengine - WARNING - The model and loaded state dict do not match exactly

unexpected key in source state_dict: shared_image_embedding.positional_embedding, vision_encoder.pos_embed, vision_encoder.patch_embed.projection.weight, vision_encoder.patch_embed.projection.bias, vision_encoder.layers.0.layer_norm1.weight, vision_encoder.layers.0.layer_norm1.bias, vision_encoder.layers.0.attn.rel_pos_h, vision_encoder.layers.0.attn.rel_pos_w, vision_encoder.layers.0.attn.qkv.weight, vision_encoder.layers.0.attn.qkv.bias, vision_encoder.layers.0.attn.proj.weight, vision_encoder.layers.0.attn.proj.bias, vision_encoder.layers.0.layer_norm2.weight, vision_encoder.layers.0.layer_norm2.bias, vision_encoder.layers.0.mlp.lin1.weight, vision_encoder.layers.0.mlp.lin1.bias, vision_encoder.layers.0.mlp.lin2.weight, vision_encoder.layers.0.mlp.lin2.bias, vision_encoder.layers.1.layer_norm1.weight, vision_encoder.layers.1.layer_norm1.bias, vision_encoder.layers.1.attn.rel_pos_h, vision_encoder.layers.1.attn.rel_pos_w, vision_encoder.layers.1.attn.qkv.weight, vision_encoder.layers.1.attn.qkv.bias, vision_encoder.layers.1.attn.proj.weight, vision_encoder.layers.1.attn.proj.bias, vision_encoder.layers.1.layer_norm2.weight, vision_encoder.layers.1.layer_norm2.bias, vision_encoder.layers.1.mlp.lin1.weight, vision_encoder.layers.1.mlp.lin1.bias, vision_encoder.layers.1.mlp.lin2.weight, vision_encoder.layers.1.mlp.lin2.bias, vision_encoder.layers.2.layer_norm1.weight, vision_encoder.layers.2.layer_norm1.bias, vision_encoder.layers.2.attn.rel_pos_h, vision_encoder.layers.2.attn.rel_pos_w, vision_encoder.layers.2.attn.qkv.weight, vision_encoder.layers.2.attn.qkv.bias, vision_encoder.layers.2.attn.proj.weight, vision_encoder.layers.2.attn.proj.bias, vision_encoder.layers.2.layer_norm2.weight, vision_encoder.layers.2.layer_norm2.bias, vision_encoder.layers.2.mlp.lin1.weight, vision_encoder.layers.2.mlp.lin1.bias, vision_encoder.layers.2.mlp.lin2.weight, vision_encoder.layers.2.mlp.lin2.bias, vision_encoder.layers.3.layer_norm1.weight, vision_encoder.layers.3.layer_norm1.bias, vision_encoder.layers.3.attn.rel_pos_h, vision_encoder.layers.3.attn.rel_pos_w, vision_encoder.layers.3.attn.qkv.weight, vision_encoder.layers.3.attn.qkv.bias, vision_encoder.layers.3.attn.proj.weight, vision_encoder.layers.3.attn.proj.bias, vision_encoder.layers.3.layer_norm2.weight, vision_encoder.layers.3.layer_norm2.bias, vision_encoder.layers.3.mlp.lin1.weight, vision_encoder.layers.3.mlp.lin1.bias, vision_encoder.layers.3.mlp.lin2.weight, vision_encoder.layers.3.mlp.lin2.bias, vision_encoder.layers.4.layer_norm1.weight, vision_encoder.layers.4.layer_norm1.bias, vision_encoder.layers.4.attn.rel_pos_h, vision_encoder.layers.4.attn.rel_pos_w, vision_encoder.layers.4.attn.qkv.weight, vision_encoder.layers.4.attn.qkv.bias, vision_encoder.layers.4.attn.proj.weight, vision_encoder.layers.4.attn.proj.bias, vision_encoder.layers.4.layer_norm2.weight, vision_encoder.layers.4.layer_norm2.bias, vision_encoder.layers.4.mlp.lin1.weight, vision_encoder.layers.4.mlp.lin1.bias, vision_encoder.layers.4.mlp.lin2.weight, vision_encoder.layers.4.mlp.lin2.bias, vision_encoder.layers.5.layer_norm1.weight, vision_encoder.layers.5.layer_norm1.bias, vision_encoder.layers.5.attn.rel_pos_h, vision_encoder.layers.5.attn.rel_pos_w, vision_encoder.layers.5.attn.qkv.weight, vision_encoder.layers.5.attn.qkv.bias, vision_encoder.layers.5.attn.proj.weight, vision_encoder.layers.5.attn.proj.bias, vision_encoder.layers.5.layer_norm2.weight, vision_encoder.layers.5.layer_norm2.bias, vision_encoder.layers.5.mlp.lin1.weight, vision_encoder.layers.5.mlp.lin1.bias, vision_encoder.layers.5.mlp.lin2.weight, vision_encoder.layers.5.mlp.lin2.bias, vision_encoder.layers.6.layer_norm1.weight, vision_encoder.layers.6.layer_norm1.bias, vision_encoder.layers.6.attn.rel_pos_h, vision_encoder.layers.6.attn.rel_pos_w, vision_encoder.layers.6.attn.qkv.weight, vision_encoder.layers.6.attn.qkv.bias, vision_encoder.layers.6.attn.proj.weight, vision_encoder.layers.6.attn.proj.bias, vision_encoder.layers.6.layer_norm2.weight, vision_encoder.layers.6.layer_norm2.bias, vision_encoder.layers.6.mlp.lin1.weight, vision_encoder.layers.6.mlp.lin1.bias, vision_encoder.layers.6.mlp.lin2.weight, vision_encoder.layers.6.mlp.lin2.bias, vision_encoder.layers.7.layer_norm1.weight, vision_encoder.layers.7.layer_norm1.bias, vision_encoder.layers.7.attn.rel_pos_h, vision_encoder.layers.7.attn.rel_pos_w, vision_encoder.layers.7.attn.qkv.weight, vision_encoder.layers.7.attn.qkv.bias, vision_encoder.layers.7.attn.proj.weight, vision_encoder.layers.7.attn.proj.bias, vision_encoder.layers.7.layer_norm2.weight, vision_encoder.layers.7.layer_norm2.bias, vision_encoder.layers.7.mlp.lin1.weight, vision_encoder.layers.7.mlp.lin1.bias, vision_encoder.layers.7.mlp.lin2.weight, vision_encoder.layers.7.mlp.lin2.bias, vision_encoder.layers.8.layer_norm1.weight, vision_encoder.layers.8.layer_norm1.bias, vision_encoder.layers.8.attn.rel_pos_h, vision_encoder.layers.8.attn.rel_pos_w, vision_encoder.layers.8.attn.qkv.weight, vision_encoder.layers.8.attn.qkv.bias, vision_encoder.layers.8.attn.proj.weight, vision_encoder.layers.8.attn.proj.bias, vision_encoder.layers.8.layer_norm2.weight, vision_encoder.layers.8.layer_norm2.bias, vision_encoder.layers.8.mlp.lin1.weight, vision_encoder.layers.8.mlp.lin1.bias, vision_encoder.layers.8.mlp.lin2.weight, vision_encoder.layers.8.mlp.lin2.bias, vision_encoder.layers.9.layer_norm1.weight, vision_encoder.layers.9.layer_norm1.bias, vision_encoder.layers.9.attn.rel_pos_h, vision_encoder.layers.9.attn.rel_pos_w, vision_encoder.layers.9.attn.qkv.weight, vision_encoder.layers.9.attn.qkv.bias, vision_encoder.layers.9.attn.proj.weight, vision_encoder.layers.9.attn.proj.bias, vision_encoder.layers.9.layer_norm2.weight, vision_encoder.layers.9.layer_norm2.bias, vision_encoder.layers.9.mlp.lin1.weight, vision_encoder.layers.9.mlp.lin1.bias, vision_encoder.layers.9.mlp.lin2.weight, vision_encoder.layers.9.mlp.lin2.bias, vision_encoder.layers.10.layer_norm1.weight, vision_encoder.layers.10.layer_norm1.bias, vision_encoder.layers.10.attn.rel_pos_h, vision_encoder.layers.10.attn.rel_pos_w, vision_encoder.layers.10.attn.qkv.weight, vision_encoder.layers.10.attn.qkv.bias, vision_encoder.layers.10.attn.proj.weight, vision_encoder.layers.10.attn.proj.bias, vision_encoder.layers.10.layer_norm2.weight, vision_encoder.layers.10.layer_norm2.bias, vision_encoder.layers.10.mlp.lin1.weight, vision_encoder.layers.10.mlp.lin1.bias, vision_encoder.layers.10.mlp.lin2.weight, vision_encoder.layers.10.mlp.lin2.bias, vision_encoder.layers.11.layer_norm1.weight, vision_encoder.layers.11.layer_norm1.bias, vision_encoder.layers.11.attn.rel_pos_h, vision_encoder.layers.11.attn.rel_pos_w, vision_encoder.layers.11.attn.qkv.weight, vision_encoder.layers.11.attn.qkv.bias, vision_encoder.layers.11.attn.proj.weight, vision_encoder.layers.11.attn.proj.bias, vision_encoder.layers.11.layer_norm2.weight, vision_encoder.layers.11.layer_norm2.bias, vision_encoder.layers.11.mlp.lin1.weight, vision_encoder.layers.11.mlp.lin1.bias, vision_encoder.layers.11.mlp.lin2.weight, vision_encoder.layers.11.mlp.lin2.bias, vision_encoder.neck.conv1.weight, vision_encoder.neck.layer_norm1.weight, vision_encoder.neck.layer_norm1.bias, vision_encoder.neck.conv2.weight, vision_encoder.neck.layer_norm2.weight, vision_encoder.neck.layer_norm2.bias, mask_decoder.iou_token.weight, mask_decoder.mask_tokens.weight, mask_decoder.transformer.layers.0.self_attn.q_proj.weight, mask_decoder.transformer.layers.0.self_attn.q_proj.bias, mask_decoder.transformer.layers.0.self_attn.k_proj.weight, mask_decoder.transformer.layers.0.self_attn.k_proj.bias, mask_decoder.transformer.layers.0.self_attn.v_proj.weight, mask_decoder.transformer.layers.0.self_attn.v_proj.bias, mask_decoder.transformer.layers.0.self_attn.out_proj.weight, mask_decoder.transformer.layers.0.self_attn.out_proj.bias, mask_decoder.transformer.layers.0.layer_norm1.weight, mask_decoder.transformer.layers.0.layer_norm1.bias, mask_decoder.transformer.layers.0.cross_attn_token_to_image.q_proj.weight, mask_decoder.transformer.layers.0.cross_attn_token_to_image.q_proj.bias, mask_decoder.transformer.layers.0.cross_attn_token_to_image.k_proj.weight, mask_decoder.transformer.layers.0.cross_attn_token_to_image.k_proj.bias, mask_decoder.transformer.layers.0.cross_attn_token_to_image.v_proj.weight, mask_decoder.transformer.layers.0.cross_attn_token_to_image.v_proj.bias, mask_decoder.transformer.layers.0.cross_attn_token_to_image.out_proj.weight, mask_decoder.transformer.layers.0.cross_attn_token_to_image.out_proj.bias, mask_decoder.transformer.layers.0.layer_norm2.weight, mask_decoder.transformer.layers.0.layer_norm2.bias, mask_decoder.transformer.layers.0.mlp.lin1.weight, mask_decoder.transformer.layers.0.mlp.lin1.bias, mask_decoder.transformer.layers.0.mlp.lin2.weight, mask_decoder.transformer.layers.0.mlp.lin2.bias, mask_decoder.transformer.layers.0.layer_norm3.weight, mask_decoder.transformer.layers.0.layer_norm3.bias, mask_decoder.transformer.layers.0.layer_norm4.weight, mask_decoder.transformer.layers.0.layer_norm4.bias, mask_decoder.transformer.layers.0.cross_attn_image_to_token.q_proj.weight, mask_decoder.transformer.layers.0.cross_attn_image_to_token.q_proj.bias, mask_decoder.transformer.layers.0.cross_attn_image_to_token.k_proj.weight, mask_decoder.transformer.layers.0.cross_attn_image_to_token.k_proj.bias, mask_decoder.transformer.layers.0.cross_attn_image_to_token.v_proj.weight, mask_decoder.transformer.layers.0.cross_attn_image_to_token.v_proj.bias, mask_decoder.transformer.layers.0.cross_attn_image_to_token.out_proj.weight, mask_decoder.transformer.layers.0.cross_attn_image_to_token.out_proj.bias, mask_decoder.transformer.layers.1.self_attn.q_proj.weight, mask_decoder.transformer.layers.1.self_attn.q_proj.bias, mask_decoder.transformer.layers.1.self_attn.k_proj.weight, mask_decoder.transformer.layers.1.self_attn.k_proj.bias, mask_decoder.transformer.layers.1.self_attn.v_proj.weight, mask_decoder.transformer.layers.1.self_attn.v_proj.bias, mask_decoder.transformer.layers.1.self_attn.out_proj.weight, mask_decoder.transformer.layers.1.self_attn.out_proj.bias, mask_decoder.transformer.layers.1.layer_norm1.weight, mask_decoder.transformer.layers.1.layer_norm1.bias, mask_decoder.transformer.layers.1.cross_attn_token_to_image.q_proj.weight, mask_decoder.transformer.layers.1.cross_attn_token_to_image.q_proj.bias, mask_decoder.transformer.layers.1.cross_attn_token_to_image.k_proj.weight, mask_decoder.transformer.layers.1.cross_attn_token_to_image.k_proj.bias, mask_decoder.transformer.layers.1.cross_attn_token_to_image.v_proj.weight, mask_decoder.transformer.layers.1.cross_attn_token_to_image.v_proj.bias, mask_decoder.transformer.layers.1.cross_attn_token_to_image.out_proj.weight, mask_decoder.transformer.layers.1.cross_attn_token_to_image.out_proj.bias, mask_decoder.transformer.layers.1.layer_norm2.weight, mask_decoder.transformer.layers.1.layer_norm2.bias, mask_decoder.transformer.layers.1.mlp.lin1.weight, mask_decoder.transformer.layers.1.mlp.lin1.bias, mask_decoder.transformer.layers.1.mlp.lin2.weight, mask_decoder.transformer.layers.1.mlp.lin2.bias, mask_decoder.transformer.layers.1.layer_norm3.weight, mask_decoder.transformer.layers.1.layer_norm3.bias, mask_decoder.transformer.layers.1.layer_norm4.weight, mask_decoder.transformer.layers.1.layer_norm4.bias, mask_decoder.transformer.layers.1.cross_attn_image_to_token.q_proj.weight, mask_decoder.transformer.layers.1.cross_attn_image_to_token.q_proj.bias, mask_decoder.transformer.layers.1.cross_attn_image_to_token.k_proj.weight, mask_decoder.transformer.layers.1.cross_attn_image_to_token.k_proj.bias, mask_decoder.transformer.layers.1.cross_attn_image_to_token.v_proj.weight, mask_decoder.transformer.layers.1.cross_attn_image_to_token.v_proj.bias, mask_decoder.transformer.layers.1.cross_attn_image_to_token.out_proj.weight, mask_decoder.transformer.layers.1.cross_attn_image_to_token.out_proj.bias, mask_decoder.transformer.final_attn_token_to_image.q_proj.weight, mask_decoder.transformer.final_attn_token_to_image.q_proj.bias, mask_decoder.transformer.final_attn_token_to_image.k_proj.weight, mask_decoder.transformer.final_attn_token_to_image.k_proj.bias, mask_decoder.transformer.final_attn_token_to_image.v_proj.weight, mask_decoder.transformer.final_attn_token_to_image.v_proj.bias, mask_decoder.transformer.final_attn_token_to_image.out_proj.weight, mask_decoder.transformer.final_attn_token_to_image.out_proj.bias, mask_decoder.transformer.layer_norm_final_attn.weight, mask_decoder.transformer.layer_norm_final_attn.bias, mask_decoder.upscale_conv1.weight, mask_decoder.upscale_conv1.bias, mask_decoder.upscale_conv2.weight, mask_decoder.upscale_conv2.bias, mask_decoder.upscale_layer_norm.weight, mask_decoder.upscale_layer_norm.bias, mask_decoder.output_hypernetworks_mlps.0.proj_in.weight, mask_decoder.output_hypernetworks_mlps.0.proj_in.bias, mask_decoder.output_hypernetworks_mlps.0.proj_out.weight, mask_decoder.output_hypernetworks_mlps.0.proj_out.bias, mask_decoder.output_hypernetworks_mlps.0.layers.0.weight, mask_decoder.output_hypernetworks_mlps.0.layers.0.bias, mask_decoder.output_hypernetworks_mlps.1.proj_in.weight, mask_decoder.output_hypernetworks_mlps.1.proj_in.bias, mask_decoder.output_hypernetworks_mlps.1.proj_out.weight, mask_decoder.output_hypernetworks_mlps.1.proj_out.bias, mask_decoder.output_hypernetworks_mlps.1.layers.0.weight, mask_decoder.output_hypernetworks_mlps.1.layers.0.bias, mask_decoder.output_hypernetworks_mlps.2.proj_in.weight, mask_decoder.output_hypernetworks_mlps.2.proj_in.bias, mask_decoder.output_hypernetworks_mlps.2.proj_out.weight, mask_decoder.output_hypernetworks_mlps.2.proj_out.bias, mask_decoder.output_hypernetworks_mlps.2.layers.0.weight, mask_decoder.output_hypernetworks_mlps.2.layers.0.bias, mask_decoder.output_hypernetworks_mlps.3.proj_in.weight, mask_decoder.output_hypernetworks_mlps.3.proj_in.bias, mask_decoder.output_hypernetworks_mlps.3.proj_out.weight, mask_decoder.output_hypernetworks_mlps.3.proj_out.bias, mask_decoder.output_hypernetworks_mlps.3.layers.0.weight, mask_decoder.output_hypernetworks_mlps.3.layers.0.bias, mask_decoder.iou_prediction_head.proj_in.weight, mask_decoder.iou_prediction_head.proj_in.bias, mask_decoder.iou_prediction_head.proj_out.weight, mask_decoder.iou_prediction_head.proj_out.bias, mask_decoder.iou_prediction_head.layers.0.weight, mask_decoder.iou_prediction_head.layers.0.bias, prompt_encoder.shared_embedding.positional_embedding

02/14 14:28:51 - mmengine - INFO - 
prompt_encoder.mask_embed.conv1.weight - torch.Size([4, 1, 2, 2]): 
PretrainedInit: load from /home/wangcheng/project/SCVT3/portable_sam_fusion/checkpoints/sam_vit_b_01ec64.pth 
 
02/14 14:28:51 - mmengine - INFO - 
prompt_encoder.mask_embed.conv1.bias - torch.Size([4]): 
PretrainedInit: load from /home/wangcheng/project/SCVT3/portable_sam_fusion/checkpoints/sam_vit_b_01ec64.pth 
 
02/14 14:28:51 - mmengine - INFO - 
prompt_encoder.mask_embed.conv2.weight - torch.Size([16, 4, 2, 2]): 
PretrainedInit: load from /home/wangcheng/project/SCVT3/portable_sam_fusion/checkpoints/sam_vit_b_01ec64.pth 
 
02/14 14:28:51 - mmengine - INFO - 
prompt_encoder.mask_embed.conv2.bias - torch.Size([16]): 
PretrainedInit: load from /home/wangcheng/project/SCVT3/portable_sam_fusion/checkpoints/sam_vit_b_01ec64.pth 
 
02/14 14:28:51 - mmengine - INFO - 
prompt_encoder.mask_embed.conv3.weight - torch.Size([256, 16, 1, 1]): 
PretrainedInit: load from /home/wangcheng/project/SCVT3/portable_sam_fusion/checkpoints/sam_vit_b_01ec64.pth 
 
02/14 14:28:51 - mmengine - INFO - 
prompt_encoder.mask_embed.conv3.bias - torch.Size([256]): 
PretrainedInit: load from /home/wangcheng/project/SCVT3/portable_sam_fusion/checkpoints/sam_vit_b_01ec64.pth 
 
02/14 14:28:51 - mmengine - INFO - 
prompt_encoder.mask_embed.layer_norm1.weight - torch.Size([4]): 
PretrainedInit: load from /home/wangcheng/project/SCVT3/portable_sam_fusion/checkpoints/sam_vit_b_01ec64.pth 
 
02/14 14:28:51 - mmengine - INFO - 
prompt_encoder.mask_embed.layer_norm1.bias - torch.Size([4]): 
PretrainedInit: load from /home/wangcheng/project/SCVT3/portable_sam_fusion/checkpoints/sam_vit_b_01ec64.pth 
 
02/14 14:28:51 - mmengine - INFO - 
prompt_encoder.mask_embed.layer_norm2.weight - torch.Size([16]): 
PretrainedInit: load from /home/wangcheng/project/SCVT3/portable_sam_fusion/checkpoints/sam_vit_b_01ec64.pth 
 
02/14 14:28:51 - mmengine - INFO - 
prompt_encoder.mask_embed.layer_norm2.bias - torch.Size([16]): 
PretrainedInit: load from /home/wangcheng/project/SCVT3/portable_sam_fusion/checkpoints/sam_vit_b_01ec64.pth 
 
02/14 14:28:51 - mmengine - INFO - 
prompt_encoder.no_mask_embed.weight - torch.Size([1, 256]): 
PretrainedInit: load from /home/wangcheng/project/SCVT3/portable_sam_fusion/checkpoints/sam_vit_b_01ec64.pth 
 
02/14 14:28:51 - mmengine - INFO - 
prompt_encoder.point_embed.0.weight - torch.Size([1, 256]): 
PretrainedInit: load from /home/wangcheng/project/SCVT3/portable_sam_fusion/checkpoints/sam_vit_b_01ec64.pth 
 
02/14 14:28:51 - mmengine - INFO - 
prompt_encoder.point_embed.1.weight - torch.Size([1, 256]): 
PretrainedInit: load from /home/wangcheng/project/SCVT3/portable_sam_fusion/checkpoints/sam_vit_b_01ec64.pth 
 
02/14 14:28:51 - mmengine - INFO - 
prompt_encoder.point_embed.2.weight - torch.Size([1, 256]): 
PretrainedInit: load from /home/wangcheng/project/SCVT3/portable_sam_fusion/checkpoints/sam_vit_b_01ec64.pth 
 
02/14 14:28:51 - mmengine - INFO - 
prompt_encoder.point_embed.3.weight - torch.Size([1, 256]): 
PretrainedInit: load from /home/wangcheng/project/SCVT3/portable_sam_fusion/checkpoints/sam_vit_b_01ec64.pth 
 
02/14 14:28:51 - mmengine - INFO - 
prompt_encoder.not_a_point_embed.weight - torch.Size([1, 256]): 
PretrainedInit: load from /home/wangcheng/project/SCVT3/portable_sam_fusion/checkpoints/sam_vit_b_01ec64.pth 
 
Loads checkpoint by local backend from path: /home/wangcheng/project/SCVT3/portable_sam_fusion/checkpoints/sam_vit_b_01ec64.pth
Loaded SAM PositionalEmbedding. Missing keys: 0, Unexpected keys: 314
2026-02-14 14:28:52,715 - portable_sam_fusion.data.satellite_dataset - INFO - 加载 576 个卫星场景 (训练集)
2026-02-14 14:28:52,746 - portable_sam_fusion.data.satellite_dataset - INFO - 加载 158 个卫星场景 (验证集)
2026-02-14 14:28:52,747 - portable_sam_fusion.data.loader - INFO - 创建验证集加载器: 158 样本
2026-02-14 14:28:52,747 - portable_sam_fusion - INFO - Dataset size: 576
2026-02-14 14:32:34,303 - portable_sam_fusion - INFO - Epoch 1 detailed losses: loss_rpn_cls=0.6932, loss_rpn_bbox=0.0202, loss_cls=0.4267, acc=89.1290, loss_bbox=0.0007, loss_mask=0.6902
2026-02-14 14:33:44,534 - portable_sam_fusion - INFO - Epoch 1/30 | train=1.831064 val=1.550421 | sat_backbone=1.35e-07 sat_other=2.69e-07
2026-02-14 14:37:17,252 - portable_sam_fusion - INFO - Epoch 2 detailed losses: loss_rpn_cls=0.6400, loss_rpn_bbox=0.0184, loss_cls=0.0983, acc=98.1852, loss_bbox=0.0009, loss_mask=0.6241
2026-02-14 14:38:24,629 - portable_sam_fusion - INFO - Epoch 2/30 | train=1.381751 val=1.277543 | sat_backbone=1.69e-07 sat_other=3.39e-07
2026-02-14 14:42:03,262 - portable_sam_fusion - INFO - Epoch 3 detailed losses: loss_rpn_cls=0.5594, loss_rpn_bbox=0.0174, loss_cls=0.0538, acc=98.1513, loss_bbox=0.0029, loss_mask=0.5268
2026-02-14 14:43:08,018 - portable_sam_fusion - INFO - Epoch 3/30 | train=1.160218 val=1.074240 | sat_backbone=2.04e-07 sat_other=4.08e-07
2026-02-14 14:46:41,858 - portable_sam_fusion - INFO - Epoch 4 detailed losses: loss_rpn_cls=0.4489, loss_rpn_bbox=0.0169, loss_cls=0.0463, acc=98.7644, loss_bbox=0.0076, loss_mask=0.4319
2026-02-14 14:47:47,016 - portable_sam_fusion - INFO - Epoch 4/30 | train=0.951565 val=0.873020 | sat_backbone=2.39e-07 sat_other=4.78e-07
2026-02-14 14:51:22,795 - portable_sam_fusion - INFO - Epoch 5 detailed losses: loss_rpn_cls=0.3129, loss_rpn_bbox=0.0169, loss_cls=0.0477, acc=98.6274, loss_bbox=0.0115, loss_mask=0.3645
2026-02-14 14:52:29,815 - portable_sam_fusion - INFO - Epoch 5/30 | train=0.753432 val=0.700195 | sat_backbone=1.00e-04 sat_other=2.00e-04
2026-02-14 14:56:26,923 - portable_sam_fusion - INFO - Epoch 6 detailed losses: loss_rpn_cls=0.0029, loss_rpn_bbox=0.0220, loss_cls=0.2246, acc=92.8575, loss_bbox=0.1584, loss_mask=0.2058
2026-02-14 14:57:36,334 - portable_sam_fusion - INFO - Epoch 6/30 | train=0.613697 val=0.682889 | sat_backbone=9.96e-05 sat_other=1.99e-04
2026-02-14 15:01:31,837 - portable_sam_fusion - INFO - Epoch 7 detailed losses: loss_rpn_cls=0.0009, loss_rpn_bbox=0.0143, loss_cls=0.1397, acc=94.4892, loss_bbox=0.1220, loss_mask=0.1465
2026-02-14 15:02:40,519 - portable_sam_fusion - INFO - Epoch 7/30 | train=0.423268 val=0.345679 | sat_backbone=9.84e-05 sat_other=1.97e-04
2026-02-14 15:06:25,264 - portable_sam_fusion - INFO - Epoch 8 detailed losses: loss_rpn_cls=0.0006, loss_rpn_bbox=0.0112, loss_cls=0.0677, acc=97.2182, loss_bbox=0.0616, loss_mask=0.1198
2026-02-14 15:07:31,250 - portable_sam_fusion - INFO - Epoch 8/30 | train=0.260959 val=0.242384 | sat_backbone=9.65e-05 sat_other=1.93e-04
2026-02-14 15:11:14,441 - portable_sam_fusion - INFO - Epoch 9 detailed losses: loss_rpn_cls=0.0005, loss_rpn_bbox=0.0100, loss_cls=0.0418, acc=98.2836, loss_bbox=0.0410, loss_mask=0.0924
2026-02-14 15:12:56,758 - portable_sam_fusion - INFO - Epoch 9/30 | train=0.185707 val=0.178604 | sat_backbone=9.38e-05 sat_other=1.88e-04
2026-02-14 15:16:42,355 - portable_sam_fusion - INFO - Epoch 10 detailed losses: loss_rpn_cls=0.0003, loss_rpn_bbox=0.0087, loss_cls=0.0437, acc=98.1818, loss_bbox=0.0434, loss_mask=0.0659
2026-02-14 15:17:35,456 - portable_sam_fusion - INFO - Epoch 10/30 | train=0.162000 val=0.181412 | sat_backbone=9.05e-05 sat_other=1.81e-04
2026-02-14 15:21:20,131 - portable_sam_fusion - INFO - Epoch 11 detailed losses: loss_rpn_cls=0.0003, loss_rpn_bbox=0.0077, loss_cls=0.0363, acc=98.4463, loss_bbox=0.0377, loss_mask=0.0433
2026-02-14 15:22:27,375 - portable_sam_fusion - INFO - Epoch 11/30 | train=0.125251 val=0.158079 | sat_backbone=8.65e-05 sat_other=1.73e-04
2026-02-14 15:26:15,122 - portable_sam_fusion - INFO - Epoch 12 detailed losses: loss_rpn_cls=0.0002, loss_rpn_bbox=0.0069, loss_cls=0.0326, acc=98.6464, loss_bbox=0.0326, loss_mask=0.0299
2026-02-14 15:27:08,760 - portable_sam_fusion - INFO - Epoch 12/30 | train=0.102304 val=0.160598 | sat_backbone=8.19e-05 sat_other=1.64e-04
2026-02-14 15:30:58,629 - portable_sam_fusion - INFO - Epoch 13 detailed losses: loss_rpn_cls=0.0002, loss_rpn_bbox=0.0067, loss_cls=0.0289, acc=98.8057, loss_bbox=0.0290, loss_mask=0.0249
2026-02-14 15:32:05,175 - portable_sam_fusion - INFO - Epoch 13/30 | train=0.089732 val=0.142861 | sat_backbone=7.68e-05 sat_other=1.54e-04
2026-02-14 15:35:55,674 - portable_sam_fusion - INFO - Epoch 14 detailed losses: loss_rpn_cls=0.0002, loss_rpn_bbox=0.0058, loss_cls=0.0271, acc=98.8641, loss_bbox=0.0267, loss_mask=0.0187
2026-02-14 15:37:04,369 - portable_sam_fusion - INFO - Epoch 14/30 | train=0.078464 val=0.142783 | sat_backbone=7.13e-05 sat_other=1.43e-04
2026-02-14 15:40:58,824 - portable_sam_fusion - INFO - Epoch 15 detailed losses: loss_rpn_cls=0.0001, loss_rpn_bbox=0.0050, loss_cls=0.0229, acc=99.0506, loss_bbox=0.0224, loss_mask=0.0157
2026-02-14 15:41:51,671 - portable_sam_fusion - INFO - Epoch 15/30 | train=0.066105 val=0.151577 | sat_backbone=6.55e-05 sat_other=1.31e-04
2026-02-14 15:45:42,692 - portable_sam_fusion - INFO - Epoch 16 detailed losses: loss_rpn_cls=0.0001, loss_rpn_bbox=0.0045, loss_cls=0.0207, acc=99.1740, loss_bbox=0.0209, loss_mask=0.0138
2026-02-14 15:46:36,111 - portable_sam_fusion - INFO - Epoch 16/30 | train=0.060070 val=0.157270 | sat_backbone=5.95e-05 sat_other=1.19e-04
2026-02-14 15:50:26,872 - portable_sam_fusion - INFO - Epoch 17 detailed losses: loss_rpn_cls=0.0001, loss_rpn_bbox=0.0039, loss_cls=0.0197, acc=99.2086, loss_bbox=0.0166, loss_mask=0.0122
2026-02-14 15:51:21,971 - portable_sam_fusion - INFO - Epoch 17/30 | train=0.052543 val=0.173759 | sat_backbone=5.32e-05 sat_other=1.06e-04
2026-02-14 15:55:16,281 - portable_sam_fusion - INFO - Epoch 18 detailed losses: loss_rpn_cls=0.0001, loss_rpn_bbox=0.0034, loss_cls=0.0189, acc=99.2194, loss_bbox=0.0154, loss_mask=0.0099
2026-02-14 15:56:21,982 - portable_sam_fusion - INFO - Epoch 18/30 | train=0.047753 val=0.118077 | sat_backbone=4.70e-05 sat_other=9.38e-05
2026-02-14 16:00:14,501 - portable_sam_fusion - INFO - Epoch 19 detailed losses: loss_rpn_cls=0.0001, loss_rpn_bbox=0.0030, loss_cls=0.0168, acc=99.3123, loss_bbox=0.0120, loss_mask=0.0091
2026-02-14 16:01:16,054 - portable_sam_fusion - INFO - Epoch 19/30 | train=0.040984 val=0.112487 | sat_backbone=4.07e-05 sat_other=8.14e-05
2026-02-14 16:05:07,186 - portable_sam_fusion - INFO - Epoch 20 detailed losses: loss_rpn_cls=0.0001, loss_rpn_bbox=0.0025, loss_cls=0.0140, acc=99.4432, loss_bbox=0.0097, loss_mask=0.0084
2026-02-14 16:05:59,440 - portable_sam_fusion - INFO - Epoch 20/30 | train=0.034651 val=0.174629 | sat_backbone=3.47e-05 sat_other=6.92e-05
2026-02-14 16:09:57,570 - portable_sam_fusion - INFO - Epoch 21 detailed losses: loss_rpn_cls=0.0001, loss_rpn_bbox=0.0022, loss_cls=0.0152, acc=99.4161, loss_bbox=0.0103, loss_mask=0.0078
2026-02-14 16:10:51,821 - portable_sam_fusion - INFO - Epoch 21/30 | train=0.035491 val=0.168699 | sat_backbone=2.89e-05 sat_other=5.76e-05
2026-02-14 16:14:44,227 - portable_sam_fusion - INFO - Epoch 22 detailed losses: loss_rpn_cls=0.0000, loss_rpn_bbox=0.0019, loss_cls=0.0109, acc=99.5761, loss_bbox=0.0070, loss_mask=0.0072
2026-02-14 16:15:36,414 - portable_sam_fusion - INFO - Epoch 22/30 | train=0.027049 val=0.169954 | sat_backbone=2.34e-05 sat_other=4.66e-05
2026-02-14 16:19:28,376 - portable_sam_fusion - INFO - Epoch 23 detailed losses: loss_rpn_cls=0.0001, loss_rpn_bbox=0.0017, loss_cls=0.0103, acc=99.6019, loss_bbox=0.0059, loss_mask=0.0065
2026-02-14 16:20:24,657 - portable_sam_fusion - INFO - Epoch 23/30 | train=0.024422 val=0.178842 | sat_backbone=1.83e-05 sat_other=3.64e-05
2026-02-14 16:24:20,661 - portable_sam_fusion - INFO - Epoch 24 detailed losses: loss_rpn_cls=0.0000, loss_rpn_bbox=0.0015, loss_cls=0.0111, acc=99.5626, loss_bbox=0.0065, loss_mask=0.0060
2026-02-14 16:25:13,321 - portable_sam_fusion - INFO - Epoch 24/30 | train=0.025023 val=0.150840 | sat_backbone=1.37e-05 sat_other=2.73e-05
2026-02-14 16:29:04,323 - portable_sam_fusion - INFO - Epoch 25 detailed losses: loss_rpn_cls=0.0000, loss_rpn_bbox=0.0013, loss_cls=0.0088, acc=99.6752, loss_bbox=0.0045, loss_mask=0.0057
2026-02-14 16:29:59,302 - portable_sam_fusion - INFO - Epoch 25/30 | train=0.020280 val=0.170751 | sat_backbone=9.73e-06 sat_other=1.93e-05
