/home/wangcheng/anaconda3/envs/cvt/lib/python3.9/site-packages/imagecorruptions/corruptions.py:17: UserWarning: pkg_resources is deprecated as an API. See https://setuptools.pypa.io/en/latest/pkg_resources.html. The pkg_resources package is slated for removal as early as 2025-11-30. Refrain from using this package or pin to Setuptools<81.
  from pkg_resources import resource_filename
Loads checkpoint by local backend from path: /home/wangcheng/project/SCVT3/portable_sam_fusion/checkpoints/sam_vit_b_01ec64.pth
Loaded SAM VisionEncoder with interpolation. Missing keys: 0, Unexpected keys: 138
Enabled gradient checkpointing for SAM VisionEncoder (via forward wrapper)
02/18 11:22:03 - mmengine - INFO - load model from: /home/wangcheng/project/SCVT3/portable_sam_fusion/checkpoints/sam_vit_b_01ec64.pth
02/18 11:22:03 - mmengine - INFO - Loads checkpoint by local backend from path: /home/wangcheng/project/SCVT3/portable_sam_fusion/checkpoints/sam_vit_b_01ec64.pth
02/18 11:22:04 - mmengine - WARNING - The model and loaded state dict do not match exactly

unexpected key in source state_dict: shared_image_embedding.positional_embedding, vision_encoder.pos_embed, vision_encoder.patch_embed.projection.weight, vision_encoder.patch_embed.projection.bias, vision_encoder.layers.0.layer_norm1.weight, vision_encoder.layers.0.layer_norm1.bias, vision_encoder.layers.0.attn.rel_pos_h, vision_encoder.layers.0.attn.rel_pos_w, vision_encoder.layers.0.attn.qkv.weight, vision_encoder.layers.0.attn.qkv.bias, vision_encoder.layers.0.attn.proj.weight, vision_encoder.layers.0.attn.proj.bias, vision_encoder.layers.0.layer_norm2.weight, vision_encoder.layers.0.layer_norm2.bias, vision_encoder.layers.0.mlp.lin1.weight, vision_encoder.layers.0.mlp.lin1.bias, vision_encoder.layers.0.mlp.lin2.weight, vision_encoder.layers.0.mlp.lin2.bias, vision_encoder.layers.1.layer_norm1.weight, vision_encoder.layers.1.layer_norm1.bias, vision_encoder.layers.1.attn.rel_pos_h, vision_encoder.layers.1.attn.rel_pos_w, vision_encoder.layers.1.attn.qkv.weight, vision_encoder.layers.1.attn.qkv.bias, vision_encoder.layers.1.attn.proj.weight, vision_encoder.layers.1.attn.proj.bias, vision_encoder.layers.1.layer_norm2.weight, vision_encoder.layers.1.layer_norm2.bias, vision_encoder.layers.1.mlp.lin1.weight, vision_encoder.layers.1.mlp.lin1.bias, vision_encoder.layers.1.mlp.lin2.weight, vision_encoder.layers.1.mlp.lin2.bias, vision_encoder.layers.2.layer_norm1.weight, vision_encoder.layers.2.layer_norm1.bias, vision_encoder.layers.2.attn.rel_pos_h, vision_encoder.layers.2.attn.rel_pos_w, vision_encoder.layers.2.attn.qkv.weight, vision_encoder.layers.2.attn.qkv.bias, vision_encoder.layers.2.attn.proj.weight, vision_encoder.layers.2.attn.proj.bias, vision_encoder.layers.2.layer_norm2.weight, vision_encoder.layers.2.layer_norm2.bias, vision_encoder.layers.2.mlp.lin1.weight, vision_encoder.layers.2.mlp.lin1.bias, vision_encoder.layers.2.mlp.lin2.weight, vision_encoder.layers.2.mlp.lin2.bias, vision_encoder.layers.3.layer_norm1.weight, vision_encoder.layers.3.layer_norm1.bias, vision_encoder.layers.3.attn.rel_pos_h, vision_encoder.layers.3.attn.rel_pos_w, vision_encoder.layers.3.attn.qkv.weight, vision_encoder.layers.3.attn.qkv.bias, vision_encoder.layers.3.attn.proj.weight, vision_encoder.layers.3.attn.proj.bias, vision_encoder.layers.3.layer_norm2.weight, vision_encoder.layers.3.layer_norm2.bias, vision_encoder.layers.3.mlp.lin1.weight, vision_encoder.layers.3.mlp.lin1.bias, vision_encoder.layers.3.mlp.lin2.weight, vision_encoder.layers.3.mlp.lin2.bias, vision_encoder.layers.4.layer_norm1.weight, vision_encoder.layers.4.layer_norm1.bias, vision_encoder.layers.4.attn.rel_pos_h, vision_encoder.layers.4.attn.rel_pos_w, vision_encoder.layers.4.attn.qkv.weight, vision_encoder.layers.4.attn.qkv.bias, vision_encoder.layers.4.attn.proj.weight, vision_encoder.layers.4.attn.proj.bias, vision_encoder.layers.4.layer_norm2.weight, vision_encoder.layers.4.layer_norm2.bias, vision_encoder.layers.4.mlp.lin1.weight, vision_encoder.layers.4.mlp.lin1.bias, vision_encoder.layers.4.mlp.lin2.weight, vision_encoder.layers.4.mlp.lin2.bias, vision_encoder.layers.5.layer_norm1.weight, vision_encoder.layers.5.layer_norm1.bias, vision_encoder.layers.5.attn.rel_pos_h, vision_encoder.layers.5.attn.rel_pos_w, vision_encoder.layers.5.attn.qkv.weight, vision_encoder.layers.5.attn.qkv.bias, vision_encoder.layers.5.attn.proj.weight, vision_encoder.layers.5.attn.proj.bias, vision_encoder.layers.5.layer_norm2.weight, vision_encoder.layers.5.layer_norm2.bias, vision_encoder.layers.5.mlp.lin1.weight, vision_encoder.layers.5.mlp.lin1.bias, vision_encoder.layers.5.mlp.lin2.weight, vision_encoder.layers.5.mlp.lin2.bias, vision_encoder.layers.6.layer_norm1.weight, vision_encoder.layers.6.layer_norm1.bias, vision_encoder.layers.6.attn.rel_pos_h, vision_encoder.layers.6.attn.rel_pos_w, vision_encoder.layers.6.attn.qkv.weight, vision_encoder.layers.6.attn.qkv.bias, vision_encoder.layers.6.attn.proj.weight, vision_encoder.layers.6.attn.proj.bias, vision_encoder.layers.6.layer_norm2.weight, vision_encoder.layers.6.layer_norm2.bias, vision_encoder.layers.6.mlp.lin1.weight, vision_encoder.layers.6.mlp.lin1.bias, vision_encoder.layers.6.mlp.lin2.weight, vision_encoder.layers.6.mlp.lin2.bias, vision_encoder.layers.7.layer_norm1.weight, vision_encoder.layers.7.layer_norm1.bias, vision_encoder.layers.7.attn.rel_pos_h, vision_encoder.layers.7.attn.rel_pos_w, vision_encoder.layers.7.attn.qkv.weight, vision_encoder.layers.7.attn.qkv.bias, vision_encoder.layers.7.attn.proj.weight, vision_encoder.layers.7.attn.proj.bias, vision_encoder.layers.7.layer_norm2.weight, vision_encoder.layers.7.layer_norm2.bias, vision_encoder.layers.7.mlp.lin1.weight, vision_encoder.layers.7.mlp.lin1.bias, vision_encoder.layers.7.mlp.lin2.weight, vision_encoder.layers.7.mlp.lin2.bias, vision_encoder.layers.8.layer_norm1.weight, vision_encoder.layers.8.layer_norm1.bias, vision_encoder.layers.8.attn.rel_pos_h, vision_encoder.layers.8.attn.rel_pos_w, vision_encoder.layers.8.attn.qkv.weight, vision_encoder.layers.8.attn.qkv.bias, vision_encoder.layers.8.attn.proj.weight, vision_encoder.layers.8.attn.proj.bias, vision_encoder.layers.8.layer_norm2.weight, vision_encoder.layers.8.layer_norm2.bias, vision_encoder.layers.8.mlp.lin1.weight, vision_encoder.layers.8.mlp.lin1.bias, vision_encoder.layers.8.mlp.lin2.weight, vision_encoder.layers.8.mlp.lin2.bias, vision_encoder.layers.9.layer_norm1.weight, vision_encoder.layers.9.layer_norm1.bias, vision_encoder.layers.9.attn.rel_pos_h, vision_encoder.layers.9.attn.rel_pos_w, vision_encoder.layers.9.attn.qkv.weight, vision_encoder.layers.9.attn.qkv.bias, vision_encoder.layers.9.attn.proj.weight, vision_encoder.layers.9.attn.proj.bias, vision_encoder.layers.9.layer_norm2.weight, vision_encoder.layers.9.layer_norm2.bias, vision_encoder.layers.9.mlp.lin1.weight, vision_encoder.layers.9.mlp.lin1.bias, vision_encoder.layers.9.mlp.lin2.weight, vision_encoder.layers.9.mlp.lin2.bias, vision_encoder.layers.10.layer_norm1.weight, vision_encoder.layers.10.layer_norm1.bias, vision_encoder.layers.10.attn.rel_pos_h, vision_encoder.layers.10.attn.rel_pos_w, vision_encoder.layers.10.attn.qkv.weight, vision_encoder.layers.10.attn.qkv.bias, vision_encoder.layers.10.attn.proj.weight, vision_encoder.layers.10.attn.proj.bias, vision_encoder.layers.10.layer_norm2.weight, vision_encoder.layers.10.layer_norm2.bias, vision_encoder.layers.10.mlp.lin1.weight, vision_encoder.layers.10.mlp.lin1.bias, vision_encoder.layers.10.mlp.lin2.weight, vision_encoder.layers.10.mlp.lin2.bias, vision_encoder.layers.11.layer_norm1.weight, vision_encoder.layers.11.layer_norm1.bias, vision_encoder.layers.11.attn.rel_pos_h, vision_encoder.layers.11.attn.rel_pos_w, vision_encoder.layers.11.attn.qkv.weight, vision_encoder.layers.11.attn.qkv.bias, vision_encoder.layers.11.attn.proj.weight, vision_encoder.layers.11.attn.proj.bias, vision_encoder.layers.11.layer_norm2.weight, vision_encoder.layers.11.layer_norm2.bias, vision_encoder.layers.11.mlp.lin1.weight, vision_encoder.layers.11.mlp.lin1.bias, vision_encoder.layers.11.mlp.lin2.weight, vision_encoder.layers.11.mlp.lin2.bias, vision_encoder.neck.conv1.weight, vision_encoder.neck.layer_norm1.weight, vision_encoder.neck.layer_norm1.bias, vision_encoder.neck.conv2.weight, vision_encoder.neck.layer_norm2.weight, vision_encoder.neck.layer_norm2.bias, mask_decoder.iou_token.weight, mask_decoder.mask_tokens.weight, mask_decoder.transformer.layers.0.self_attn.q_proj.weight, mask_decoder.transformer.layers.0.self_attn.q_proj.bias, mask_decoder.transformer.layers.0.self_attn.k_proj.weight, mask_decoder.transformer.layers.0.self_attn.k_proj.bias, mask_decoder.transformer.layers.0.self_attn.v_proj.weight, mask_decoder.transformer.layers.0.self_attn.v_proj.bias, mask_decoder.transformer.layers.0.self_attn.out_proj.weight, mask_decoder.transformer.layers.0.self_attn.out_proj.bias, mask_decoder.transformer.layers.0.layer_norm1.weight, mask_decoder.transformer.layers.0.layer_norm1.bias, mask_decoder.transformer.layers.0.cross_attn_token_to_image.q_proj.weight, mask_decoder.transformer.layers.0.cross_attn_token_to_image.q_proj.bias, mask_decoder.transformer.layers.0.cross_attn_token_to_image.k_proj.weight, mask_decoder.transformer.layers.0.cross_attn_token_to_image.k_proj.bias, mask_decoder.transformer.layers.0.cross_attn_token_to_image.v_proj.weight, mask_decoder.transformer.layers.0.cross_attn_token_to_image.v_proj.bias, mask_decoder.transformer.layers.0.cross_attn_token_to_image.out_proj.weight, mask_decoder.transformer.layers.0.cross_attn_token_to_image.out_proj.bias, mask_decoder.transformer.layers.0.layer_norm2.weight, mask_decoder.transformer.layers.0.layer_norm2.bias, mask_decoder.transformer.layers.0.mlp.lin1.weight, mask_decoder.transformer.layers.0.mlp.lin1.bias, mask_decoder.transformer.layers.0.mlp.lin2.weight, mask_decoder.transformer.layers.0.mlp.lin2.bias, mask_decoder.transformer.layers.0.layer_norm3.weight, mask_decoder.transformer.layers.0.layer_norm3.bias, mask_decoder.transformer.layers.0.layer_norm4.weight, mask_decoder.transformer.layers.0.layer_norm4.bias, mask_decoder.transformer.layers.0.cross_attn_image_to_token.q_proj.weight, mask_decoder.transformer.layers.0.cross_attn_image_to_token.q_proj.bias, mask_decoder.transformer.layers.0.cross_attn_image_to_token.k_proj.weight, mask_decoder.transformer.layers.0.cross_attn_image_to_token.k_proj.bias, mask_decoder.transformer.layers.0.cross_attn_image_to_token.v_proj.weight, mask_decoder.transformer.layers.0.cross_attn_image_to_token.v_proj.bias, mask_decoder.transformer.layers.0.cross_attn_image_to_token.out_proj.weight, mask_decoder.transformer.layers.0.cross_attn_image_to_token.out_proj.bias, mask_decoder.transformer.layers.1.self_attn.q_proj.weight, mask_decoder.transformer.layers.1.self_attn.q_proj.bias, mask_decoder.transformer.layers.1.self_attn.k_proj.weight, mask_decoder.transformer.layers.1.self_attn.k_proj.bias, mask_decoder.transformer.layers.1.self_attn.v_proj.weight, mask_decoder.transformer.layers.1.self_attn.v_proj.bias, mask_decoder.transformer.layers.1.self_attn.out_proj.weight, mask_decoder.transformer.layers.1.self_attn.out_proj.bias, mask_decoder.transformer.layers.1.layer_norm1.weight, mask_decoder.transformer.layers.1.layer_norm1.bias, mask_decoder.transformer.layers.1.cross_attn_token_to_image.q_proj.weight, mask_decoder.transformer.layers.1.cross_attn_token_to_image.q_proj.bias, mask_decoder.transformer.layers.1.cross_attn_token_to_image.k_proj.weight, mask_decoder.transformer.layers.1.cross_attn_token_to_image.k_proj.bias, mask_decoder.transformer.layers.1.cross_attn_token_to_image.v_proj.weight, mask_decoder.transformer.layers.1.cross_attn_token_to_image.v_proj.bias, mask_decoder.transformer.layers.1.cross_attn_token_to_image.out_proj.weight, mask_decoder.transformer.layers.1.cross_attn_token_to_image.out_proj.bias, mask_decoder.transformer.layers.1.layer_norm2.weight, mask_decoder.transformer.layers.1.layer_norm2.bias, mask_decoder.transformer.layers.1.mlp.lin1.weight, mask_decoder.transformer.layers.1.mlp.lin1.bias, mask_decoder.transformer.layers.1.mlp.lin2.weight, mask_decoder.transformer.layers.1.mlp.lin2.bias, mask_decoder.transformer.layers.1.layer_norm3.weight, mask_decoder.transformer.layers.1.layer_norm3.bias, mask_decoder.transformer.layers.1.layer_norm4.weight, mask_decoder.transformer.layers.1.layer_norm4.bias, mask_decoder.transformer.layers.1.cross_attn_image_to_token.q_proj.weight, mask_decoder.transformer.layers.1.cross_attn_image_to_token.q_proj.bias, mask_decoder.transformer.layers.1.cross_attn_image_to_token.k_proj.weight, mask_decoder.transformer.layers.1.cross_attn_image_to_token.k_proj.bias, mask_decoder.transformer.layers.1.cross_attn_image_to_token.v_proj.weight, mask_decoder.transformer.layers.1.cross_attn_image_to_token.v_proj.bias, mask_decoder.transformer.layers.1.cross_attn_image_to_token.out_proj.weight, mask_decoder.transformer.layers.1.cross_attn_image_to_token.out_proj.bias, mask_decoder.transformer.final_attn_token_to_image.q_proj.weight, mask_decoder.transformer.final_attn_token_to_image.q_proj.bias, mask_decoder.transformer.final_attn_token_to_image.k_proj.weight, mask_decoder.transformer.final_attn_token_to_image.k_proj.bias, mask_decoder.transformer.final_attn_token_to_image.v_proj.weight, mask_decoder.transformer.final_attn_token_to_image.v_proj.bias, mask_decoder.transformer.final_attn_token_to_image.out_proj.weight, mask_decoder.transformer.final_attn_token_to_image.out_proj.bias, mask_decoder.transformer.layer_norm_final_attn.weight, mask_decoder.transformer.layer_norm_final_attn.bias, mask_decoder.upscale_conv1.weight, mask_decoder.upscale_conv1.bias, mask_decoder.upscale_conv2.weight, mask_decoder.upscale_conv2.bias, mask_decoder.upscale_layer_norm.weight, mask_decoder.upscale_layer_norm.bias, mask_decoder.output_hypernetworks_mlps.0.proj_in.weight, mask_decoder.output_hypernetworks_mlps.0.proj_in.bias, mask_decoder.output_hypernetworks_mlps.0.proj_out.weight, mask_decoder.output_hypernetworks_mlps.0.proj_out.bias, mask_decoder.output_hypernetworks_mlps.0.layers.0.weight, mask_decoder.output_hypernetworks_mlps.0.layers.0.bias, mask_decoder.output_hypernetworks_mlps.1.proj_in.weight, mask_decoder.output_hypernetworks_mlps.1.proj_in.bias, mask_decoder.output_hypernetworks_mlps.1.proj_out.weight, mask_decoder.output_hypernetworks_mlps.1.proj_out.bias, mask_decoder.output_hypernetworks_mlps.1.layers.0.weight, mask_decoder.output_hypernetworks_mlps.1.layers.0.bias, mask_decoder.output_hypernetworks_mlps.2.proj_in.weight, mask_decoder.output_hypernetworks_mlps.2.proj_in.bias, mask_decoder.output_hypernetworks_mlps.2.proj_out.weight, mask_decoder.output_hypernetworks_mlps.2.proj_out.bias, mask_decoder.output_hypernetworks_mlps.2.layers.0.weight, mask_decoder.output_hypernetworks_mlps.2.layers.0.bias, mask_decoder.output_hypernetworks_mlps.3.proj_in.weight, mask_decoder.output_hypernetworks_mlps.3.proj_in.bias, mask_decoder.output_hypernetworks_mlps.3.proj_out.weight, mask_decoder.output_hypernetworks_mlps.3.proj_out.bias, mask_decoder.output_hypernetworks_mlps.3.layers.0.weight, mask_decoder.output_hypernetworks_mlps.3.layers.0.bias, mask_decoder.iou_prediction_head.proj_in.weight, mask_decoder.iou_prediction_head.proj_in.bias, mask_decoder.iou_prediction_head.proj_out.weight, mask_decoder.iou_prediction_head.proj_out.bias, mask_decoder.iou_prediction_head.layers.0.weight, mask_decoder.iou_prediction_head.layers.0.bias, prompt_encoder.shared_embedding.positional_embedding

02/18 11:22:04 - mmengine - INFO - 
prompt_encoder.mask_embed.conv1.weight - torch.Size([4, 1, 2, 2]): 
PretrainedInit: load from /home/wangcheng/project/SCVT3/portable_sam_fusion/checkpoints/sam_vit_b_01ec64.pth 
 
02/18 11:22:04 - mmengine - INFO - 
prompt_encoder.mask_embed.conv1.bias - torch.Size([4]): 
PretrainedInit: load from /home/wangcheng/project/SCVT3/portable_sam_fusion/checkpoints/sam_vit_b_01ec64.pth 
 
02/18 11:22:04 - mmengine - INFO - 
prompt_encoder.mask_embed.conv2.weight - torch.Size([16, 4, 2, 2]): 
PretrainedInit: load from /home/wangcheng/project/SCVT3/portable_sam_fusion/checkpoints/sam_vit_b_01ec64.pth 
 
02/18 11:22:04 - mmengine - INFO - 
prompt_encoder.mask_embed.conv2.bias - torch.Size([16]): 
PretrainedInit: load from /home/wangcheng/project/SCVT3/portable_sam_fusion/checkpoints/sam_vit_b_01ec64.pth 
 
02/18 11:22:04 - mmengine - INFO - 
prompt_encoder.mask_embed.conv3.weight - torch.Size([256, 16, 1, 1]): 
PretrainedInit: load from /home/wangcheng/project/SCVT3/portable_sam_fusion/checkpoints/sam_vit_b_01ec64.pth 
 
02/18 11:22:04 - mmengine - INFO - 
prompt_encoder.mask_embed.conv3.bias - torch.Size([256]): 
PretrainedInit: load from /home/wangcheng/project/SCVT3/portable_sam_fusion/checkpoints/sam_vit_b_01ec64.pth 
 
02/18 11:22:04 - mmengine - INFO - 
prompt_encoder.mask_embed.layer_norm1.weight - torch.Size([4]): 
PretrainedInit: load from /home/wangcheng/project/SCVT3/portable_sam_fusion/checkpoints/sam_vit_b_01ec64.pth 
 
02/18 11:22:04 - mmengine - INFO - 
prompt_encoder.mask_embed.layer_norm1.bias - torch.Size([4]): 
PretrainedInit: load from /home/wangcheng/project/SCVT3/portable_sam_fusion/checkpoints/sam_vit_b_01ec64.pth 
 
02/18 11:22:04 - mmengine - INFO - 
prompt_encoder.mask_embed.layer_norm2.weight - torch.Size([16]): 
PretrainedInit: load from /home/wangcheng/project/SCVT3/portable_sam_fusion/checkpoints/sam_vit_b_01ec64.pth 
 
02/18 11:22:04 - mmengine - INFO - 
prompt_encoder.mask_embed.layer_norm2.bias - torch.Size([16]): 
PretrainedInit: load from /home/wangcheng/project/SCVT3/portable_sam_fusion/checkpoints/sam_vit_b_01ec64.pth 
 
02/18 11:22:04 - mmengine - INFO - 
prompt_encoder.no_mask_embed.weight - torch.Size([1, 256]): 
PretrainedInit: load from /home/wangcheng/project/SCVT3/portable_sam_fusion/checkpoints/sam_vit_b_01ec64.pth 
 
02/18 11:22:04 - mmengine - INFO - 
prompt_encoder.point_embed.0.weight - torch.Size([1, 256]): 
PretrainedInit: load from /home/wangcheng/project/SCVT3/portable_sam_fusion/checkpoints/sam_vit_b_01ec64.pth 
 
02/18 11:22:04 - mmengine - INFO - 
prompt_encoder.point_embed.1.weight - torch.Size([1, 256]): 
PretrainedInit: load from /home/wangcheng/project/SCVT3/portable_sam_fusion/checkpoints/sam_vit_b_01ec64.pth 
 
02/18 11:22:04 - mmengine - INFO - 
prompt_encoder.point_embed.2.weight - torch.Size([1, 256]): 
PretrainedInit: load from /home/wangcheng/project/SCVT3/portable_sam_fusion/checkpoints/sam_vit_b_01ec64.pth 
 
02/18 11:22:04 - mmengine - INFO - 
prompt_encoder.point_embed.3.weight - torch.Size([1, 256]): 
PretrainedInit: load from /home/wangcheng/project/SCVT3/portable_sam_fusion/checkpoints/sam_vit_b_01ec64.pth 
 
02/18 11:22:04 - mmengine - INFO - 
prompt_encoder.not_a_point_embed.weight - torch.Size([1, 256]): 
PretrainedInit: load from /home/wangcheng/project/SCVT3/portable_sam_fusion/checkpoints/sam_vit_b_01ec64.pth 
 
Loads checkpoint by local backend from path: /home/wangcheng/project/SCVT3/portable_sam_fusion/checkpoints/sam_vit_b_01ec64.pth
Loaded SAM PositionalEmbedding. Missing keys: 0, Unexpected keys: 314
2026-02-18 11:22:05,365 - portable_sam_fusion.data.loader - INFO - Built scene ID mapping: 734 scenes
2026-02-18 11:22:06,608 - portable_sam_fusion.data.satellite_drone_dataset - INFO - SatelliteDroneDataset initialized (训练集): 734 scenes, views=4, sat_size=(1024, 1024), drone_size=(512, 512)
2026-02-18 11:22:06,609 - portable_sam_fusion - INFO - Dataset size: 734
2026-02-18 11:28:39,101 - portable_sam_fusion - INFO - Epoch 1 detailed losses: loss_rpn_cls=0.6951, loss_rpn_bbox=0.0362, loss_cls=0.4253, acc=92.8831, loss_bbox=0.0064, loss_mask=0.6850, loss_contrastive=0.0700, loss_consistency=0.0919, loss_geometric=0.0023, loss_smoothness=0.0210, loss_spatial_align=0.0394
2026-02-18 11:29:14,962 - portable_sam_fusion - INFO - Epoch 1/50 | train=2.072648 | sat_backbone=2.10e-06 sat_other=4.20e-06 drone_guidance=2.10e-06 scene_alignment=4.20e-06
2026-02-18 11:36:54,438 - portable_sam_fusion - INFO - Epoch 2 detailed losses: loss_rpn_cls=0.3338, loss_rpn_bbox=0.0251, loss_cls=0.3132, acc=88.1418, loss_bbox=0.2787, loss_mask=0.4136, loss_contrastive=0.0683, loss_consistency=0.0546, loss_geometric=0.0023, loss_smoothness=0.0206, loss_spatial_align=0.0389
2026-02-18 11:37:17,994 - portable_sam_fusion - INFO - Epoch 2/50 | train=1.549055 | sat_backbone=4.10e-06 sat_other=8.19e-06 drone_guidance=4.10e-06 scene_alignment=8.19e-06
2026-02-18 11:45:35,377 - portable_sam_fusion - INFO - Epoch 3 detailed losses: loss_rpn_cls=0.0915, loss_rpn_bbox=0.0184, loss_cls=0.2920, acc=87.3403, loss_bbox=0.2780, loss_mask=0.2261, loss_contrastive=0.0483, loss_consistency=0.0162, loss_geometric=0.0022, loss_smoothness=0.0198, loss_spatial_align=0.0397
2026-02-18 11:45:55,976 - portable_sam_fusion - INFO - Epoch 3/50 | train=1.032164 | sat_backbone=6.09e-06 sat_other=1.22e-05 drone_guidance=6.09e-06 scene_alignment=1.22e-05
2026-02-18 11:54:31,720 - portable_sam_fusion - INFO - Epoch 4 detailed losses: loss_rpn_cls=0.0512, loss_rpn_bbox=0.0147, loss_cls=0.2659, acc=88.4042, loss_bbox=0.2365, loss_mask=0.1477, loss_contrastive=0.0068, loss_consistency=0.0060, loss_geometric=0.0021, loss_smoothness=0.0188, loss_spatial_align=0.0403
2026-02-18 11:54:53,884 - portable_sam_fusion - INFO - Epoch 4/50 | train=0.789942 | sat_backbone=8.09e-06 sat_other=1.62e-05 drone_guidance=8.09e-06 scene_alignment=1.62e-05
2026-02-18 12:03:34,857 - portable_sam_fusion - INFO - Epoch 5 detailed losses: loss_rpn_cls=0.0323, loss_rpn_bbox=0.0120, loss_cls=0.2480, acc=89.2951, loss_bbox=0.2001, loss_mask=0.1307, loss_contrastive=0.0049, loss_consistency=0.0015, loss_geometric=0.0021, loss_smoothness=0.0184, loss_spatial_align=0.0397
2026-02-18 12:03:57,393 - portable_sam_fusion - INFO - Epoch 5/50 | train=0.689778 | sat_backbone=1.01e-05 sat_other=2.02e-05 drone_guidance=1.01e-05 scene_alignment=2.02e-05
2026-02-18 12:12:40,022 - portable_sam_fusion - INFO - Epoch 6 detailed losses: loss_rpn_cls=0.0234, loss_rpn_bbox=0.0101, loss_cls=0.2299, acc=90.1918, loss_bbox=0.1731, loss_mask=0.1169, loss_contrastive=0.0032, loss_consistency=0.0006, loss_geometric=0.0019, loss_smoothness=0.0179, loss_spatial_align=0.0388
2026-02-18 12:13:02,632 - portable_sam_fusion - INFO - Epoch 6/50 | train=0.615971 | sat_backbone=1.21e-05 sat_other=2.42e-05 drone_guidance=1.21e-05 scene_alignment=2.42e-05
2026-02-18 12:21:46,341 - portable_sam_fusion - INFO - Epoch 7 detailed losses: loss_rpn_cls=0.0181, loss_rpn_bbox=0.0086, loss_cls=0.2083, acc=91.1492, loss_bbox=0.1473, loss_mask=0.0987, loss_contrastive=0.0029, loss_consistency=0.0004, loss_geometric=0.0018, loss_smoothness=0.0176, loss_spatial_align=0.0377
2026-02-18 12:22:09,020 - portable_sam_fusion - INFO - Epoch 7/50 | train=0.541343 | sat_backbone=1.41e-05 sat_other=2.82e-05 drone_guidance=1.41e-05 scene_alignment=2.82e-05
2026-02-18 12:30:55,270 - portable_sam_fusion - INFO - Epoch 8 detailed losses: loss_rpn_cls=0.0141, loss_rpn_bbox=0.0075, loss_cls=0.1920, acc=91.8214, loss_bbox=0.1273, loss_mask=0.0763, loss_contrastive=0.0027, loss_consistency=0.0003, loss_geometric=0.0016, loss_smoothness=0.0172, loss_spatial_align=0.0367
2026-02-18 12:31:18,121 - portable_sam_fusion - INFO - Epoch 8/50 | train=0.475776 | sat_backbone=1.61e-05 sat_other=3.22e-05 drone_guidance=1.61e-05 scene_alignment=3.22e-05
2026-02-18 12:39:59,914 - portable_sam_fusion - INFO - Epoch 9 detailed losses: loss_rpn_cls=0.0121, loss_rpn_bbox=0.0067, loss_cls=0.1722, acc=92.8128, loss_bbox=0.1104, loss_mask=0.0512, loss_contrastive=0.0020, loss_consistency=0.0002, loss_geometric=0.0014, loss_smoothness=0.0165, loss_spatial_align=0.0357
2026-02-18 12:40:22,552 - portable_sam_fusion - INFO - Epoch 9/50 | train=0.408455 | sat_backbone=1.81e-05 sat_other=3.62e-05 drone_guidance=1.81e-05 scene_alignment=3.62e-05
2026-02-18 12:49:05,205 - portable_sam_fusion - INFO - Epoch 10 detailed losses: loss_rpn_cls=0.0109, loss_rpn_bbox=0.0060, loss_cls=0.1570, acc=93.5409, loss_bbox=0.0991, loss_mask=0.0374, loss_contrastive=0.0011, loss_consistency=0.0002, loss_geometric=0.0012, loss_smoothness=0.0157, loss_spatial_align=0.0346
2026-02-18 12:49:27,875 - portable_sam_fusion - INFO - Epoch 10/50 | train=0.363234 | sat_backbone=2.01e-05 sat_other=4.02e-05 drone_guidance=2.01e-05 scene_alignment=4.02e-05
2026-02-18 12:58:16,492 - portable_sam_fusion - INFO - Epoch 11 detailed losses: loss_rpn_cls=0.0090, loss_rpn_bbox=0.0053, loss_cls=0.1501, acc=93.7170, loss_bbox=0.0933, loss_mask=0.0320, loss_contrastive=0.0016, loss_consistency=0.0002, loss_geometric=0.0010, loss_smoothness=0.0145, loss_spatial_align=0.0333
2026-02-18 12:58:39,200 - portable_sam_fusion - INFO - Epoch 11/50 | train=0.340386 | sat_backbone=2.21e-05 sat_other=4.42e-05 drone_guidance=2.21e-05 scene_alignment=4.42e-05
2026-02-18 13:07:31,320 - portable_sam_fusion - INFO - Epoch 12 detailed losses: loss_rpn_cls=0.0071, loss_rpn_bbox=0.0050, loss_cls=0.1368, acc=94.2699, loss_bbox=0.0782, loss_mask=0.0287, loss_contrastive=0.0013, loss_consistency=0.0002, loss_geometric=0.0008, loss_smoothness=0.0129, loss_spatial_align=0.0319
2026-02-18 13:07:54,125 - portable_sam_fusion - INFO - Epoch 12/50 | train=0.302857 | sat_backbone=2.41e-05 sat_other=4.82e-05 drone_guidance=2.41e-05 scene_alignment=4.82e-05
2026-02-18 13:16:37,291 - portable_sam_fusion - INFO - Epoch 13 detailed losses: loss_rpn_cls=0.0063, loss_rpn_bbox=0.0050, loss_cls=0.1306, acc=94.6143, loss_bbox=0.0781, loss_mask=0.0247, loss_contrastive=0.0015, loss_consistency=0.0002, loss_geometric=0.0006, loss_smoothness=0.0111, loss_spatial_align=0.0305
2026-02-18 13:16:59,152 - portable_sam_fusion - INFO - Epoch 13/50 | train=0.288592 | sat_backbone=2.61e-05 sat_other=5.21e-05 drone_guidance=2.61e-05 scene_alignment=5.21e-05
2026-02-18 13:25:46,402 - portable_sam_fusion - INFO - Epoch 14 detailed losses: loss_rpn_cls=0.0060, loss_rpn_bbox=0.0047, loss_cls=0.1224, acc=94.9575, loss_bbox=0.0715, loss_mask=0.0248, loss_contrastive=0.0011, loss_consistency=0.0002, loss_geometric=0.0003, loss_smoothness=0.0080, loss_spatial_align=0.0276
2026-02-18 13:26:04,800 - portable_sam_fusion - INFO - Epoch 14/50 | train=0.266768 | sat_backbone=2.81e-05 sat_other=5.61e-05 drone_guidance=2.81e-05 scene_alignment=5.61e-05
2026-02-18 13:34:51,528 - portable_sam_fusion - INFO - Epoch 15 detailed losses: loss_rpn_cls=0.0054, loss_rpn_bbox=0.0046, loss_cls=0.1140, acc=95.3663, loss_bbox=0.0696, loss_mask=0.0224, loss_contrastive=0.0003, loss_consistency=0.0001, loss_geometric=0.0001, loss_smoothness=0.0049, loss_spatial_align=0.0229
2026-02-18 13:35:10,042 - portable_sam_fusion - INFO - Epoch 15/50 | train=0.244483 | sat_backbone=3.01e-05 sat_other=6.01e-05 drone_guidance=3.01e-05 scene_alignment=6.01e-05
2026-02-18 13:43:59,620 - portable_sam_fusion - INFO - Epoch 16 detailed losses: loss_rpn_cls=0.0053, loss_rpn_bbox=0.0041, loss_cls=0.1136, acc=95.2774, loss_bbox=0.0613, loss_mask=0.0228, loss_contrastive=0.0006, loss_consistency=0.0001, loss_geometric=0.0000, loss_smoothness=0.0030, loss_spatial_align=0.0168
2026-02-18 13:44:18,706 - portable_sam_fusion - INFO - Epoch 16/50 | train=0.227582 | sat_backbone=3.21e-05 sat_other=6.41e-05 drone_guidance=3.21e-05 scene_alignment=6.41e-05
2026-02-18 13:53:10,690 - portable_sam_fusion - INFO - Epoch 17 detailed losses: loss_rpn_cls=0.0045, loss_rpn_bbox=0.0038, loss_cls=0.1074, acc=95.5456, loss_bbox=0.0585, loss_mask=0.0226, loss_contrastive=0.0008, loss_consistency=0.0001, loss_geometric=0.0000, loss_smoothness=0.0023, loss_spatial_align=0.0124
2026-02-18 13:53:29,228 - portable_sam_fusion - INFO - Epoch 17/50 | train=0.212589 | sat_backbone=3.41e-05 sat_other=6.81e-05 drone_guidance=3.41e-05 scene_alignment=6.81e-05
2026-02-18 14:02:14,950 - portable_sam_fusion - INFO - Epoch 18 detailed losses: loss_rpn_cls=0.0047, loss_rpn_bbox=0.0036, loss_cls=0.1030, acc=95.7675, loss_bbox=0.0556, loss_mask=0.0183, loss_contrastive=0.0010, loss_consistency=0.0001, loss_geometric=0.0000, loss_smoothness=0.0021, loss_spatial_align=0.0103
2026-02-18 14:02:35,666 - portable_sam_fusion - INFO - Epoch 18/50 | train=0.198597 | sat_backbone=3.61e-05 sat_other=7.21e-05 drone_guidance=3.61e-05 scene_alignment=7.21e-05
2026-02-18 14:11:28,426 - portable_sam_fusion - INFO - Epoch 19 detailed losses: loss_rpn_cls=0.0049, loss_rpn_bbox=0.0037, loss_cls=0.0998, acc=95.9352, loss_bbox=0.0528, loss_mask=0.0182, loss_contrastive=0.0005, loss_consistency=0.0001, loss_geometric=0.0000, loss_smoothness=0.0019, loss_spatial_align=0.0085
2026-02-18 14:11:46,911 - portable_sam_fusion - INFO - Epoch 19/50 | train=0.190367 | sat_backbone=3.81e-05 sat_other=7.61e-05 drone_guidance=3.81e-05 scene_alignment=7.61e-05
2026-02-18 14:20:30,216 - portable_sam_fusion - INFO - Epoch 20 detailed losses: loss_rpn_cls=0.0035, loss_rpn_bbox=0.0034, loss_cls=0.0961, acc=96.0357, loss_bbox=0.0499, loss_mask=0.0185, loss_contrastive=0.0001, loss_consistency=0.0001, loss_geometric=0.0000, loss_smoothness=0.0018, loss_spatial_align=0.0071
2026-02-18 14:20:48,898 - portable_sam_fusion - INFO - Epoch 20/50 | train=0.180409 | sat_backbone=4.01e-05 sat_other=8.01e-05 drone_guidance=4.01e-05 scene_alignment=8.01e-05
2026-02-18 14:29:37,946 - portable_sam_fusion - INFO - Epoch 21 detailed losses: loss_rpn_cls=0.0034, loss_rpn_bbox=0.0042, loss_cls=0.0911, acc=96.2619, loss_bbox=0.0490, loss_mask=0.0185, loss_contrastive=0.0005, loss_consistency=0.0001, loss_geometric=0.0000, loss_smoothness=0.0017, loss_spatial_align=0.0060
2026-02-18 14:29:56,205 - portable_sam_fusion - INFO - Epoch 21/50 | train=0.174599 | sat_backbone=4.21e-05 sat_other=8.41e-05 drone_guidance=4.21e-05 scene_alignment=8.41e-05
2026-02-18 14:38:42,483 - portable_sam_fusion - INFO - Epoch 22 detailed losses: loss_rpn_cls=0.0040, loss_rpn_bbox=0.0030, loss_cls=0.0869, acc=96.4828, loss_bbox=0.0454, loss_mask=0.0173, loss_contrastive=0.0005, loss_consistency=0.0000, loss_geometric=0.0000, loss_smoothness=0.0016, loss_spatial_align=0.0049
2026-02-18 14:39:00,931 - portable_sam_fusion - INFO - Epoch 22/50 | train=0.163655 | sat_backbone=4.41e-05 sat_other=8.81e-05 drone_guidance=4.41e-05 scene_alignment=8.81e-05
2026-02-18 14:47:54,629 - portable_sam_fusion - INFO - Epoch 23 detailed losses: loss_rpn_cls=0.0033, loss_rpn_bbox=0.0031, loss_cls=0.0858, acc=96.4524, loss_bbox=0.0439, loss_mask=0.0163, loss_contrastive=0.0007, loss_consistency=0.0001, loss_geometric=0.0000, loss_smoothness=0.0016, loss_spatial_align=0.0043
2026-02-18 14:48:12,982 - portable_sam_fusion - INFO - Epoch 23/50 | train=0.158905 | sat_backbone=4.61e-05 sat_other=9.21e-05 drone_guidance=4.61e-05 scene_alignment=9.21e-05
2026-02-18 14:57:11,981 - portable_sam_fusion - INFO - Epoch 24 detailed losses: loss_rpn_cls=0.0033, loss_rpn_bbox=0.0032, loss_cls=0.0860, acc=96.5344, loss_bbox=0.0448, loss_mask=0.0167, loss_contrastive=0.0001, loss_consistency=0.0000, loss_geometric=0.0000, loss_smoothness=0.0015, loss_spatial_align=0.0036
2026-02-18 14:57:15,276 - portable_sam_fusion - INFO - Epoch 24/50 | train=0.159224 | sat_backbone=4.81e-05 sat_other=9.61e-05 drone_guidance=4.81e-05 scene_alignment=9.61e-05
2026-02-18 15:06:17,522 - portable_sam_fusion - INFO - Epoch 25 detailed losses: loss_rpn_cls=0.0030, loss_rpn_bbox=0.0031, loss_cls=0.0810, acc=96.7494, loss_bbox=0.0400, loss_mask=0.0178, loss_contrastive=0.0004, loss_consistency=0.0000, loss_geometric=0.0000, loss_smoothness=0.0014, loss_spatial_align=0.0030
2026-02-18 15:06:37,620 - portable_sam_fusion - INFO - Epoch 25/50 | train=0.149846 | sat_backbone=5.01e-05 sat_other=1.00e-04 drone_guidance=5.01e-05 scene_alignment=1.00e-04
2026-02-18 15:16:23,248 - portable_sam_fusion - INFO - Epoch 26 detailed losses: loss_rpn_cls=0.0028, loss_rpn_bbox=0.0027, loss_cls=0.0820, acc=96.6371, loss_bbox=0.0389, loss_mask=0.0163, loss_contrastive=0.0000, loss_consistency=0.0000, loss_geometric=0.0000, loss_smoothness=0.0013, loss_spatial_align=0.0025
2026-02-18 15:16:41,394 - portable_sam_fusion - INFO - Epoch 26/50 | train=0.146649 | sat_backbone=5.20e-05 sat_other=1.04e-04 drone_guidance=5.20e-05 scene_alignment=1.04e-04
2026-02-18 15:26:28,533 - portable_sam_fusion - INFO - Epoch 27 detailed losses: loss_rpn_cls=0.0026, loss_rpn_bbox=0.0023, loss_cls=0.0813, acc=96.6494, loss_bbox=0.0393, loss_mask=0.0142, loss_contrastive=0.0000, loss_consistency=0.0000, loss_geometric=0.0000, loss_smoothness=0.0013, loss_spatial_align=0.0020
2026-02-18 15:26:50,216 - portable_sam_fusion - INFO - Epoch 27/50 | train=0.143024 | sat_backbone=5.40e-05 sat_other=1.08e-04 drone_guidance=5.40e-05 scene_alignment=1.08e-04
2026-02-18 15:36:28,589 - portable_sam_fusion - INFO - Epoch 28 detailed losses: loss_rpn_cls=0.0024, loss_rpn_bbox=0.0032, loss_cls=0.0808, acc=96.6930, loss_bbox=0.0380, loss_mask=0.0149, loss_contrastive=0.0000, loss_consistency=0.0000, loss_geometric=0.0000, loss_smoothness=0.0012, loss_spatial_align=0.0017
2026-02-18 15:36:51,558 - portable_sam_fusion - INFO - Epoch 28/50 | train=0.142224 | sat_backbone=5.60e-05 sat_other=1.12e-04 drone_guidance=5.60e-05 scene_alignment=1.12e-04
2026-02-18 15:46:42,084 - portable_sam_fusion - INFO - Epoch 29 detailed losses: loss_rpn_cls=0.0023, loss_rpn_bbox=0.0027, loss_cls=0.0801, acc=96.6738, loss_bbox=0.0381, loss_mask=0.0145, loss_contrastive=0.0001, loss_consistency=0.0000, loss_geometric=0.0000, loss_smoothness=0.0011, loss_spatial_align=0.0016
2026-02-18 15:47:05,225 - portable_sam_fusion - INFO - Epoch 29/50 | train=0.140676 | sat_backbone=5.80e-05 sat_other=1.16e-04 drone_guidance=5.80e-05 scene_alignment=1.16e-04
2026-02-18 15:56:48,864 - portable_sam_fusion - INFO - Epoch 30 detailed losses: loss_rpn_cls=0.0020, loss_rpn_bbox=0.0026, loss_cls=0.0733, acc=97.0219, loss_bbox=0.0350, loss_mask=0.0146, loss_contrastive=0.0001, loss_consistency=0.0000, loss_geometric=0.0000, loss_smoothness=0.0011, loss_spatial_align=0.0014
2026-02-18 15:57:12,163 - portable_sam_fusion - INFO - Epoch 30/50 | train=0.130125 | sat_backbone=6.00e-05 sat_other=1.20e-04 drone_guidance=6.00e-05 scene_alignment=1.20e-04
2026-02-18 16:07:00,173 - portable_sam_fusion - INFO - Epoch 31 detailed losses: loss_rpn_cls=0.0028, loss_rpn_bbox=0.0027, loss_cls=0.0769, acc=96.8612, loss_bbox=0.0360, loss_mask=0.0136, loss_contrastive=0.0000, loss_consistency=0.0000, loss_geometric=0.0000, loss_smoothness=0.0010, loss_spatial_align=0.0012
2026-02-18 16:07:03,331 - portable_sam_fusion - INFO - Epoch 31/50 | train=0.134246 | sat_backbone=6.20e-05 sat_other=1.24e-04 drone_guidance=6.20e-05 scene_alignment=1.24e-04
2026-02-18 16:16:41,651 - portable_sam_fusion - INFO - Epoch 32 detailed losses: loss_rpn_cls=0.0022, loss_rpn_bbox=0.0023, loss_cls=0.0785, acc=96.8393, loss_bbox=0.0352, loss_mask=0.0168, loss_contrastive=0.0002, loss_consistency=0.0000, loss_geometric=0.0000, loss_smoothness=0.0010, loss_spatial_align=0.0011
2026-02-18 16:16:48,336 - portable_sam_fusion - INFO - Epoch 32/50 | train=0.137391 | sat_backbone=6.40e-05 sat_other=1.28e-04 drone_guidance=6.40e-05 scene_alignment=1.28e-04
2026-02-18 16:26:08,819 - portable_sam_fusion - INFO - Epoch 33 detailed losses: loss_rpn_cls=0.0021, loss_rpn_bbox=0.0024, loss_cls=0.0730, acc=96.9862, loss_bbox=0.0333, loss_mask=0.0162, loss_contrastive=0.0002, loss_consistency=0.0000, loss_geometric=0.0000, loss_smoothness=0.0009, loss_spatial_align=0.0010
2026-02-18 16:26:28,804 - portable_sam_fusion - INFO - Epoch 33/50 | train=0.129086 | sat_backbone=6.60e-05 sat_other=1.32e-04 drone_guidance=6.60e-05 scene_alignment=1.32e-04
2026-02-18 16:36:05,843 - portable_sam_fusion - INFO - Epoch 34 detailed losses: loss_rpn_cls=0.0022, loss_rpn_bbox=0.0026, loss_cls=0.0750, acc=96.9687, loss_bbox=0.0335, loss_mask=0.0154, loss_contrastive=0.0001, loss_consistency=0.0000, loss_geometric=0.0000, loss_smoothness=0.0009, loss_spatial_align=0.0009
2026-02-18 16:36:09,588 - portable_sam_fusion - INFO - Epoch 34/50 | train=0.130613 | sat_backbone=6.80e-05 sat_other=1.36e-04 drone_guidance=6.80e-05 scene_alignment=1.36e-04
2026-02-18 16:46:16,931 - portable_sam_fusion - INFO - Epoch 35 detailed losses: loss_rpn_cls=0.0020, loss_rpn_bbox=0.0024, loss_cls=0.0694, acc=97.1454, loss_bbox=0.0322, loss_mask=0.0136, loss_contrastive=0.0000, loss_consistency=0.0000, loss_geometric=0.0000, loss_smoothness=0.0008, loss_spatial_align=0.0009
2026-02-18 16:46:42,573 - portable_sam_fusion - INFO - Epoch 35/50 | train=0.121373 | sat_backbone=7.00e-05 sat_other=1.40e-04 drone_guidance=7.00e-05 scene_alignment=1.40e-04
2026-02-18 16:56:27,281 - portable_sam_fusion - INFO - Epoch 36 detailed losses: loss_rpn_cls=0.0021, loss_rpn_bbox=0.0026, loss_cls=0.0678, acc=97.2193, loss_bbox=0.0308, loss_mask=0.0168, loss_contrastive=0.0000, loss_consistency=0.0000, loss_geometric=0.0000, loss_smoothness=0.0008, loss_spatial_align=0.0008
2026-02-18 16:56:30,424 - portable_sam_fusion - INFO - Epoch 36/50 | train=0.121809 | sat_backbone=7.20e-05 sat_other=1.44e-04 drone_guidance=7.20e-05 scene_alignment=1.44e-04
2026-02-18 17:05:46,304 - portable_sam_fusion - INFO - Epoch 37 detailed losses: loss_rpn_cls=0.0027, loss_rpn_bbox=0.0024, loss_cls=0.0682, acc=97.2555, loss_bbox=0.0315, loss_mask=0.0135, loss_contrastive=0.0003, loss_consistency=0.0000, loss_geometric=0.0000, loss_smoothness=0.0008, loss_spatial_align=0.0009
2026-02-18 17:06:05,546 - portable_sam_fusion - INFO - Epoch 37/50 | train=0.120200 | sat_backbone=7.40e-05 sat_other=1.48e-04 drone_guidance=7.40e-05 scene_alignment=1.48e-04
2026-02-18 17:15:10,047 - portable_sam_fusion - INFO - Epoch 38 detailed losses: loss_rpn_cls=0.0023, loss_rpn_bbox=0.0021, loss_cls=0.0723, acc=97.1203, loss_bbox=0.0313, loss_mask=0.0140, loss_contrastive=0.0007, loss_consistency=0.0000, loss_geometric=0.0000, loss_smoothness=0.0008, loss_spatial_align=0.0009
2026-02-18 17:15:13,112 - portable_sam_fusion - INFO - Epoch 38/50 | train=0.124466 | sat_backbone=7.60e-05 sat_other=1.52e-04 drone_guidance=7.60e-05 scene_alignment=1.52e-04
2026-02-18 17:24:06,813 - portable_sam_fusion - INFO - Epoch 39 detailed losses: loss_rpn_cls=0.0013, loss_rpn_bbox=0.0019, loss_cls=0.0673, acc=97.2108, loss_bbox=0.0302, loss_mask=0.0139, loss_contrastive=0.0004, loss_consistency=0.0000, loss_geometric=0.0000, loss_smoothness=0.0007, loss_spatial_align=0.0008
2026-02-18 17:24:28,373 - portable_sam_fusion - INFO - Epoch 39/50 | train=0.116529 | sat_backbone=7.80e-05 sat_other=1.56e-04 drone_guidance=7.80e-05 scene_alignment=1.56e-04
2026-02-18 17:33:16,226 - portable_sam_fusion - INFO - Epoch 40 detailed losses: loss_rpn_cls=0.0018, loss_rpn_bbox=0.0022, loss_cls=0.0694, acc=97.2246, loss_bbox=0.0310, loss_mask=0.0129, loss_contrastive=0.0002, loss_consistency=0.0000, loss_geometric=0.0000, loss_smoothness=0.0007, loss_spatial_align=0.0008
2026-02-18 17:33:19,191 - portable_sam_fusion - INFO - Epoch 40/50 | train=0.118973 | sat_backbone=8.00e-05 sat_other=1.60e-04 drone_guidance=8.00e-05 scene_alignment=1.60e-04
2026-02-18 17:42:13,168 - portable_sam_fusion - INFO - Epoch 41 detailed losses: loss_rpn_cls=0.0017, loss_rpn_bbox=0.0019, loss_cls=0.0655, acc=97.2933, loss_bbox=0.0278, loss_mask=0.0151, loss_contrastive=0.0000, loss_consistency=0.0000, loss_geometric=0.0000, loss_smoothness=0.0007, loss_spatial_align=0.0007
2026-02-18 17:42:35,366 - portable_sam_fusion - INFO - Epoch 41/50 | train=0.113450 | sat_backbone=8.20e-05 sat_other=1.64e-04 drone_guidance=8.20e-05 scene_alignment=1.64e-04
2026-02-18 17:51:33,296 - portable_sam_fusion - INFO - Epoch 42 detailed losses: loss_rpn_cls=0.0022, loss_rpn_bbox=0.0019, loss_cls=0.0675, acc=97.2646, loss_bbox=0.0292, loss_mask=0.0129, loss_contrastive=0.0000, loss_consistency=0.0000, loss_geometric=0.0000, loss_smoothness=0.0007, loss_spatial_align=0.0007
2026-02-18 17:51:36,264 - portable_sam_fusion - INFO - Epoch 42/50 | train=0.115082 | sat_backbone=8.40e-05 sat_other=1.68e-04 drone_guidance=8.40e-05 scene_alignment=1.68e-04
2026-02-18 18:00:29,341 - portable_sam_fusion - INFO - Epoch 43 detailed losses: loss_rpn_cls=0.0030, loss_rpn_bbox=0.0028, loss_cls=0.0694, acc=97.2177, loss_bbox=0.0282, loss_mask=0.0124, loss_contrastive=0.0001, loss_consistency=0.0000, loss_geometric=0.0000, loss_smoothness=0.0006, loss_spatial_align=0.0007
2026-02-18 18:00:32,301 - portable_sam_fusion - INFO - Epoch 43/50 | train=0.117088 | sat_backbone=8.60e-05 sat_other=1.72e-04 drone_guidance=8.60e-05 scene_alignment=1.72e-04
2026-02-18 18:09:24,183 - portable_sam_fusion - INFO - Epoch 44 detailed losses: loss_rpn_cls=0.0034, loss_rpn_bbox=0.0020, loss_cls=0.0669, acc=97.2662, loss_bbox=0.0271, loss_mask=0.0125, loss_contrastive=0.0000, loss_consistency=0.0000, loss_geometric=0.0000, loss_smoothness=0.0006, loss_spatial_align=0.0006
2026-02-18 18:09:43,970 - portable_sam_fusion - INFO - Epoch 44/50 | train=0.113099 | sat_backbone=8.80e-05 sat_other=1.76e-04 drone_guidance=8.80e-05 scene_alignment=1.76e-04
2026-02-18 18:18:31,166 - portable_sam_fusion - INFO - Epoch 45 detailed losses: loss_rpn_cls=0.0023, loss_rpn_bbox=0.0019, loss_cls=0.0680, acc=97.2720, loss_bbox=0.0283, loss_mask=0.0123, loss_contrastive=0.0002, loss_consistency=0.0000, loss_geometric=0.0000, loss_smoothness=0.0006, loss_spatial_align=0.0006
2026-02-18 18:18:34,072 - portable_sam_fusion - INFO - Epoch 45/50 | train=0.114251 | sat_backbone=9.00e-05 sat_other=1.80e-04 drone_guidance=9.00e-05 scene_alignment=1.80e-04
2026-02-18 18:27:22,958 - portable_sam_fusion - INFO - Epoch 46 detailed losses: loss_rpn_cls=0.0029, loss_rpn_bbox=0.0022, loss_cls=0.0671, acc=97.2773, loss_bbox=0.0284, loss_mask=0.0144, loss_contrastive=0.0000, loss_consistency=0.0000, loss_geometric=0.0000, loss_smoothness=0.0006, loss_spatial_align=0.0006
2026-02-18 18:27:25,928 - portable_sam_fusion - INFO - Epoch 46/50 | train=0.116244 | sat_backbone=9.20e-05 sat_other=1.84e-04 drone_guidance=9.20e-05 scene_alignment=1.84e-04
2026-02-18 18:36:15,059 - portable_sam_fusion - INFO - Epoch 47 detailed losses: loss_rpn_cls=0.0018, loss_rpn_bbox=0.0017, loss_cls=0.0647, acc=97.3859, loss_bbox=0.0267, loss_mask=0.0138, loss_contrastive=0.0000, loss_consistency=0.0000, loss_geometric=0.0000, loss_smoothness=0.0005, loss_spatial_align=0.0006
2026-02-18 18:36:37,441 - portable_sam_fusion - INFO - Epoch 47/50 | train=0.109855 | sat_backbone=9.40e-05 sat_other=1.88e-04 drone_guidance=9.40e-05 scene_alignment=1.88e-04
2026-02-18 18:45:30,553 - portable_sam_fusion - INFO - Epoch 48 detailed losses: loss_rpn_cls=0.0017, loss_rpn_bbox=0.0017, loss_cls=0.0636, acc=97.3955, loss_bbox=0.0252, loss_mask=0.0127, loss_contrastive=0.0001, loss_consistency=0.0000, loss_geometric=0.0000, loss_smoothness=0.0005, loss_spatial_align=0.0006
2026-02-18 18:45:53,419 - portable_sam_fusion - INFO - Epoch 48/50 | train=0.106227 | sat_backbone=9.60e-05 sat_other=1.92e-04 drone_guidance=9.60e-05 scene_alignment=1.92e-04
2026-02-18 18:54:40,137 - portable_sam_fusion - INFO - Epoch 49 detailed losses: loss_rpn_cls=0.0015, loss_rpn_bbox=0.0016, loss_cls=0.0601, acc=97.5285, loss_bbox=0.0263, loss_mask=0.0131, loss_contrastive=0.0000, loss_consistency=0.0000, loss_geometric=0.0000, loss_smoothness=0.0005, loss_spatial_align=0.0006
2026-02-18 18:55:01,844 - portable_sam_fusion - INFO - Epoch 49/50 | train=0.103790 | sat_backbone=9.80e-05 sat_other=1.96e-04 drone_guidance=9.80e-05 scene_alignment=1.96e-04
2026-02-18 19:03:55,548 - portable_sam_fusion - INFO - Epoch 50 detailed losses: loss_rpn_cls=0.0022, loss_rpn_bbox=0.0014, loss_cls=0.0649, acc=97.4189, loss_bbox=0.0262, loss_mask=0.0144, loss_contrastive=0.0004, loss_consistency=0.0000, loss_geometric=0.0000, loss_smoothness=0.0005, loss_spatial_align=0.0006
2026-02-18 19:03:58,480 - portable_sam_fusion - INFO - Epoch 50/50 | train=0.110620 | sat_backbone=1.00e-04 sat_other=2.00e-04 drone_guidance=1.00e-04 scene_alignment=2.00e-04
