/home/wangcheng/anaconda3/envs/cvt/lib/python3.9/site-packages/imagecorruptions/corruptions.py:17: UserWarning: pkg_resources is deprecated as an API. See https://setuptools.pypa.io/en/latest/pkg_resources.html. The pkg_resources package is slated for removal as early as 2025-11-30. Refrain from using this package or pin to Setuptools<81.
  from pkg_resources import resource_filename
[rank0]: Traceback (most recent call last):
[rank0]:   File "/home/wangcheng/anaconda3/envs/cvt/lib/python3.9/pathlib.py", line 1323, in mkdir
[rank0]:     self._accessor.mkdir(self, mode)
[rank0]: FileNotFoundError: [Errno 2] No such file or directory: '/data/wangcheng/cvt-checkpoints/rsprompter-fusion-satS-v1-staged'

[rank0]: During handling of the above exception, another exception occurred:

[rank0]: Traceback (most recent call last):
[rank0]:   File "/home/wangcheng/anaconda3/envs/cvt/lib/python3.9/pathlib.py", line 1323, in mkdir
[rank0]:     self._accessor.mkdir(self, mode)
[rank0]: FileNotFoundError: [Errno 2] No such file or directory: '/data/wangcheng/cvt-checkpoints'

[rank0]: During handling of the above exception, another exception occurred:

[rank0]: Traceback (most recent call last):
[rank0]:   File "/home/wangcheng/anaconda3/envs/cvt/lib/python3.9/pathlib.py", line 1323, in mkdir
[rank0]:     self._accessor.mkdir(self, mode)
[rank0]: FileNotFoundError: [Errno 2] No such file or directory: '/data/wangcheng'

[rank0]: During handling of the above exception, another exception occurred:

[rank0]: Traceback (most recent call last):
[rank0]:   File "/home/wangcheng/project/SCVT3/portable_sam_fusion/train/train_rsprompter_fusion.py", line 692, in <module>
[rank0]:     main()
[rank0]:   File "/home/wangcheng/project/SCVT3/portable_sam_fusion/train/train_rsprompter_fusion.py", line 236, in main
[rank0]:     checkpoint_dir.mkdir(parents=True, exist_ok=True)
[rank0]:   File "/home/wangcheng/anaconda3/envs/cvt/lib/python3.9/pathlib.py", line 1327, in mkdir
[rank0]:     self.parent.mkdir(parents=True, exist_ok=True)
[rank0]:   File "/home/wangcheng/anaconda3/envs/cvt/lib/python3.9/pathlib.py", line 1327, in mkdir
[rank0]:     self.parent.mkdir(parents=True, exist_ok=True)
[rank0]:   File "/home/wangcheng/anaconda3/envs/cvt/lib/python3.9/pathlib.py", line 1327, in mkdir
[rank0]:     self.parent.mkdir(parents=True, exist_ok=True)
[rank0]:   File "/home/wangcheng/anaconda3/envs/cvt/lib/python3.9/pathlib.py", line 1323, in mkdir
[rank0]:     self._accessor.mkdir(self, mode)
[rank0]: PermissionError: [Errno 13] Permission denied: '/data'
[rank0]:[W210 13:28:31.718809955 ProcessGroupNCCL.cpp:1538] Warning: WARNING: destroy_process_group() was not called before program exit, which can leak resources. For more info, please see https://pytorch.org/docs/stable/distributed.html#shutdown (function operator())
E0210 13:28:32.040487 1674448 site-packages/torch/distributed/elastic/multiprocessing/api.py:874] failed (exitcode: 1) local_rank: 0 (pid: 1674547) of binary: /home/wangcheng/anaconda3/envs/cvt/bin/python
Traceback (most recent call last):
  File "/home/wangcheng/anaconda3/envs/cvt/lib/python3.9/runpy.py", line 197, in _run_module_as_main
    return _run_code(code, main_globals, None,
  File "/home/wangcheng/anaconda3/envs/cvt/lib/python3.9/runpy.py", line 87, in _run_code
    exec(code, run_globals)
  File "/home/wangcheng/anaconda3/envs/cvt/lib/python3.9/site-packages/torch/distributed/run.py", line 905, in <module>
    main()
  File "/home/wangcheng/anaconda3/envs/cvt/lib/python3.9/site-packages/torch/distributed/elastic/multiprocessing/errors/__init__.py", line 357, in wrapper
    return f(*args, **kwargs)
  File "/home/wangcheng/anaconda3/envs/cvt/lib/python3.9/site-packages/torch/distributed/run.py", line 901, in main
    run(args)
  File "/home/wangcheng/anaconda3/envs/cvt/lib/python3.9/site-packages/torch/distributed/run.py", line 892, in run
    elastic_launch(
  File "/home/wangcheng/anaconda3/envs/cvt/lib/python3.9/site-packages/torch/distributed/launcher/api.py", line 143, in __call__
    return launch_agent(self._config, self._entrypoint, list(args))
  File "/home/wangcheng/anaconda3/envs/cvt/lib/python3.9/site-packages/torch/distributed/launcher/api.py", line 277, in launch_agent
    raise ChildFailedError(
torch.distributed.elastic.multiprocessing.errors.ChildFailedError: 
============================================================
/home/wangcheng/project/SCVT3/portable_sam_fusion/train/train_rsprompter_fusion.py FAILED
------------------------------------------------------------
Failures:
  <NO_OTHER_FAILURES>
------------------------------------------------------------
Root Cause (first observed failure):
[0]:
  time      : 2026-02-10_13:28:32
  host      : node01
  rank      : 0 (local_rank: 0)
  exitcode  : 1 (pid: 1674547)
  error_file: <N/A>
  traceback : To enable traceback see: https://pytorch.org/docs/stable/elastic/errors.html
============================================================
