/home/wangcheng/anaconda3/envs/cvt/lib/python3.9/site-packages/imagecorruptions/corruptions.py:17: UserWarning: pkg_resources is deprecated as an API. See https://setuptools.pypa.io/en/latest/pkg_resources.html. The pkg_resources package is slated for removal as early as 2025-11-30. Refrain from using this package or pin to Setuptools<81.
  from pkg_resources import resource_filename
Loads checkpoint by local backend from path: /home/wangcheng/project/SCVT3/portable_sam_fusion/checkpoints/sam_vit_b_01ec64.pth
Loaded SAM VisionEncoder with interpolation. Missing keys: 0, Unexpected keys: 138
02/15 16:21:24 - mmengine - INFO - load model from: /home/wangcheng/project/SCVT3/portable_sam_fusion/checkpoints/sam_vit_b_01ec64.pth
02/15 16:21:24 - mmengine - INFO - Loads checkpoint by local backend from path: /home/wangcheng/project/SCVT3/portable_sam_fusion/checkpoints/sam_vit_b_01ec64.pth
02/15 16:21:25 - mmengine - WARNING - The model and loaded state dict do not match exactly

unexpected key in source state_dict: shared_image_embedding.positional_embedding, vision_encoder.pos_embed, vision_encoder.patch_embed.projection.weight, vision_encoder.patch_embed.projection.bias, vision_encoder.layers.0.layer_norm1.weight, vision_encoder.layers.0.layer_norm1.bias, vision_encoder.layers.0.attn.rel_pos_h, vision_encoder.layers.0.attn.rel_pos_w, vision_encoder.layers.0.attn.qkv.weight, vision_encoder.layers.0.attn.qkv.bias, vision_encoder.layers.0.attn.proj.weight, vision_encoder.layers.0.attn.proj.bias, vision_encoder.layers.0.layer_norm2.weight, vision_encoder.layers.0.layer_norm2.bias, vision_encoder.layers.0.mlp.lin1.weight, vision_encoder.layers.0.mlp.lin1.bias, vision_encoder.layers.0.mlp.lin2.weight, vision_encoder.layers.0.mlp.lin2.bias, vision_encoder.layers.1.layer_norm1.weight, vision_encoder.layers.1.layer_norm1.bias, vision_encoder.layers.1.attn.rel_pos_h, vision_encoder.layers.1.attn.rel_pos_w, vision_encoder.layers.1.attn.qkv.weight, vision_encoder.layers.1.attn.qkv.bias, vision_encoder.layers.1.attn.proj.weight, vision_encoder.layers.1.attn.proj.bias, vision_encoder.layers.1.layer_norm2.weight, vision_encoder.layers.1.layer_norm2.bias, vision_encoder.layers.1.mlp.lin1.weight, vision_encoder.layers.1.mlp.lin1.bias, vision_encoder.layers.1.mlp.lin2.weight, vision_encoder.layers.1.mlp.lin2.bias, vision_encoder.layers.2.layer_norm1.weight, vision_encoder.layers.2.layer_norm1.bias, vision_encoder.layers.2.attn.rel_pos_h, vision_encoder.layers.2.attn.rel_pos_w, vision_encoder.layers.2.attn.qkv.weight, vision_encoder.layers.2.attn.qkv.bias, vision_encoder.layers.2.attn.proj.weight, vision_encoder.layers.2.attn.proj.bias, vision_encoder.layers.2.layer_norm2.weight, vision_encoder.layers.2.layer_norm2.bias, vision_encoder.layers.2.mlp.lin1.weight, vision_encoder.layers.2.mlp.lin1.bias, vision_encoder.layers.2.mlp.lin2.weight, vision_encoder.layers.2.mlp.lin2.bias, vision_encoder.layers.3.layer_norm1.weight, vision_encoder.layers.3.layer_norm1.bias, vision_encoder.layers.3.attn.rel_pos_h, vision_encoder.layers.3.attn.rel_pos_w, vision_encoder.layers.3.attn.qkv.weight, vision_encoder.layers.3.attn.qkv.bias, vision_encoder.layers.3.attn.proj.weight, vision_encoder.layers.3.attn.proj.bias, vision_encoder.layers.3.layer_norm2.weight, vision_encoder.layers.3.layer_norm2.bias, vision_encoder.layers.3.mlp.lin1.weight, vision_encoder.layers.3.mlp.lin1.bias, vision_encoder.layers.3.mlp.lin2.weight, vision_encoder.layers.3.mlp.lin2.bias, vision_encoder.layers.4.layer_norm1.weight, vision_encoder.layers.4.layer_norm1.bias, vision_encoder.layers.4.attn.rel_pos_h, vision_encoder.layers.4.attn.rel_pos_w, vision_encoder.layers.4.attn.qkv.weight, vision_encoder.layers.4.attn.qkv.bias, vision_encoder.layers.4.attn.proj.weight, vision_encoder.layers.4.attn.proj.bias, vision_encoder.layers.4.layer_norm2.weight, vision_encoder.layers.4.layer_norm2.bias, vision_encoder.layers.4.mlp.lin1.weight, vision_encoder.layers.4.mlp.lin1.bias, vision_encoder.layers.4.mlp.lin2.weight, vision_encoder.layers.4.mlp.lin2.bias, vision_encoder.layers.5.layer_norm1.weight, vision_encoder.layers.5.layer_norm1.bias, vision_encoder.layers.5.attn.rel_pos_h, vision_encoder.layers.5.attn.rel_pos_w, vision_encoder.layers.5.attn.qkv.weight, vision_encoder.layers.5.attn.qkv.bias, vision_encoder.layers.5.attn.proj.weight, vision_encoder.layers.5.attn.proj.bias, vision_encoder.layers.5.layer_norm2.weight, vision_encoder.layers.5.layer_norm2.bias, vision_encoder.layers.5.mlp.lin1.weight, vision_encoder.layers.5.mlp.lin1.bias, vision_encoder.layers.5.mlp.lin2.weight, vision_encoder.layers.5.mlp.lin2.bias, vision_encoder.layers.6.layer_norm1.weight, vision_encoder.layers.6.layer_norm1.bias, vision_encoder.layers.6.attn.rel_pos_h, vision_encoder.layers.6.attn.rel_pos_w, vision_encoder.layers.6.attn.qkv.weight, vision_encoder.layers.6.attn.qkv.bias, vision_encoder.layers.6.attn.proj.weight, vision_encoder.layers.6.attn.proj.bias, vision_encoder.layers.6.layer_norm2.weight, vision_encoder.layers.6.layer_norm2.bias, vision_encoder.layers.6.mlp.lin1.weight, vision_encoder.layers.6.mlp.lin1.bias, vision_encoder.layers.6.mlp.lin2.weight, vision_encoder.layers.6.mlp.lin2.bias, vision_encoder.layers.7.layer_norm1.weight, vision_encoder.layers.7.layer_norm1.bias, vision_encoder.layers.7.attn.rel_pos_h, vision_encoder.layers.7.attn.rel_pos_w, vision_encoder.layers.7.attn.qkv.weight, vision_encoder.layers.7.attn.qkv.bias, vision_encoder.layers.7.attn.proj.weight, vision_encoder.layers.7.attn.proj.bias, vision_encoder.layers.7.layer_norm2.weight, vision_encoder.layers.7.layer_norm2.bias, vision_encoder.layers.7.mlp.lin1.weight, vision_encoder.layers.7.mlp.lin1.bias, vision_encoder.layers.7.mlp.lin2.weight, vision_encoder.layers.7.mlp.lin2.bias, vision_encoder.layers.8.layer_norm1.weight, vision_encoder.layers.8.layer_norm1.bias, vision_encoder.layers.8.attn.rel_pos_h, vision_encoder.layers.8.attn.rel_pos_w, vision_encoder.layers.8.attn.qkv.weight, vision_encoder.layers.8.attn.qkv.bias, vision_encoder.layers.8.attn.proj.weight, vision_encoder.layers.8.attn.proj.bias, vision_encoder.layers.8.layer_norm2.weight, vision_encoder.layers.8.layer_norm2.bias, vision_encoder.layers.8.mlp.lin1.weight, vision_encoder.layers.8.mlp.lin1.bias, vision_encoder.layers.8.mlp.lin2.weight, vision_encoder.layers.8.mlp.lin2.bias, vision_encoder.layers.9.layer_norm1.weight, vision_encoder.layers.9.layer_norm1.bias, vision_encoder.layers.9.attn.rel_pos_h, vision_encoder.layers.9.attn.rel_pos_w, vision_encoder.layers.9.attn.qkv.weight, vision_encoder.layers.9.attn.qkv.bias, vision_encoder.layers.9.attn.proj.weight, vision_encoder.layers.9.attn.proj.bias, vision_encoder.layers.9.layer_norm2.weight, vision_encoder.layers.9.layer_norm2.bias, vision_encoder.layers.9.mlp.lin1.weight, vision_encoder.layers.9.mlp.lin1.bias, vision_encoder.layers.9.mlp.lin2.weight, vision_encoder.layers.9.mlp.lin2.bias, vision_encoder.layers.10.layer_norm1.weight, vision_encoder.layers.10.layer_norm1.bias, vision_encoder.layers.10.attn.rel_pos_h, vision_encoder.layers.10.attn.rel_pos_w, vision_encoder.layers.10.attn.qkv.weight, vision_encoder.layers.10.attn.qkv.bias, vision_encoder.layers.10.attn.proj.weight, vision_encoder.layers.10.attn.proj.bias, vision_encoder.layers.10.layer_norm2.weight, vision_encoder.layers.10.layer_norm2.bias, vision_encoder.layers.10.mlp.lin1.weight, vision_encoder.layers.10.mlp.lin1.bias, vision_encoder.layers.10.mlp.lin2.weight, vision_encoder.layers.10.mlp.lin2.bias, vision_encoder.layers.11.layer_norm1.weight, vision_encoder.layers.11.layer_norm1.bias, vision_encoder.layers.11.attn.rel_pos_h, vision_encoder.layers.11.attn.rel_pos_w, vision_encoder.layers.11.attn.qkv.weight, vision_encoder.layers.11.attn.qkv.bias, vision_encoder.layers.11.attn.proj.weight, vision_encoder.layers.11.attn.proj.bias, vision_encoder.layers.11.layer_norm2.weight, vision_encoder.layers.11.layer_norm2.bias, vision_encoder.layers.11.mlp.lin1.weight, vision_encoder.layers.11.mlp.lin1.bias, vision_encoder.layers.11.mlp.lin2.weight, vision_encoder.layers.11.mlp.lin2.bias, vision_encoder.neck.conv1.weight, vision_encoder.neck.layer_norm1.weight, vision_encoder.neck.layer_norm1.bias, vision_encoder.neck.conv2.weight, vision_encoder.neck.layer_norm2.weight, vision_encoder.neck.layer_norm2.bias, mask_decoder.iou_token.weight, mask_decoder.mask_tokens.weight, mask_decoder.transformer.layers.0.self_attn.q_proj.weight, mask_decoder.transformer.layers.0.self_attn.q_proj.bias, mask_decoder.transformer.layers.0.self_attn.k_proj.weight, mask_decoder.transformer.layers.0.self_attn.k_proj.bias, mask_decoder.transformer.layers.0.self_attn.v_proj.weight, mask_decoder.transformer.layers.0.self_attn.v_proj.bias, mask_decoder.transformer.layers.0.self_attn.out_proj.weight, mask_decoder.transformer.layers.0.self_attn.out_proj.bias, mask_decoder.transformer.layers.0.layer_norm1.weight, mask_decoder.transformer.layers.0.layer_norm1.bias, mask_decoder.transformer.layers.0.cross_attn_token_to_image.q_proj.weight, mask_decoder.transformer.layers.0.cross_attn_token_to_image.q_proj.bias, mask_decoder.transformer.layers.0.cross_attn_token_to_image.k_proj.weight, mask_decoder.transformer.layers.0.cross_attn_token_to_image.k_proj.bias, mask_decoder.transformer.layers.0.cross_attn_token_to_image.v_proj.weight, mask_decoder.transformer.layers.0.cross_attn_token_to_image.v_proj.bias, mask_decoder.transformer.layers.0.cross_attn_token_to_image.out_proj.weight, mask_decoder.transformer.layers.0.cross_attn_token_to_image.out_proj.bias, mask_decoder.transformer.layers.0.layer_norm2.weight, mask_decoder.transformer.layers.0.layer_norm2.bias, mask_decoder.transformer.layers.0.mlp.lin1.weight, mask_decoder.transformer.layers.0.mlp.lin1.bias, mask_decoder.transformer.layers.0.mlp.lin2.weight, mask_decoder.transformer.layers.0.mlp.lin2.bias, mask_decoder.transformer.layers.0.layer_norm3.weight, mask_decoder.transformer.layers.0.layer_norm3.bias, mask_decoder.transformer.layers.0.layer_norm4.weight, mask_decoder.transformer.layers.0.layer_norm4.bias, mask_decoder.transformer.layers.0.cross_attn_image_to_token.q_proj.weight, mask_decoder.transformer.layers.0.cross_attn_image_to_token.q_proj.bias, mask_decoder.transformer.layers.0.cross_attn_image_to_token.k_proj.weight, mask_decoder.transformer.layers.0.cross_attn_image_to_token.k_proj.bias, mask_decoder.transformer.layers.0.cross_attn_image_to_token.v_proj.weight, mask_decoder.transformer.layers.0.cross_attn_image_to_token.v_proj.bias, mask_decoder.transformer.layers.0.cross_attn_image_to_token.out_proj.weight, mask_decoder.transformer.layers.0.cross_attn_image_to_token.out_proj.bias, mask_decoder.transformer.layers.1.self_attn.q_proj.weight, mask_decoder.transformer.layers.1.self_attn.q_proj.bias, mask_decoder.transformer.layers.1.self_attn.k_proj.weight, mask_decoder.transformer.layers.1.self_attn.k_proj.bias, mask_decoder.transformer.layers.1.self_attn.v_proj.weight, mask_decoder.transformer.layers.1.self_attn.v_proj.bias, mask_decoder.transformer.layers.1.self_attn.out_proj.weight, mask_decoder.transformer.layers.1.self_attn.out_proj.bias, mask_decoder.transformer.layers.1.layer_norm1.weight, mask_decoder.transformer.layers.1.layer_norm1.bias, mask_decoder.transformer.layers.1.cross_attn_token_to_image.q_proj.weight, mask_decoder.transformer.layers.1.cross_attn_token_to_image.q_proj.bias, mask_decoder.transformer.layers.1.cross_attn_token_to_image.k_proj.weight, mask_decoder.transformer.layers.1.cross_attn_token_to_image.k_proj.bias, mask_decoder.transformer.layers.1.cross_attn_token_to_image.v_proj.weight, mask_decoder.transformer.layers.1.cross_attn_token_to_image.v_proj.bias, mask_decoder.transformer.layers.1.cross_attn_token_to_image.out_proj.weight, mask_decoder.transformer.layers.1.cross_attn_token_to_image.out_proj.bias, mask_decoder.transformer.layers.1.layer_norm2.weight, mask_decoder.transformer.layers.1.layer_norm2.bias, mask_decoder.transformer.layers.1.mlp.lin1.weight, mask_decoder.transformer.layers.1.mlp.lin1.bias, mask_decoder.transformer.layers.1.mlp.lin2.weight, mask_decoder.transformer.layers.1.mlp.lin2.bias, mask_decoder.transformer.layers.1.layer_norm3.weight, mask_decoder.transformer.layers.1.layer_norm3.bias, mask_decoder.transformer.layers.1.layer_norm4.weight, mask_decoder.transformer.layers.1.layer_norm4.bias, mask_decoder.transformer.layers.1.cross_attn_image_to_token.q_proj.weight, mask_decoder.transformer.layers.1.cross_attn_image_to_token.q_proj.bias, mask_decoder.transformer.layers.1.cross_attn_image_to_token.k_proj.weight, mask_decoder.transformer.layers.1.cross_attn_image_to_token.k_proj.bias, mask_decoder.transformer.layers.1.cross_attn_image_to_token.v_proj.weight, mask_decoder.transformer.layers.1.cross_attn_image_to_token.v_proj.bias, mask_decoder.transformer.layers.1.cross_attn_image_to_token.out_proj.weight, mask_decoder.transformer.layers.1.cross_attn_image_to_token.out_proj.bias, mask_decoder.transformer.final_attn_token_to_image.q_proj.weight, mask_decoder.transformer.final_attn_token_to_image.q_proj.bias, mask_decoder.transformer.final_attn_token_to_image.k_proj.weight, mask_decoder.transformer.final_attn_token_to_image.k_proj.bias, mask_decoder.transformer.final_attn_token_to_image.v_proj.weight, mask_decoder.transformer.final_attn_token_to_image.v_proj.bias, mask_decoder.transformer.final_attn_token_to_image.out_proj.weight, mask_decoder.transformer.final_attn_token_to_image.out_proj.bias, mask_decoder.transformer.layer_norm_final_attn.weight, mask_decoder.transformer.layer_norm_final_attn.bias, mask_decoder.upscale_conv1.weight, mask_decoder.upscale_conv1.bias, mask_decoder.upscale_conv2.weight, mask_decoder.upscale_conv2.bias, mask_decoder.upscale_layer_norm.weight, mask_decoder.upscale_layer_norm.bias, mask_decoder.output_hypernetworks_mlps.0.proj_in.weight, mask_decoder.output_hypernetworks_mlps.0.proj_in.bias, mask_decoder.output_hypernetworks_mlps.0.proj_out.weight, mask_decoder.output_hypernetworks_mlps.0.proj_out.bias, mask_decoder.output_hypernetworks_mlps.0.layers.0.weight, mask_decoder.output_hypernetworks_mlps.0.layers.0.bias, mask_decoder.output_hypernetworks_mlps.1.proj_in.weight, mask_decoder.output_hypernetworks_mlps.1.proj_in.bias, mask_decoder.output_hypernetworks_mlps.1.proj_out.weight, mask_decoder.output_hypernetworks_mlps.1.proj_out.bias, mask_decoder.output_hypernetworks_mlps.1.layers.0.weight, mask_decoder.output_hypernetworks_mlps.1.layers.0.bias, mask_decoder.output_hypernetworks_mlps.2.proj_in.weight, mask_decoder.output_hypernetworks_mlps.2.proj_in.bias, mask_decoder.output_hypernetworks_mlps.2.proj_out.weight, mask_decoder.output_hypernetworks_mlps.2.proj_out.bias, mask_decoder.output_hypernetworks_mlps.2.layers.0.weight, mask_decoder.output_hypernetworks_mlps.2.layers.0.bias, mask_decoder.output_hypernetworks_mlps.3.proj_in.weight, mask_decoder.output_hypernetworks_mlps.3.proj_in.bias, mask_decoder.output_hypernetworks_mlps.3.proj_out.weight, mask_decoder.output_hypernetworks_mlps.3.proj_out.bias, mask_decoder.output_hypernetworks_mlps.3.layers.0.weight, mask_decoder.output_hypernetworks_mlps.3.layers.0.bias, mask_decoder.iou_prediction_head.proj_in.weight, mask_decoder.iou_prediction_head.proj_in.bias, mask_decoder.iou_prediction_head.proj_out.weight, mask_decoder.iou_prediction_head.proj_out.bias, mask_decoder.iou_prediction_head.layers.0.weight, mask_decoder.iou_prediction_head.layers.0.bias, prompt_encoder.shared_embedding.positional_embedding

02/15 16:21:25 - mmengine - INFO - 
prompt_encoder.mask_embed.conv1.weight - torch.Size([4, 1, 2, 2]): 
PretrainedInit: load from /home/wangcheng/project/SCVT3/portable_sam_fusion/checkpoints/sam_vit_b_01ec64.pth 
 
02/15 16:21:25 - mmengine - INFO - 
prompt_encoder.mask_embed.conv1.bias - torch.Size([4]): 
PretrainedInit: load from /home/wangcheng/project/SCVT3/portable_sam_fusion/checkpoints/sam_vit_b_01ec64.pth 
 
02/15 16:21:25 - mmengine - INFO - 
prompt_encoder.mask_embed.conv2.weight - torch.Size([16, 4, 2, 2]): 
PretrainedInit: load from /home/wangcheng/project/SCVT3/portable_sam_fusion/checkpoints/sam_vit_b_01ec64.pth 
 
02/15 16:21:25 - mmengine - INFO - 
prompt_encoder.mask_embed.conv2.bias - torch.Size([16]): 
PretrainedInit: load from /home/wangcheng/project/SCVT3/portable_sam_fusion/checkpoints/sam_vit_b_01ec64.pth 
 
02/15 16:21:25 - mmengine - INFO - 
prompt_encoder.mask_embed.conv3.weight - torch.Size([256, 16, 1, 1]): 
PretrainedInit: load from /home/wangcheng/project/SCVT3/portable_sam_fusion/checkpoints/sam_vit_b_01ec64.pth 
 
02/15 16:21:25 - mmengine - INFO - 
prompt_encoder.mask_embed.conv3.bias - torch.Size([256]): 
PretrainedInit: load from /home/wangcheng/project/SCVT3/portable_sam_fusion/checkpoints/sam_vit_b_01ec64.pth 
 
02/15 16:21:25 - mmengine - INFO - 
prompt_encoder.mask_embed.layer_norm1.weight - torch.Size([4]): 
PretrainedInit: load from /home/wangcheng/project/SCVT3/portable_sam_fusion/checkpoints/sam_vit_b_01ec64.pth 
 
02/15 16:21:25 - mmengine - INFO - 
prompt_encoder.mask_embed.layer_norm1.bias - torch.Size([4]): 
PretrainedInit: load from /home/wangcheng/project/SCVT3/portable_sam_fusion/checkpoints/sam_vit_b_01ec64.pth 
 
02/15 16:21:25 - mmengine - INFO - 
prompt_encoder.mask_embed.layer_norm2.weight - torch.Size([16]): 
PretrainedInit: load from /home/wangcheng/project/SCVT3/portable_sam_fusion/checkpoints/sam_vit_b_01ec64.pth 
 
02/15 16:21:25 - mmengine - INFO - 
prompt_encoder.mask_embed.layer_norm2.bias - torch.Size([16]): 
PretrainedInit: load from /home/wangcheng/project/SCVT3/portable_sam_fusion/checkpoints/sam_vit_b_01ec64.pth 
 
02/15 16:21:25 - mmengine - INFO - 
prompt_encoder.no_mask_embed.weight - torch.Size([1, 256]): 
PretrainedInit: load from /home/wangcheng/project/SCVT3/portable_sam_fusion/checkpoints/sam_vit_b_01ec64.pth 
 
02/15 16:21:25 - mmengine - INFO - 
prompt_encoder.point_embed.0.weight - torch.Size([1, 256]): 
PretrainedInit: load from /home/wangcheng/project/SCVT3/portable_sam_fusion/checkpoints/sam_vit_b_01ec64.pth 
 
02/15 16:21:25 - mmengine - INFO - 
prompt_encoder.point_embed.1.weight - torch.Size([1, 256]): 
PretrainedInit: load from /home/wangcheng/project/SCVT3/portable_sam_fusion/checkpoints/sam_vit_b_01ec64.pth 
 
02/15 16:21:25 - mmengine - INFO - 
prompt_encoder.point_embed.2.weight - torch.Size([1, 256]): 
PretrainedInit: load from /home/wangcheng/project/SCVT3/portable_sam_fusion/checkpoints/sam_vit_b_01ec64.pth 
 
02/15 16:21:25 - mmengine - INFO - 
prompt_encoder.point_embed.3.weight - torch.Size([1, 256]): 
PretrainedInit: load from /home/wangcheng/project/SCVT3/portable_sam_fusion/checkpoints/sam_vit_b_01ec64.pth 
 
02/15 16:21:25 - mmengine - INFO - 
prompt_encoder.not_a_point_embed.weight - torch.Size([1, 256]): 
PretrainedInit: load from /home/wangcheng/project/SCVT3/portable_sam_fusion/checkpoints/sam_vit_b_01ec64.pth 
 
Loads checkpoint by local backend from path: /home/wangcheng/project/SCVT3/portable_sam_fusion/checkpoints/sam_vit_b_01ec64.pth
Loaded SAM PositionalEmbedding. Missing keys: 0, Unexpected keys: 314
2026-02-15 16:21:29,156 - portable_sam_fusion.data.satellite_drone_dataset - INFO - SatelliteDroneDataset initialized (训练集): 672 scenes, views=4, sat_size=(1024, 1024), drone_size=(512, 512)
2026-02-15 16:21:29,378 - portable_sam_fusion.data.satellite_drone_dataset - INFO - SatelliteDroneDataset initialized (验证集): 62 scenes, views=4, sat_size=(1024, 1024), drone_size=(512, 512)
2026-02-15 16:21:29,379 - portable_sam_fusion - INFO - Dataset size: 672
2026-02-15 16:26:54,776 - portable_sam_fusion - INFO - Epoch 1 detailed losses: loss_rpn_cls=0.6698, loss_rpn_bbox=0.0263, loss_cls=0.3408, acc=97.3406, loss_bbox=0.0037, loss_mask=0.6880, loss_contrastive=0.0000, loss_consistency=0.1092
2026-02-15 16:27:33,872 - portable_sam_fusion - INFO - Epoch 1/30 | train=1.837727 val=1.594445 | sat_backbone=2.10e-06 sat_other=4.20e-06 drone_guidance=2.10e-06
2026-02-15 16:34:01,712 - portable_sam_fusion - INFO - Epoch 2 detailed losses: loss_rpn_cls=0.2369, loss_rpn_bbox=0.0165, loss_cls=0.3104, acc=87.8435, loss_bbox=0.2852, loss_mask=0.3622, loss_contrastive=0.0000, loss_consistency=0.0432
2026-02-15 16:34:44,857 - portable_sam_fusion - INFO - Epoch 2/30 | train=1.254430 val=1.060157 | sat_backbone=4.10e-06 sat_other=8.19e-06 drone_guidance=4.10e-06
2026-02-15 16:41:43,734 - portable_sam_fusion - INFO - Epoch 3 detailed losses: loss_rpn_cls=0.0784, loss_rpn_bbox=0.0127, loss_cls=0.2918, acc=87.5570, loss_bbox=0.2780, loss_mask=0.1748, loss_contrastive=0.0000, loss_consistency=0.0079
2026-02-15 16:42:32,452 - portable_sam_fusion - INFO - Epoch 3/30 | train=0.843513 val=0.732831 | sat_backbone=6.09e-06 sat_other=1.22e-05 drone_guidance=6.09e-06
2026-02-15 16:49:43,491 - portable_sam_fusion - INFO - Epoch 4 detailed losses: loss_rpn_cls=0.0525, loss_rpn_bbox=0.0110, loss_cls=0.2532, acc=89.3072, loss_bbox=0.2312, loss_mask=0.1361, loss_contrastive=0.0000, loss_consistency=0.0009
2026-02-15 16:50:33,123 - portable_sam_fusion - INFO - Epoch 4/30 | train=0.684904 val=0.673922 | sat_backbone=8.09e-06 sat_other=1.62e-05 drone_guidance=8.09e-06
2026-02-15 16:57:49,870 - portable_sam_fusion - INFO - Epoch 5 detailed losses: loss_rpn_cls=0.0378, loss_rpn_bbox=0.0095, loss_cls=0.2288, acc=90.2483, loss_bbox=0.1889, loss_mask=0.1179, loss_contrastive=0.0000, loss_consistency=0.0001
2026-02-15 16:58:40,524 - portable_sam_fusion - INFO - Epoch 5/30 | train=0.582996 val=0.608359 | sat_backbone=1.01e-05 sat_other=2.02e-05 drone_guidance=1.01e-05
2026-02-15 17:05:35,712 - portable_sam_fusion - INFO - Epoch 6 detailed losses: loss_rpn_cls=0.0292, loss_rpn_bbox=0.0080, loss_cls=0.2123, acc=91.0697, loss_bbox=0.1612, loss_mask=0.0967, loss_contrastive=0.0000, loss_consistency=0.0000
2026-02-15 17:06:26,377 - portable_sam_fusion - INFO - Epoch 6/30 | train=0.507496 val=0.560434 | sat_backbone=1.21e-05 sat_other=2.42e-05 drone_guidance=1.21e-05
2026-02-15 17:13:55,815 - portable_sam_fusion - INFO - Epoch 7 detailed losses: loss_rpn_cls=0.0239, loss_rpn_bbox=0.0070, loss_cls=0.1990, acc=91.5458, loss_bbox=0.1406, loss_mask=0.0674, loss_contrastive=0.0000, loss_consistency=0.0000
2026-02-15 17:14:46,789 - portable_sam_fusion - INFO - Epoch 7/30 | train=0.437886 val=0.537604 | sat_backbone=1.41e-05 sat_other=2.82e-05 drone_guidance=1.41e-05
2026-02-15 17:22:17,142 - portable_sam_fusion - INFO - Epoch 8 detailed losses: loss_rpn_cls=0.0205, loss_rpn_bbox=0.0062, loss_cls=0.1809, acc=92.4125, loss_bbox=0.1204, loss_mask=0.0452, loss_contrastive=0.0000, loss_consistency=0.0000
2026-02-15 17:23:03,644 - portable_sam_fusion - INFO - Epoch 8/30 | train=0.373248 val=0.488550 | sat_backbone=1.61e-05 sat_other=3.22e-05 drone_guidance=1.61e-05
2026-02-15 17:30:35,227 - portable_sam_fusion - INFO - Epoch 9 detailed losses: loss_rpn_cls=0.0161, loss_rpn_bbox=0.0054, loss_cls=0.1670, acc=93.0984, loss_bbox=0.1061, loss_mask=0.0356, loss_contrastive=0.0000, loss_consistency=0.0000
2026-02-15 17:31:22,783 - portable_sam_fusion - INFO - Epoch 9/30 | train=0.330275 val=0.464812 | sat_backbone=1.81e-05 sat_other=3.62e-05 drone_guidance=1.81e-05
2026-02-15 17:38:55,228 - portable_sam_fusion - INFO - Epoch 10 detailed losses: loss_rpn_cls=0.0149, loss_rpn_bbox=0.0051, loss_cls=0.1546, acc=93.5402, loss_bbox=0.0943, loss_mask=0.0303, loss_contrastive=0.0000, loss_consistency=0.0001
2026-02-15 17:39:43,188 - portable_sam_fusion - INFO - Epoch 10/30 | train=0.299241 val=0.462385 | sat_backbone=2.01e-05 sat_other=4.02e-05 drone_guidance=2.01e-05
2026-02-15 17:47:11,249 - portable_sam_fusion - INFO - Epoch 11 detailed losses: loss_rpn_cls=0.0132, loss_rpn_bbox=0.0047, loss_cls=0.1466, acc=93.9854, loss_bbox=0.0859, loss_mask=0.0261, loss_contrastive=0.0000, loss_consistency=0.0001
2026-02-15 17:47:43,063 - portable_sam_fusion - INFO - Epoch 11/30 | train=0.276527 val=0.478996 | sat_backbone=2.21e-05 sat_other=4.42e-05 drone_guidance=2.21e-05
2026-02-15 17:55:08,119 - portable_sam_fusion - INFO - Epoch 12 detailed losses: loss_rpn_cls=0.0114, loss_rpn_bbox=0.0044, loss_cls=0.1397, acc=94.2150, loss_bbox=0.0821, loss_mask=0.0258, loss_contrastive=0.0000, loss_consistency=0.0001
2026-02-15 17:55:39,654 - portable_sam_fusion - INFO - Epoch 12/30 | train=0.263480 val=0.468183 | sat_backbone=2.41e-05 sat_other=4.82e-05 drone_guidance=2.41e-05
2026-02-15 18:03:10,438 - portable_sam_fusion - INFO - Epoch 13 detailed losses: loss_rpn_cls=0.0102, loss_rpn_bbox=0.0038, loss_cls=0.1327, acc=94.4795, loss_bbox=0.0768, loss_mask=0.0240, loss_contrastive=0.0000, loss_consistency=0.0001
2026-02-15 18:03:41,467 - portable_sam_fusion - INFO - Epoch 13/30 | train=0.247628 val=0.477053 | sat_backbone=2.61e-05 sat_other=5.21e-05 drone_guidance=2.61e-05
2026-02-15 18:11:07,648 - portable_sam_fusion - INFO - Epoch 14 detailed losses: loss_rpn_cls=0.0088, loss_rpn_bbox=0.0045, loss_cls=0.1241, acc=94.9132, loss_bbox=0.0702, loss_mask=0.0223, loss_contrastive=0.0000, loss_consistency=0.0000
2026-02-15 18:11:42,253 - portable_sam_fusion - INFO - Epoch 14/30 | train=0.230020 val=0.464452 | sat_backbone=2.81e-05 sat_other=5.61e-05 drone_guidance=2.81e-05
2026-02-15 18:19:13,251 - portable_sam_fusion - INFO - Epoch 15 detailed losses: loss_rpn_cls=0.0084, loss_rpn_bbox=0.0038, loss_cls=0.1220, acc=94.9951, loss_bbox=0.0665, loss_mask=0.0228, loss_contrastive=0.0000, loss_consistency=0.0000
2026-02-15 18:19:59,945 - portable_sam_fusion - INFO - Epoch 15/30 | train=0.223630 val=0.446070 | sat_backbone=3.01e-05 sat_other=6.01e-05 drone_guidance=3.01e-05
2026-02-15 18:27:25,268 - portable_sam_fusion - INFO - Epoch 16 detailed losses: loss_rpn_cls=0.0067, loss_rpn_bbox=0.0036, loss_cls=0.1147, acc=95.3567, loss_bbox=0.0598, loss_mask=0.0234, loss_contrastive=0.0000, loss_consistency=0.0000
2026-02-15 18:27:56,071 - portable_sam_fusion - INFO - Epoch 16/30 | train=0.208246 val=0.522621 | sat_backbone=3.21e-05 sat_other=6.41e-05 drone_guidance=3.21e-05
2026-02-15 18:35:24,865 - portable_sam_fusion - INFO - Epoch 17 detailed losses: loss_rpn_cls=0.0066, loss_rpn_bbox=0.0035, loss_cls=0.1123, acc=95.3979, loss_bbox=0.0609, loss_mask=0.0192, loss_contrastive=0.0000, loss_consistency=0.0000
2026-02-15 18:35:55,696 - portable_sam_fusion - INFO - Epoch 17/30 | train=0.202672 val=0.458726 | sat_backbone=3.41e-05 sat_other=6.81e-05 drone_guidance=3.41e-05
2026-02-15 18:43:23,738 - portable_sam_fusion - INFO - Epoch 18 detailed losses: loss_rpn_cls=0.0066, loss_rpn_bbox=0.0035, loss_cls=0.1080, acc=95.5305, loss_bbox=0.0571, loss_mask=0.0202, loss_contrastive=0.0000, loss_consistency=0.0000
2026-02-15 18:44:10,625 - portable_sam_fusion - INFO - Epoch 18/30 | train=0.195459 val=0.429408 | sat_backbone=3.61e-05 sat_other=7.21e-05 drone_guidance=3.61e-05
2026-02-15 18:51:41,378 - portable_sam_fusion - INFO - Epoch 19 detailed losses: loss_rpn_cls=0.0059, loss_rpn_bbox=0.0034, loss_cls=0.1033, acc=95.7043, loss_bbox=0.0525, loss_mask=0.0199, loss_contrastive=0.0000, loss_consistency=0.0000
2026-02-15 18:52:12,387 - portable_sam_fusion - INFO - Epoch 19/30 | train=0.184967 val=0.505095 | sat_backbone=3.81e-05 sat_other=7.61e-05 drone_guidance=3.81e-05
2026-02-15 18:59:42,981 - portable_sam_fusion - INFO - Epoch 20 detailed losses: loss_rpn_cls=0.0056, loss_rpn_bbox=0.0031, loss_cls=0.1013, acc=95.7787, loss_bbox=0.0530, loss_mask=0.0222, loss_contrastive=0.0000, loss_consistency=0.0000
2026-02-15 19:00:14,390 - portable_sam_fusion - INFO - Epoch 20/30 | train=0.185169 val=0.444957 | sat_backbone=4.01e-05 sat_other=8.01e-05 drone_guidance=4.01e-05
2026-02-15 19:07:49,911 - portable_sam_fusion - INFO - Epoch 21 detailed losses: loss_rpn_cls=0.0055, loss_rpn_bbox=0.0036, loss_cls=0.1003, acc=95.9136, loss_bbox=0.0523, loss_mask=0.0187, loss_contrastive=0.0000, loss_consistency=0.0000
2026-02-15 19:08:20,434 - portable_sam_fusion - INFO - Epoch 21/30 | train=0.180452 val=0.471806 | sat_backbone=4.21e-05 sat_other=8.41e-05 drone_guidance=4.21e-05
2026-02-15 19:16:06,935 - portable_sam_fusion - INFO - Epoch 22 detailed losses: loss_rpn_cls=0.0055, loss_rpn_bbox=0.0036, loss_cls=0.1002, acc=95.9356, loss_bbox=0.0503, loss_mask=0.0173, loss_contrastive=0.0000, loss_consistency=0.0000
2026-02-15 19:16:37,480 - portable_sam_fusion - INFO - Epoch 22/30 | train=0.177004 val=0.463188 | sat_backbone=4.41e-05 sat_other=8.81e-05 drone_guidance=4.41e-05
2026-02-15 19:24:08,143 - portable_sam_fusion - INFO - Epoch 23 detailed losses: loss_rpn_cls=0.0046, loss_rpn_bbox=0.0035, loss_cls=0.0979, acc=95.9757, loss_bbox=0.0453, loss_mask=0.0168, loss_contrastive=0.0000, loss_consistency=0.0000
2026-02-15 19:24:39,306 - portable_sam_fusion - INFO - Epoch 23/30 | train=0.168174 val=0.484659 | sat_backbone=4.61e-05 sat_other=9.21e-05 drone_guidance=4.61e-05
2026-02-15 19:32:08,610 - portable_sam_fusion - INFO - Epoch 24 detailed losses: loss_rpn_cls=0.0044, loss_rpn_bbox=0.0033, loss_cls=0.0969, acc=95.9322, loss_bbox=0.0439, loss_mask=0.0166, loss_contrastive=0.0000, loss_consistency=0.0000
2026-02-15 19:32:39,468 - portable_sam_fusion - INFO - Epoch 24/30 | train=0.165041 val=0.476205 | sat_backbone=4.81e-05 sat_other=9.61e-05 drone_guidance=4.81e-05
2026-02-15 19:40:09,847 - portable_sam_fusion - INFO - Epoch 25 detailed losses: loss_rpn_cls=0.0056, loss_rpn_bbox=0.0029, loss_cls=0.0962, acc=96.0071, loss_bbox=0.0441, loss_mask=0.0176, loss_contrastive=0.0000, loss_consistency=0.0000
2026-02-15 19:40:40,555 - portable_sam_fusion - INFO - Epoch 25/30 | train=0.166369 val=0.539153 | sat_backbone=5.01e-05 sat_other=1.00e-04 drone_guidance=5.01e-05
2026-02-15 19:48:11,769 - portable_sam_fusion - INFO - Epoch 26 detailed losses: loss_rpn_cls=0.0046, loss_rpn_bbox=0.0030, loss_cls=0.0918, acc=96.1437, loss_bbox=0.0432, loss_mask=0.0164, loss_contrastive=0.0000, loss_consistency=0.0000
2026-02-15 19:48:47,404 - portable_sam_fusion - INFO - Epoch 26/30 | train=0.159077 val=0.444871 | sat_backbone=5.20e-05 sat_other=1.04e-04 drone_guidance=5.20e-05
2026-02-15 19:56:26,895 - portable_sam_fusion - INFO - Epoch 27 detailed losses: loss_rpn_cls=0.0037, loss_rpn_bbox=0.0034, loss_cls=0.0939, acc=96.1129, loss_bbox=0.0433, loss_mask=0.0150, loss_contrastive=0.0000, loss_consistency=0.0000
2026-02-15 19:56:59,210 - portable_sam_fusion - INFO - Epoch 27/30 | train=0.159210 val=0.529900 | sat_backbone=5.40e-05 sat_other=1.08e-04 drone_guidance=5.40e-05
2026-02-15 20:04:31,674 - portable_sam_fusion - INFO - Epoch 28 detailed losses: loss_rpn_cls=0.0039, loss_rpn_bbox=0.0029, loss_cls=0.0912, acc=96.2397, loss_bbox=0.0409, loss_mask=0.0220, loss_contrastive=0.0000, loss_consistency=0.0000
2026-02-15 20:05:03,559 - portable_sam_fusion - INFO - Epoch 28/30 | train=0.160949 val=0.442373 | sat_backbone=5.60e-05 sat_other=1.12e-04 drone_guidance=5.60e-05
2026-02-15 20:12:50,684 - portable_sam_fusion - INFO - Epoch 29 detailed losses: loss_rpn_cls=0.0040, loss_rpn_bbox=0.0030, loss_cls=0.0872, acc=96.4146, loss_bbox=0.0387, loss_mask=0.0154, loss_contrastive=0.0000, loss_consistency=0.0000
2026-02-15 20:13:23,118 - portable_sam_fusion - INFO - Epoch 29/30 | train=0.148300 val=0.599564 | sat_backbone=5.80e-05 sat_other=1.16e-04 drone_guidance=5.80e-05
2026-02-15 20:21:01,133 - portable_sam_fusion - INFO - Epoch 30 detailed losses: loss_rpn_cls=0.0036, loss_rpn_bbox=0.0028, loss_cls=0.0869, acc=96.4117, loss_bbox=0.0382, loss_mask=0.0177, loss_contrastive=0.0000, loss_consistency=0.0000
2026-02-15 20:21:33,702 - portable_sam_fusion - INFO - Epoch 30/30 | train=0.149318 val=0.512635 | sat_backbone=6.00e-05 sat_other=1.20e-04 drone_guidance=6.00e-05
