/home/wangcheng/anaconda3/envs/cvt2/lib/python3.9/site-packages/imagecorruptions/corruptions.py:17: UserWarning: pkg_resources is deprecated as an API. See https://setuptools.pypa.io/en/latest/pkg_resources.html. The pkg_resources package is slated for removal as early as 2025-11-30. Refrain from using this package or pin to Setuptools<81.
  from pkg_resources import resource_filename
Loads checkpoint by local backend from path: /home/wangcheng/project/portable_sam_fusion/checkpoints/sam2.1_hiera_base_plus.pt
Loaded SAM2 VisionEncoder. Missing keys: 0
Loads checkpoint by local backend from path: /home/wangcheng/project/portable_sam_fusion/checkpoints/sam2.1_hiera_base_plus.pt
Decoder state dict keys: 131
Loaded SAM2 MaskDecoder. Missing keys: 0
[rank0]: Traceback (most recent call last):
[rank0]:   File "/home/wangcheng/project/portable_sam_fusion/train/train_rsprompter_fusion.py", line 749, in <module>
[rank0]:     main()
[rank0]:   File "/home/wangcheng/project/portable_sam_fusion/train/train_rsprompter_fusion.py", line 254, in main
[rank0]:     model.to(device)
[rank0]:   File "/home/wangcheng/anaconda3/envs/cvt2/lib/python3.9/site-packages/mmengine/model/base_model/base_model.py", line 207, in to
[rank0]:     self._set_device(torch.device(device))
[rank0]:   File "/home/wangcheng/anaconda3/envs/cvt2/lib/python3.9/site-packages/mmengine/model/base_model/base_model.py", line 297, in _set_device
[rank0]:     self.apply(apply_fn)
[rank0]:   File "/home/wangcheng/anaconda3/envs/cvt2/lib/python3.9/site-packages/torch/nn/modules/module.py", line 1061, in apply
[rank0]:     module.apply(fn)
[rank0]:   File "/home/wangcheng/anaconda3/envs/cvt2/lib/python3.9/site-packages/torch/nn/modules/module.py", line 1061, in apply
[rank0]:     module.apply(fn)
[rank0]:   File "/home/wangcheng/anaconda3/envs/cvt2/lib/python3.9/site-packages/torch/nn/modules/module.py", line 1061, in apply
[rank0]:     module.apply(fn)
[rank0]:   [Previous line repeated 990 more times]
[rank0]:   File "/home/wangcheng/anaconda3/envs/cvt2/lib/python3.9/site-packages/torch/nn/modules/module.py", line 1060, in apply
[rank0]:     for module in self.children():
[rank0]:   File "/home/wangcheng/anaconda3/envs/cvt2/lib/python3.9/site-packages/torch/nn/modules/module.py", line 2768, in children
[rank0]:     for _name, module in self.named_children():
[rank0]:   File "/home/wangcheng/anaconda3/envs/cvt2/lib/python3.9/site-packages/torch/nn/modules/module.py", line 2786, in named_children
[rank0]:     for name, module in self._modules.items():
[rank0]: RecursionError: maximum recursion depth exceeded while calling a Python object
[rank0]:[W219 18:20:12.545557612 ProcessGroupNCCL.cpp:1538] Warning: WARNING: destroy_process_group() was not called before program exit, which can leak resources. For more info, please see https://pytorch.org/docs/stable/distributed.html#shutdown (function operator())
E0219 18:20:13.000800 4181066 site-packages/torch/distributed/elastic/multiprocessing/api.py:874] failed (exitcode: 1) local_rank: 0 (pid: 4181247) of binary: /home/wangcheng/anaconda3/envs/cvt2/bin/python
Traceback (most recent call last):
  File "/home/wangcheng/anaconda3/envs/cvt2/lib/python3.9/runpy.py", line 197, in _run_module_as_main
    return _run_code(code, main_globals, None,
  File "/home/wangcheng/anaconda3/envs/cvt2/lib/python3.9/runpy.py", line 87, in _run_code
    exec(code, run_globals)
  File "/home/wangcheng/anaconda3/envs/cvt2/lib/python3.9/site-packages/torch/distributed/run.py", line 905, in <module>
    main()
  File "/home/wangcheng/anaconda3/envs/cvt2/lib/python3.9/site-packages/torch/distributed/elastic/multiprocessing/errors/__init__.py", line 357, in wrapper
    return f(*args, **kwargs)
  File "/home/wangcheng/anaconda3/envs/cvt2/lib/python3.9/site-packages/torch/distributed/run.py", line 901, in main
    run(args)
  File "/home/wangcheng/anaconda3/envs/cvt2/lib/python3.9/site-packages/torch/distributed/run.py", line 892, in run
    elastic_launch(
  File "/home/wangcheng/anaconda3/envs/cvt2/lib/python3.9/site-packages/torch/distributed/launcher/api.py", line 143, in __call__
    return launch_agent(self._config, self._entrypoint, list(args))
  File "/home/wangcheng/anaconda3/envs/cvt2/lib/python3.9/site-packages/torch/distributed/launcher/api.py", line 277, in launch_agent
    raise ChildFailedError(
torch.distributed.elastic.multiprocessing.errors.ChildFailedError: 
============================================================
/home/wangcheng/project/portable_sam_fusion/train/train_rsprompter_fusion.py FAILED
------------------------------------------------------------
Failures:
  <NO_OTHER_FAILURES>
------------------------------------------------------------
Root Cause (first observed failure):
[0]:
  time      : 2026-02-19_18:20:13
  host      : node01
  rank      : 0 (local_rank: 0)
  exitcode  : 1 (pid: 4181247)
  error_file: <N/A>
  traceback : To enable traceback see: https://pytorch.org/docs/stable/elastic/errors.html
============================================================
