/home/wangcheng/anaconda3/envs/cvt/lib/python3.9/site-packages/imagecorruptions/corruptions.py:17: UserWarning: pkg_resources is deprecated as an API. See https://setuptools.pypa.io/en/latest/pkg_resources.html. The pkg_resources package is slated for removal as early as 2025-11-30. Refrain from using this package or pin to Setuptools<81.
  from pkg_resources import resource_filename
Loads checkpoint by local backend from path: /home/wangcheng/project/SCVT3/portable_sam_fusion/checkpoints/sam_vit_b_01ec64.pth
Loaded SAM VisionEncoder with interpolation. Missing keys: 0, Unexpected keys: 138
Enabled gradient checkpointing for SAM VisionEncoder (via forward wrapper)
02/19 10:25:29 - mmengine - INFO - load model from: /home/wangcheng/project/SCVT3/portable_sam_fusion/checkpoints/sam_vit_b_01ec64.pth
02/19 10:25:29 - mmengine - INFO - Loads checkpoint by local backend from path: /home/wangcheng/project/SCVT3/portable_sam_fusion/checkpoints/sam_vit_b_01ec64.pth
02/19 10:25:29 - mmengine - WARNING - The model and loaded state dict do not match exactly

unexpected key in source state_dict: shared_image_embedding.positional_embedding, vision_encoder.pos_embed, vision_encoder.patch_embed.projection.weight, vision_encoder.patch_embed.projection.bias, vision_encoder.layers.0.layer_norm1.weight, vision_encoder.layers.0.layer_norm1.bias, vision_encoder.layers.0.attn.rel_pos_h, vision_encoder.layers.0.attn.rel_pos_w, vision_encoder.layers.0.attn.qkv.weight, vision_encoder.layers.0.attn.qkv.bias, vision_encoder.layers.0.attn.proj.weight, vision_encoder.layers.0.attn.proj.bias, vision_encoder.layers.0.layer_norm2.weight, vision_encoder.layers.0.layer_norm2.bias, vision_encoder.layers.0.mlp.lin1.weight, vision_encoder.layers.0.mlp.lin1.bias, vision_encoder.layers.0.mlp.lin2.weight, vision_encoder.layers.0.mlp.lin2.bias, vision_encoder.layers.1.layer_norm1.weight, vision_encoder.layers.1.layer_norm1.bias, vision_encoder.layers.1.attn.rel_pos_h, vision_encoder.layers.1.attn.rel_pos_w, vision_encoder.layers.1.attn.qkv.weight, vision_encoder.layers.1.attn.qkv.bias, vision_encoder.layers.1.attn.proj.weight, vision_encoder.layers.1.attn.proj.bias, vision_encoder.layers.1.layer_norm2.weight, vision_encoder.layers.1.layer_norm2.bias, vision_encoder.layers.1.mlp.lin1.weight, vision_encoder.layers.1.mlp.lin1.bias, vision_encoder.layers.1.mlp.lin2.weight, vision_encoder.layers.1.mlp.lin2.bias, vision_encoder.layers.2.layer_norm1.weight, vision_encoder.layers.2.layer_norm1.bias, vision_encoder.layers.2.attn.rel_pos_h, vision_encoder.layers.2.attn.rel_pos_w, vision_encoder.layers.2.attn.qkv.weight, vision_encoder.layers.2.attn.qkv.bias, vision_encoder.layers.2.attn.proj.weight, vision_encoder.layers.2.attn.proj.bias, vision_encoder.layers.2.layer_norm2.weight, vision_encoder.layers.2.layer_norm2.bias, vision_encoder.layers.2.mlp.lin1.weight, vision_encoder.layers.2.mlp.lin1.bias, vision_encoder.layers.2.mlp.lin2.weight, vision_encoder.layers.2.mlp.lin2.bias, vision_encoder.layers.3.layer_norm1.weight, vision_encoder.layers.3.layer_norm1.bias, vision_encoder.layers.3.attn.rel_pos_h, vision_encoder.layers.3.attn.rel_pos_w, vision_encoder.layers.3.attn.qkv.weight, vision_encoder.layers.3.attn.qkv.bias, vision_encoder.layers.3.attn.proj.weight, vision_encoder.layers.3.attn.proj.bias, vision_encoder.layers.3.layer_norm2.weight, vision_encoder.layers.3.layer_norm2.bias, vision_encoder.layers.3.mlp.lin1.weight, vision_encoder.layers.3.mlp.lin1.bias, vision_encoder.layers.3.mlp.lin2.weight, vision_encoder.layers.3.mlp.lin2.bias, vision_encoder.layers.4.layer_norm1.weight, vision_encoder.layers.4.layer_norm1.bias, vision_encoder.layers.4.attn.rel_pos_h, vision_encoder.layers.4.attn.rel_pos_w, vision_encoder.layers.4.attn.qkv.weight, vision_encoder.layers.4.attn.qkv.bias, vision_encoder.layers.4.attn.proj.weight, vision_encoder.layers.4.attn.proj.bias, vision_encoder.layers.4.layer_norm2.weight, vision_encoder.layers.4.layer_norm2.bias, vision_encoder.layers.4.mlp.lin1.weight, vision_encoder.layers.4.mlp.lin1.bias, vision_encoder.layers.4.mlp.lin2.weight, vision_encoder.layers.4.mlp.lin2.bias, vision_encoder.layers.5.layer_norm1.weight, vision_encoder.layers.5.layer_norm1.bias, vision_encoder.layers.5.attn.rel_pos_h, vision_encoder.layers.5.attn.rel_pos_w, vision_encoder.layers.5.attn.qkv.weight, vision_encoder.layers.5.attn.qkv.bias, vision_encoder.layers.5.attn.proj.weight, vision_encoder.layers.5.attn.proj.bias, vision_encoder.layers.5.layer_norm2.weight, vision_encoder.layers.5.layer_norm2.bias, vision_encoder.layers.5.mlp.lin1.weight, vision_encoder.layers.5.mlp.lin1.bias, vision_encoder.layers.5.mlp.lin2.weight, vision_encoder.layers.5.mlp.lin2.bias, vision_encoder.layers.6.layer_norm1.weight, vision_encoder.layers.6.layer_norm1.bias, vision_encoder.layers.6.attn.rel_pos_h, vision_encoder.layers.6.attn.rel_pos_w, vision_encoder.layers.6.attn.qkv.weight, vision_encoder.layers.6.attn.qkv.bias, vision_encoder.layers.6.attn.proj.weight, vision_encoder.layers.6.attn.proj.bias, vision_encoder.layers.6.layer_norm2.weight, vision_encoder.layers.6.layer_norm2.bias, vision_encoder.layers.6.mlp.lin1.weight, vision_encoder.layers.6.mlp.lin1.bias, vision_encoder.layers.6.mlp.lin2.weight, vision_encoder.layers.6.mlp.lin2.bias, vision_encoder.layers.7.layer_norm1.weight, vision_encoder.layers.7.layer_norm1.bias, vision_encoder.layers.7.attn.rel_pos_h, vision_encoder.layers.7.attn.rel_pos_w, vision_encoder.layers.7.attn.qkv.weight, vision_encoder.layers.7.attn.qkv.bias, vision_encoder.layers.7.attn.proj.weight, vision_encoder.layers.7.attn.proj.bias, vision_encoder.layers.7.layer_norm2.weight, vision_encoder.layers.7.layer_norm2.bias, vision_encoder.layers.7.mlp.lin1.weight, vision_encoder.layers.7.mlp.lin1.bias, vision_encoder.layers.7.mlp.lin2.weight, vision_encoder.layers.7.mlp.lin2.bias, vision_encoder.layers.8.layer_norm1.weight, vision_encoder.layers.8.layer_norm1.bias, vision_encoder.layers.8.attn.rel_pos_h, vision_encoder.layers.8.attn.rel_pos_w, vision_encoder.layers.8.attn.qkv.weight, vision_encoder.layers.8.attn.qkv.bias, vision_encoder.layers.8.attn.proj.weight, vision_encoder.layers.8.attn.proj.bias, vision_encoder.layers.8.layer_norm2.weight, vision_encoder.layers.8.layer_norm2.bias, vision_encoder.layers.8.mlp.lin1.weight, vision_encoder.layers.8.mlp.lin1.bias, vision_encoder.layers.8.mlp.lin2.weight, vision_encoder.layers.8.mlp.lin2.bias, vision_encoder.layers.9.layer_norm1.weight, vision_encoder.layers.9.layer_norm1.bias, vision_encoder.layers.9.attn.rel_pos_h, vision_encoder.layers.9.attn.rel_pos_w, vision_encoder.layers.9.attn.qkv.weight, vision_encoder.layers.9.attn.qkv.bias, vision_encoder.layers.9.attn.proj.weight, vision_encoder.layers.9.attn.proj.bias, vision_encoder.layers.9.layer_norm2.weight, vision_encoder.layers.9.layer_norm2.bias, vision_encoder.layers.9.mlp.lin1.weight, vision_encoder.layers.9.mlp.lin1.bias, vision_encoder.layers.9.mlp.lin2.weight, vision_encoder.layers.9.mlp.lin2.bias, vision_encoder.layers.10.layer_norm1.weight, vision_encoder.layers.10.layer_norm1.bias, vision_encoder.layers.10.attn.rel_pos_h, vision_encoder.layers.10.attn.rel_pos_w, vision_encoder.layers.10.attn.qkv.weight, vision_encoder.layers.10.attn.qkv.bias, vision_encoder.layers.10.attn.proj.weight, vision_encoder.layers.10.attn.proj.bias, vision_encoder.layers.10.layer_norm2.weight, vision_encoder.layers.10.layer_norm2.bias, vision_encoder.layers.10.mlp.lin1.weight, vision_encoder.layers.10.mlp.lin1.bias, vision_encoder.layers.10.mlp.lin2.weight, vision_encoder.layers.10.mlp.lin2.bias, vision_encoder.layers.11.layer_norm1.weight, vision_encoder.layers.11.layer_norm1.bias, vision_encoder.layers.11.attn.rel_pos_h, vision_encoder.layers.11.attn.rel_pos_w, vision_encoder.layers.11.attn.qkv.weight, vision_encoder.layers.11.attn.qkv.bias, vision_encoder.layers.11.attn.proj.weight, vision_encoder.layers.11.attn.proj.bias, vision_encoder.layers.11.layer_norm2.weight, vision_encoder.layers.11.layer_norm2.bias, vision_encoder.layers.11.mlp.lin1.weight, vision_encoder.layers.11.mlp.lin1.bias, vision_encoder.layers.11.mlp.lin2.weight, vision_encoder.layers.11.mlp.lin2.bias, vision_encoder.neck.conv1.weight, vision_encoder.neck.layer_norm1.weight, vision_encoder.neck.layer_norm1.bias, vision_encoder.neck.conv2.weight, vision_encoder.neck.layer_norm2.weight, vision_encoder.neck.layer_norm2.bias, mask_decoder.iou_token.weight, mask_decoder.mask_tokens.weight, mask_decoder.transformer.layers.0.self_attn.q_proj.weight, mask_decoder.transformer.layers.0.self_attn.q_proj.bias, mask_decoder.transformer.layers.0.self_attn.k_proj.weight, mask_decoder.transformer.layers.0.self_attn.k_proj.bias, mask_decoder.transformer.layers.0.self_attn.v_proj.weight, mask_decoder.transformer.layers.0.self_attn.v_proj.bias, mask_decoder.transformer.layers.0.self_attn.out_proj.weight, mask_decoder.transformer.layers.0.self_attn.out_proj.bias, mask_decoder.transformer.layers.0.layer_norm1.weight, mask_decoder.transformer.layers.0.layer_norm1.bias, mask_decoder.transformer.layers.0.cross_attn_token_to_image.q_proj.weight, mask_decoder.transformer.layers.0.cross_attn_token_to_image.q_proj.bias, mask_decoder.transformer.layers.0.cross_attn_token_to_image.k_proj.weight, mask_decoder.transformer.layers.0.cross_attn_token_to_image.k_proj.bias, mask_decoder.transformer.layers.0.cross_attn_token_to_image.v_proj.weight, mask_decoder.transformer.layers.0.cross_attn_token_to_image.v_proj.bias, mask_decoder.transformer.layers.0.cross_attn_token_to_image.out_proj.weight, mask_decoder.transformer.layers.0.cross_attn_token_to_image.out_proj.bias, mask_decoder.transformer.layers.0.layer_norm2.weight, mask_decoder.transformer.layers.0.layer_norm2.bias, mask_decoder.transformer.layers.0.mlp.lin1.weight, mask_decoder.transformer.layers.0.mlp.lin1.bias, mask_decoder.transformer.layers.0.mlp.lin2.weight, mask_decoder.transformer.layers.0.mlp.lin2.bias, mask_decoder.transformer.layers.0.layer_norm3.weight, mask_decoder.transformer.layers.0.layer_norm3.bias, mask_decoder.transformer.layers.0.layer_norm4.weight, mask_decoder.transformer.layers.0.layer_norm4.bias, mask_decoder.transformer.layers.0.cross_attn_image_to_token.q_proj.weight, mask_decoder.transformer.layers.0.cross_attn_image_to_token.q_proj.bias, mask_decoder.transformer.layers.0.cross_attn_image_to_token.k_proj.weight, mask_decoder.transformer.layers.0.cross_attn_image_to_token.k_proj.bias, mask_decoder.transformer.layers.0.cross_attn_image_to_token.v_proj.weight, mask_decoder.transformer.layers.0.cross_attn_image_to_token.v_proj.bias, mask_decoder.transformer.layers.0.cross_attn_image_to_token.out_proj.weight, mask_decoder.transformer.layers.0.cross_attn_image_to_token.out_proj.bias, mask_decoder.transformer.layers.1.self_attn.q_proj.weight, mask_decoder.transformer.layers.1.self_attn.q_proj.bias, mask_decoder.transformer.layers.1.self_attn.k_proj.weight, mask_decoder.transformer.layers.1.self_attn.k_proj.bias, mask_decoder.transformer.layers.1.self_attn.v_proj.weight, mask_decoder.transformer.layers.1.self_attn.v_proj.bias, mask_decoder.transformer.layers.1.self_attn.out_proj.weight, mask_decoder.transformer.layers.1.self_attn.out_proj.bias, mask_decoder.transformer.layers.1.layer_norm1.weight, mask_decoder.transformer.layers.1.layer_norm1.bias, mask_decoder.transformer.layers.1.cross_attn_token_to_image.q_proj.weight, mask_decoder.transformer.layers.1.cross_attn_token_to_image.q_proj.bias, mask_decoder.transformer.layers.1.cross_attn_token_to_image.k_proj.weight, mask_decoder.transformer.layers.1.cross_attn_token_to_image.k_proj.bias, mask_decoder.transformer.layers.1.cross_attn_token_to_image.v_proj.weight, mask_decoder.transformer.layers.1.cross_attn_token_to_image.v_proj.bias, mask_decoder.transformer.layers.1.cross_attn_token_to_image.out_proj.weight, mask_decoder.transformer.layers.1.cross_attn_token_to_image.out_proj.bias, mask_decoder.transformer.layers.1.layer_norm2.weight, mask_decoder.transformer.layers.1.layer_norm2.bias, mask_decoder.transformer.layers.1.mlp.lin1.weight, mask_decoder.transformer.layers.1.mlp.lin1.bias, mask_decoder.transformer.layers.1.mlp.lin2.weight, mask_decoder.transformer.layers.1.mlp.lin2.bias, mask_decoder.transformer.layers.1.layer_norm3.weight, mask_decoder.transformer.layers.1.layer_norm3.bias, mask_decoder.transformer.layers.1.layer_norm4.weight, mask_decoder.transformer.layers.1.layer_norm4.bias, mask_decoder.transformer.layers.1.cross_attn_image_to_token.q_proj.weight, mask_decoder.transformer.layers.1.cross_attn_image_to_token.q_proj.bias, mask_decoder.transformer.layers.1.cross_attn_image_to_token.k_proj.weight, mask_decoder.transformer.layers.1.cross_attn_image_to_token.k_proj.bias, mask_decoder.transformer.layers.1.cross_attn_image_to_token.v_proj.weight, mask_decoder.transformer.layers.1.cross_attn_image_to_token.v_proj.bias, mask_decoder.transformer.layers.1.cross_attn_image_to_token.out_proj.weight, mask_decoder.transformer.layers.1.cross_attn_image_to_token.out_proj.bias, mask_decoder.transformer.final_attn_token_to_image.q_proj.weight, mask_decoder.transformer.final_attn_token_to_image.q_proj.bias, mask_decoder.transformer.final_attn_token_to_image.k_proj.weight, mask_decoder.transformer.final_attn_token_to_image.k_proj.bias, mask_decoder.transformer.final_attn_token_to_image.v_proj.weight, mask_decoder.transformer.final_attn_token_to_image.v_proj.bias, mask_decoder.transformer.final_attn_token_to_image.out_proj.weight, mask_decoder.transformer.final_attn_token_to_image.out_proj.bias, mask_decoder.transformer.layer_norm_final_attn.weight, mask_decoder.transformer.layer_norm_final_attn.bias, mask_decoder.upscale_conv1.weight, mask_decoder.upscale_conv1.bias, mask_decoder.upscale_conv2.weight, mask_decoder.upscale_conv2.bias, mask_decoder.upscale_layer_norm.weight, mask_decoder.upscale_layer_norm.bias, mask_decoder.output_hypernetworks_mlps.0.proj_in.weight, mask_decoder.output_hypernetworks_mlps.0.proj_in.bias, mask_decoder.output_hypernetworks_mlps.0.proj_out.weight, mask_decoder.output_hypernetworks_mlps.0.proj_out.bias, mask_decoder.output_hypernetworks_mlps.0.layers.0.weight, mask_decoder.output_hypernetworks_mlps.0.layers.0.bias, mask_decoder.output_hypernetworks_mlps.1.proj_in.weight, mask_decoder.output_hypernetworks_mlps.1.proj_in.bias, mask_decoder.output_hypernetworks_mlps.1.proj_out.weight, mask_decoder.output_hypernetworks_mlps.1.proj_out.bias, mask_decoder.output_hypernetworks_mlps.1.layers.0.weight, mask_decoder.output_hypernetworks_mlps.1.layers.0.bias, mask_decoder.output_hypernetworks_mlps.2.proj_in.weight, mask_decoder.output_hypernetworks_mlps.2.proj_in.bias, mask_decoder.output_hypernetworks_mlps.2.proj_out.weight, mask_decoder.output_hypernetworks_mlps.2.proj_out.bias, mask_decoder.output_hypernetworks_mlps.2.layers.0.weight, mask_decoder.output_hypernetworks_mlps.2.layers.0.bias, mask_decoder.output_hypernetworks_mlps.3.proj_in.weight, mask_decoder.output_hypernetworks_mlps.3.proj_in.bias, mask_decoder.output_hypernetworks_mlps.3.proj_out.weight, mask_decoder.output_hypernetworks_mlps.3.proj_out.bias, mask_decoder.output_hypernetworks_mlps.3.layers.0.weight, mask_decoder.output_hypernetworks_mlps.3.layers.0.bias, mask_decoder.iou_prediction_head.proj_in.weight, mask_decoder.iou_prediction_head.proj_in.bias, mask_decoder.iou_prediction_head.proj_out.weight, mask_decoder.iou_prediction_head.proj_out.bias, mask_decoder.iou_prediction_head.layers.0.weight, mask_decoder.iou_prediction_head.layers.0.bias, prompt_encoder.shared_embedding.positional_embedding

02/19 10:25:29 - mmengine - INFO - 
prompt_encoder.mask_embed.conv1.weight - torch.Size([4, 1, 2, 2]): 
PretrainedInit: load from /home/wangcheng/project/SCVT3/portable_sam_fusion/checkpoints/sam_vit_b_01ec64.pth 
 
02/19 10:25:29 - mmengine - INFO - 
prompt_encoder.mask_embed.conv1.bias - torch.Size([4]): 
PretrainedInit: load from /home/wangcheng/project/SCVT3/portable_sam_fusion/checkpoints/sam_vit_b_01ec64.pth 
 
02/19 10:25:29 - mmengine - INFO - 
prompt_encoder.mask_embed.conv2.weight - torch.Size([16, 4, 2, 2]): 
PretrainedInit: load from /home/wangcheng/project/SCVT3/portable_sam_fusion/checkpoints/sam_vit_b_01ec64.pth 
 
02/19 10:25:29 - mmengine - INFO - 
prompt_encoder.mask_embed.conv2.bias - torch.Size([16]): 
PretrainedInit: load from /home/wangcheng/project/SCVT3/portable_sam_fusion/checkpoints/sam_vit_b_01ec64.pth 
 
02/19 10:25:29 - mmengine - INFO - 
prompt_encoder.mask_embed.conv3.weight - torch.Size([256, 16, 1, 1]): 
PretrainedInit: load from /home/wangcheng/project/SCVT3/portable_sam_fusion/checkpoints/sam_vit_b_01ec64.pth 
 
02/19 10:25:29 - mmengine - INFO - 
prompt_encoder.mask_embed.conv3.bias - torch.Size([256]): 
PretrainedInit: load from /home/wangcheng/project/SCVT3/portable_sam_fusion/checkpoints/sam_vit_b_01ec64.pth 
 
02/19 10:25:29 - mmengine - INFO - 
prompt_encoder.mask_embed.layer_norm1.weight - torch.Size([4]): 
PretrainedInit: load from /home/wangcheng/project/SCVT3/portable_sam_fusion/checkpoints/sam_vit_b_01ec64.pth 
 
02/19 10:25:29 - mmengine - INFO - 
prompt_encoder.mask_embed.layer_norm1.bias - torch.Size([4]): 
PretrainedInit: load from /home/wangcheng/project/SCVT3/portable_sam_fusion/checkpoints/sam_vit_b_01ec64.pth 
 
02/19 10:25:29 - mmengine - INFO - 
prompt_encoder.mask_embed.layer_norm2.weight - torch.Size([16]): 
PretrainedInit: load from /home/wangcheng/project/SCVT3/portable_sam_fusion/checkpoints/sam_vit_b_01ec64.pth 
 
02/19 10:25:29 - mmengine - INFO - 
prompt_encoder.mask_embed.layer_norm2.bias - torch.Size([16]): 
PretrainedInit: load from /home/wangcheng/project/SCVT3/portable_sam_fusion/checkpoints/sam_vit_b_01ec64.pth 
 
02/19 10:25:29 - mmengine - INFO - 
prompt_encoder.no_mask_embed.weight - torch.Size([1, 256]): 
PretrainedInit: load from /home/wangcheng/project/SCVT3/portable_sam_fusion/checkpoints/sam_vit_b_01ec64.pth 
 
02/19 10:25:29 - mmengine - INFO - 
prompt_encoder.point_embed.0.weight - torch.Size([1, 256]): 
PretrainedInit: load from /home/wangcheng/project/SCVT3/portable_sam_fusion/checkpoints/sam_vit_b_01ec64.pth 
 
02/19 10:25:29 - mmengine - INFO - 
prompt_encoder.point_embed.1.weight - torch.Size([1, 256]): 
PretrainedInit: load from /home/wangcheng/project/SCVT3/portable_sam_fusion/checkpoints/sam_vit_b_01ec64.pth 
 
02/19 10:25:29 - mmengine - INFO - 
prompt_encoder.point_embed.2.weight - torch.Size([1, 256]): 
PretrainedInit: load from /home/wangcheng/project/SCVT3/portable_sam_fusion/checkpoints/sam_vit_b_01ec64.pth 
 
02/19 10:25:29 - mmengine - INFO - 
prompt_encoder.point_embed.3.weight - torch.Size([1, 256]): 
PretrainedInit: load from /home/wangcheng/project/SCVT3/portable_sam_fusion/checkpoints/sam_vit_b_01ec64.pth 
 
02/19 10:25:29 - mmengine - INFO - 
prompt_encoder.not_a_point_embed.weight - torch.Size([1, 256]): 
PretrainedInit: load from /home/wangcheng/project/SCVT3/portable_sam_fusion/checkpoints/sam_vit_b_01ec64.pth 
 
Loads checkpoint by local backend from path: /home/wangcheng/project/SCVT3/portable_sam_fusion/checkpoints/sam_vit_b_01ec64.pth
Loaded SAM PositionalEmbedding. Missing keys: 0, Unexpected keys: 314
2026-02-19 10:25:31,287 - portable_sam_fusion.data.loader - INFO - Built scene ID mapping: 734 scenes
2026-02-19 10:25:32,520 - portable_sam_fusion.data.satellite_drone_dataset - INFO - SatelliteDroneDataset initialized (训练集): 734 scenes, views=4, sat_size=(1024, 1024), drone_size=(512, 512)
2026-02-19 10:25:32,520 - portable_sam_fusion - INFO - Dataset size: 734
2026-02-19 10:32:03,385 - portable_sam_fusion - INFO - Epoch 1 detailed losses: loss_rpn_cls=0.6964, loss_rpn_bbox=0.0349, loss_cls=0.4682, acc=85.7528, loss_bbox=0.0010, loss_mask=0.6525, loss_contrastive=0.3481, loss_consistency=0.1057, loss_spatial_align=0.0395
2026-02-19 10:32:39,189 - portable_sam_fusion - INFO - Epoch 1/50 | train=2.346326 | sat_backbone=2.10e-06 sat_other=4.20e-06 drone_guidance=2.10e-06 scene_alignment=2.10e-06
2026-02-19 10:40:11,992 - portable_sam_fusion - INFO - Epoch 2 detailed losses: loss_rpn_cls=0.3404, loss_rpn_bbox=0.0250, loss_cls=0.2808, acc=89.8560, loss_bbox=0.2295, loss_mask=0.3787, loss_contrastive=0.2798, loss_consistency=0.0631, loss_spatial_align=0.0396
2026-02-19 10:40:50,512 - portable_sam_fusion - INFO - Epoch 2/50 | train=1.637056 | sat_backbone=4.10e-06 sat_other=8.19e-06 drone_guidance=4.10e-06 scene_alignment=4.10e-06
2026-02-19 10:49:41,958 - portable_sam_fusion - INFO - Epoch 3 detailed losses: loss_rpn_cls=0.1134, loss_rpn_bbox=0.0190, loss_cls=0.2992, acc=87.2414, loss_bbox=0.2952, loss_mask=0.2484, loss_contrastive=0.0626, loss_consistency=0.0279, loss_spatial_align=0.0406
2026-02-19 10:50:18,441 - portable_sam_fusion - INFO - Epoch 3/50 | train=1.106184 | sat_backbone=6.09e-06 sat_other=1.22e-05 drone_guidance=6.09e-06 scene_alignment=6.09e-06
2026-02-19 10:58:59,421 - portable_sam_fusion - INFO - Epoch 4 detailed losses: loss_rpn_cls=0.0575, loss_rpn_bbox=0.0147, loss_cls=0.2654, acc=88.3462, loss_bbox=0.2504, loss_mask=0.1593, loss_contrastive=0.0286, loss_consistency=0.0086, loss_spatial_align=0.0402
2026-02-19 10:59:29,905 - portable_sam_fusion - INFO - Epoch 4/50 | train=0.824650 | sat_backbone=8.09e-06 sat_other=1.62e-05 drone_guidance=8.09e-06 scene_alignment=8.09e-06
2026-02-19 11:08:21,301 - portable_sam_fusion - INFO - Epoch 5 detailed losses: loss_rpn_cls=0.0352, loss_rpn_bbox=0.0122, loss_cls=0.2536, acc=88.9651, loss_bbox=0.2182, loss_mask=0.1367, loss_contrastive=0.0108, loss_consistency=0.0021, loss_spatial_align=0.0395
2026-02-19 11:08:56,216 - portable_sam_fusion - INFO - Epoch 5/50 | train=0.708398 | sat_backbone=1.01e-05 sat_other=2.02e-05 drone_guidance=1.01e-05 scene_alignment=1.01e-05
2026-02-19 11:17:44,829 - portable_sam_fusion - INFO - Epoch 6 detailed losses: loss_rpn_cls=0.0251, loss_rpn_bbox=0.0097, loss_cls=0.2367, acc=89.8885, loss_bbox=0.1864, loss_mask=0.1194, loss_contrastive=0.0109, loss_consistency=0.0008, loss_spatial_align=0.0386
2026-02-19 11:18:18,769 - portable_sam_fusion - INFO - Epoch 6/50 | train=0.627621 | sat_backbone=1.21e-05 sat_other=2.42e-05 drone_guidance=1.21e-05 scene_alignment=1.21e-05
2026-02-19 11:27:07,791 - portable_sam_fusion - INFO - Epoch 7 detailed losses: loss_rpn_cls=0.0181, loss_rpn_bbox=0.0085, loss_cls=0.2098, acc=91.1471, loss_bbox=0.1515, loss_mask=0.1039, loss_contrastive=0.0129, loss_consistency=0.0006, loss_spatial_align=0.0374
2026-02-19 11:27:36,207 - portable_sam_fusion - INFO - Epoch 7/50 | train=0.542700 | sat_backbone=1.41e-05 sat_other=2.82e-05 drone_guidance=1.41e-05 scene_alignment=1.41e-05
2026-02-19 11:36:23,615 - portable_sam_fusion - INFO - Epoch 8 detailed losses: loss_rpn_cls=0.0145, loss_rpn_bbox=0.0072, loss_cls=0.1923, acc=91.8629, loss_bbox=0.1298, loss_mask=0.0823, loss_contrastive=0.0056, loss_consistency=0.0004, loss_spatial_align=0.0362
2026-02-19 11:36:59,893 - portable_sam_fusion - INFO - Epoch 8/50 | train=0.468379 | sat_backbone=1.61e-05 sat_other=3.22e-05 drone_guidance=1.61e-05 scene_alignment=1.61e-05
2026-02-19 11:45:47,763 - portable_sam_fusion - INFO - Epoch 9 detailed losses: loss_rpn_cls=0.0119, loss_rpn_bbox=0.0065, loss_cls=0.1760, acc=92.6681, loss_bbox=0.1130, loss_mask=0.0556, loss_contrastive=0.0082, loss_consistency=0.0004, loss_spatial_align=0.0348
2026-02-19 11:46:23,560 - portable_sam_fusion - INFO - Epoch 9/50 | train=0.406488 | sat_backbone=1.81e-05 sat_other=3.62e-05 drone_guidance=1.81e-05 scene_alignment=1.81e-05
2026-02-19 11:55:02,955 - portable_sam_fusion - INFO - Epoch 10 detailed losses: loss_rpn_cls=0.0096, loss_rpn_bbox=0.0058, loss_cls=0.1613, acc=93.4067, loss_bbox=0.1021, loss_mask=0.0391, loss_contrastive=0.0085, loss_consistency=0.0003, loss_spatial_align=0.0334
2026-02-19 11:55:32,703 - portable_sam_fusion - INFO - Epoch 10/50 | train=0.360024 | sat_backbone=2.01e-05 sat_other=4.02e-05 drone_guidance=2.01e-05 scene_alignment=2.01e-05
2026-02-19 12:04:19,890 - portable_sam_fusion - INFO - Epoch 11 detailed losses: loss_rpn_cls=0.0084, loss_rpn_bbox=0.0055, loss_cls=0.1515, acc=93.6856, loss_bbox=0.0924, loss_mask=0.0301, loss_contrastive=0.0037, loss_consistency=0.0003, loss_spatial_align=0.0321
2026-02-19 12:04:59,918 - portable_sam_fusion - INFO - Epoch 11/50 | train=0.324067 | sat_backbone=2.21e-05 sat_other=4.42e-05 drone_guidance=2.21e-05 scene_alignment=2.21e-05
2026-02-19 12:13:44,310 - portable_sam_fusion - INFO - Epoch 12 detailed losses: loss_rpn_cls=0.0074, loss_rpn_bbox=0.0049, loss_cls=0.1403, acc=94.1640, loss_bbox=0.0850, loss_mask=0.0275, loss_contrastive=0.0069, loss_consistency=0.0003, loss_spatial_align=0.0307
2026-02-19 12:14:24,235 - portable_sam_fusion - INFO - Epoch 12/50 | train=0.303072 | sat_backbone=2.41e-05 sat_other=4.82e-05 drone_guidance=2.41e-05 scene_alignment=2.41e-05
2026-02-19 12:23:15,966 - portable_sam_fusion - INFO - Epoch 13 detailed losses: loss_rpn_cls=0.0070, loss_rpn_bbox=0.0050, loss_cls=0.1373, acc=94.3141, loss_bbox=0.0787, loss_mask=0.0253, loss_contrastive=0.0061, loss_consistency=0.0003, loss_spatial_align=0.0294
2026-02-19 12:23:52,278 - portable_sam_fusion - INFO - Epoch 13/50 | train=0.288949 | sat_backbone=2.61e-05 sat_other=5.21e-05 drone_guidance=2.61e-05 scene_alignment=2.61e-05
2026-02-19 12:32:35,789 - portable_sam_fusion - INFO - Epoch 14 detailed losses: loss_rpn_cls=0.0060, loss_rpn_bbox=0.0044, loss_cls=0.1285, acc=94.6962, loss_bbox=0.0757, loss_mask=0.0238, loss_contrastive=0.0034, loss_consistency=0.0002, loss_spatial_align=0.0279
2026-02-19 12:33:06,663 - portable_sam_fusion - INFO - Epoch 14/50 | train=0.269932 | sat_backbone=2.81e-05 sat_other=5.61e-05 drone_guidance=2.81e-05 scene_alignment=2.81e-05
2026-02-19 12:41:50,329 - portable_sam_fusion - INFO - Epoch 15 detailed losses: loss_rpn_cls=0.0051, loss_rpn_bbox=0.0045, loss_cls=0.1197, acc=95.0805, loss_bbox=0.0649, loss_mask=0.0234, loss_contrastive=0.0022, loss_consistency=0.0002, loss_spatial_align=0.0262
2026-02-19 12:42:25,632 - portable_sam_fusion - INFO - Epoch 15/50 | train=0.246164 | sat_backbone=3.01e-05 sat_other=6.01e-05 drone_guidance=3.01e-05 scene_alignment=3.01e-05
2026-02-19 12:51:20,498 - portable_sam_fusion - INFO - Epoch 16 detailed losses: loss_rpn_cls=0.0054, loss_rpn_bbox=0.0041, loss_cls=0.1122, acc=95.3971, loss_bbox=0.0621, loss_mask=0.0222, loss_contrastive=0.0017, loss_consistency=0.0001, loss_spatial_align=0.0246
2026-02-19 12:51:47,571 - portable_sam_fusion - INFO - Epoch 16/50 | train=0.232406 | sat_backbone=3.21e-05 sat_other=6.41e-05 drone_guidance=3.21e-05 scene_alignment=3.21e-05
2026-02-19 13:00:32,610 - portable_sam_fusion - INFO - Epoch 17 detailed losses: loss_rpn_cls=0.0053, loss_rpn_bbox=0.0041, loss_cls=0.1087, acc=95.5429, loss_bbox=0.0597, loss_mask=0.0200, loss_contrastive=0.0039, loss_consistency=0.0001, loss_spatial_align=0.0231
2026-02-19 13:01:03,795 - portable_sam_fusion - INFO - Epoch 17/50 | train=0.224921 | sat_backbone=3.41e-05 sat_other=6.81e-05 drone_guidance=3.41e-05 scene_alignment=3.41e-05
2026-02-19 13:10:02,612 - portable_sam_fusion - INFO - Epoch 18 detailed losses: loss_rpn_cls=0.0036, loss_rpn_bbox=0.0035, loss_cls=0.1034, acc=95.7707, loss_bbox=0.0558, loss_mask=0.0204, loss_contrastive=0.0086, loss_consistency=0.0001, loss_spatial_align=0.0219
2026-02-19 13:10:40,250 - portable_sam_fusion - INFO - Epoch 18/50 | train=0.217200 | sat_backbone=3.61e-05 sat_other=7.21e-05 drone_guidance=3.61e-05 scene_alignment=3.61e-05
2026-02-19 13:19:40,347 - portable_sam_fusion - INFO - Epoch 19 detailed losses: loss_rpn_cls=0.0034, loss_rpn_bbox=0.0039, loss_cls=0.1014, acc=95.8234, loss_bbox=0.0513, loss_mask=0.0184, loss_contrastive=0.0048, loss_consistency=0.0001, loss_spatial_align=0.0205
2026-02-19 13:20:12,363 - portable_sam_fusion - INFO - Epoch 19/50 | train=0.203894 | sat_backbone=3.81e-05 sat_other=7.61e-05 drone_guidance=3.81e-05 scene_alignment=3.81e-05
2026-02-19 13:29:02,750 - portable_sam_fusion - INFO - Epoch 20 detailed losses: loss_rpn_cls=0.0034, loss_rpn_bbox=0.0034, loss_cls=0.0992, acc=95.8990, loss_bbox=0.0523, loss_mask=0.0167, loss_contrastive=0.0036, loss_consistency=0.0001, loss_spatial_align=0.0190
2026-02-19 13:29:34,792 - portable_sam_fusion - INFO - Epoch 20/50 | train=0.197695 | sat_backbone=4.01e-05 sat_other=8.01e-05 drone_guidance=4.01e-05 scene_alignment=4.01e-05
2026-02-19 13:38:31,509 - portable_sam_fusion - INFO - Epoch 21 detailed losses: loss_rpn_cls=0.0037, loss_rpn_bbox=0.0035, loss_cls=0.0954, acc=96.0235, loss_bbox=0.0508, loss_mask=0.0163, loss_contrastive=0.0055, loss_consistency=0.0001, loss_spatial_align=0.0177
2026-02-19 13:39:00,780 - portable_sam_fusion - INFO - Epoch 21/50 | train=0.193002 | sat_backbone=4.21e-05 sat_other=8.41e-05 drone_guidance=4.21e-05 scene_alignment=4.21e-05
2026-02-19 13:47:50,130 - portable_sam_fusion - INFO - Epoch 22 detailed losses: loss_rpn_cls=0.0040, loss_rpn_bbox=0.0034, loss_cls=0.0906, acc=96.2885, loss_bbox=0.0468, loss_mask=0.0213, loss_contrastive=0.0056, loss_consistency=0.0001, loss_spatial_align=0.0164
2026-02-19 13:48:20,787 - portable_sam_fusion - INFO - Epoch 22/50 | train=0.188258 | sat_backbone=4.41e-05 sat_other=8.81e-05 drone_guidance=4.41e-05 scene_alignment=4.41e-05
2026-02-19 13:57:05,886 - portable_sam_fusion - INFO - Epoch 23 detailed losses: loss_rpn_cls=0.0042, loss_rpn_bbox=0.0033, loss_cls=0.0903, acc=96.2805, loss_bbox=0.0473, loss_mask=0.0181, loss_contrastive=0.0037, loss_consistency=0.0001, loss_spatial_align=0.0153
2026-02-19 13:57:36,761 - portable_sam_fusion - INFO - Epoch 23/50 | train=0.182348 | sat_backbone=4.61e-05 sat_other=9.21e-05 drone_guidance=4.61e-05 scene_alignment=4.61e-05
2026-02-19 14:06:21,083 - portable_sam_fusion - INFO - Epoch 24 detailed losses: loss_rpn_cls=0.0032, loss_rpn_bbox=0.0031, loss_cls=0.0896, acc=96.3386, loss_bbox=0.0433, loss_mask=0.0158, loss_contrastive=0.0093, loss_consistency=0.0001, loss_spatial_align=0.0148
2026-02-19 14:06:56,918 - portable_sam_fusion - INFO - Epoch 24/50 | train=0.179266 | sat_backbone=4.81e-05 sat_other=9.61e-05 drone_guidance=4.81e-05 scene_alignment=4.81e-05
2026-02-19 14:15:42,304 - portable_sam_fusion - INFO - Epoch 25 detailed losses: loss_rpn_cls=0.0026, loss_rpn_bbox=0.0032, loss_cls=0.0827, acc=96.6403, loss_bbox=0.0403, loss_mask=0.0180, loss_contrastive=0.0044, loss_consistency=0.0000, loss_spatial_align=0.0134
2026-02-19 14:16:12,525 - portable_sam_fusion - INFO - Epoch 25/50 | train=0.164760 | sat_backbone=5.01e-05 sat_other=1.00e-04 drone_guidance=5.01e-05 scene_alignment=5.01e-05
2026-02-19 14:25:08,809 - portable_sam_fusion - INFO - Epoch 26 detailed losses: loss_rpn_cls=0.0024, loss_rpn_bbox=0.0030, loss_cls=0.0826, acc=96.6483, loss_bbox=0.0400, loss_mask=0.0157, loss_contrastive=0.0070, loss_consistency=0.0000, loss_spatial_align=0.0124
2026-02-19 14:25:39,169 - portable_sam_fusion - INFO - Epoch 26/50 | train=0.163168 | sat_backbone=5.20e-05 sat_other=1.04e-04 drone_guidance=5.20e-05 scene_alignment=5.20e-05
2026-02-19 14:34:24,473 - portable_sam_fusion - INFO - Epoch 27 detailed losses: loss_rpn_cls=0.0024, loss_rpn_bbox=0.0028, loss_cls=0.0819, acc=96.6478, loss_bbox=0.0397, loss_mask=0.0144, loss_contrastive=0.0036, loss_consistency=0.0000, loss_spatial_align=0.0105
2026-02-19 14:34:54,276 - portable_sam_fusion - INFO - Epoch 27/50 | train=0.155439 | sat_backbone=5.40e-05 sat_other=1.08e-04 drone_guidance=5.40e-05 scene_alignment=5.40e-05
2026-02-19 14:43:53,757 - portable_sam_fusion - INFO - Epoch 28 detailed losses: loss_rpn_cls=0.0023, loss_rpn_bbox=0.0027, loss_cls=0.0802, acc=96.7462, loss_bbox=0.0382, loss_mask=0.0161, loss_contrastive=0.0010, loss_consistency=0.0000, loss_spatial_align=0.0088
2026-02-19 14:44:23,802 - portable_sam_fusion - INFO - Epoch 28/50 | train=0.149404 | sat_backbone=5.60e-05 sat_other=1.12e-04 drone_guidance=5.60e-05 scene_alignment=5.60e-05
2026-02-19 14:53:12,484 - portable_sam_fusion - INFO - Epoch 29 detailed losses: loss_rpn_cls=0.0022, loss_rpn_bbox=0.0027, loss_cls=0.0828, acc=96.6073, loss_bbox=0.0393, loss_mask=0.0151, loss_contrastive=0.0050, loss_consistency=0.0000, loss_spatial_align=0.0074
2026-02-19 14:53:27,090 - portable_sam_fusion - INFO - Epoch 29/50 | train=0.154455 | sat_backbone=5.80e-05 sat_other=1.16e-04 drone_guidance=5.80e-05 scene_alignment=5.80e-05
2026-02-19 15:02:21,306 - portable_sam_fusion - INFO - Epoch 30 detailed losses: loss_rpn_cls=0.0023, loss_rpn_bbox=0.0027, loss_cls=0.0798, acc=96.7143, loss_bbox=0.0392, loss_mask=0.0147, loss_contrastive=0.0092, loss_consistency=0.0000, loss_spatial_align=0.0057
2026-02-19 15:02:40,400 - portable_sam_fusion - INFO - Epoch 30/50 | train=0.153663 | sat_backbone=6.00e-05 sat_other=1.20e-04 drone_guidance=6.00e-05 scene_alignment=6.00e-05
2026-02-19 15:11:36,574 - portable_sam_fusion - INFO - Epoch 31 detailed losses: loss_rpn_cls=0.0025, loss_rpn_bbox=0.0025, loss_cls=0.0795, acc=96.8095, loss_bbox=0.0345, loss_mask=0.0172, loss_contrastive=0.0013, loss_consistency=0.0000, loss_spatial_align=0.0034
2026-02-19 15:12:11,018 - portable_sam_fusion - INFO - Epoch 31/50 | train=0.141023 | sat_backbone=6.20e-05 sat_other=1.24e-04 drone_guidance=6.20e-05 scene_alignment=6.20e-05
2026-02-19 15:21:06,908 - portable_sam_fusion - INFO - Epoch 32 detailed losses: loss_rpn_cls=0.0034, loss_rpn_bbox=0.0026, loss_cls=0.0776, acc=96.7989, loss_bbox=0.0347, loss_mask=0.0149, loss_contrastive=0.0021, loss_consistency=0.0000, loss_spatial_align=0.0023
2026-02-19 15:22:30,295 - portable_sam_fusion - INFO - Epoch 32/50 | train=0.137645 | sat_backbone=6.40e-05 sat_other=1.28e-04 drone_guidance=6.40e-05 scene_alignment=6.40e-05
2026-02-19 15:32:35,702 - portable_sam_fusion - INFO - Epoch 33 detailed losses: loss_rpn_cls=0.0024, loss_rpn_bbox=0.0023, loss_cls=0.0789, acc=96.8005, loss_bbox=0.0350, loss_mask=0.0196, loss_contrastive=0.0038, loss_consistency=0.0000, loss_spatial_align=0.0018
2026-02-19 15:33:19,097 - portable_sam_fusion - INFO - Epoch 33/50 | train=0.143642 | sat_backbone=6.60e-05 sat_other=1.32e-04 drone_guidance=6.60e-05 scene_alignment=6.60e-05
2026-02-19 15:43:10,487 - portable_sam_fusion - INFO - Epoch 34 detailed losses: loss_rpn_cls=0.0021, loss_rpn_bbox=0.0024, loss_cls=0.0770, acc=96.8314, loss_bbox=0.0350, loss_mask=0.0145, loss_contrastive=0.0061, loss_consistency=0.0000, loss_spatial_align=0.0015
2026-02-19 15:43:13,600 - portable_sam_fusion - INFO - Epoch 34/50 | train=0.138684 | sat_backbone=6.80e-05 sat_other=1.36e-04 drone_guidance=6.80e-05 scene_alignment=6.80e-05
2026-02-19 15:52:14,162 - portable_sam_fusion - INFO - Epoch 35 detailed losses: loss_rpn_cls=0.0020, loss_rpn_bbox=0.0025, loss_cls=0.0752, acc=96.9314, loss_bbox=0.0338, loss_mask=0.0152, loss_contrastive=0.0013, loss_consistency=0.0000, loss_spatial_align=0.0012
2026-02-19 15:52:34,555 - portable_sam_fusion - INFO - Epoch 35/50 | train=0.131405 | sat_backbone=7.00e-05 sat_other=1.40e-04 drone_guidance=7.00e-05 scene_alignment=7.00e-05
2026-02-19 16:01:23,734 - portable_sam_fusion - INFO - Epoch 36 detailed losses: loss_rpn_cls=0.0029, loss_rpn_bbox=0.0027, loss_cls=0.0734, acc=97.0448, loss_bbox=0.0306, loss_mask=0.0133, loss_contrastive=0.0030, loss_consistency=0.0000, loss_spatial_align=0.0010
2026-02-19 16:01:43,890 - portable_sam_fusion - INFO - Epoch 36/50 | train=0.127014 | sat_backbone=7.20e-05 sat_other=1.44e-04 drone_guidance=7.20e-05 scene_alignment=7.20e-05
2026-02-19 16:10:38,165 - portable_sam_fusion - INFO - Epoch 37 detailed losses: loss_rpn_cls=0.0020, loss_rpn_bbox=0.0021, loss_cls=0.0716, acc=97.0490, loss_bbox=0.0302, loss_mask=0.0147, loss_contrastive=0.0066, loss_consistency=0.0000, loss_spatial_align=0.0017
2026-02-19 16:10:41,139 - portable_sam_fusion - INFO - Epoch 37/50 | train=0.128880 | sat_backbone=7.40e-05 sat_other=1.48e-04 drone_guidance=7.40e-05 scene_alignment=7.40e-05
2026-02-19 16:19:30,140 - portable_sam_fusion - INFO - Epoch 38 detailed losses: loss_rpn_cls=0.0024, loss_rpn_bbox=0.0020, loss_cls=0.0708, acc=97.1395, loss_bbox=0.0307, loss_mask=0.0141, loss_contrastive=0.0015, loss_consistency=0.0000, loss_spatial_align=0.0011
2026-02-19 16:19:49,265 - portable_sam_fusion - INFO - Epoch 38/50 | train=0.122722 | sat_backbone=7.60e-05 sat_other=1.52e-04 drone_guidance=7.60e-05 scene_alignment=7.60e-05
2026-02-19 16:28:42,994 - portable_sam_fusion - INFO - Epoch 39 detailed losses: loss_rpn_cls=0.0022, loss_rpn_bbox=0.0022, loss_cls=0.0684, acc=97.1831, loss_bbox=0.0290, loss_mask=0.0130, loss_contrastive=0.0022, loss_consistency=0.0000, loss_spatial_align=0.0009
2026-02-19 16:29:01,547 - portable_sam_fusion - INFO - Epoch 39/50 | train=0.117882 | sat_backbone=7.80e-05 sat_other=1.56e-04 drone_guidance=7.80e-05 scene_alignment=7.80e-05
2026-02-19 16:37:54,979 - portable_sam_fusion - INFO - Epoch 40 detailed losses: loss_rpn_cls=0.0021, loss_rpn_bbox=0.0024, loss_cls=0.0696, acc=97.1704, loss_bbox=0.0318, loss_mask=0.0134, loss_contrastive=0.0001, loss_consistency=0.0000, loss_spatial_align=0.0008
2026-02-19 16:37:57,980 - portable_sam_fusion - INFO - Epoch 40/50 | train=0.120147 | sat_backbone=8.00e-05 sat_other=1.60e-04 drone_guidance=8.00e-05 scene_alignment=8.00e-05
2026-02-19 16:46:55,363 - portable_sam_fusion - INFO - Epoch 41 detailed losses: loss_rpn_cls=0.0015, loss_rpn_bbox=0.0018, loss_cls=0.0648, acc=97.3433, loss_bbox=0.0288, loss_mask=0.0136, loss_contrastive=0.0108, loss_consistency=0.0000, loss_spatial_align=0.0008
2026-02-19 16:46:58,322 - portable_sam_fusion - INFO - Epoch 41/50 | train=0.122100 | sat_backbone=8.20e-05 sat_other=1.64e-04 drone_guidance=8.20e-05 scene_alignment=8.20e-05
