/home/wangcheng/anaconda3/envs/cvt2/lib/python3.9/site-packages/imagecorruptions/corruptions.py:17: UserWarning: pkg_resources is deprecated as an API. See https://setuptools.pypa.io/en/latest/pkg_resources.html. The pkg_resources package is slated for removal as early as 2025-11-30. Refrain from using this package or pin to Setuptools<81.
  from pkg_resources import resource_filename
Loads checkpoint by local backend from path: /home/wangcheng/project/portable_sam_fusion/checkpoints/sam2.1_hiera_base_plus.pt
Loaded SAM2 VisionEncoder. Missing keys: 0
Loads checkpoint by local backend from path: /home/wangcheng/project/portable_sam_fusion/checkpoints/sam2.1_hiera_base_plus.pt
Decoder state dict keys: 131
Loaded SAM2 MaskDecoder. Missing keys: 0
2026-02-19 19:20:08,876 - portable_sam_fusion.data.satellite_dataset - INFO - 加载 734 个卫星场景 (训练集)
2026-02-19 19:20:08,876 - portable_sam_fusion - INFO - Dataset size: 734
[rank0]: Traceback (most recent call last):
[rank0]:   File "/home/wangcheng/project/portable_sam_fusion/train/train_rsprompter_fusion.py", line 749, in <module>
[rank0]:     main()
[rank0]:   File "/home/wangcheng/project/portable_sam_fusion/train/train_rsprompter_fusion.py", line 495, in main
[rank0]:     loss_dict = model_for_loss.loss(model_inputs, data_samples, scene_indices=scene_indices)
[rank0]:   File "/home/wangcheng/project/portable_sam_fusion/models/rsprompter_anchor_drone_guidance.py", line 466, in loss
[rank0]:     return self._compute_standard_loss(x, image_embeddings, image_positional_embeddings, batch_data_samples)
[rank0]:   File "/home/wangcheng/project/portable_sam_fusion/models/rsprompter_anchor_drone_guidance.py", line 485, in _compute_standard_loss
[rank0]:     rpn_losses, rpn_results_list = self.rpn_head.loss_and_predict(x, rpn_data_samples, proposal_cfg=proposal_cfg)
[rank0]:   File "/home/wangcheng/anaconda3/envs/cvt2/lib/python3.9/site-packages/mmdet/models/dense_heads/base_dense_head.py", line 165, in loss_and_predict
[rank0]:     losses = self.loss_by_feat(*loss_inputs)
[rank0]:   File "/home/wangcheng/anaconda3/envs/cvt2/lib/python3.9/site-packages/mmdet/models/dense_heads/rpn_head.py", line 125, in loss_by_feat
[rank0]:     losses = super().loss_by_feat(
[rank0]:   File "/home/wangcheng/anaconda3/envs/cvt2/lib/python3.9/site-packages/mmdet/models/dense_heads/anchor_head.py", line 496, in loss_by_feat
[rank0]:     assert len(featmap_sizes) == self.prior_generator.num_levels
[rank0]: AssertionError
[rank0]:[W219 19:20:31.595504344 ProcessGroupNCCL.cpp:1538] Warning: WARNING: destroy_process_group() was not called before program exit, which can leak resources. For more info, please see https://pytorch.org/docs/stable/distributed.html#shutdown (function operator())
E0219 19:20:33.229494 121751 site-packages/torch/distributed/elastic/multiprocessing/api.py:874] failed (exitcode: 1) local_rank: 0 (pid: 121915) of binary: /home/wangcheng/anaconda3/envs/cvt2/bin/python
Traceback (most recent call last):
  File "/home/wangcheng/anaconda3/envs/cvt2/lib/python3.9/runpy.py", line 197, in _run_module_as_main
    return _run_code(code, main_globals, None,
  File "/home/wangcheng/anaconda3/envs/cvt2/lib/python3.9/runpy.py", line 87, in _run_code
    exec(code, run_globals)
  File "/home/wangcheng/anaconda3/envs/cvt2/lib/python3.9/site-packages/torch/distributed/run.py", line 905, in <module>
    main()
  File "/home/wangcheng/anaconda3/envs/cvt2/lib/python3.9/site-packages/torch/distributed/elastic/multiprocessing/errors/__init__.py", line 357, in wrapper
    return f(*args, **kwargs)
  File "/home/wangcheng/anaconda3/envs/cvt2/lib/python3.9/site-packages/torch/distributed/run.py", line 901, in main
    run(args)
  File "/home/wangcheng/anaconda3/envs/cvt2/lib/python3.9/site-packages/torch/distributed/run.py", line 892, in run
    elastic_launch(
  File "/home/wangcheng/anaconda3/envs/cvt2/lib/python3.9/site-packages/torch/distributed/launcher/api.py", line 143, in __call__
    return launch_agent(self._config, self._entrypoint, list(args))
  File "/home/wangcheng/anaconda3/envs/cvt2/lib/python3.9/site-packages/torch/distributed/launcher/api.py", line 277, in launch_agent
    raise ChildFailedError(
torch.distributed.elastic.multiprocessing.errors.ChildFailedError: 
============================================================
/home/wangcheng/project/portable_sam_fusion/train/train_rsprompter_fusion.py FAILED
------------------------------------------------------------
Failures:
  <NO_OTHER_FAILURES>
------------------------------------------------------------
Root Cause (first observed failure):
[0]:
  time      : 2026-02-19_19:20:33
  host      : node01
  rank      : 0 (local_rank: 0)
  exitcode  : 1 (pid: 121915)
  error_file: <N/A>
  traceback : To enable traceback see: https://pytorch.org/docs/stable/elastic/errors.html
============================================================
