/home/wangcheng/anaconda3/envs/cvt2/lib/python3.9/site-packages/imagecorruptions/corruptions.py:17: UserWarning: pkg_resources is deprecated as an API. See https://setuptools.pypa.io/en/latest/pkg_resources.html. The pkg_resources package is slated for removal as early as 2025-11-30. Refrain from using this package or pin to Setuptools<81.
  from pkg_resources import resource_filename
Loads checkpoint by local backend from path: /home/wangcheng/project/portable_sam_fusion/checkpoints/sam2.1_hiera_base_plus.pt
Loaded SAM2 VisionEncoder. Missing keys: 0
Loads checkpoint by local backend from path: /home/wangcheng/project/portable_sam_fusion/checkpoints/sam2.1_hiera_base_plus.pt
Decoder state dict keys: 131
Loaded SAM2 MaskDecoder. Missing keys: 0
  use_high_res_features: True
  Has conv_s0: True
  Has conv_s1: True
2026-02-27 19:31:14,004 - portable_sam_fusion.data.satellite_dataset - INFO - 加载 672 个卫星场景 (训练集)
2026-02-27 19:31:14,023 - portable_sam_fusion.data.satellite_dataset - INFO - 加载 62 个卫星场景 (验证集)
2026-02-27 19:31:14,024 - portable_sam_fusion.data.loader - INFO - 创建验证集加载器: 62 样本
2026-02-27 19:31:14,024 - portable_sam_fusion - INFO - Dataset size: 672
[DEBUG] RSFeatureAggregatorSAM2 inputs: 4 tensors
  [0] shape=torch.Size([2, 256, 128, 128]), dtype=torch.float32
  [1] shape=torch.Size([2, 256, 64, 64]), dtype=torch.float32
  [2] shape=torch.Size([2, 256, 32, 32]), dtype=torch.float32
  [3] shape=torch.Size([2, 256, 16, 16]), dtype=torch.float32
[DEBUG] high_res_features selection:
  image_embeddings shape: torch.Size([2, 256, 16, 16])
  target feat_s0: (64, 64)
  target feat_s1: (32, 32)
  backbone_fpn[0]: torch.Size([2, 256, 128, 128])
  backbone_fpn[1]: torch.Size([2, 256, 64, 64])
  backbone_fpn[2]: torch.Size([2, 256, 32, 32])
  backbone_fpn[3]: torch.Size([2, 256, 16, 16])
[DEBUG] high_res_features result:
  feat_s0: torch.Size([2, 256, 64, 64])
  feat_s1: torch.Size([2, 256, 32, 32])
2026-02-27 19:33:11,495 - portable_sam_fusion - INFO - Epoch 1 detailed losses: loss_rpn_cls=0.6897, loss_rpn_bbox=0.0133, loss_cls=0.5353, acc=84.4157, loss_bbox=0.0215, loss_mask=0.2888
2026-02-27 19:33:40,541 - portable_sam_fusion - INFO - Epoch 1/50 | train=1.548634 val=1.369978 | sat_backbone=2.10e-06 sat_other=4.20e-06
