/home/wangcheng/anaconda3/envs/cvt2/lib/python3.9/site-packages/imagecorruptions/corruptions.py:17: UserWarning: pkg_resources is deprecated as an API. See https://setuptools.pypa.io/en/latest/pkg_resources.html. The pkg_resources package is slated for removal as early as 2025-11-30. Refrain from using this package or pin to Setuptools<81.
  from pkg_resources import resource_filename
Loads checkpoint by local backend from path: /home/wangcheng/project/portable_sam_fusion/checkpoints/sam2.1_hiera_base_plus.pt
Loaded SAM2 VisionEncoder. Missing keys: 0
Loads checkpoint by local backend from path: /home/wangcheng/project/portable_sam_fusion/checkpoints/sam2.1_hiera_base_plus.pt
Decoder state dict keys: 131
Loaded SAM2 MaskDecoder. Missing keys: 0
2026-02-23 15:19:45,866 - portable_sam_fusion.data.satellite_dataset - INFO - 加载 734 个卫星场景 (训练集)
2026-02-23 15:19:45,866 - portable_sam_fusion - INFO - Dataset size: 734
[DEBUG] RSFeatureAggregatorSAM2 inputs: 4 tensors
  [0] shape=torch.Size([2, 256, 128, 128]), dtype=torch.float32
  [1] shape=torch.Size([2, 256, 64, 64]), dtype=torch.float32
  [2] shape=torch.Size([2, 256, 32, 32]), dtype=torch.float32
  [3] shape=torch.Size([2, 256, 16, 16]), dtype=torch.float32
2026-02-23 15:22:19,004 - portable_sam_fusion - INFO - Epoch 1 detailed losses: loss_rpn_cls=0.6381, loss_rpn_bbox=0.0108, loss_cls=0.6599, acc=20.6595, loss_bbox=0.1458, loss_mask=0.2572
2026-02-23 15:22:38,386 - portable_sam_fusion - INFO - Epoch 1/50 | train=1.711719 | sat_backbone=2.10e-06 sat_other=4.20e-06
2026-02-23 15:24:18,819 - portable_sam_fusion - INFO - Epoch 2 detailed losses: loss_rpn_cls=0.3511, loss_rpn_bbox=0.0136, loss_cls=0.6301, acc=85.6821, loss_bbox=0.1897, loss_mask=0.1672
2026-02-23 15:24:37,664 - portable_sam_fusion - INFO - Epoch 2/50 | train=1.351564 | sat_backbone=4.10e-06 sat_other=8.19e-06
2026-02-23 15:26:17,707 - portable_sam_fusion - INFO - Epoch 3 detailed losses: loss_rpn_cls=0.1977, loss_rpn_bbox=0.0078, loss_cls=0.6341, acc=87.9305, loss_bbox=0.3022, loss_mask=0.1289
2026-02-23 15:26:35,822 - portable_sam_fusion - INFO - Epoch 3/50 | train=1.270589 | sat_backbone=6.09e-06 sat_other=1.22e-05
2026-02-23 15:28:13,362 - portable_sam_fusion - INFO - Epoch 4 detailed losses: loss_rpn_cls=0.1675, loss_rpn_bbox=0.0075, loss_cls=0.6051, acc=87.3574, loss_bbox=0.3194, loss_mask=0.1160
2026-02-23 15:28:31,731 - portable_sam_fusion - INFO - Epoch 4/50 | train=1.215473 | sat_backbone=8.09e-06 sat_other=1.62e-05
2026-02-23 15:30:16,981 - portable_sam_fusion - INFO - Epoch 5 detailed losses: loss_rpn_cls=0.1473, loss_rpn_bbox=0.0072, loss_cls=0.5553, acc=86.6341, loss_bbox=0.3374, loss_mask=0.1108
2026-02-23 15:30:35,500 - portable_sam_fusion - INFO - Epoch 5/50 | train=1.158035 | sat_backbone=1.01e-05 sat_other=2.02e-05
2026-02-23 15:32:17,022 - portable_sam_fusion - INFO - Epoch 6 detailed losses: loss_rpn_cls=0.1319, loss_rpn_bbox=0.0068, loss_cls=0.4873, acc=85.8247, loss_bbox=0.3600, loss_mask=0.1072
2026-02-23 15:32:36,368 - portable_sam_fusion - INFO - Epoch 6/50 | train=1.093232 | sat_backbone=1.21e-05 sat_other=2.42e-05
2026-02-23 15:34:28,576 - portable_sam_fusion - INFO - Epoch 7 detailed losses: loss_rpn_cls=0.1175, loss_rpn_bbox=0.0064, loss_cls=0.4292, acc=85.4176, loss_bbox=0.3679, loss_mask=0.1012
2026-02-23 15:34:47,073 - portable_sam_fusion - INFO - Epoch 7/50 | train=1.022297 | sat_backbone=1.41e-05 sat_other=2.82e-05
2026-02-23 15:36:42,738 - portable_sam_fusion - INFO - Epoch 8 detailed losses: loss_rpn_cls=0.1048, loss_rpn_bbox=0.0060, loss_cls=0.4180, acc=84.9146, loss_bbox=0.3792, loss_mask=0.0952
2026-02-23 15:37:01,345 - portable_sam_fusion - INFO - Epoch 8/50 | train=1.003293 | sat_backbone=1.61e-05 sat_other=3.22e-05
2026-02-23 15:38:52,465 - portable_sam_fusion - INFO - Epoch 9 detailed losses: loss_rpn_cls=0.0928, loss_rpn_bbox=0.0056, loss_cls=0.4189, acc=84.7305, loss_bbox=0.3814, loss_mask=0.0939
2026-02-23 15:39:10,774 - portable_sam_fusion - INFO - Epoch 9/50 | train=0.992625 | sat_backbone=1.81e-05 sat_other=3.62e-05
2026-02-23 15:40:59,474 - portable_sam_fusion - INFO - Epoch 10 detailed losses: loss_rpn_cls=0.0826, loss_rpn_bbox=0.0053, loss_cls=0.4293, acc=84.0780, loss_bbox=0.3966, loss_mask=0.0930
2026-02-23 15:41:08,628 - portable_sam_fusion - INFO - Epoch 10/50 | train=1.006876 | sat_backbone=2.01e-05 sat_other=4.02e-05
2026-02-23 15:42:59,084 - portable_sam_fusion - INFO - Epoch 11 detailed losses: loss_rpn_cls=0.0763, loss_rpn_bbox=0.0053, loss_cls=0.4310, acc=83.9152, loss_bbox=0.3991, loss_mask=0.0940
2026-02-23 15:43:08,639 - portable_sam_fusion - INFO - Epoch 11/50 | train=1.005714 | sat_backbone=2.21e-05 sat_other=4.42e-05
2026-02-23 15:45:02,764 - portable_sam_fusion - INFO - Epoch 12 detailed losses: loss_rpn_cls=0.0657, loss_rpn_bbox=0.0053, loss_cls=0.4319, acc=83.7885, loss_bbox=0.4007, loss_mask=0.0908
2026-02-23 15:45:19,554 - portable_sam_fusion - INFO - Epoch 12/50 | train=0.994344 | sat_backbone=2.41e-05 sat_other=4.82e-05
2026-02-23 15:47:38,410 - portable_sam_fusion - INFO - Epoch 13 detailed losses: loss_rpn_cls=0.0599, loss_rpn_bbox=0.0049, loss_cls=0.4329, acc=83.6001, loss_bbox=0.4042, loss_mask=0.0891
2026-02-23 15:48:11,034 - portable_sam_fusion - INFO - Epoch 13/50 | train=0.990961 | sat_backbone=2.61e-05 sat_other=5.21e-05
2026-02-23 15:50:07,301 - portable_sam_fusion - INFO - Epoch 14 detailed losses: loss_rpn_cls=0.0554, loss_rpn_bbox=0.0048, loss_cls=0.4279, acc=83.7758, loss_bbox=0.3963, loss_mask=0.0878
2026-02-23 15:50:26,451 - portable_sam_fusion - INFO - Epoch 14/50 | train=0.972102 | sat_backbone=2.81e-05 sat_other=5.61e-05
2026-02-23 15:52:21,272 - portable_sam_fusion - INFO - Epoch 15 detailed losses: loss_rpn_cls=0.0506, loss_rpn_bbox=0.0051, loss_cls=0.4284, acc=83.7582, loss_bbox=0.3970, loss_mask=0.0883
2026-02-23 15:52:38,817 - portable_sam_fusion - INFO - Epoch 15/50 | train=0.969442 | sat_backbone=3.01e-05 sat_other=6.01e-05
