/home/wangcheng/anaconda3/envs/cvt/lib/python3.9/site-packages/imagecorruptions/corruptions.py:17: UserWarning: pkg_resources is deprecated as an API. See https://setuptools.pypa.io/en/latest/pkg_resources.html. The pkg_resources package is slated for removal as early as 2025-11-30. Refrain from using this package or pin to Setuptools<81.
  from pkg_resources import resource_filename
Loads checkpoint by local backend from path: /home/wangcheng/project/SCVT3/portable_sam_fusion/checkpoints/sam_vit_b_01ec64.pth
Loaded SAM VisionEncoder with interpolation. Missing keys: 0, Unexpected keys: 138
02/12 17:28:05 - mmengine - INFO - load model from: /home/wangcheng/project/SCVT3/portable_sam_fusion/checkpoints/sam_vit_b_01ec64.pth
02/12 17:28:05 - mmengine - INFO - Loads checkpoint by local backend from path: /home/wangcheng/project/SCVT3/portable_sam_fusion/checkpoints/sam_vit_b_01ec64.pth
02/12 17:28:06 - mmengine - WARNING - The model and loaded state dict do not match exactly

unexpected key in source state_dict: shared_image_embedding.positional_embedding, vision_encoder.pos_embed, vision_encoder.patch_embed.projection.weight, vision_encoder.patch_embed.projection.bias, vision_encoder.layers.0.layer_norm1.weight, vision_encoder.layers.0.layer_norm1.bias, vision_encoder.layers.0.attn.rel_pos_h, vision_encoder.layers.0.attn.rel_pos_w, vision_encoder.layers.0.attn.qkv.weight, vision_encoder.layers.0.attn.qkv.bias, vision_encoder.layers.0.attn.proj.weight, vision_encoder.layers.0.attn.proj.bias, vision_encoder.layers.0.layer_norm2.weight, vision_encoder.layers.0.layer_norm2.bias, vision_encoder.layers.0.mlp.lin1.weight, vision_encoder.layers.0.mlp.lin1.bias, vision_encoder.layers.0.mlp.lin2.weight, vision_encoder.layers.0.mlp.lin2.bias, vision_encoder.layers.1.layer_norm1.weight, vision_encoder.layers.1.layer_norm1.bias, vision_encoder.layers.1.attn.rel_pos_h, vision_encoder.layers.1.attn.rel_pos_w, vision_encoder.layers.1.attn.qkv.weight, vision_encoder.layers.1.attn.qkv.bias, vision_encoder.layers.1.attn.proj.weight, vision_encoder.layers.1.attn.proj.bias, vision_encoder.layers.1.layer_norm2.weight, vision_encoder.layers.1.layer_norm2.bias, vision_encoder.layers.1.mlp.lin1.weight, vision_encoder.layers.1.mlp.lin1.bias, vision_encoder.layers.1.mlp.lin2.weight, vision_encoder.layers.1.mlp.lin2.bias, vision_encoder.layers.2.layer_norm1.weight, vision_encoder.layers.2.layer_norm1.bias, vision_encoder.layers.2.attn.rel_pos_h, vision_encoder.layers.2.attn.rel_pos_w, vision_encoder.layers.2.attn.qkv.weight, vision_encoder.layers.2.attn.qkv.bias, vision_encoder.layers.2.attn.proj.weight, vision_encoder.layers.2.attn.proj.bias, vision_encoder.layers.2.layer_norm2.weight, vision_encoder.layers.2.layer_norm2.bias, vision_encoder.layers.2.mlp.lin1.weight, vision_encoder.layers.2.mlp.lin1.bias, vision_encoder.layers.2.mlp.lin2.weight, vision_encoder.layers.2.mlp.lin2.bias, vision_encoder.layers.3.layer_norm1.weight, vision_encoder.layers.3.layer_norm1.bias, vision_encoder.layers.3.attn.rel_pos_h, vision_encoder.layers.3.attn.rel_pos_w, vision_encoder.layers.3.attn.qkv.weight, vision_encoder.layers.3.attn.qkv.bias, vision_encoder.layers.3.attn.proj.weight, vision_encoder.layers.3.attn.proj.bias, vision_encoder.layers.3.layer_norm2.weight, vision_encoder.layers.3.layer_norm2.bias, vision_encoder.layers.3.mlp.lin1.weight, vision_encoder.layers.3.mlp.lin1.bias, vision_encoder.layers.3.mlp.lin2.weight, vision_encoder.layers.3.mlp.lin2.bias, vision_encoder.layers.4.layer_norm1.weight, vision_encoder.layers.4.layer_norm1.bias, vision_encoder.layers.4.attn.rel_pos_h, vision_encoder.layers.4.attn.rel_pos_w, vision_encoder.layers.4.attn.qkv.weight, vision_encoder.layers.4.attn.qkv.bias, vision_encoder.layers.4.attn.proj.weight, vision_encoder.layers.4.attn.proj.bias, vision_encoder.layers.4.layer_norm2.weight, vision_encoder.layers.4.layer_norm2.bias, vision_encoder.layers.4.mlp.lin1.weight, vision_encoder.layers.4.mlp.lin1.bias, vision_encoder.layers.4.mlp.lin2.weight, vision_encoder.layers.4.mlp.lin2.bias, vision_encoder.layers.5.layer_norm1.weight, vision_encoder.layers.5.layer_norm1.bias, vision_encoder.layers.5.attn.rel_pos_h, vision_encoder.layers.5.attn.rel_pos_w, vision_encoder.layers.5.attn.qkv.weight, vision_encoder.layers.5.attn.qkv.bias, vision_encoder.layers.5.attn.proj.weight, vision_encoder.layers.5.attn.proj.bias, vision_encoder.layers.5.layer_norm2.weight, vision_encoder.layers.5.layer_norm2.bias, vision_encoder.layers.5.mlp.lin1.weight, vision_encoder.layers.5.mlp.lin1.bias, vision_encoder.layers.5.mlp.lin2.weight, vision_encoder.layers.5.mlp.lin2.bias, vision_encoder.layers.6.layer_norm1.weight, vision_encoder.layers.6.layer_norm1.bias, vision_encoder.layers.6.attn.rel_pos_h, vision_encoder.layers.6.attn.rel_pos_w, vision_encoder.layers.6.attn.qkv.weight, vision_encoder.layers.6.attn.qkv.bias, vision_encoder.layers.6.attn.proj.weight, vision_encoder.layers.6.attn.proj.bias, vision_encoder.layers.6.layer_norm2.weight, vision_encoder.layers.6.layer_norm2.bias, vision_encoder.layers.6.mlp.lin1.weight, vision_encoder.layers.6.mlp.lin1.bias, vision_encoder.layers.6.mlp.lin2.weight, vision_encoder.layers.6.mlp.lin2.bias, vision_encoder.layers.7.layer_norm1.weight, vision_encoder.layers.7.layer_norm1.bias, vision_encoder.layers.7.attn.rel_pos_h, vision_encoder.layers.7.attn.rel_pos_w, vision_encoder.layers.7.attn.qkv.weight, vision_encoder.layers.7.attn.qkv.bias, vision_encoder.layers.7.attn.proj.weight, vision_encoder.layers.7.attn.proj.bias, vision_encoder.layers.7.layer_norm2.weight, vision_encoder.layers.7.layer_norm2.bias, vision_encoder.layers.7.mlp.lin1.weight, vision_encoder.layers.7.mlp.lin1.bias, vision_encoder.layers.7.mlp.lin2.weight, vision_encoder.layers.7.mlp.lin2.bias, vision_encoder.layers.8.layer_norm1.weight, vision_encoder.layers.8.layer_norm1.bias, vision_encoder.layers.8.attn.rel_pos_h, vision_encoder.layers.8.attn.rel_pos_w, vision_encoder.layers.8.attn.qkv.weight, vision_encoder.layers.8.attn.qkv.bias, vision_encoder.layers.8.attn.proj.weight, vision_encoder.layers.8.attn.proj.bias, vision_encoder.layers.8.layer_norm2.weight, vision_encoder.layers.8.layer_norm2.bias, vision_encoder.layers.8.mlp.lin1.weight, vision_encoder.layers.8.mlp.lin1.bias, vision_encoder.layers.8.mlp.lin2.weight, vision_encoder.layers.8.mlp.lin2.bias, vision_encoder.layers.9.layer_norm1.weight, vision_encoder.layers.9.layer_norm1.bias, vision_encoder.layers.9.attn.rel_pos_h, vision_encoder.layers.9.attn.rel_pos_w, vision_encoder.layers.9.attn.qkv.weight, vision_encoder.layers.9.attn.qkv.bias, vision_encoder.layers.9.attn.proj.weight, vision_encoder.layers.9.attn.proj.bias, vision_encoder.layers.9.layer_norm2.weight, vision_encoder.layers.9.layer_norm2.bias, vision_encoder.layers.9.mlp.lin1.weight, vision_encoder.layers.9.mlp.lin1.bias, vision_encoder.layers.9.mlp.lin2.weight, vision_encoder.layers.9.mlp.lin2.bias, vision_encoder.layers.10.layer_norm1.weight, vision_encoder.layers.10.layer_norm1.bias, vision_encoder.layers.10.attn.rel_pos_h, vision_encoder.layers.10.attn.rel_pos_w, vision_encoder.layers.10.attn.qkv.weight, vision_encoder.layers.10.attn.qkv.bias, vision_encoder.layers.10.attn.proj.weight, vision_encoder.layers.10.attn.proj.bias, vision_encoder.layers.10.layer_norm2.weight, vision_encoder.layers.10.layer_norm2.bias, vision_encoder.layers.10.mlp.lin1.weight, vision_encoder.layers.10.mlp.lin1.bias, vision_encoder.layers.10.mlp.lin2.weight, vision_encoder.layers.10.mlp.lin2.bias, vision_encoder.layers.11.layer_norm1.weight, vision_encoder.layers.11.layer_norm1.bias, vision_encoder.layers.11.attn.rel_pos_h, vision_encoder.layers.11.attn.rel_pos_w, vision_encoder.layers.11.attn.qkv.weight, vision_encoder.layers.11.attn.qkv.bias, vision_encoder.layers.11.attn.proj.weight, vision_encoder.layers.11.attn.proj.bias, vision_encoder.layers.11.layer_norm2.weight, vision_encoder.layers.11.layer_norm2.bias, vision_encoder.layers.11.mlp.lin1.weight, vision_encoder.layers.11.mlp.lin1.bias, vision_encoder.layers.11.mlp.lin2.weight, vision_encoder.layers.11.mlp.lin2.bias, vision_encoder.neck.conv1.weight, vision_encoder.neck.layer_norm1.weight, vision_encoder.neck.layer_norm1.bias, vision_encoder.neck.conv2.weight, vision_encoder.neck.layer_norm2.weight, vision_encoder.neck.layer_norm2.bias, mask_decoder.iou_token.weight, mask_decoder.mask_tokens.weight, mask_decoder.transformer.layers.0.self_attn.q_proj.weight, mask_decoder.transformer.layers.0.self_attn.q_proj.bias, mask_decoder.transformer.layers.0.self_attn.k_proj.weight, mask_decoder.transformer.layers.0.self_attn.k_proj.bias, mask_decoder.transformer.layers.0.self_attn.v_proj.weight, mask_decoder.transformer.layers.0.self_attn.v_proj.bias, mask_decoder.transformer.layers.0.self_attn.out_proj.weight, mask_decoder.transformer.layers.0.self_attn.out_proj.bias, mask_decoder.transformer.layers.0.layer_norm1.weight, mask_decoder.transformer.layers.0.layer_norm1.bias, mask_decoder.transformer.layers.0.cross_attn_token_to_image.q_proj.weight, mask_decoder.transformer.layers.0.cross_attn_token_to_image.q_proj.bias, mask_decoder.transformer.layers.0.cross_attn_token_to_image.k_proj.weight, mask_decoder.transformer.layers.0.cross_attn_token_to_image.k_proj.bias, mask_decoder.transformer.layers.0.cross_attn_token_to_image.v_proj.weight, mask_decoder.transformer.layers.0.cross_attn_token_to_image.v_proj.bias, mask_decoder.transformer.layers.0.cross_attn_token_to_image.out_proj.weight, mask_decoder.transformer.layers.0.cross_attn_token_to_image.out_proj.bias, mask_decoder.transformer.layers.0.layer_norm2.weight, mask_decoder.transformer.layers.0.layer_norm2.bias, mask_decoder.transformer.layers.0.mlp.lin1.weight, mask_decoder.transformer.layers.0.mlp.lin1.bias, mask_decoder.transformer.layers.0.mlp.lin2.weight, mask_decoder.transformer.layers.0.mlp.lin2.bias, mask_decoder.transformer.layers.0.layer_norm3.weight, mask_decoder.transformer.layers.0.layer_norm3.bias, mask_decoder.transformer.layers.0.layer_norm4.weight, mask_decoder.transformer.layers.0.layer_norm4.bias, mask_decoder.transformer.layers.0.cross_attn_image_to_token.q_proj.weight, mask_decoder.transformer.layers.0.cross_attn_image_to_token.q_proj.bias, mask_decoder.transformer.layers.0.cross_attn_image_to_token.k_proj.weight, mask_decoder.transformer.layers.0.cross_attn_image_to_token.k_proj.bias, mask_decoder.transformer.layers.0.cross_attn_image_to_token.v_proj.weight, mask_decoder.transformer.layers.0.cross_attn_image_to_token.v_proj.bias, mask_decoder.transformer.layers.0.cross_attn_image_to_token.out_proj.weight, mask_decoder.transformer.layers.0.cross_attn_image_to_token.out_proj.bias, mask_decoder.transformer.layers.1.self_attn.q_proj.weight, mask_decoder.transformer.layers.1.self_attn.q_proj.bias, mask_decoder.transformer.layers.1.self_attn.k_proj.weight, mask_decoder.transformer.layers.1.self_attn.k_proj.bias, mask_decoder.transformer.layers.1.self_attn.v_proj.weight, mask_decoder.transformer.layers.1.self_attn.v_proj.bias, mask_decoder.transformer.layers.1.self_attn.out_proj.weight, mask_decoder.transformer.layers.1.self_attn.out_proj.bias, mask_decoder.transformer.layers.1.layer_norm1.weight, mask_decoder.transformer.layers.1.layer_norm1.bias, mask_decoder.transformer.layers.1.cross_attn_token_to_image.q_proj.weight, mask_decoder.transformer.layers.1.cross_attn_token_to_image.q_proj.bias, mask_decoder.transformer.layers.1.cross_attn_token_to_image.k_proj.weight, mask_decoder.transformer.layers.1.cross_attn_token_to_image.k_proj.bias, mask_decoder.transformer.layers.1.cross_attn_token_to_image.v_proj.weight, mask_decoder.transformer.layers.1.cross_attn_token_to_image.v_proj.bias, mask_decoder.transformer.layers.1.cross_attn_token_to_image.out_proj.weight, mask_decoder.transformer.layers.1.cross_attn_token_to_image.out_proj.bias, mask_decoder.transformer.layers.1.layer_norm2.weight, mask_decoder.transformer.layers.1.layer_norm2.bias, mask_decoder.transformer.layers.1.mlp.lin1.weight, mask_decoder.transformer.layers.1.mlp.lin1.bias, mask_decoder.transformer.layers.1.mlp.lin2.weight, mask_decoder.transformer.layers.1.mlp.lin2.bias, mask_decoder.transformer.layers.1.layer_norm3.weight, mask_decoder.transformer.layers.1.layer_norm3.bias, mask_decoder.transformer.layers.1.layer_norm4.weight, mask_decoder.transformer.layers.1.layer_norm4.bias, mask_decoder.transformer.layers.1.cross_attn_image_to_token.q_proj.weight, mask_decoder.transformer.layers.1.cross_attn_image_to_token.q_proj.bias, mask_decoder.transformer.layers.1.cross_attn_image_to_token.k_proj.weight, mask_decoder.transformer.layers.1.cross_attn_image_to_token.k_proj.bias, mask_decoder.transformer.layers.1.cross_attn_image_to_token.v_proj.weight, mask_decoder.transformer.layers.1.cross_attn_image_to_token.v_proj.bias, mask_decoder.transformer.layers.1.cross_attn_image_to_token.out_proj.weight, mask_decoder.transformer.layers.1.cross_attn_image_to_token.out_proj.bias, mask_decoder.transformer.final_attn_token_to_image.q_proj.weight, mask_decoder.transformer.final_attn_token_to_image.q_proj.bias, mask_decoder.transformer.final_attn_token_to_image.k_proj.weight, mask_decoder.transformer.final_attn_token_to_image.k_proj.bias, mask_decoder.transformer.final_attn_token_to_image.v_proj.weight, mask_decoder.transformer.final_attn_token_to_image.v_proj.bias, mask_decoder.transformer.final_attn_token_to_image.out_proj.weight, mask_decoder.transformer.final_attn_token_to_image.out_proj.bias, mask_decoder.transformer.layer_norm_final_attn.weight, mask_decoder.transformer.layer_norm_final_attn.bias, mask_decoder.upscale_conv1.weight, mask_decoder.upscale_conv1.bias, mask_decoder.upscale_conv2.weight, mask_decoder.upscale_conv2.bias, mask_decoder.upscale_layer_norm.weight, mask_decoder.upscale_layer_norm.bias, mask_decoder.output_hypernetworks_mlps.0.proj_in.weight, mask_decoder.output_hypernetworks_mlps.0.proj_in.bias, mask_decoder.output_hypernetworks_mlps.0.proj_out.weight, mask_decoder.output_hypernetworks_mlps.0.proj_out.bias, mask_decoder.output_hypernetworks_mlps.0.layers.0.weight, mask_decoder.output_hypernetworks_mlps.0.layers.0.bias, mask_decoder.output_hypernetworks_mlps.1.proj_in.weight, mask_decoder.output_hypernetworks_mlps.1.proj_in.bias, mask_decoder.output_hypernetworks_mlps.1.proj_out.weight, mask_decoder.output_hypernetworks_mlps.1.proj_out.bias, mask_decoder.output_hypernetworks_mlps.1.layers.0.weight, mask_decoder.output_hypernetworks_mlps.1.layers.0.bias, mask_decoder.output_hypernetworks_mlps.2.proj_in.weight, mask_decoder.output_hypernetworks_mlps.2.proj_in.bias, mask_decoder.output_hypernetworks_mlps.2.proj_out.weight, mask_decoder.output_hypernetworks_mlps.2.proj_out.bias, mask_decoder.output_hypernetworks_mlps.2.layers.0.weight, mask_decoder.output_hypernetworks_mlps.2.layers.0.bias, mask_decoder.output_hypernetworks_mlps.3.proj_in.weight, mask_decoder.output_hypernetworks_mlps.3.proj_in.bias, mask_decoder.output_hypernetworks_mlps.3.proj_out.weight, mask_decoder.output_hypernetworks_mlps.3.proj_out.bias, mask_decoder.output_hypernetworks_mlps.3.layers.0.weight, mask_decoder.output_hypernetworks_mlps.3.layers.0.bias, mask_decoder.iou_prediction_head.proj_in.weight, mask_decoder.iou_prediction_head.proj_in.bias, mask_decoder.iou_prediction_head.proj_out.weight, mask_decoder.iou_prediction_head.proj_out.bias, mask_decoder.iou_prediction_head.layers.0.weight, mask_decoder.iou_prediction_head.layers.0.bias, prompt_encoder.shared_embedding.positional_embedding

02/12 17:28:06 - mmengine - INFO - 
prompt_encoder.mask_embed.conv1.weight - torch.Size([4, 1, 2, 2]): 
PretrainedInit: load from /home/wangcheng/project/SCVT3/portable_sam_fusion/checkpoints/sam_vit_b_01ec64.pth 
 
02/12 17:28:06 - mmengine - INFO - 
prompt_encoder.mask_embed.conv1.bias - torch.Size([4]): 
PretrainedInit: load from /home/wangcheng/project/SCVT3/portable_sam_fusion/checkpoints/sam_vit_b_01ec64.pth 
 
02/12 17:28:06 - mmengine - INFO - 
prompt_encoder.mask_embed.conv2.weight - torch.Size([16, 4, 2, 2]): 
PretrainedInit: load from /home/wangcheng/project/SCVT3/portable_sam_fusion/checkpoints/sam_vit_b_01ec64.pth 
 
02/12 17:28:06 - mmengine - INFO - 
prompt_encoder.mask_embed.conv2.bias - torch.Size([16]): 
PretrainedInit: load from /home/wangcheng/project/SCVT3/portable_sam_fusion/checkpoints/sam_vit_b_01ec64.pth 
 
02/12 17:28:06 - mmengine - INFO - 
prompt_encoder.mask_embed.conv3.weight - torch.Size([256, 16, 1, 1]): 
PretrainedInit: load from /home/wangcheng/project/SCVT3/portable_sam_fusion/checkpoints/sam_vit_b_01ec64.pth 
 
02/12 17:28:06 - mmengine - INFO - 
prompt_encoder.mask_embed.conv3.bias - torch.Size([256]): 
PretrainedInit: load from /home/wangcheng/project/SCVT3/portable_sam_fusion/checkpoints/sam_vit_b_01ec64.pth 
 
02/12 17:28:06 - mmengine - INFO - 
prompt_encoder.mask_embed.layer_norm1.weight - torch.Size([4]): 
PretrainedInit: load from /home/wangcheng/project/SCVT3/portable_sam_fusion/checkpoints/sam_vit_b_01ec64.pth 
 
02/12 17:28:06 - mmengine - INFO - 
prompt_encoder.mask_embed.layer_norm1.bias - torch.Size([4]): 
PretrainedInit: load from /home/wangcheng/project/SCVT3/portable_sam_fusion/checkpoints/sam_vit_b_01ec64.pth 
 
02/12 17:28:06 - mmengine - INFO - 
prompt_encoder.mask_embed.layer_norm2.weight - torch.Size([16]): 
PretrainedInit: load from /home/wangcheng/project/SCVT3/portable_sam_fusion/checkpoints/sam_vit_b_01ec64.pth 
 
02/12 17:28:06 - mmengine - INFO - 
prompt_encoder.mask_embed.layer_norm2.bias - torch.Size([16]): 
PretrainedInit: load from /home/wangcheng/project/SCVT3/portable_sam_fusion/checkpoints/sam_vit_b_01ec64.pth 
 
02/12 17:28:06 - mmengine - INFO - 
prompt_encoder.no_mask_embed.weight - torch.Size([1, 256]): 
PretrainedInit: load from /home/wangcheng/project/SCVT3/portable_sam_fusion/checkpoints/sam_vit_b_01ec64.pth 
 
02/12 17:28:06 - mmengine - INFO - 
prompt_encoder.point_embed.0.weight - torch.Size([1, 256]): 
PretrainedInit: load from /home/wangcheng/project/SCVT3/portable_sam_fusion/checkpoints/sam_vit_b_01ec64.pth 
 
02/12 17:28:06 - mmengine - INFO - 
prompt_encoder.point_embed.1.weight - torch.Size([1, 256]): 
PretrainedInit: load from /home/wangcheng/project/SCVT3/portable_sam_fusion/checkpoints/sam_vit_b_01ec64.pth 
 
02/12 17:28:06 - mmengine - INFO - 
prompt_encoder.point_embed.2.weight - torch.Size([1, 256]): 
PretrainedInit: load from /home/wangcheng/project/SCVT3/portable_sam_fusion/checkpoints/sam_vit_b_01ec64.pth 
 
02/12 17:28:06 - mmengine - INFO - 
prompt_encoder.point_embed.3.weight - torch.Size([1, 256]): 
PretrainedInit: load from /home/wangcheng/project/SCVT3/portable_sam_fusion/checkpoints/sam_vit_b_01ec64.pth 
 
02/12 17:28:06 - mmengine - INFO - 
prompt_encoder.not_a_point_embed.weight - torch.Size([1, 256]): 
PretrainedInit: load from /home/wangcheng/project/SCVT3/portable_sam_fusion/checkpoints/sam_vit_b_01ec64.pth 
 
Loads checkpoint by local backend from path: /home/wangcheng/project/SCVT3/portable_sam_fusion/checkpoints/sam_vit_b_01ec64.pth
Loaded SAM PositionalEmbedding. Missing keys: 0, Unexpected keys: 314
2026-02-12 17:28:07,645 - portable_sam_fusion.data.satellite_drone_dataset - INFO - SatelliteDroneDataset initialized (训练集): 578 scenes, views=4, sat_size=(1024, 1024), drone_size=(512, 512)
2026-02-12 17:28:07,672 - portable_sam_fusion.data.satellite_drone_dataset - INFO - SatelliteDroneDataset initialized (验证集): 56 scenes, views=4, sat_size=(1024, 1024), drone_size=(512, 512)
2026-02-12 17:28:07,673 - portable_sam_fusion - INFO - Dataset size: 578
2026-02-12 17:32:48,915 - portable_sam_fusion - INFO - Epoch 1 detailed losses: loss_rpn_cls=0.7331, loss_rpn_bbox=0.0221, loss_cls=0.3998, acc=94.0730, loss_bbox=0.0004, loss_mask=0.6767
2026-02-12 17:33:45,566 - portable_sam_fusion - INFO - Epoch 1/20 | train=1.832219 val=1.570418 | sat_backbone=1.35e-07 sat_other=2.69e-07 drone_guidance=1.35e-07
2026-02-12 17:38:30,510 - portable_sam_fusion - INFO - Epoch 2 detailed losses: loss_rpn_cls=0.6732, loss_rpn_bbox=0.0199, loss_cls=0.0938, acc=98.1192, loss_bbox=0.0007, loss_mask=0.6048
2026-02-12 17:39:20,881 - portable_sam_fusion - INFO - Epoch 2/20 | train=1.392389 val=1.290550 | sat_backbone=1.69e-07 sat_other=3.38e-07 drone_guidance=1.69e-07
2026-02-12 17:44:06,461 - portable_sam_fusion - INFO - Epoch 3 detailed losses: loss_rpn_cls=0.5802, loss_rpn_bbox=0.0183, loss_cls=0.0468, acc=98.3138, loss_bbox=0.0017, loss_mask=0.5065
2026-02-12 17:44:51,818 - portable_sam_fusion - INFO - Epoch 3/20 | train=1.153528 val=1.077782 | sat_backbone=2.04e-07 sat_other=4.07e-07 drone_guidance=2.04e-07
2026-02-12 17:49:37,646 - portable_sam_fusion - INFO - Epoch 4 detailed losses: loss_rpn_cls=0.4566, loss_rpn_bbox=0.0174, loss_cls=0.0335, acc=99.3688, loss_bbox=0.0037, loss_mask=0.4185
2026-02-12 17:50:26,680 - portable_sam_fusion - INFO - Epoch 4/20 | train=0.929657 val=0.875544 | sat_backbone=2.38e-07 sat_other=4.77e-07 drone_guidance=2.38e-07
2026-02-12 17:55:10,083 - portable_sam_fusion - INFO - Epoch 5 detailed losses: loss_rpn_cls=0.3161, loss_rpn_bbox=0.0171, loss_cls=0.0533, acc=98.5531, loss_bbox=0.0118, loss_mask=0.3530
2026-02-12 17:56:04,026 - portable_sam_fusion - INFO - Epoch 5/20 | train=0.751220 val=0.782160 | sat_backbone=1.00e-04 sat_other=2.00e-04 drone_guidance=1.00e-04
2026-02-12 18:01:14,491 - portable_sam_fusion - INFO - Epoch 6 detailed losses: loss_rpn_cls=0.0028, loss_rpn_bbox=0.0194, loss_cls=0.2289, acc=92.4511, loss_bbox=0.1698, loss_mask=0.1881
2026-02-12 18:02:06,823 - portable_sam_fusion - INFO - Epoch 6/20 | train=0.609060 val=0.451549 | sat_backbone=9.95e-05 sat_other=1.99e-04 drone_guidance=9.95e-05
2026-02-12 18:07:06,652 - portable_sam_fusion - INFO - Epoch 7 detailed losses: loss_rpn_cls=0.0009, loss_rpn_bbox=0.0127, loss_cls=0.0924, acc=96.3708, loss_bbox=0.0841, loss_mask=0.1397
2026-02-12 18:07:55,964 - portable_sam_fusion - INFO - Epoch 7/20 | train=0.329829 val=0.280999 | sat_backbone=9.80e-05 sat_other=1.96e-04 drone_guidance=9.80e-05
2026-02-12 18:13:00,131 - portable_sam_fusion - INFO - Epoch 8 detailed losses: loss_rpn_cls=0.0006, loss_rpn_bbox=0.0108, loss_cls=0.0547, acc=97.7813, loss_bbox=0.0546, loss_mask=0.1025
2026-02-12 18:13:52,729 - portable_sam_fusion - INFO - Epoch 8/20 | train=0.223227 val=0.154886 | sat_backbone=9.56e-05 sat_other=1.90e-04 drone_guidance=9.56e-05
2026-02-12 18:18:42,803 - portable_sam_fusion - INFO - Epoch 9 detailed losses: loss_rpn_cls=0.0005, loss_rpn_bbox=0.0098, loss_cls=0.0370, acc=98.4753, loss_bbox=0.0393, loss_mask=0.0599
2026-02-12 18:19:15,308 - portable_sam_fusion - INFO - Epoch 9/20 | train=0.146481 val=0.175971 | sat_backbone=9.24e-05 sat_other=1.83e-04 drone_guidance=9.24e-05
2026-02-12 18:24:03,367 - portable_sam_fusion - INFO - Epoch 10 detailed losses: loss_rpn_cls=0.0003, loss_rpn_bbox=0.0083, loss_cls=0.0317, acc=98.6673, loss_bbox=0.0338, loss_mask=0.0410
2026-02-12 18:24:37,746 - portable_sam_fusion - INFO - Epoch 10/20 | train=0.115151 val=0.238186 | sat_backbone=8.83e-05 sat_other=1.74e-04 drone_guidance=8.83e-05
2026-02-12 18:29:32,423 - portable_sam_fusion - INFO - Epoch 11 detailed losses: loss_rpn_cls=0.0003, loss_rpn_bbox=0.0075, loss_cls=0.0341, acc=98.5571, loss_bbox=0.0335, loss_mask=0.0297
2026-02-12 18:30:09,328 - portable_sam_fusion - INFO - Epoch 11/20 | train=0.105097 val=0.207999 | sat_backbone=8.35e-05 sat_other=1.63e-04 drone_guidance=8.35e-05
2026-02-12 18:35:06,069 - portable_sam_fusion - INFO - Epoch 12 detailed losses: loss_rpn_cls=0.0002, loss_rpn_bbox=0.0065, loss_cls=0.0287, acc=98.8038, loss_bbox=0.0303, loss_mask=0.0233
2026-02-12 18:35:41,372 - portable_sam_fusion - INFO - Epoch 12/20 | train=0.088924 val=0.204098 | sat_backbone=7.82e-05 sat_other=1.51e-04 drone_guidance=7.82e-05
2026-02-12 18:40:42,544 - portable_sam_fusion - INFO - Epoch 13 detailed losses: loss_rpn_cls=0.0002, loss_rpn_bbox=0.0058, loss_cls=0.0245, acc=98.9869, loss_bbox=0.0240, loss_mask=0.0182
2026-02-12 18:41:30,900 - portable_sam_fusion - INFO - Epoch 13/20 | train=0.072715 val=0.130328 | sat_backbone=7.24e-05 sat_other=1.38e-04 drone_guidance=7.24e-05
2026-02-12 18:46:28,527 - portable_sam_fusion - INFO - Epoch 14 detailed losses: loss_rpn_cls=0.0001, loss_rpn_bbox=0.0051, loss_cls=0.0200, acc=99.1735, loss_bbox=0.0192, loss_mask=0.0166
2026-02-12 18:47:14,920 - portable_sam_fusion - INFO - Epoch 14/20 | train=0.061030 val=0.085445 | sat_backbone=6.63e-05 sat_other=1.24e-04 drone_guidance=6.63e-05
2026-02-12 18:52:14,145 - portable_sam_fusion - INFO - Epoch 15 detailed losses: loss_rpn_cls=0.0001, loss_rpn_bbox=0.0046, loss_cls=0.0194, acc=99.1924, loss_bbox=0.0185, loss_mask=0.0128
2026-02-12 18:52:47,533 - portable_sam_fusion - INFO - Epoch 15/20 | train=0.055318 val=0.114276 | sat_backbone=6.00e-05 sat_other=1.10e-04 drone_guidance=6.00e-05
2026-02-12 18:57:40,827 - portable_sam_fusion - INFO - Epoch 16 detailed losses: loss_rpn_cls=0.0001, loss_rpn_bbox=0.0039, loss_cls=0.0157, acc=99.3755, loss_bbox=0.0140, loss_mask=0.0113
2026-02-12 18:58:14,116 - portable_sam_fusion - INFO - Epoch 16/20 | train=0.044994 val=0.117586 | sat_backbone=5.37e-05 sat_other=9.59e-05 drone_guidance=5.37e-05
2026-02-12 19:03:09,445 - portable_sam_fusion - INFO - Epoch 17 detailed losses: loss_rpn_cls=0.0001, loss_rpn_bbox=0.0034, loss_cls=0.0142, acc=99.4512, loss_bbox=0.0121, loss_mask=0.0102
2026-02-12 19:03:42,485 - portable_sam_fusion - INFO - Epoch 17/20 | train=0.040026 val=0.087567 | sat_backbone=4.76e-05 sat_other=8.22e-05 drone_guidance=4.76e-05
2026-02-12 19:08:34,557 - portable_sam_fusion - INFO - Epoch 18 detailed losses: loss_rpn_cls=0.0001, loss_rpn_bbox=0.0030, loss_cls=0.0095, acc=99.6310, loss_bbox=0.0078, loss_mask=0.0091
2026-02-12 19:09:08,169 - portable_sam_fusion - INFO - Epoch 18/20 | train=0.029523 val=0.129687 | sat_backbone=4.18e-05 sat_other=6.91e-05 drone_guidance=4.18e-05
2026-02-12 19:14:13,973 - portable_sam_fusion - INFO - Epoch 19 detailed losses: loss_rpn_cls=0.0001, loss_rpn_bbox=0.0025, loss_cls=0.0116, acc=99.5357, loss_bbox=0.0094, loss_mask=0.0080
2026-02-12 19:14:48,982 - portable_sam_fusion - INFO - Epoch 19/20 | train=0.031506 val=0.139885 | sat_backbone=3.65e-05 sat_other=5.71e-05 drone_guidance=3.65e-05
2026-02-12 19:19:40,474 - portable_sam_fusion - INFO - Epoch 20 detailed losses: loss_rpn_cls=0.0001, loss_rpn_bbox=0.0022, loss_cls=0.0092, acc=99.6526, loss_bbox=0.0065, loss_mask=0.0072
2026-02-12 19:20:13,785 - portable_sam_fusion - INFO - Epoch 20/20 | train=0.025176 val=0.130633 | sat_backbone=3.17e-05 sat_other=4.64e-05 drone_guidance=3.17e-05
