/home/wangcheng/anaconda3/envs/cvt/lib/python3.9/site-packages/imagecorruptions/corruptions.py:17: UserWarning: pkg_resources is deprecated as an API. See https://setuptools.pypa.io/en/latest/pkg_resources.html. The pkg_resources package is slated for removal as early as 2025-11-30. Refrain from using this package or pin to Setuptools<81.
  from pkg_resources import resource_filename
Loads checkpoint by local backend from path: /home/wangcheng/project/SCVT3/portable_sam_fusion/checkpoints/sam_vit_b_01ec64.pth
Loaded SAM VisionEncoder with interpolation. Missing keys: 0, Unexpected keys: 138
02/10 23:56:44 - mmengine - INFO - load model from: /home/wangcheng/project/SCVT3/portable_sam_fusion/checkpoints/sam_vit_b_01ec64.pth
02/10 23:56:44 - mmengine - INFO - Loads checkpoint by local backend from path: /home/wangcheng/project/SCVT3/portable_sam_fusion/checkpoints/sam_vit_b_01ec64.pth
02/10 23:56:44 - mmengine - WARNING - The model and loaded state dict do not match exactly

unexpected key in source state_dict: shared_image_embedding.positional_embedding, vision_encoder.pos_embed, vision_encoder.patch_embed.projection.weight, vision_encoder.patch_embed.projection.bias, vision_encoder.layers.0.layer_norm1.weight, vision_encoder.layers.0.layer_norm1.bias, vision_encoder.layers.0.attn.rel_pos_h, vision_encoder.layers.0.attn.rel_pos_w, vision_encoder.layers.0.attn.qkv.weight, vision_encoder.layers.0.attn.qkv.bias, vision_encoder.layers.0.attn.proj.weight, vision_encoder.layers.0.attn.proj.bias, vision_encoder.layers.0.layer_norm2.weight, vision_encoder.layers.0.layer_norm2.bias, vision_encoder.layers.0.mlp.lin1.weight, vision_encoder.layers.0.mlp.lin1.bias, vision_encoder.layers.0.mlp.lin2.weight, vision_encoder.layers.0.mlp.lin2.bias, vision_encoder.layers.1.layer_norm1.weight, vision_encoder.layers.1.layer_norm1.bias, vision_encoder.layers.1.attn.rel_pos_h, vision_encoder.layers.1.attn.rel_pos_w, vision_encoder.layers.1.attn.qkv.weight, vision_encoder.layers.1.attn.qkv.bias, vision_encoder.layers.1.attn.proj.weight, vision_encoder.layers.1.attn.proj.bias, vision_encoder.layers.1.layer_norm2.weight, vision_encoder.layers.1.layer_norm2.bias, vision_encoder.layers.1.mlp.lin1.weight, vision_encoder.layers.1.mlp.lin1.bias, vision_encoder.layers.1.mlp.lin2.weight, vision_encoder.layers.1.mlp.lin2.bias, vision_encoder.layers.2.layer_norm1.weight, vision_encoder.layers.2.layer_norm1.bias, vision_encoder.layers.2.attn.rel_pos_h, vision_encoder.layers.2.attn.rel_pos_w, vision_encoder.layers.2.attn.qkv.weight, vision_encoder.layers.2.attn.qkv.bias, vision_encoder.layers.2.attn.proj.weight, vision_encoder.layers.2.attn.proj.bias, vision_encoder.layers.2.layer_norm2.weight, vision_encoder.layers.2.layer_norm2.bias, vision_encoder.layers.2.mlp.lin1.weight, vision_encoder.layers.2.mlp.lin1.bias, vision_encoder.layers.2.mlp.lin2.weight, vision_encoder.layers.2.mlp.lin2.bias, vision_encoder.layers.3.layer_norm1.weight, vision_encoder.layers.3.layer_norm1.bias, vision_encoder.layers.3.attn.rel_pos_h, vision_encoder.layers.3.attn.rel_pos_w, vision_encoder.layers.3.attn.qkv.weight, vision_encoder.layers.3.attn.qkv.bias, vision_encoder.layers.3.attn.proj.weight, vision_encoder.layers.3.attn.proj.bias, vision_encoder.layers.3.layer_norm2.weight, vision_encoder.layers.3.layer_norm2.bias, vision_encoder.layers.3.mlp.lin1.weight, vision_encoder.layers.3.mlp.lin1.bias, vision_encoder.layers.3.mlp.lin2.weight, vision_encoder.layers.3.mlp.lin2.bias, vision_encoder.layers.4.layer_norm1.weight, vision_encoder.layers.4.layer_norm1.bias, vision_encoder.layers.4.attn.rel_pos_h, vision_encoder.layers.4.attn.rel_pos_w, vision_encoder.layers.4.attn.qkv.weight, vision_encoder.layers.4.attn.qkv.bias, vision_encoder.layers.4.attn.proj.weight, vision_encoder.layers.4.attn.proj.bias, vision_encoder.layers.4.layer_norm2.weight, vision_encoder.layers.4.layer_norm2.bias, vision_encoder.layers.4.mlp.lin1.weight, vision_encoder.layers.4.mlp.lin1.bias, vision_encoder.layers.4.mlp.lin2.weight, vision_encoder.layers.4.mlp.lin2.bias, vision_encoder.layers.5.layer_norm1.weight, vision_encoder.layers.5.layer_norm1.bias, vision_encoder.layers.5.attn.rel_pos_h, vision_encoder.layers.5.attn.rel_pos_w, vision_encoder.layers.5.attn.qkv.weight, vision_encoder.layers.5.attn.qkv.bias, vision_encoder.layers.5.attn.proj.weight, vision_encoder.layers.5.attn.proj.bias, vision_encoder.layers.5.layer_norm2.weight, vision_encoder.layers.5.layer_norm2.bias, vision_encoder.layers.5.mlp.lin1.weight, vision_encoder.layers.5.mlp.lin1.bias, vision_encoder.layers.5.mlp.lin2.weight, vision_encoder.layers.5.mlp.lin2.bias, vision_encoder.layers.6.layer_norm1.weight, vision_encoder.layers.6.layer_norm1.bias, vision_encoder.layers.6.attn.rel_pos_h, vision_encoder.layers.6.attn.rel_pos_w, vision_encoder.layers.6.attn.qkv.weight, vision_encoder.layers.6.attn.qkv.bias, vision_encoder.layers.6.attn.proj.weight, vision_encoder.layers.6.attn.proj.bias, vision_encoder.layers.6.layer_norm2.weight, vision_encoder.layers.6.layer_norm2.bias, vision_encoder.layers.6.mlp.lin1.weight, vision_encoder.layers.6.mlp.lin1.bias, vision_encoder.layers.6.mlp.lin2.weight, vision_encoder.layers.6.mlp.lin2.bias, vision_encoder.layers.7.layer_norm1.weight, vision_encoder.layers.7.layer_norm1.bias, vision_encoder.layers.7.attn.rel_pos_h, vision_encoder.layers.7.attn.rel_pos_w, vision_encoder.layers.7.attn.qkv.weight, vision_encoder.layers.7.attn.qkv.bias, vision_encoder.layers.7.attn.proj.weight, vision_encoder.layers.7.attn.proj.bias, vision_encoder.layers.7.layer_norm2.weight, vision_encoder.layers.7.layer_norm2.bias, vision_encoder.layers.7.mlp.lin1.weight, vision_encoder.layers.7.mlp.lin1.bias, vision_encoder.layers.7.mlp.lin2.weight, vision_encoder.layers.7.mlp.lin2.bias, vision_encoder.layers.8.layer_norm1.weight, vision_encoder.layers.8.layer_norm1.bias, vision_encoder.layers.8.attn.rel_pos_h, vision_encoder.layers.8.attn.rel_pos_w, vision_encoder.layers.8.attn.qkv.weight, vision_encoder.layers.8.attn.qkv.bias, vision_encoder.layers.8.attn.proj.weight, vision_encoder.layers.8.attn.proj.bias, vision_encoder.layers.8.layer_norm2.weight, vision_encoder.layers.8.layer_norm2.bias, vision_encoder.layers.8.mlp.lin1.weight, vision_encoder.layers.8.mlp.lin1.bias, vision_encoder.layers.8.mlp.lin2.weight, vision_encoder.layers.8.mlp.lin2.bias, vision_encoder.layers.9.layer_norm1.weight, vision_encoder.layers.9.layer_norm1.bias, vision_encoder.layers.9.attn.rel_pos_h, vision_encoder.layers.9.attn.rel_pos_w, vision_encoder.layers.9.attn.qkv.weight, vision_encoder.layers.9.attn.qkv.bias, vision_encoder.layers.9.attn.proj.weight, vision_encoder.layers.9.attn.proj.bias, vision_encoder.layers.9.layer_norm2.weight, vision_encoder.layers.9.layer_norm2.bias, vision_encoder.layers.9.mlp.lin1.weight, vision_encoder.layers.9.mlp.lin1.bias, vision_encoder.layers.9.mlp.lin2.weight, vision_encoder.layers.9.mlp.lin2.bias, vision_encoder.layers.10.layer_norm1.weight, vision_encoder.layers.10.layer_norm1.bias, vision_encoder.layers.10.attn.rel_pos_h, vision_encoder.layers.10.attn.rel_pos_w, vision_encoder.layers.10.attn.qkv.weight, vision_encoder.layers.10.attn.qkv.bias, vision_encoder.layers.10.attn.proj.weight, vision_encoder.layers.10.attn.proj.bias, vision_encoder.layers.10.layer_norm2.weight, vision_encoder.layers.10.layer_norm2.bias, vision_encoder.layers.10.mlp.lin1.weight, vision_encoder.layers.10.mlp.lin1.bias, vision_encoder.layers.10.mlp.lin2.weight, vision_encoder.layers.10.mlp.lin2.bias, vision_encoder.layers.11.layer_norm1.weight, vision_encoder.layers.11.layer_norm1.bias, vision_encoder.layers.11.attn.rel_pos_h, vision_encoder.layers.11.attn.rel_pos_w, vision_encoder.layers.11.attn.qkv.weight, vision_encoder.layers.11.attn.qkv.bias, vision_encoder.layers.11.attn.proj.weight, vision_encoder.layers.11.attn.proj.bias, vision_encoder.layers.11.layer_norm2.weight, vision_encoder.layers.11.layer_norm2.bias, vision_encoder.layers.11.mlp.lin1.weight, vision_encoder.layers.11.mlp.lin1.bias, vision_encoder.layers.11.mlp.lin2.weight, vision_encoder.layers.11.mlp.lin2.bias, vision_encoder.neck.conv1.weight, vision_encoder.neck.layer_norm1.weight, vision_encoder.neck.layer_norm1.bias, vision_encoder.neck.conv2.weight, vision_encoder.neck.layer_norm2.weight, vision_encoder.neck.layer_norm2.bias, mask_decoder.iou_token.weight, mask_decoder.mask_tokens.weight, mask_decoder.transformer.layers.0.self_attn.q_proj.weight, mask_decoder.transformer.layers.0.self_attn.q_proj.bias, mask_decoder.transformer.layers.0.self_attn.k_proj.weight, mask_decoder.transformer.layers.0.self_attn.k_proj.bias, mask_decoder.transformer.layers.0.self_attn.v_proj.weight, mask_decoder.transformer.layers.0.self_attn.v_proj.bias, mask_decoder.transformer.layers.0.self_attn.out_proj.weight, mask_decoder.transformer.layers.0.self_attn.out_proj.bias, mask_decoder.transformer.layers.0.layer_norm1.weight, mask_decoder.transformer.layers.0.layer_norm1.bias, mask_decoder.transformer.layers.0.cross_attn_token_to_image.q_proj.weight, mask_decoder.transformer.layers.0.cross_attn_token_to_image.q_proj.bias, mask_decoder.transformer.layers.0.cross_attn_token_to_image.k_proj.weight, mask_decoder.transformer.layers.0.cross_attn_token_to_image.k_proj.bias, mask_decoder.transformer.layers.0.cross_attn_token_to_image.v_proj.weight, mask_decoder.transformer.layers.0.cross_attn_token_to_image.v_proj.bias, mask_decoder.transformer.layers.0.cross_attn_token_to_image.out_proj.weight, mask_decoder.transformer.layers.0.cross_attn_token_to_image.out_proj.bias, mask_decoder.transformer.layers.0.layer_norm2.weight, mask_decoder.transformer.layers.0.layer_norm2.bias, mask_decoder.transformer.layers.0.mlp.lin1.weight, mask_decoder.transformer.layers.0.mlp.lin1.bias, mask_decoder.transformer.layers.0.mlp.lin2.weight, mask_decoder.transformer.layers.0.mlp.lin2.bias, mask_decoder.transformer.layers.0.layer_norm3.weight, mask_decoder.transformer.layers.0.layer_norm3.bias, mask_decoder.transformer.layers.0.layer_norm4.weight, mask_decoder.transformer.layers.0.layer_norm4.bias, mask_decoder.transformer.layers.0.cross_attn_image_to_token.q_proj.weight, mask_decoder.transformer.layers.0.cross_attn_image_to_token.q_proj.bias, mask_decoder.transformer.layers.0.cross_attn_image_to_token.k_proj.weight, mask_decoder.transformer.layers.0.cross_attn_image_to_token.k_proj.bias, mask_decoder.transformer.layers.0.cross_attn_image_to_token.v_proj.weight, mask_decoder.transformer.layers.0.cross_attn_image_to_token.v_proj.bias, mask_decoder.transformer.layers.0.cross_attn_image_to_token.out_proj.weight, mask_decoder.transformer.layers.0.cross_attn_image_to_token.out_proj.bias, mask_decoder.transformer.layers.1.self_attn.q_proj.weight, mask_decoder.transformer.layers.1.self_attn.q_proj.bias, mask_decoder.transformer.layers.1.self_attn.k_proj.weight, mask_decoder.transformer.layers.1.self_attn.k_proj.bias, mask_decoder.transformer.layers.1.self_attn.v_proj.weight, mask_decoder.transformer.layers.1.self_attn.v_proj.bias, mask_decoder.transformer.layers.1.self_attn.out_proj.weight, mask_decoder.transformer.layers.1.self_attn.out_proj.bias, mask_decoder.transformer.layers.1.layer_norm1.weight, mask_decoder.transformer.layers.1.layer_norm1.bias, mask_decoder.transformer.layers.1.cross_attn_token_to_image.q_proj.weight, mask_decoder.transformer.layers.1.cross_attn_token_to_image.q_proj.bias, mask_decoder.transformer.layers.1.cross_attn_token_to_image.k_proj.weight, mask_decoder.transformer.layers.1.cross_attn_token_to_image.k_proj.bias, mask_decoder.transformer.layers.1.cross_attn_token_to_image.v_proj.weight, mask_decoder.transformer.layers.1.cross_attn_token_to_image.v_proj.bias, mask_decoder.transformer.layers.1.cross_attn_token_to_image.out_proj.weight, mask_decoder.transformer.layers.1.cross_attn_token_to_image.out_proj.bias, mask_decoder.transformer.layers.1.layer_norm2.weight, mask_decoder.transformer.layers.1.layer_norm2.bias, mask_decoder.transformer.layers.1.mlp.lin1.weight, mask_decoder.transformer.layers.1.mlp.lin1.bias, mask_decoder.transformer.layers.1.mlp.lin2.weight, mask_decoder.transformer.layers.1.mlp.lin2.bias, mask_decoder.transformer.layers.1.layer_norm3.weight, mask_decoder.transformer.layers.1.layer_norm3.bias, mask_decoder.transformer.layers.1.layer_norm4.weight, mask_decoder.transformer.layers.1.layer_norm4.bias, mask_decoder.transformer.layers.1.cross_attn_image_to_token.q_proj.weight, mask_decoder.transformer.layers.1.cross_attn_image_to_token.q_proj.bias, mask_decoder.transformer.layers.1.cross_attn_image_to_token.k_proj.weight, mask_decoder.transformer.layers.1.cross_attn_image_to_token.k_proj.bias, mask_decoder.transformer.layers.1.cross_attn_image_to_token.v_proj.weight, mask_decoder.transformer.layers.1.cross_attn_image_to_token.v_proj.bias, mask_decoder.transformer.layers.1.cross_attn_image_to_token.out_proj.weight, mask_decoder.transformer.layers.1.cross_attn_image_to_token.out_proj.bias, mask_decoder.transformer.final_attn_token_to_image.q_proj.weight, mask_decoder.transformer.final_attn_token_to_image.q_proj.bias, mask_decoder.transformer.final_attn_token_to_image.k_proj.weight, mask_decoder.transformer.final_attn_token_to_image.k_proj.bias, mask_decoder.transformer.final_attn_token_to_image.v_proj.weight, mask_decoder.transformer.final_attn_token_to_image.v_proj.bias, mask_decoder.transformer.final_attn_token_to_image.out_proj.weight, mask_decoder.transformer.final_attn_token_to_image.out_proj.bias, mask_decoder.transformer.layer_norm_final_attn.weight, mask_decoder.transformer.layer_norm_final_attn.bias, mask_decoder.upscale_conv1.weight, mask_decoder.upscale_conv1.bias, mask_decoder.upscale_conv2.weight, mask_decoder.upscale_conv2.bias, mask_decoder.upscale_layer_norm.weight, mask_decoder.upscale_layer_norm.bias, mask_decoder.output_hypernetworks_mlps.0.proj_in.weight, mask_decoder.output_hypernetworks_mlps.0.proj_in.bias, mask_decoder.output_hypernetworks_mlps.0.proj_out.weight, mask_decoder.output_hypernetworks_mlps.0.proj_out.bias, mask_decoder.output_hypernetworks_mlps.0.layers.0.weight, mask_decoder.output_hypernetworks_mlps.0.layers.0.bias, mask_decoder.output_hypernetworks_mlps.1.proj_in.weight, mask_decoder.output_hypernetworks_mlps.1.proj_in.bias, mask_decoder.output_hypernetworks_mlps.1.proj_out.weight, mask_decoder.output_hypernetworks_mlps.1.proj_out.bias, mask_decoder.output_hypernetworks_mlps.1.layers.0.weight, mask_decoder.output_hypernetworks_mlps.1.layers.0.bias, mask_decoder.output_hypernetworks_mlps.2.proj_in.weight, mask_decoder.output_hypernetworks_mlps.2.proj_in.bias, mask_decoder.output_hypernetworks_mlps.2.proj_out.weight, mask_decoder.output_hypernetworks_mlps.2.proj_out.bias, mask_decoder.output_hypernetworks_mlps.2.layers.0.weight, mask_decoder.output_hypernetworks_mlps.2.layers.0.bias, mask_decoder.output_hypernetworks_mlps.3.proj_in.weight, mask_decoder.output_hypernetworks_mlps.3.proj_in.bias, mask_decoder.output_hypernetworks_mlps.3.proj_out.weight, mask_decoder.output_hypernetworks_mlps.3.proj_out.bias, mask_decoder.output_hypernetworks_mlps.3.layers.0.weight, mask_decoder.output_hypernetworks_mlps.3.layers.0.bias, mask_decoder.iou_prediction_head.proj_in.weight, mask_decoder.iou_prediction_head.proj_in.bias, mask_decoder.iou_prediction_head.proj_out.weight, mask_decoder.iou_prediction_head.proj_out.bias, mask_decoder.iou_prediction_head.layers.0.weight, mask_decoder.iou_prediction_head.layers.0.bias, prompt_encoder.shared_embedding.positional_embedding

02/10 23:56:44 - mmengine - INFO - 
prompt_encoder.mask_embed.conv1.weight - torch.Size([4, 1, 2, 2]): 
PretrainedInit: load from /home/wangcheng/project/SCVT3/portable_sam_fusion/checkpoints/sam_vit_b_01ec64.pth 
 
02/10 23:56:44 - mmengine - INFO - 
prompt_encoder.mask_embed.conv1.bias - torch.Size([4]): 
PretrainedInit: load from /home/wangcheng/project/SCVT3/portable_sam_fusion/checkpoints/sam_vit_b_01ec64.pth 
 
02/10 23:56:44 - mmengine - INFO - 
prompt_encoder.mask_embed.conv2.weight - torch.Size([16, 4, 2, 2]): 
PretrainedInit: load from /home/wangcheng/project/SCVT3/portable_sam_fusion/checkpoints/sam_vit_b_01ec64.pth 
 
02/10 23:56:44 - mmengine - INFO - 
prompt_encoder.mask_embed.conv2.bias - torch.Size([16]): 
PretrainedInit: load from /home/wangcheng/project/SCVT3/portable_sam_fusion/checkpoints/sam_vit_b_01ec64.pth 
 
02/10 23:56:44 - mmengine - INFO - 
prompt_encoder.mask_embed.conv3.weight - torch.Size([256, 16, 1, 1]): 
PretrainedInit: load from /home/wangcheng/project/SCVT3/portable_sam_fusion/checkpoints/sam_vit_b_01ec64.pth 
 
02/10 23:56:44 - mmengine - INFO - 
prompt_encoder.mask_embed.conv3.bias - torch.Size([256]): 
PretrainedInit: load from /home/wangcheng/project/SCVT3/portable_sam_fusion/checkpoints/sam_vit_b_01ec64.pth 
 
02/10 23:56:44 - mmengine - INFO - 
prompt_encoder.mask_embed.layer_norm1.weight - torch.Size([4]): 
PretrainedInit: load from /home/wangcheng/project/SCVT3/portable_sam_fusion/checkpoints/sam_vit_b_01ec64.pth 
 
02/10 23:56:44 - mmengine - INFO - 
prompt_encoder.mask_embed.layer_norm1.bias - torch.Size([4]): 
PretrainedInit: load from /home/wangcheng/project/SCVT3/portable_sam_fusion/checkpoints/sam_vit_b_01ec64.pth 
 
02/10 23:56:44 - mmengine - INFO - 
prompt_encoder.mask_embed.layer_norm2.weight - torch.Size([16]): 
PretrainedInit: load from /home/wangcheng/project/SCVT3/portable_sam_fusion/checkpoints/sam_vit_b_01ec64.pth 
 
02/10 23:56:44 - mmengine - INFO - 
prompt_encoder.mask_embed.layer_norm2.bias - torch.Size([16]): 
PretrainedInit: load from /home/wangcheng/project/SCVT3/portable_sam_fusion/checkpoints/sam_vit_b_01ec64.pth 
 
02/10 23:56:44 - mmengine - INFO - 
prompt_encoder.no_mask_embed.weight - torch.Size([1, 256]): 
PretrainedInit: load from /home/wangcheng/project/SCVT3/portable_sam_fusion/checkpoints/sam_vit_b_01ec64.pth 
 
02/10 23:56:44 - mmengine - INFO - 
prompt_encoder.point_embed.0.weight - torch.Size([1, 256]): 
PretrainedInit: load from /home/wangcheng/project/SCVT3/portable_sam_fusion/checkpoints/sam_vit_b_01ec64.pth 
 
02/10 23:56:44 - mmengine - INFO - 
prompt_encoder.point_embed.1.weight - torch.Size([1, 256]): 
PretrainedInit: load from /home/wangcheng/project/SCVT3/portable_sam_fusion/checkpoints/sam_vit_b_01ec64.pth 
 
02/10 23:56:44 - mmengine - INFO - 
prompt_encoder.point_embed.2.weight - torch.Size([1, 256]): 
PretrainedInit: load from /home/wangcheng/project/SCVT3/portable_sam_fusion/checkpoints/sam_vit_b_01ec64.pth 
 
02/10 23:56:44 - mmengine - INFO - 
prompt_encoder.point_embed.3.weight - torch.Size([1, 256]): 
PretrainedInit: load from /home/wangcheng/project/SCVT3/portable_sam_fusion/checkpoints/sam_vit_b_01ec64.pth 
 
02/10 23:56:44 - mmengine - INFO - 
prompt_encoder.not_a_point_embed.weight - torch.Size([1, 256]): 
PretrainedInit: load from /home/wangcheng/project/SCVT3/portable_sam_fusion/checkpoints/sam_vit_b_01ec64.pth 
 
Loads checkpoint by local backend from path: /home/wangcheng/project/SCVT3/portable_sam_fusion/checkpoints/sam_vit_b_01ec64.pth
Loaded SAM PositionalEmbedding. Missing keys: 0, Unexpected keys: 314
2026-02-10 23:56:46,619 - portable_sam_fusion.data.satellite_drone_dataset - INFO - SatelliteDroneDataset initialized (训练集): 580 scenes, views=4, sat_size=(1024, 1024), drone_size=(512, 512)
2026-02-10 23:56:46,697 - portable_sam_fusion.data.satellite_drone_dataset - INFO - SatelliteDroneDataset initialized (验证集): 56 scenes, views=4, sat_size=(1024, 1024), drone_size=(512, 512)
2026-02-10 23:56:46,698 - portable_sam_fusion - INFO - Dataset size: 580
2026-02-10 23:56:58,698 - portable_sam_fusion - INFO - Loaded weights from /home/wangcheng/project/SCVT3/portable_sam_fusion/checkpoints/rsprompter-fusion-satS-v1-staged/best_model.pth (optimizer/scheduler not restored)
2026-02-10 23:58:22,364 - portable_sam_fusion - WARNING - Skip batch with no valid GT instances (epoch=1)
2026-02-10 23:59:37,010 - portable_sam_fusion - WARNING - Skip batch with no valid GT instances (epoch=1)
2026-02-11 00:01:34,915 - portable_sam_fusion - INFO - Epoch 1 detailed losses: loss_rpn_cls=0.6669, loss_rpn_bbox=0.0254, loss_cls=0.0489, acc=98.1063, loss_bbox=0.0018, loss_mask=0.4973
2026-02-11 00:02:29,936 - portable_sam_fusion - INFO - Epoch 1/60 | train=0.547919 val=98.520371 | sat_backbone=6.72e-08 sat_other=6.72e-08 drone_guidance=6.72e-08
2026-02-11 00:03:03,723 - portable_sam_fusion - WARNING - Skip batch with no valid GT instances (epoch=2)
2026-02-11 00:04:14,812 - portable_sam_fusion - WARNING - Skip batch with no valid GT instances (epoch=2)
2026-02-11 00:07:08,812 - portable_sam_fusion - INFO - Epoch 2 detailed losses: loss_rpn_cls=0.6673, loss_rpn_bbox=0.0255, loss_cls=0.0444, acc=98.6504, loss_bbox=0.0016, loss_mask=0.4835
2026-02-11 00:07:29,236 - portable_sam_fusion - INFO - Epoch 2/60 | train=0.529560 val=99.221057 | sat_backbone=8.44e-08 sat_other=8.44e-08 drone_guidance=8.44e-08
2026-02-11 00:07:43,230 - portable_sam_fusion - WARNING - Skip batch with no valid GT instances (epoch=3)
2026-02-11 00:09:36,185 - portable_sam_fusion - WARNING - Skip batch with no valid GT instances (epoch=3)
2026-02-11 00:12:08,696 - portable_sam_fusion - INFO - Epoch 3 detailed losses: loss_rpn_cls=0.6670, loss_rpn_bbox=0.0255, loss_cls=0.0403, acc=98.9248, loss_bbox=0.0016, loss_mask=0.4666
2026-02-11 00:12:29,682 - portable_sam_fusion - INFO - Epoch 3/60 | train=0.508490 val=99.240929 | sat_backbone=1.02e-07 sat_other=1.02e-07 drone_guidance=1.02e-07
2026-02-11 00:13:39,335 - portable_sam_fusion - WARNING - Skip batch with no valid GT instances (epoch=4)
2026-02-11 00:16:48,247 - portable_sam_fusion - WARNING - Skip batch with no valid GT instances (epoch=4)
2026-02-11 00:16:59,147 - portable_sam_fusion - INFO - Epoch 4 detailed losses: loss_rpn_cls=0.6666, loss_rpn_bbox=0.0255, loss_cls=0.0373, acc=98.9308, loss_bbox=0.0015, loss_mask=0.4472
2026-02-11 00:17:19,839 - portable_sam_fusion - INFO - Epoch 4/60 | train=0.485908 val=99.188617 | sat_backbone=1.19e-07 sat_other=1.19e-07 drone_guidance=1.19e-07
2026-02-11 00:17:20,101 - portable_sam_fusion - WARNING - Skip batch with no valid GT instances (epoch=5)
2026-02-11 00:17:44,180 - portable_sam_fusion - WARNING - Skip batch with no valid GT instances (epoch=5)
2026-02-11 00:21:49,837 - portable_sam_fusion - INFO - Epoch 5 detailed losses: loss_rpn_cls=0.6667, loss_rpn_bbox=0.0255, loss_cls=0.0350, acc=98.9417, loss_bbox=0.0013, loss_mask=0.4254
2026-02-11 00:22:10,146 - portable_sam_fusion - INFO - Epoch 5/60 | train=0.461666 val=99.181488 | sat_backbone=5.00e-05 sat_other=5.00e-05 drone_guidance=5.00e-05
2026-02-11 00:22:40,728 - portable_sam_fusion - WARNING - Skip batch with no valid GT instances (epoch=6)
2026-02-11 00:24:01,520 - portable_sam_fusion - WARNING - Skip batch with no valid GT instances (epoch=6)
2026-02-11 00:26:43,454 - portable_sam_fusion - INFO - Epoch 6 detailed losses: loss_rpn_cls=0.6810, loss_rpn_bbox=0.0261, loss_cls=0.0130, acc=99.6587, loss_bbox=0.0009, loss_mask=0.1847
2026-02-11 00:27:03,495 - portable_sam_fusion - INFO - Epoch 6/60 | train=0.198567 val=100.129929 | sat_backbone=5.00e-05 sat_other=5.00e-05 drone_guidance=5.00e-05
2026-02-11 00:28:29,557 - portable_sam_fusion - WARNING - Skip batch with no valid GT instances (epoch=7)
2026-02-11 00:29:31,450 - portable_sam_fusion - WARNING - Skip batch with no valid GT instances (epoch=7)
2026-02-11 00:31:38,727 - portable_sam_fusion - INFO - Epoch 7 detailed losses: loss_rpn_cls=0.6897, loss_rpn_bbox=0.0265, loss_cls=0.0034, acc=99.8763, loss_bbox=0.0006, loss_mask=0.1003
2026-02-11 00:31:59,517 - portable_sam_fusion - INFO - Epoch 7/60 | train=0.104347 val=99.732581 | sat_backbone=4.99e-05 sat_other=4.99e-05 drone_guidance=4.99e-05
2026-02-11 00:32:42,402 - portable_sam_fusion - WARNING - Skip batch with no valid GT instances (epoch=8)
2026-02-11 00:35:16,043 - portable_sam_fusion - WARNING - Skip batch with no valid GT instances (epoch=8)
2026-02-11 00:36:31,713 - portable_sam_fusion - INFO - Epoch 8 detailed losses: loss_rpn_cls=0.6844, loss_rpn_bbox=0.0259, loss_cls=0.0051, acc=99.7986, loss_bbox=0.0033, loss_mask=0.0703
2026-02-11 00:36:52,303 - portable_sam_fusion - INFO - Epoch 8/60 | train=0.078763 val=99.921147 | sat_backbone=4.98e-05 sat_other=4.98e-05 drone_guidance=4.98e-05
2026-02-11 00:38:22,036 - portable_sam_fusion - WARNING - Skip batch with no valid GT instances (epoch=9)
2026-02-11 00:38:57,604 - portable_sam_fusion - WARNING - Skip batch with no valid GT instances (epoch=9)
2026-02-11 00:41:27,547 - portable_sam_fusion - INFO - Epoch 9 detailed losses: loss_rpn_cls=0.6914, loss_rpn_bbox=0.0252, loss_cls=0.0016, acc=99.9466, loss_bbox=0.0008, loss_mask=0.0358
2026-02-11 00:41:47,269 - portable_sam_fusion - INFO - Epoch 9/60 | train=0.038184 val=99.942746 | sat_backbone=4.96e-05 sat_other=4.96e-05 drone_guidance=4.96e-05
2026-02-11 00:41:47,989 - portable_sam_fusion - WARNING - Skip batch with no valid GT instances (epoch=10)
2026-02-11 00:44:43,493 - portable_sam_fusion - WARNING - Skip batch with no valid GT instances (epoch=10)
2026-02-11 00:46:25,007 - portable_sam_fusion - INFO - Epoch 10 detailed losses: loss_rpn_cls=0.6943, loss_rpn_bbox=0.0249, loss_cls=0.0006, acc=99.9763, loss_bbox=0.0006, loss_mask=0.0218
2026-02-11 00:46:45,451 - portable_sam_fusion - INFO - Epoch 10/60 | train=0.023053 val=99.982821 | sat_backbone=4.93e-05 sat_other=4.93e-05 drone_guidance=4.93e-05
2026-02-11 00:47:20,265 - portable_sam_fusion - WARNING - Skip batch with no valid GT instances (epoch=11)
2026-02-11 00:50:25,699 - portable_sam_fusion - WARNING - Skip batch with no valid GT instances (epoch=11)
2026-02-11 00:51:21,956 - portable_sam_fusion - INFO - Epoch 11 detailed losses: loss_rpn_cls=0.6945, loss_rpn_bbox=0.0245, loss_cls=0.0005, acc=99.9824, loss_bbox=0.0004, loss_mask=0.0163
2026-02-11 00:51:42,591 - portable_sam_fusion - INFO - Epoch 11/60 | train=0.017219 val=99.986510 | sat_backbone=4.90e-05 sat_other=4.90e-05 drone_guidance=4.90e-05
2026-02-11 00:54:16,753 - portable_sam_fusion - WARNING - Skip batch with no valid GT instances (epoch=12)
2026-02-11 00:55:56,415 - portable_sam_fusion - WARNING - Skip batch with no valid GT instances (epoch=12)
2026-02-11 00:56:19,155 - portable_sam_fusion - INFO - Epoch 12 detailed losses: loss_rpn_cls=0.6917, loss_rpn_bbox=0.0240, loss_cls=0.0009, acc=99.9649, loss_bbox=0.0006, loss_mask=0.0136
2026-02-11 00:56:39,806 - portable_sam_fusion - INFO - Epoch 12/60 | train=0.015068 val=99.957321 | sat_backbone=4.87e-05 sat_other=4.87e-05 drone_guidance=4.87e-05
2026-02-11 00:57:04,834 - portable_sam_fusion - WARNING - Skip batch with no valid GT instances (epoch=13)
2026-02-11 00:58:59,500 - portable_sam_fusion - WARNING - Skip batch with no valid GT instances (epoch=13)
2026-02-11 01:01:16,814 - portable_sam_fusion - INFO - Epoch 13 detailed losses: loss_rpn_cls=0.6929, loss_rpn_bbox=0.0240, loss_cls=0.0014, acc=99.9554, loss_bbox=0.0009, loss_mask=0.0120
2026-02-11 01:01:37,150 - portable_sam_fusion - INFO - Epoch 13/60 | train=0.014320 val=99.998457 | sat_backbone=4.83e-05 sat_other=4.83e-05 drone_guidance=4.83e-05
2026-02-11 01:01:48,311 - portable_sam_fusion - WARNING - Skip batch with no valid GT instances (epoch=14)
2026-02-11 01:04:43,665 - portable_sam_fusion - WARNING - Skip batch with no valid GT instances (epoch=14)
2026-02-11 01:06:14,345 - portable_sam_fusion - INFO - Epoch 14 detailed losses: loss_rpn_cls=0.6911, loss_rpn_bbox=0.0240, loss_cls=0.0008, acc=99.9730, loss_bbox=0.0006, loss_mask=0.0101
2026-02-11 01:06:34,439 - portable_sam_fusion - INFO - Epoch 14/60 | train=0.011539 val=99.988243 | sat_backbone=4.78e-05 sat_other=4.78e-05 drone_guidance=4.78e-05
2026-02-11 01:10:26,484 - portable_sam_fusion - WARNING - Skip batch with no valid GT instances (epoch=15)
2026-02-11 01:10:54,837 - portable_sam_fusion - WARNING - Skip batch with no valid GT instances (epoch=15)
2026-02-11 01:11:09,834 - portable_sam_fusion - INFO - Epoch 15 detailed losses: loss_rpn_cls=0.6920, loss_rpn_bbox=0.0244, loss_cls=0.0003, acc=99.9885, loss_bbox=0.0004, loss_mask=0.0095
2026-02-11 01:11:30,982 - portable_sam_fusion - INFO - Epoch 15/60 | train=0.010170 val=100.023274 | sat_backbone=4.73e-05 sat_other=4.73e-05 drone_guidance=4.73e-05
2026-02-11 01:12:26,918 - portable_sam_fusion - WARNING - Skip batch with no valid GT instances (epoch=16)
2026-02-11 01:16:02,630 - portable_sam_fusion - WARNING - Skip batch with no valid GT instances (epoch=16)
2026-02-11 01:16:04,721 - portable_sam_fusion - INFO - Epoch 16 detailed losses: loss_rpn_cls=0.6877, loss_rpn_bbox=0.0242, loss_cls=0.0002, acc=99.9959, loss_bbox=0.0003, loss_mask=0.0083
2026-02-11 01:16:24,513 - portable_sam_fusion - INFO - Epoch 16/60 | train=0.008729 val=100.005691 | sat_backbone=4.68e-05 sat_other=4.68e-05 drone_guidance=4.68e-05
2026-02-11 01:16:24,513 - portable_sam_fusion - INFO - Early stopping triggered (patience=15)
