/home/wangcheng/anaconda3/envs/cvt2/lib/python3.9/site-packages/imagecorruptions/corruptions.py:17: UserWarning: pkg_resources is deprecated as an API. See https://setuptools.pypa.io/en/latest/pkg_resources.html. The pkg_resources package is slated for removal as early as 2025-11-30. Refrain from using this package or pin to Setuptools<81.
  from pkg_resources import resource_filename
Loads checkpoint by local backend from path: /home/wangcheng/project/portable_sam_fusion/checkpoints/sam2.1_hiera_base_plus.pt
Loaded SAM2 VisionEncoder. Missing keys: 0
Loads checkpoint by local backend from path: /home/wangcheng/project/portable_sam_fusion/checkpoints/sam2.1_hiera_base_plus.pt
Decoder state dict keys: 131
Loaded SAM2 MaskDecoder. Missing keys: 0
2026-02-21 19:46:20,515 - portable_sam_fusion.data.satellite_dataset - INFO - 加载 734 个卫星场景 (训练集)
2026-02-21 19:46:20,516 - portable_sam_fusion - INFO - Dataset size: 734
2026-02-21 19:48:43,399 - portable_sam_fusion - INFO - Epoch 1 detailed losses: loss_rpn_cls=0.6709, loss_rpn_bbox=0.0113, loss_cls=0.6640, acc=91.5260, loss_bbox=0.1902, loss_mask=0.3185
2026-02-21 19:48:52,556 - portable_sam_fusion - INFO - Epoch 1/50 | train=1.854826 | sat_backbone=4.20e-07 sat_other=4.20e-06
2026-02-21 19:51:16,154 - portable_sam_fusion - INFO - Epoch 2 detailed losses: loss_rpn_cls=0.3520, loss_rpn_bbox=0.0120, loss_cls=0.6091, acc=90.5654, loss_bbox=0.2239, loss_mask=0.1727
2026-02-21 19:51:27,267 - portable_sam_fusion - INFO - Epoch 2/50 | train=1.369739 | sat_backbone=8.19e-07 sat_other=8.19e-06
E0221 19:51:51.620337 2085772 site-packages/torch/distributed/elastic/multiprocessing/api.py:874] failed (exitcode: -9) local_rank: 0 (pid: 2087835) of binary: /home/wangcheng/anaconda3/envs/cvt2/bin/python
Traceback (most recent call last):
  File "/home/wangcheng/anaconda3/envs/cvt2/lib/python3.9/runpy.py", line 197, in _run_module_as_main
    return _run_code(code, main_globals, None,
  File "/home/wangcheng/anaconda3/envs/cvt2/lib/python3.9/runpy.py", line 87, in _run_code
    exec(code, run_globals)
  File "/home/wangcheng/anaconda3/envs/cvt2/lib/python3.9/site-packages/torch/distributed/run.py", line 905, in <module>
    main()
  File "/home/wangcheng/anaconda3/envs/cvt2/lib/python3.9/site-packages/torch/distributed/elastic/multiprocessing/errors/__init__.py", line 357, in wrapper
    return f(*args, **kwargs)
  File "/home/wangcheng/anaconda3/envs/cvt2/lib/python3.9/site-packages/torch/distributed/run.py", line 901, in main
    run(args)
  File "/home/wangcheng/anaconda3/envs/cvt2/lib/python3.9/site-packages/torch/distributed/run.py", line 892, in run
    elastic_launch(
  File "/home/wangcheng/anaconda3/envs/cvt2/lib/python3.9/site-packages/torch/distributed/launcher/api.py", line 143, in __call__
    return launch_agent(self._config, self._entrypoint, list(args))
  File "/home/wangcheng/anaconda3/envs/cvt2/lib/python3.9/site-packages/torch/distributed/launcher/api.py", line 277, in launch_agent
    raise ChildFailedError(
torch.distributed.elastic.multiprocessing.errors.ChildFailedError: 
============================================================
/home/wangcheng/project/portable_sam_fusion/train/train_rsprompter_fusion.py FAILED
------------------------------------------------------------
Failures:
  <NO_OTHER_FAILURES>
------------------------------------------------------------
Root Cause (first observed failure):
[0]:
  time      : 2026-02-21_19:51:51
  host      : node01
  rank      : 0 (local_rank: 0)
  exitcode  : -9 (pid: 2087835)
  error_file: <N/A>
  traceback : Signal 9 (SIGKILL) received by PID 2087835
============================================================
