/home/wangcheng/anaconda3/envs/cvt/lib/python3.9/site-packages/imagecorruptions/corruptions.py:17: UserWarning: pkg_resources is deprecated as an API. See https://setuptools.pypa.io/en/latest/pkg_resources.html. The pkg_resources package is slated for removal as early as 2025-11-30. Refrain from using this package or pin to Setuptools<81.
  from pkg_resources import resource_filename
Loads checkpoint by local backend from path: /home/wangcheng/project/SCVT3/portable_sam_fusion/checkpoints/sam_vit_b_01ec64.pth
Loaded SAM VisionEncoder with interpolation. Missing keys: 0, Unexpected keys: 138
02/14 17:18:00 - mmengine - INFO - load model from: /home/wangcheng/project/SCVT3/portable_sam_fusion/checkpoints/sam_vit_b_01ec64.pth
02/14 17:18:00 - mmengine - INFO - Loads checkpoint by local backend from path: /home/wangcheng/project/SCVT3/portable_sam_fusion/checkpoints/sam_vit_b_01ec64.pth
02/14 17:18:00 - mmengine - WARNING - The model and loaded state dict do not match exactly

unexpected key in source state_dict: shared_image_embedding.positional_embedding, vision_encoder.pos_embed, vision_encoder.patch_embed.projection.weight, vision_encoder.patch_embed.projection.bias, vision_encoder.layers.0.layer_norm1.weight, vision_encoder.layers.0.layer_norm1.bias, vision_encoder.layers.0.attn.rel_pos_h, vision_encoder.layers.0.attn.rel_pos_w, vision_encoder.layers.0.attn.qkv.weight, vision_encoder.layers.0.attn.qkv.bias, vision_encoder.layers.0.attn.proj.weight, vision_encoder.layers.0.attn.proj.bias, vision_encoder.layers.0.layer_norm2.weight, vision_encoder.layers.0.layer_norm2.bias, vision_encoder.layers.0.mlp.lin1.weight, vision_encoder.layers.0.mlp.lin1.bias, vision_encoder.layers.0.mlp.lin2.weight, vision_encoder.layers.0.mlp.lin2.bias, vision_encoder.layers.1.layer_norm1.weight, vision_encoder.layers.1.layer_norm1.bias, vision_encoder.layers.1.attn.rel_pos_h, vision_encoder.layers.1.attn.rel_pos_w, vision_encoder.layers.1.attn.qkv.weight, vision_encoder.layers.1.attn.qkv.bias, vision_encoder.layers.1.attn.proj.weight, vision_encoder.layers.1.attn.proj.bias, vision_encoder.layers.1.layer_norm2.weight, vision_encoder.layers.1.layer_norm2.bias, vision_encoder.layers.1.mlp.lin1.weight, vision_encoder.layers.1.mlp.lin1.bias, vision_encoder.layers.1.mlp.lin2.weight, vision_encoder.layers.1.mlp.lin2.bias, vision_encoder.layers.2.layer_norm1.weight, vision_encoder.layers.2.layer_norm1.bias, vision_encoder.layers.2.attn.rel_pos_h, vision_encoder.layers.2.attn.rel_pos_w, vision_encoder.layers.2.attn.qkv.weight, vision_encoder.layers.2.attn.qkv.bias, vision_encoder.layers.2.attn.proj.weight, vision_encoder.layers.2.attn.proj.bias, vision_encoder.layers.2.layer_norm2.weight, vision_encoder.layers.2.layer_norm2.bias, vision_encoder.layers.2.mlp.lin1.weight, vision_encoder.layers.2.mlp.lin1.bias, vision_encoder.layers.2.mlp.lin2.weight, vision_encoder.layers.2.mlp.lin2.bias, vision_encoder.layers.3.layer_norm1.weight, vision_encoder.layers.3.layer_norm1.bias, vision_encoder.layers.3.attn.rel_pos_h, vision_encoder.layers.3.attn.rel_pos_w, vision_encoder.layers.3.attn.qkv.weight, vision_encoder.layers.3.attn.qkv.bias, vision_encoder.layers.3.attn.proj.weight, vision_encoder.layers.3.attn.proj.bias, vision_encoder.layers.3.layer_norm2.weight, vision_encoder.layers.3.layer_norm2.bias, vision_encoder.layers.3.mlp.lin1.weight, vision_encoder.layers.3.mlp.lin1.bias, vision_encoder.layers.3.mlp.lin2.weight, vision_encoder.layers.3.mlp.lin2.bias, vision_encoder.layers.4.layer_norm1.weight, vision_encoder.layers.4.layer_norm1.bias, vision_encoder.layers.4.attn.rel_pos_h, vision_encoder.layers.4.attn.rel_pos_w, vision_encoder.layers.4.attn.qkv.weight, vision_encoder.layers.4.attn.qkv.bias, vision_encoder.layers.4.attn.proj.weight, vision_encoder.layers.4.attn.proj.bias, vision_encoder.layers.4.layer_norm2.weight, vision_encoder.layers.4.layer_norm2.bias, vision_encoder.layers.4.mlp.lin1.weight, vision_encoder.layers.4.mlp.lin1.bias, vision_encoder.layers.4.mlp.lin2.weight, vision_encoder.layers.4.mlp.lin2.bias, vision_encoder.layers.5.layer_norm1.weight, vision_encoder.layers.5.layer_norm1.bias, vision_encoder.layers.5.attn.rel_pos_h, vision_encoder.layers.5.attn.rel_pos_w, vision_encoder.layers.5.attn.qkv.weight, vision_encoder.layers.5.attn.qkv.bias, vision_encoder.layers.5.attn.proj.weight, vision_encoder.layers.5.attn.proj.bias, vision_encoder.layers.5.layer_norm2.weight, vision_encoder.layers.5.layer_norm2.bias, vision_encoder.layers.5.mlp.lin1.weight, vision_encoder.layers.5.mlp.lin1.bias, vision_encoder.layers.5.mlp.lin2.weight, vision_encoder.layers.5.mlp.lin2.bias, vision_encoder.layers.6.layer_norm1.weight, vision_encoder.layers.6.layer_norm1.bias, vision_encoder.layers.6.attn.rel_pos_h, vision_encoder.layers.6.attn.rel_pos_w, vision_encoder.layers.6.attn.qkv.weight, vision_encoder.layers.6.attn.qkv.bias, vision_encoder.layers.6.attn.proj.weight, vision_encoder.layers.6.attn.proj.bias, vision_encoder.layers.6.layer_norm2.weight, vision_encoder.layers.6.layer_norm2.bias, vision_encoder.layers.6.mlp.lin1.weight, vision_encoder.layers.6.mlp.lin1.bias, vision_encoder.layers.6.mlp.lin2.weight, vision_encoder.layers.6.mlp.lin2.bias, vision_encoder.layers.7.layer_norm1.weight, vision_encoder.layers.7.layer_norm1.bias, vision_encoder.layers.7.attn.rel_pos_h, vision_encoder.layers.7.attn.rel_pos_w, vision_encoder.layers.7.attn.qkv.weight, vision_encoder.layers.7.attn.qkv.bias, vision_encoder.layers.7.attn.proj.weight, vision_encoder.layers.7.attn.proj.bias, vision_encoder.layers.7.layer_norm2.weight, vision_encoder.layers.7.layer_norm2.bias, vision_encoder.layers.7.mlp.lin1.weight, vision_encoder.layers.7.mlp.lin1.bias, vision_encoder.layers.7.mlp.lin2.weight, vision_encoder.layers.7.mlp.lin2.bias, vision_encoder.layers.8.layer_norm1.weight, vision_encoder.layers.8.layer_norm1.bias, vision_encoder.layers.8.attn.rel_pos_h, vision_encoder.layers.8.attn.rel_pos_w, vision_encoder.layers.8.attn.qkv.weight, vision_encoder.layers.8.attn.qkv.bias, vision_encoder.layers.8.attn.proj.weight, vision_encoder.layers.8.attn.proj.bias, vision_encoder.layers.8.layer_norm2.weight, vision_encoder.layers.8.layer_norm2.bias, vision_encoder.layers.8.mlp.lin1.weight, vision_encoder.layers.8.mlp.lin1.bias, vision_encoder.layers.8.mlp.lin2.weight, vision_encoder.layers.8.mlp.lin2.bias, vision_encoder.layers.9.layer_norm1.weight, vision_encoder.layers.9.layer_norm1.bias, vision_encoder.layers.9.attn.rel_pos_h, vision_encoder.layers.9.attn.rel_pos_w, vision_encoder.layers.9.attn.qkv.weight, vision_encoder.layers.9.attn.qkv.bias, vision_encoder.layers.9.attn.proj.weight, vision_encoder.layers.9.attn.proj.bias, vision_encoder.layers.9.layer_norm2.weight, vision_encoder.layers.9.layer_norm2.bias, vision_encoder.layers.9.mlp.lin1.weight, vision_encoder.layers.9.mlp.lin1.bias, vision_encoder.layers.9.mlp.lin2.weight, vision_encoder.layers.9.mlp.lin2.bias, vision_encoder.layers.10.layer_norm1.weight, vision_encoder.layers.10.layer_norm1.bias, vision_encoder.layers.10.attn.rel_pos_h, vision_encoder.layers.10.attn.rel_pos_w, vision_encoder.layers.10.attn.qkv.weight, vision_encoder.layers.10.attn.qkv.bias, vision_encoder.layers.10.attn.proj.weight, vision_encoder.layers.10.attn.proj.bias, vision_encoder.layers.10.layer_norm2.weight, vision_encoder.layers.10.layer_norm2.bias, vision_encoder.layers.10.mlp.lin1.weight, vision_encoder.layers.10.mlp.lin1.bias, vision_encoder.layers.10.mlp.lin2.weight, vision_encoder.layers.10.mlp.lin2.bias, vision_encoder.layers.11.layer_norm1.weight, vision_encoder.layers.11.layer_norm1.bias, vision_encoder.layers.11.attn.rel_pos_h, vision_encoder.layers.11.attn.rel_pos_w, vision_encoder.layers.11.attn.qkv.weight, vision_encoder.layers.11.attn.qkv.bias, vision_encoder.layers.11.attn.proj.weight, vision_encoder.layers.11.attn.proj.bias, vision_encoder.layers.11.layer_norm2.weight, vision_encoder.layers.11.layer_norm2.bias, vision_encoder.layers.11.mlp.lin1.weight, vision_encoder.layers.11.mlp.lin1.bias, vision_encoder.layers.11.mlp.lin2.weight, vision_encoder.layers.11.mlp.lin2.bias, vision_encoder.neck.conv1.weight, vision_encoder.neck.layer_norm1.weight, vision_encoder.neck.layer_norm1.bias, vision_encoder.neck.conv2.weight, vision_encoder.neck.layer_norm2.weight, vision_encoder.neck.layer_norm2.bias, mask_decoder.iou_token.weight, mask_decoder.mask_tokens.weight, mask_decoder.transformer.layers.0.self_attn.q_proj.weight, mask_decoder.transformer.layers.0.self_attn.q_proj.bias, mask_decoder.transformer.layers.0.self_attn.k_proj.weight, mask_decoder.transformer.layers.0.self_attn.k_proj.bias, mask_decoder.transformer.layers.0.self_attn.v_proj.weight, mask_decoder.transformer.layers.0.self_attn.v_proj.bias, mask_decoder.transformer.layers.0.self_attn.out_proj.weight, mask_decoder.transformer.layers.0.self_attn.out_proj.bias, mask_decoder.transformer.layers.0.layer_norm1.weight, mask_decoder.transformer.layers.0.layer_norm1.bias, mask_decoder.transformer.layers.0.cross_attn_token_to_image.q_proj.weight, mask_decoder.transformer.layers.0.cross_attn_token_to_image.q_proj.bias, mask_decoder.transformer.layers.0.cross_attn_token_to_image.k_proj.weight, mask_decoder.transformer.layers.0.cross_attn_token_to_image.k_proj.bias, mask_decoder.transformer.layers.0.cross_attn_token_to_image.v_proj.weight, mask_decoder.transformer.layers.0.cross_attn_token_to_image.v_proj.bias, mask_decoder.transformer.layers.0.cross_attn_token_to_image.out_proj.weight, mask_decoder.transformer.layers.0.cross_attn_token_to_image.out_proj.bias, mask_decoder.transformer.layers.0.layer_norm2.weight, mask_decoder.transformer.layers.0.layer_norm2.bias, mask_decoder.transformer.layers.0.mlp.lin1.weight, mask_decoder.transformer.layers.0.mlp.lin1.bias, mask_decoder.transformer.layers.0.mlp.lin2.weight, mask_decoder.transformer.layers.0.mlp.lin2.bias, mask_decoder.transformer.layers.0.layer_norm3.weight, mask_decoder.transformer.layers.0.layer_norm3.bias, mask_decoder.transformer.layers.0.layer_norm4.weight, mask_decoder.transformer.layers.0.layer_norm4.bias, mask_decoder.transformer.layers.0.cross_attn_image_to_token.q_proj.weight, mask_decoder.transformer.layers.0.cross_attn_image_to_token.q_proj.bias, mask_decoder.transformer.layers.0.cross_attn_image_to_token.k_proj.weight, mask_decoder.transformer.layers.0.cross_attn_image_to_token.k_proj.bias, mask_decoder.transformer.layers.0.cross_attn_image_to_token.v_proj.weight, mask_decoder.transformer.layers.0.cross_attn_image_to_token.v_proj.bias, mask_decoder.transformer.layers.0.cross_attn_image_to_token.out_proj.weight, mask_decoder.transformer.layers.0.cross_attn_image_to_token.out_proj.bias, mask_decoder.transformer.layers.1.self_attn.q_proj.weight, mask_decoder.transformer.layers.1.self_attn.q_proj.bias, mask_decoder.transformer.layers.1.self_attn.k_proj.weight, mask_decoder.transformer.layers.1.self_attn.k_proj.bias, mask_decoder.transformer.layers.1.self_attn.v_proj.weight, mask_decoder.transformer.layers.1.self_attn.v_proj.bias, mask_decoder.transformer.layers.1.self_attn.out_proj.weight, mask_decoder.transformer.layers.1.self_attn.out_proj.bias, mask_decoder.transformer.layers.1.layer_norm1.weight, mask_decoder.transformer.layers.1.layer_norm1.bias, mask_decoder.transformer.layers.1.cross_attn_token_to_image.q_proj.weight, mask_decoder.transformer.layers.1.cross_attn_token_to_image.q_proj.bias, mask_decoder.transformer.layers.1.cross_attn_token_to_image.k_proj.weight, mask_decoder.transformer.layers.1.cross_attn_token_to_image.k_proj.bias, mask_decoder.transformer.layers.1.cross_attn_token_to_image.v_proj.weight, mask_decoder.transformer.layers.1.cross_attn_token_to_image.v_proj.bias, mask_decoder.transformer.layers.1.cross_attn_token_to_image.out_proj.weight, mask_decoder.transformer.layers.1.cross_attn_token_to_image.out_proj.bias, mask_decoder.transformer.layers.1.layer_norm2.weight, mask_decoder.transformer.layers.1.layer_norm2.bias, mask_decoder.transformer.layers.1.mlp.lin1.weight, mask_decoder.transformer.layers.1.mlp.lin1.bias, mask_decoder.transformer.layers.1.mlp.lin2.weight, mask_decoder.transformer.layers.1.mlp.lin2.bias, mask_decoder.transformer.layers.1.layer_norm3.weight, mask_decoder.transformer.layers.1.layer_norm3.bias, mask_decoder.transformer.layers.1.layer_norm4.weight, mask_decoder.transformer.layers.1.layer_norm4.bias, mask_decoder.transformer.layers.1.cross_attn_image_to_token.q_proj.weight, mask_decoder.transformer.layers.1.cross_attn_image_to_token.q_proj.bias, mask_decoder.transformer.layers.1.cross_attn_image_to_token.k_proj.weight, mask_decoder.transformer.layers.1.cross_attn_image_to_token.k_proj.bias, mask_decoder.transformer.layers.1.cross_attn_image_to_token.v_proj.weight, mask_decoder.transformer.layers.1.cross_attn_image_to_token.v_proj.bias, mask_decoder.transformer.layers.1.cross_attn_image_to_token.out_proj.weight, mask_decoder.transformer.layers.1.cross_attn_image_to_token.out_proj.bias, mask_decoder.transformer.final_attn_token_to_image.q_proj.weight, mask_decoder.transformer.final_attn_token_to_image.q_proj.bias, mask_decoder.transformer.final_attn_token_to_image.k_proj.weight, mask_decoder.transformer.final_attn_token_to_image.k_proj.bias, mask_decoder.transformer.final_attn_token_to_image.v_proj.weight, mask_decoder.transformer.final_attn_token_to_image.v_proj.bias, mask_decoder.transformer.final_attn_token_to_image.out_proj.weight, mask_decoder.transformer.final_attn_token_to_image.out_proj.bias, mask_decoder.transformer.layer_norm_final_attn.weight, mask_decoder.transformer.layer_norm_final_attn.bias, mask_decoder.upscale_conv1.weight, mask_decoder.upscale_conv1.bias, mask_decoder.upscale_conv2.weight, mask_decoder.upscale_conv2.bias, mask_decoder.upscale_layer_norm.weight, mask_decoder.upscale_layer_norm.bias, mask_decoder.output_hypernetworks_mlps.0.proj_in.weight, mask_decoder.output_hypernetworks_mlps.0.proj_in.bias, mask_decoder.output_hypernetworks_mlps.0.proj_out.weight, mask_decoder.output_hypernetworks_mlps.0.proj_out.bias, mask_decoder.output_hypernetworks_mlps.0.layers.0.weight, mask_decoder.output_hypernetworks_mlps.0.layers.0.bias, mask_decoder.output_hypernetworks_mlps.1.proj_in.weight, mask_decoder.output_hypernetworks_mlps.1.proj_in.bias, mask_decoder.output_hypernetworks_mlps.1.proj_out.weight, mask_decoder.output_hypernetworks_mlps.1.proj_out.bias, mask_decoder.output_hypernetworks_mlps.1.layers.0.weight, mask_decoder.output_hypernetworks_mlps.1.layers.0.bias, mask_decoder.output_hypernetworks_mlps.2.proj_in.weight, mask_decoder.output_hypernetworks_mlps.2.proj_in.bias, mask_decoder.output_hypernetworks_mlps.2.proj_out.weight, mask_decoder.output_hypernetworks_mlps.2.proj_out.bias, mask_decoder.output_hypernetworks_mlps.2.layers.0.weight, mask_decoder.output_hypernetworks_mlps.2.layers.0.bias, mask_decoder.output_hypernetworks_mlps.3.proj_in.weight, mask_decoder.output_hypernetworks_mlps.3.proj_in.bias, mask_decoder.output_hypernetworks_mlps.3.proj_out.weight, mask_decoder.output_hypernetworks_mlps.3.proj_out.bias, mask_decoder.output_hypernetworks_mlps.3.layers.0.weight, mask_decoder.output_hypernetworks_mlps.3.layers.0.bias, mask_decoder.iou_prediction_head.proj_in.weight, mask_decoder.iou_prediction_head.proj_in.bias, mask_decoder.iou_prediction_head.proj_out.weight, mask_decoder.iou_prediction_head.proj_out.bias, mask_decoder.iou_prediction_head.layers.0.weight, mask_decoder.iou_prediction_head.layers.0.bias, prompt_encoder.shared_embedding.positional_embedding

02/14 17:18:00 - mmengine - INFO - 
prompt_encoder.mask_embed.conv1.weight - torch.Size([4, 1, 2, 2]): 
PretrainedInit: load from /home/wangcheng/project/SCVT3/portable_sam_fusion/checkpoints/sam_vit_b_01ec64.pth 
 
02/14 17:18:00 - mmengine - INFO - 
prompt_encoder.mask_embed.conv1.bias - torch.Size([4]): 
PretrainedInit: load from /home/wangcheng/project/SCVT3/portable_sam_fusion/checkpoints/sam_vit_b_01ec64.pth 
 
02/14 17:18:00 - mmengine - INFO - 
prompt_encoder.mask_embed.conv2.weight - torch.Size([16, 4, 2, 2]): 
PretrainedInit: load from /home/wangcheng/project/SCVT3/portable_sam_fusion/checkpoints/sam_vit_b_01ec64.pth 
 
02/14 17:18:00 - mmengine - INFO - 
prompt_encoder.mask_embed.conv2.bias - torch.Size([16]): 
PretrainedInit: load from /home/wangcheng/project/SCVT3/portable_sam_fusion/checkpoints/sam_vit_b_01ec64.pth 
 
02/14 17:18:00 - mmengine - INFO - 
prompt_encoder.mask_embed.conv3.weight - torch.Size([256, 16, 1, 1]): 
PretrainedInit: load from /home/wangcheng/project/SCVT3/portable_sam_fusion/checkpoints/sam_vit_b_01ec64.pth 
 
02/14 17:18:00 - mmengine - INFO - 
prompt_encoder.mask_embed.conv3.bias - torch.Size([256]): 
PretrainedInit: load from /home/wangcheng/project/SCVT3/portable_sam_fusion/checkpoints/sam_vit_b_01ec64.pth 
 
02/14 17:18:00 - mmengine - INFO - 
prompt_encoder.mask_embed.layer_norm1.weight - torch.Size([4]): 
PretrainedInit: load from /home/wangcheng/project/SCVT3/portable_sam_fusion/checkpoints/sam_vit_b_01ec64.pth 
 
02/14 17:18:00 - mmengine - INFO - 
prompt_encoder.mask_embed.layer_norm1.bias - torch.Size([4]): 
PretrainedInit: load from /home/wangcheng/project/SCVT3/portable_sam_fusion/checkpoints/sam_vit_b_01ec64.pth 
 
02/14 17:18:00 - mmengine - INFO - 
prompt_encoder.mask_embed.layer_norm2.weight - torch.Size([16]): 
PretrainedInit: load from /home/wangcheng/project/SCVT3/portable_sam_fusion/checkpoints/sam_vit_b_01ec64.pth 
 
02/14 17:18:00 - mmengine - INFO - 
prompt_encoder.mask_embed.layer_norm2.bias - torch.Size([16]): 
PretrainedInit: load from /home/wangcheng/project/SCVT3/portable_sam_fusion/checkpoints/sam_vit_b_01ec64.pth 
 
02/14 17:18:00 - mmengine - INFO - 
prompt_encoder.no_mask_embed.weight - torch.Size([1, 256]): 
PretrainedInit: load from /home/wangcheng/project/SCVT3/portable_sam_fusion/checkpoints/sam_vit_b_01ec64.pth 
 
02/14 17:18:00 - mmengine - INFO - 
prompt_encoder.point_embed.0.weight - torch.Size([1, 256]): 
PretrainedInit: load from /home/wangcheng/project/SCVT3/portable_sam_fusion/checkpoints/sam_vit_b_01ec64.pth 
 
02/14 17:18:00 - mmengine - INFO - 
prompt_encoder.point_embed.1.weight - torch.Size([1, 256]): 
PretrainedInit: load from /home/wangcheng/project/SCVT3/portable_sam_fusion/checkpoints/sam_vit_b_01ec64.pth 
 
02/14 17:18:00 - mmengine - INFO - 
prompt_encoder.point_embed.2.weight - torch.Size([1, 256]): 
PretrainedInit: load from /home/wangcheng/project/SCVT3/portable_sam_fusion/checkpoints/sam_vit_b_01ec64.pth 
 
02/14 17:18:00 - mmengine - INFO - 
prompt_encoder.point_embed.3.weight - torch.Size([1, 256]): 
PretrainedInit: load from /home/wangcheng/project/SCVT3/portable_sam_fusion/checkpoints/sam_vit_b_01ec64.pth 
 
02/14 17:18:00 - mmengine - INFO - 
prompt_encoder.not_a_point_embed.weight - torch.Size([1, 256]): 
PretrainedInit: load from /home/wangcheng/project/SCVT3/portable_sam_fusion/checkpoints/sam_vit_b_01ec64.pth 
 
Loads checkpoint by local backend from path: /home/wangcheng/project/SCVT3/portable_sam_fusion/checkpoints/sam_vit_b_01ec64.pth
Loaded SAM PositionalEmbedding. Missing keys: 0, Unexpected keys: 314
2026-02-14 17:18:03,264 - portable_sam_fusion.data.satellite_dataset - INFO - 加载 576 个卫星场景 (训练集)
2026-02-14 17:18:03,532 - portable_sam_fusion.data.satellite_dataset - INFO - 加载 158 个卫星场景 (验证集)
2026-02-14 17:18:03,533 - portable_sam_fusion.data.loader - INFO - 创建验证集加载器: 158 样本
2026-02-14 17:18:03,533 - portable_sam_fusion - INFO - Dataset size: 576
2026-02-14 17:22:00,849 - portable_sam_fusion - INFO - Epoch 1 detailed losses: loss_rpn_cls=0.6935, loss_rpn_bbox=0.0210, loss_cls=0.3540, acc=97.9913, loss_bbox=0.0020, loss_mask=0.6977
2026-02-14 17:23:11,841 - portable_sam_fusion - INFO - Epoch 1/30 | train=1.768226 val=1.550235 | sat_backbone=2.10e-06 sat_other=4.20e-06
2026-02-14 17:27:56,265 - portable_sam_fusion - INFO - Epoch 2 detailed losses: loss_rpn_cls=0.2662, loss_rpn_bbox=0.0159, loss_cls=0.3121, acc=88.0052, loss_bbox=0.2775, loss_mask=0.3732
2026-02-14 17:29:29,735 - portable_sam_fusion - INFO - Epoch 2/30 | train=1.244888 val=1.032833 | sat_backbone=4.10e-06 sat_other=8.19e-06
2026-02-14 17:35:10,817 - portable_sam_fusion - INFO - Epoch 3 detailed losses: loss_rpn_cls=0.0832, loss_rpn_bbox=0.0131, loss_cls=0.2876, acc=87.5536, loss_bbox=0.2777, loss_mask=0.1766
2026-02-14 17:36:28,920 - portable_sam_fusion - INFO - Epoch 3/30 | train=0.838130 val=0.773565 | sat_backbone=6.09e-06 sat_other=1.22e-05
2026-02-14 17:41:49,645 - portable_sam_fusion - INFO - Epoch 4 detailed losses: loss_rpn_cls=0.0557, loss_rpn_bbox=0.0112, loss_cls=0.2575, acc=88.9086, loss_bbox=0.2382, loss_mask=0.1351
2026-02-14 17:43:16,983 - portable_sam_fusion - INFO - Epoch 4/30 | train=0.697655 val=0.741043 | sat_backbone=8.09e-06 sat_other=1.62e-05
2026-02-14 17:48:43,823 - portable_sam_fusion - INFO - Epoch 5 detailed losses: loss_rpn_cls=0.0403, loss_rpn_bbox=0.0092, loss_cls=0.2326, acc=89.9936, loss_bbox=0.1939, loss_mask=0.1180
2026-02-14 17:50:12,216 - portable_sam_fusion - INFO - Epoch 5/30 | train=0.594097 val=0.625688 | sat_backbone=1.01e-05 sat_other=2.02e-05
2026-02-14 17:55:47,376 - portable_sam_fusion - INFO - Epoch 6 detailed losses: loss_rpn_cls=0.0293, loss_rpn_bbox=0.0078, loss_cls=0.2049, acc=91.3222, loss_bbox=0.1501, loss_mask=0.1008
2026-02-14 17:57:18,793 - portable_sam_fusion - INFO - Epoch 6/30 | train=0.493043 val=0.581831 | sat_backbone=1.21e-05 sat_other=2.42e-05
2026-02-14 18:03:04,408 - portable_sam_fusion - INFO - Epoch 7 detailed losses: loss_rpn_cls=0.0229, loss_rpn_bbox=0.0065, loss_cls=0.1813, acc=92.5232, loss_bbox=0.1206, loss_mask=0.0768
2026-02-14 18:04:36,134 - portable_sam_fusion - INFO - Epoch 7/30 | train=0.408073 val=0.521929 | sat_backbone=1.41e-05 sat_other=2.82e-05
2026-02-14 18:10:26,113 - portable_sam_fusion - INFO - Epoch 8 detailed losses: loss_rpn_cls=0.0175, loss_rpn_bbox=0.0057, loss_cls=0.1601, acc=93.3194, loss_bbox=0.1028, loss_mask=0.0498
2026-02-14 18:11:56,559 - portable_sam_fusion - INFO - Epoch 8/30 | train=0.335860 val=0.550211 | sat_backbone=1.61e-05 sat_other=3.22e-05
2026-02-14 18:18:05,772 - portable_sam_fusion - INFO - Epoch 9 detailed losses: loss_rpn_cls=0.0149, loss_rpn_bbox=0.0048, loss_cls=0.1462, acc=93.8734, loss_bbox=0.0885, loss_mask=0.0380
2026-02-14 18:19:36,098 - portable_sam_fusion - INFO - Epoch 9/30 | train=0.292292 val=0.518084 | sat_backbone=1.81e-05 sat_other=3.62e-05
2026-02-14 18:25:34,867 - portable_sam_fusion - INFO - Epoch 10 detailed losses: loss_rpn_cls=0.0119, loss_rpn_bbox=0.0044, loss_cls=0.1343, acc=94.3366, loss_bbox=0.0790, loss_mask=0.0294
2026-02-14 18:27:14,916 - portable_sam_fusion - INFO - Epoch 10/30 | train=0.258922 val=0.511558 | sat_backbone=2.01e-05 sat_other=4.02e-05
2026-02-14 18:32:44,195 - portable_sam_fusion - INFO - Epoch 11 detailed losses: loss_rpn_cls=0.0103, loss_rpn_bbox=0.0041, loss_cls=0.1207, acc=94.9388, loss_bbox=0.0717, loss_mask=0.0268
2026-02-14 18:34:20,853 - portable_sam_fusion - INFO - Epoch 11/30 | train=0.233540 val=0.501214 | sat_backbone=2.21e-05 sat_other=4.42e-05
2026-02-14 18:40:16,327 - portable_sam_fusion - INFO - Epoch 12 detailed losses: loss_rpn_cls=0.0089, loss_rpn_bbox=0.0037, loss_cls=0.1152, acc=95.1565, loss_bbox=0.0657, loss_mask=0.0225
2026-02-14 18:41:50,529 - portable_sam_fusion - INFO - Epoch 12/30 | train=0.216068 val=0.480970 | sat_backbone=2.41e-05 sat_other=4.82e-05
2026-02-14 18:47:23,731 - portable_sam_fusion - INFO - Epoch 13 detailed losses: loss_rpn_cls=0.0078, loss_rpn_bbox=0.0035, loss_cls=0.1095, acc=95.4027, loss_bbox=0.0619, loss_mask=0.0238
2026-02-14 18:48:46,526 - portable_sam_fusion - INFO - Epoch 13/30 | train=0.206412 val=0.603557 | sat_backbone=2.61e-05 sat_other=5.21e-05
2026-02-14 18:54:39,724 - portable_sam_fusion - INFO - Epoch 14 detailed losses: loss_rpn_cls=0.0077, loss_rpn_bbox=0.0037, loss_cls=0.1069, acc=95.5336, loss_bbox=0.0594, loss_mask=0.0207
2026-02-14 18:55:58,886 - portable_sam_fusion - INFO - Epoch 14/30 | train=0.198420 val=0.521865 | sat_backbone=2.81e-05 sat_other=5.61e-05
2026-02-14 19:01:47,471 - portable_sam_fusion - INFO - Epoch 15 detailed losses: loss_rpn_cls=0.0057, loss_rpn_bbox=0.0032, loss_cls=0.1015, acc=95.7479, loss_bbox=0.0565, loss_mask=0.0183
2026-02-14 19:03:10,796 - portable_sam_fusion - INFO - Epoch 15/30 | train=0.185253 val=0.485325 | sat_backbone=3.01e-05 sat_other=6.01e-05
2026-02-14 19:09:02,861 - portable_sam_fusion - INFO - Epoch 16 detailed losses: loss_rpn_cls=0.0057, loss_rpn_bbox=0.0033, loss_cls=0.0978, acc=95.8639, loss_bbox=0.0515, loss_mask=0.0185
2026-02-14 19:10:22,776 - portable_sam_fusion - INFO - Epoch 16/30 | train=0.176773 val=0.517432 | sat_backbone=3.21e-05 sat_other=6.41e-05
2026-02-14 19:16:21,755 - portable_sam_fusion - INFO - Epoch 17 detailed losses: loss_rpn_cls=0.0058, loss_rpn_bbox=0.0030, loss_cls=0.0924, acc=96.1399, loss_bbox=0.0496, loss_mask=0.0174
2026-02-14 19:17:38,653 - portable_sam_fusion - INFO - Epoch 17/30 | train=0.168115 val=0.500350 | sat_backbone=3.41e-05 sat_other=6.81e-05
2026-02-14 19:23:32,932 - portable_sam_fusion - INFO - Epoch 18 detailed losses: loss_rpn_cls=0.0052, loss_rpn_bbox=0.0034, loss_cls=0.0888, acc=96.2375, loss_bbox=0.0457, loss_mask=0.0180
2026-02-14 19:24:51,092 - portable_sam_fusion - INFO - Epoch 18/30 | train=0.161131 val=0.495902 | sat_backbone=3.61e-05 sat_other=7.21e-05
2026-02-14 19:30:45,536 - portable_sam_fusion - INFO - Epoch 19 detailed losses: loss_rpn_cls=0.0051, loss_rpn_bbox=0.0031, loss_cls=0.0883, acc=96.3203, loss_bbox=0.0442, loss_mask=0.0180
2026-02-14 19:32:05,877 - portable_sam_fusion - INFO - Epoch 19/30 | train=0.158651 val=0.533866 | sat_backbone=3.81e-05 sat_other=7.61e-05
2026-02-14 19:37:37,386 - portable_sam_fusion - INFO - Epoch 20 detailed losses: loss_rpn_cls=0.0042, loss_rpn_bbox=0.0032, loss_cls=0.0866, acc=96.3650, loss_bbox=0.0424, loss_mask=0.0140
2026-02-14 19:38:57,533 - portable_sam_fusion - INFO - Epoch 20/30 | train=0.150472 val=0.485883 | sat_backbone=4.01e-05 sat_other=8.01e-05
2026-02-14 19:44:54,089 - portable_sam_fusion - INFO - Epoch 21 detailed losses: loss_rpn_cls=0.0052, loss_rpn_bbox=0.0030, loss_cls=0.0848, acc=96.4511, loss_bbox=0.0403, loss_mask=0.0156
2026-02-14 19:46:16,370 - portable_sam_fusion - INFO - Epoch 21/30 | train=0.148868 val=0.496214 | sat_backbone=4.21e-05 sat_other=8.41e-05
2026-02-14 19:52:20,883 - portable_sam_fusion - INFO - Epoch 22 detailed losses: loss_rpn_cls=0.0048, loss_rpn_bbox=0.0026, loss_cls=0.0815, acc=96.5820, loss_bbox=0.0386, loss_mask=0.0154
2026-02-14 19:53:43,323 - portable_sam_fusion - INFO - Epoch 22/30 | train=0.142825 val=0.509699 | sat_backbone=4.41e-05 sat_other=8.81e-05
2026-02-14 19:59:22,573 - portable_sam_fusion - INFO - Epoch 23 detailed losses: loss_rpn_cls=0.0041, loss_rpn_bbox=0.0030, loss_cls=0.0848, acc=96.4410, loss_bbox=0.0379, loss_mask=0.0152
2026-02-14 20:00:26,042 - portable_sam_fusion - INFO - Epoch 23/30 | train=0.144964 val=0.567757 | sat_backbone=4.61e-05 sat_other=9.21e-05
2026-02-14 20:05:45,730 - portable_sam_fusion - INFO - Epoch 24 detailed losses: loss_rpn_cls=0.0040, loss_rpn_bbox=0.0028, loss_cls=0.0838, acc=96.5061, loss_bbox=0.0372, loss_mask=0.0135
2026-02-14 20:07:11,562 - portable_sam_fusion - INFO - Epoch 24/30 | train=0.141360 val=0.437983 | sat_backbone=4.81e-05 sat_other=9.61e-05
2026-02-14 20:12:49,127 - portable_sam_fusion - INFO - Epoch 25 detailed losses: loss_rpn_cls=0.0039, loss_rpn_bbox=0.0029, loss_cls=0.0764, acc=96.8296, loss_bbox=0.0344, loss_mask=0.0140
2026-02-14 20:14:05,669 - portable_sam_fusion - INFO - Epoch 25/30 | train=0.131641 val=0.476833 | sat_backbone=5.01e-05 sat_other=1.00e-04
2026-02-14 20:19:33,209 - portable_sam_fusion - INFO - Epoch 26 detailed losses: loss_rpn_cls=0.0038, loss_rpn_bbox=0.0027, loss_cls=0.0770, acc=96.7773, loss_bbox=0.0326, loss_mask=0.0156
2026-02-14 20:20:54,109 - portable_sam_fusion - INFO - Epoch 26/30 | train=0.131569 val=0.501261 | sat_backbone=5.20e-05 sat_other=1.04e-04
2026-02-14 20:26:49,942 - portable_sam_fusion - INFO - Epoch 27 detailed losses: loss_rpn_cls=0.0035, loss_rpn_bbox=0.0027, loss_cls=0.0790, acc=96.6695, loss_bbox=0.0330, loss_mask=0.0125
2026-02-14 20:28:11,265 - portable_sam_fusion - INFO - Epoch 27/30 | train=0.130745 val=0.502445 | sat_backbone=5.40e-05 sat_other=1.08e-04
2026-02-14 20:34:11,114 - portable_sam_fusion - INFO - Epoch 28 detailed losses: loss_rpn_cls=0.0049, loss_rpn_bbox=0.0026, loss_cls=0.0776, acc=96.7590, loss_bbox=0.0329, loss_mask=0.0134
2026-02-14 20:35:31,459 - portable_sam_fusion - INFO - Epoch 28/30 | train=0.131323 val=0.443583 | sat_backbone=5.60e-05 sat_other=1.12e-04
2026-02-14 20:41:31,631 - portable_sam_fusion - INFO - Epoch 29 detailed losses: loss_rpn_cls=0.0042, loss_rpn_bbox=0.0024, loss_cls=0.0762, acc=96.8248, loss_bbox=0.0299, loss_mask=0.0127
2026-02-14 20:42:54,583 - portable_sam_fusion - INFO - Epoch 29/30 | train=0.125420 val=0.476721 | sat_backbone=5.80e-05 sat_other=1.16e-04
2026-02-14 20:48:22,392 - portable_sam_fusion - INFO - Epoch 30 detailed losses: loss_rpn_cls=0.0031, loss_rpn_bbox=0.0025, loss_cls=0.0736, acc=96.9299, loss_bbox=0.0304, loss_mask=0.0145
2026-02-14 20:49:34,818 - portable_sam_fusion - INFO - Epoch 30/30 | train=0.124051 val=0.533176 | sat_backbone=6.00e-05 sat_other=1.20e-04
