/home/wangcheng/anaconda3/envs/cvt2/lib/python3.9/site-packages/imagecorruptions/corruptions.py:17: UserWarning: pkg_resources is deprecated as an API. See https://setuptools.pypa.io/en/latest/pkg_resources.html. The pkg_resources package is slated for removal as early as 2025-11-30. Refrain from using this package or pin to Setuptools<81.
  from pkg_resources import resource_filename
Loads checkpoint by local backend from path: /home/wangcheng/project/portable_sam_fusion/checkpoints/sam2.1_hiera_base_plus.pt
Loaded SAM2 VisionEncoder. Missing keys: 0
Loads checkpoint by local backend from path: /home/wangcheng/project/portable_sam_fusion/checkpoints/sam2.1_hiera_base_plus.pt
Decoder state dict keys: 131
Loaded SAM2 MaskDecoder. Missing keys: 0
2026-02-22 23:09:28,060 - portable_sam_fusion.data.satellite_dataset - INFO - 加载 734 个卫星场景 (训练集)
2026-02-22 23:09:28,061 - portable_sam_fusion - INFO - Dataset size: 734
2026-02-22 23:10:37,987 - portable_sam_fusion - INFO - Epoch 1 detailed losses: loss_rpn_cls=0.6868, loss_rpn_bbox=0.0050, loss_cls=0.7106, acc=15.7586, loss_bbox=0.3108, loss_mask=0.3413
2026-02-22 23:10:40,017 - portable_sam_fusion - INFO - Epoch 1/50 | train=2.054374 | sat_backbone=0.00e+00 sat_other=4.20e-06
2026-02-22 23:11:47,557 - portable_sam_fusion - INFO - Epoch 2 detailed losses: loss_rpn_cls=0.3398, loss_rpn_bbox=0.0104, loss_cls=0.6647, acc=31.8232, loss_bbox=0.2724, loss_mask=0.2374
2026-02-22 23:11:54,346 - portable_sam_fusion - INFO - Epoch 2/50 | train=1.524796 | sat_backbone=0.00e+00 sat_other=8.19e-06
2026-02-22 23:13:00,101 - portable_sam_fusion - INFO - Epoch 3 detailed losses: loss_rpn_cls=0.1607, loss_rpn_bbox=0.0053, loss_cls=0.6280, acc=88.6995, loss_bbox=0.2723, loss_mask=0.2151
2026-02-22 23:13:07,038 - portable_sam_fusion - INFO - Epoch 3/50 | train=1.281514 | sat_backbone=0.00e+00 sat_other=1.22e-05
2026-02-22 23:14:13,713 - portable_sam_fusion - INFO - Epoch 4 detailed losses: loss_rpn_cls=0.1437, loss_rpn_bbox=0.0044, loss_cls=0.5660, acc=88.1269, loss_bbox=0.2878, loss_mask=0.2150
2026-02-22 23:14:20,402 - portable_sam_fusion - INFO - Epoch 4/50 | train=1.216916 | sat_backbone=0.00e+00 sat_other=1.62e-05
2026-02-22 23:15:31,409 - portable_sam_fusion - INFO - Epoch 5 detailed losses: loss_rpn_cls=0.1290, loss_rpn_bbox=0.0043, loss_cls=0.4647, acc=87.2169, loss_bbox=0.3126, loss_mask=0.2112
2026-02-22 23:15:38,520 - portable_sam_fusion - INFO - Epoch 5/50 | train=1.121862 | sat_backbone=0.00e+00 sat_other=2.02e-05
2026-02-22 23:16:51,651 - portable_sam_fusion - INFO - Epoch 6 detailed losses: loss_rpn_cls=0.1137, loss_rpn_bbox=0.0041, loss_cls=0.3976, acc=86.3132, loss_bbox=0.3341, loss_mask=0.2081
2026-02-22 23:16:59,215 - portable_sam_fusion - INFO - Epoch 6/50 | train=1.057550 | sat_backbone=0.00e+00 sat_other=2.42e-05
2026-02-22 23:18:11,289 - portable_sam_fusion - INFO - Epoch 7 detailed losses: loss_rpn_cls=0.1025, loss_rpn_bbox=0.0036, loss_cls=0.4019, acc=85.5240, loss_bbox=0.3531, loss_mask=0.2004
2026-02-22 23:18:12,288 - portable_sam_fusion - INFO - Epoch 7/50 | train=1.061560 | sat_backbone=0.00e+00 sat_other=2.82e-05
2026-02-22 23:19:24,874 - portable_sam_fusion - INFO - Epoch 8 detailed losses: loss_rpn_cls=0.0923, loss_rpn_bbox=0.0032, loss_cls=0.4168, acc=84.5485, loss_bbox=0.3749, loss_mask=0.1986
2026-02-22 23:19:25,861 - portable_sam_fusion - INFO - Epoch 8/50 | train=1.085775 | sat_backbone=0.00e+00 sat_other=3.22e-05
2026-02-22 23:20:39,351 - portable_sam_fusion - INFO - Epoch 9 detailed losses: loss_rpn_cls=0.0846, loss_rpn_bbox=0.0030, loss_cls=0.4211, acc=84.2377, loss_bbox=0.3823, loss_mask=0.1957
2026-02-22 23:20:40,338 - portable_sam_fusion - INFO - Epoch 9/50 | train=1.086829 | sat_backbone=0.00e+00 sat_other=3.62e-05
2026-02-22 23:21:54,815 - portable_sam_fusion - INFO - Epoch 10 detailed losses: loss_rpn_cls=0.0790, loss_rpn_bbox=0.0029, loss_cls=0.4245, acc=84.0621, loss_bbox=0.3837, loss_mask=0.1919
2026-02-22 23:21:56,954 - portable_sam_fusion - INFO - Epoch 10/50 | train=1.081946 | sat_backbone=0.00e+00 sat_other=4.02e-05
2026-02-22 23:23:12,470 - portable_sam_fusion - INFO - Epoch 11 detailed losses: loss_rpn_cls=0.0715, loss_rpn_bbox=0.0028, loss_cls=0.4273, acc=83.8801, loss_bbox=0.3884, loss_mask=0.1883
2026-02-22 23:23:13,540 - portable_sam_fusion - INFO - Epoch 11/50 | train=1.078270 | sat_backbone=0.00e+00 sat_other=4.42e-05
2026-02-22 23:24:28,912 - portable_sam_fusion - INFO - Epoch 12 detailed losses: loss_rpn_cls=0.0662, loss_rpn_bbox=0.0028, loss_cls=0.4274, acc=83.8838, loss_bbox=0.3906, loss_mask=0.1860
2026-02-22 23:24:29,949 - portable_sam_fusion - INFO - Epoch 12/50 | train=1.073029 | sat_backbone=0.00e+00 sat_other=4.82e-05
2026-02-22 23:25:46,240 - portable_sam_fusion - INFO - Epoch 13 detailed losses: loss_rpn_cls=0.0623, loss_rpn_bbox=0.0026, loss_cls=0.4297, acc=83.7289, loss_bbox=0.3949, loss_mask=0.1824
2026-02-22 23:25:47,569 - portable_sam_fusion - INFO - Epoch 13/50 | train=1.071964 | sat_backbone=0.00e+00 sat_other=5.21e-05
