/home/wangcheng/anaconda3/envs/cvt2/lib/python3.9/site-packages/imagecorruptions/corruptions.py:17: UserWarning: pkg_resources is deprecated as an API. See https://setuptools.pypa.io/en/latest/pkg_resources.html. The pkg_resources package is slated for removal as early as 2025-11-30. Refrain from using this package or pin to Setuptools<81.
  from pkg_resources import resource_filename
Loads checkpoint by local backend from path: /home/wangcheng/project/portable_sam_fusion/checkpoints/sam2.1_hiera_base_plus.pt
Loaded SAM2 VisionEncoder. Missing keys: 0
Loads checkpoint by local backend from path: /home/wangcheng/project/portable_sam_fusion/checkpoints/sam2.1_hiera_base_plus.pt
Decoder state dict keys: 131
Loaded SAM2 MaskDecoder. Missing keys: 0
2026-02-23 13:58:56,305 - portable_sam_fusion.data.satellite_dataset - INFO - 加载 734 个卫星场景 (训练集)
2026-02-23 13:58:56,306 - portable_sam_fusion - INFO - Dataset size: 734
2026-02-23 14:00:33,394 - portable_sam_fusion - INFO - Epoch 1 detailed losses: loss_rpn_cls=0.6841, loss_rpn_bbox=0.0063, loss_cls=0.6862, acc=22.4567, loss_bbox=0.2926, loss_mask=0.3161
2026-02-23 14:00:37,028 - portable_sam_fusion - INFO - Epoch 1/50 | train=1.985294 | sat_backbone=2.10e-06 sat_other=4.20e-06
2026-02-23 14:02:23,582 - portable_sam_fusion - INFO - Epoch 2 detailed losses: loss_rpn_cls=0.3434, loss_rpn_bbox=0.0100, loss_cls=0.6454, acc=83.7076, loss_bbox=0.2820, loss_mask=0.2137
2026-02-23 14:02:39,042 - portable_sam_fusion - INFO - Epoch 2/50 | train=1.494453 | sat_backbone=4.10e-06 sat_other=8.19e-06
2026-02-23 14:04:27,289 - portable_sam_fusion - INFO - Epoch 3 detailed losses: loss_rpn_cls=0.1402, loss_rpn_bbox=0.0051, loss_cls=0.6265, acc=88.2355, loss_bbox=0.2859, loss_mask=0.1725
2026-02-23 14:04:39,991 - portable_sam_fusion - INFO - Epoch 3/50 | train=1.230178 | sat_backbone=6.09e-06 sat_other=1.22e-05
2026-02-23 14:06:28,899 - portable_sam_fusion - INFO - Epoch 4 detailed losses: loss_rpn_cls=0.1189, loss_rpn_bbox=0.0044, loss_cls=0.5905, acc=87.2387, loss_bbox=0.3107, loss_mask=0.1608
2026-02-23 14:06:41,380 - portable_sam_fusion - INFO - Epoch 4/50 | train=1.185338 | sat_backbone=8.09e-06 sat_other=1.62e-05
2026-02-23 14:08:32,412 - portable_sam_fusion - INFO - Epoch 5 detailed losses: loss_rpn_cls=0.1031, loss_rpn_bbox=0.0043, loss_cls=0.5202, acc=86.0397, loss_bbox=0.3421, loss_mask=0.1471
2026-02-23 14:08:45,193 - portable_sam_fusion - INFO - Epoch 5/50 | train=1.116805 | sat_backbone=1.01e-05 sat_other=2.02e-05
2026-02-23 14:10:35,439 - portable_sam_fusion - INFO - Epoch 6 detailed losses: loss_rpn_cls=0.0851, loss_rpn_bbox=0.0038, loss_cls=0.4428, acc=84.7901, loss_bbox=0.3734, loss_mask=0.1384
2026-02-23 14:10:46,539 - portable_sam_fusion - INFO - Epoch 6/50 | train=1.043479 | sat_backbone=1.21e-05 sat_other=2.42e-05
2026-02-23 14:12:39,407 - portable_sam_fusion - INFO - Epoch 7 detailed losses: loss_rpn_cls=0.0714, loss_rpn_bbox=0.0033, loss_cls=0.4332, acc=83.7699, loss_bbox=0.4008, loss_mask=0.1393
2026-02-23 14:12:41,328 - portable_sam_fusion - INFO - Epoch 7/50 | train=1.048072 | sat_backbone=1.41e-05 sat_other=2.82e-05
2026-02-23 14:14:34,307 - portable_sam_fusion - INFO - Epoch 8 detailed losses: loss_rpn_cls=0.0624, loss_rpn_bbox=0.0031, loss_cls=0.4389, acc=83.3399, loss_bbox=0.4102, loss_mask=0.1357
2026-02-23 14:14:36,199 - portable_sam_fusion - INFO - Epoch 8/50 | train=1.050409 | sat_backbone=1.61e-05 sat_other=3.22e-05
2026-02-23 14:16:31,698 - portable_sam_fusion - INFO - Epoch 9 detailed losses: loss_rpn_cls=0.0561, loss_rpn_bbox=0.0030, loss_cls=0.4410, acc=83.1994, loss_bbox=0.4110, loss_mask=0.1345
2026-02-23 14:16:33,832 - portable_sam_fusion - INFO - Epoch 9/50 | train=1.045680 | sat_backbone=1.81e-05 sat_other=3.62e-05
2026-02-23 14:18:28,743 - portable_sam_fusion - INFO - Epoch 10 detailed losses: loss_rpn_cls=0.0482, loss_rpn_bbox=0.0028, loss_cls=0.4433, acc=83.0477, loss_bbox=0.4148, loss_mask=0.1331
2026-02-23 14:18:46,364 - portable_sam_fusion - INFO - Epoch 10/50 | train=1.042171 | sat_backbone=2.01e-05 sat_other=4.02e-05
2026-02-23 14:20:40,111 - portable_sam_fusion - INFO - Epoch 11 detailed losses: loss_rpn_cls=0.0447, loss_rpn_bbox=0.0028, loss_cls=0.4396, acc=83.3442, loss_bbox=0.4075, loss_mask=0.1325
2026-02-23 14:20:56,372 - portable_sam_fusion - INFO - Epoch 11/50 | train=1.027152 | sat_backbone=2.21e-05 sat_other=4.42e-05
2026-02-23 14:22:51,700 - portable_sam_fusion - INFO - Epoch 12 detailed losses: loss_rpn_cls=0.0403, loss_rpn_bbox=0.0028, loss_cls=0.4385, acc=83.3042, loss_bbox=0.4089, loss_mask=0.1291
2026-02-23 14:23:09,310 - portable_sam_fusion - INFO - Epoch 12/50 | train=1.019623 | sat_backbone=2.41e-05 sat_other=4.82e-05
2026-02-23 14:25:04,424 - portable_sam_fusion - INFO - Epoch 13 detailed losses: loss_rpn_cls=0.0373, loss_rpn_bbox=0.0027, loss_cls=0.4378, acc=83.2739, loss_bbox=0.4148, loss_mask=0.1295
2026-02-23 14:25:06,684 - portable_sam_fusion - INFO - Epoch 13/50 | train=1.022167 | sat_backbone=2.61e-05 sat_other=5.21e-05
2026-02-23 14:26:57,241 - portable_sam_fusion - INFO - Epoch 14 detailed losses: loss_rpn_cls=0.0330, loss_rpn_bbox=0.0025, loss_cls=0.4379, acc=83.2489, loss_bbox=0.4157, loss_mask=0.1310
2026-02-23 14:26:59,138 - portable_sam_fusion - INFO - Epoch 14/50 | train=1.020025 | sat_backbone=2.81e-05 sat_other=5.61e-05
2026-02-23 14:28:50,131 - portable_sam_fusion - INFO - Epoch 15 detailed losses: loss_rpn_cls=0.0312, loss_rpn_bbox=0.0028, loss_cls=0.4338, acc=83.5230, loss_bbox=0.4147, loss_mask=0.1313
2026-02-23 14:29:05,744 - portable_sam_fusion - INFO - Epoch 15/50 | train=1.013748 | sat_backbone=3.01e-05 sat_other=6.01e-05
2026-02-23 14:30:57,857 - portable_sam_fusion - INFO - Epoch 16 detailed losses: loss_rpn_cls=0.0290, loss_rpn_bbox=0.0031, loss_cls=0.4268, acc=83.8652, loss_bbox=0.4024, loss_mask=0.1304
2026-02-23 14:31:11,733 - portable_sam_fusion - INFO - Epoch 16/50 | train=0.991669 | sat_backbone=3.21e-05 sat_other=6.41e-05
2026-02-23 14:33:01,983 - portable_sam_fusion - INFO - Epoch 17 detailed losses: loss_rpn_cls=0.0278, loss_rpn_bbox=0.0027, loss_cls=0.4282, acc=83.8710, loss_bbox=0.4050, loss_mask=0.1286
2026-02-23 14:33:03,812 - portable_sam_fusion - INFO - Epoch 17/50 | train=0.992351 | sat_backbone=3.41e-05 sat_other=6.81e-05
2026-02-23 14:34:58,982 - portable_sam_fusion - INFO - Epoch 18 detailed losses: loss_rpn_cls=0.0262, loss_rpn_bbox=0.0027, loss_cls=0.4311, acc=83.6331, loss_bbox=0.4120, loss_mask=0.1290
2026-02-23 14:35:00,804 - portable_sam_fusion - INFO - Epoch 18/50 | train=1.001048 | sat_backbone=3.61e-05 sat_other=7.21e-05
2026-02-23 14:36:58,076 - portable_sam_fusion - INFO - Epoch 19 detailed losses: loss_rpn_cls=0.0263, loss_rpn_bbox=0.0033, loss_cls=0.4275, acc=83.9024, loss_bbox=0.4026, loss_mask=0.1286
2026-02-23 14:37:13,547 - portable_sam_fusion - INFO - Epoch 19/50 | train=0.988281 | sat_backbone=3.81e-05 sat_other=7.61e-05
2026-02-23 14:39:08,253 - portable_sam_fusion - INFO - Epoch 20 detailed losses: loss_rpn_cls=0.0271, loss_rpn_bbox=0.0035, loss_cls=0.4270, acc=83.9620, loss_bbox=0.4033, loss_mask=0.1264
2026-02-23 14:39:19,250 - portable_sam_fusion - INFO - Epoch 20/50 | train=0.987339 | sat_backbone=4.01e-05 sat_other=8.01e-05
