/home/wangcheng/anaconda3/envs/cvt/lib/python3.9/site-packages/imagecorruptions/corruptions.py:17: UserWarning: pkg_resources is deprecated as an API. See https://setuptools.pypa.io/en/latest/pkg_resources.html. The pkg_resources package is slated for removal as early as 2025-11-30. Refrain from using this package or pin to Setuptools<81.
  from pkg_resources import resource_filename
Loads checkpoint by local backend from path: /home/wangcheng/project/SCVT3/portable_sam_fusion/checkpoints/sam_vit_b_01ec64.pth
Loaded SAM VisionEncoder with interpolation. Missing keys: 0, Unexpected keys: 138
02/11 21:32:11 - mmengine - INFO - load model from: /home/wangcheng/project/SCVT3/portable_sam_fusion/checkpoints/sam_vit_b_01ec64.pth
02/11 21:32:11 - mmengine - INFO - Loads checkpoint by local backend from path: /home/wangcheng/project/SCVT3/portable_sam_fusion/checkpoints/sam_vit_b_01ec64.pth
02/11 21:32:12 - mmengine - WARNING - The model and loaded state dict do not match exactly

unexpected key in source state_dict: shared_image_embedding.positional_embedding, vision_encoder.pos_embed, vision_encoder.patch_embed.projection.weight, vision_encoder.patch_embed.projection.bias, vision_encoder.layers.0.layer_norm1.weight, vision_encoder.layers.0.layer_norm1.bias, vision_encoder.layers.0.attn.rel_pos_h, vision_encoder.layers.0.attn.rel_pos_w, vision_encoder.layers.0.attn.qkv.weight, vision_encoder.layers.0.attn.qkv.bias, vision_encoder.layers.0.attn.proj.weight, vision_encoder.layers.0.attn.proj.bias, vision_encoder.layers.0.layer_norm2.weight, vision_encoder.layers.0.layer_norm2.bias, vision_encoder.layers.0.mlp.lin1.weight, vision_encoder.layers.0.mlp.lin1.bias, vision_encoder.layers.0.mlp.lin2.weight, vision_encoder.layers.0.mlp.lin2.bias, vision_encoder.layers.1.layer_norm1.weight, vision_encoder.layers.1.layer_norm1.bias, vision_encoder.layers.1.attn.rel_pos_h, vision_encoder.layers.1.attn.rel_pos_w, vision_encoder.layers.1.attn.qkv.weight, vision_encoder.layers.1.attn.qkv.bias, vision_encoder.layers.1.attn.proj.weight, vision_encoder.layers.1.attn.proj.bias, vision_encoder.layers.1.layer_norm2.weight, vision_encoder.layers.1.layer_norm2.bias, vision_encoder.layers.1.mlp.lin1.weight, vision_encoder.layers.1.mlp.lin1.bias, vision_encoder.layers.1.mlp.lin2.weight, vision_encoder.layers.1.mlp.lin2.bias, vision_encoder.layers.2.layer_norm1.weight, vision_encoder.layers.2.layer_norm1.bias, vision_encoder.layers.2.attn.rel_pos_h, vision_encoder.layers.2.attn.rel_pos_w, vision_encoder.layers.2.attn.qkv.weight, vision_encoder.layers.2.attn.qkv.bias, vision_encoder.layers.2.attn.proj.weight, vision_encoder.layers.2.attn.proj.bias, vision_encoder.layers.2.layer_norm2.weight, vision_encoder.layers.2.layer_norm2.bias, vision_encoder.layers.2.mlp.lin1.weight, vision_encoder.layers.2.mlp.lin1.bias, vision_encoder.layers.2.mlp.lin2.weight, vision_encoder.layers.2.mlp.lin2.bias, vision_encoder.layers.3.layer_norm1.weight, vision_encoder.layers.3.layer_norm1.bias, vision_encoder.layers.3.attn.rel_pos_h, vision_encoder.layers.3.attn.rel_pos_w, vision_encoder.layers.3.attn.qkv.weight, vision_encoder.layers.3.attn.qkv.bias, vision_encoder.layers.3.attn.proj.weight, vision_encoder.layers.3.attn.proj.bias, vision_encoder.layers.3.layer_norm2.weight, vision_encoder.layers.3.layer_norm2.bias, vision_encoder.layers.3.mlp.lin1.weight, vision_encoder.layers.3.mlp.lin1.bias, vision_encoder.layers.3.mlp.lin2.weight, vision_encoder.layers.3.mlp.lin2.bias, vision_encoder.layers.4.layer_norm1.weight, vision_encoder.layers.4.layer_norm1.bias, vision_encoder.layers.4.attn.rel_pos_h, vision_encoder.layers.4.attn.rel_pos_w, vision_encoder.layers.4.attn.qkv.weight, vision_encoder.layers.4.attn.qkv.bias, vision_encoder.layers.4.attn.proj.weight, vision_encoder.layers.4.attn.proj.bias, vision_encoder.layers.4.layer_norm2.weight, vision_encoder.layers.4.layer_norm2.bias, vision_encoder.layers.4.mlp.lin1.weight, vision_encoder.layers.4.mlp.lin1.bias, vision_encoder.layers.4.mlp.lin2.weight, vision_encoder.layers.4.mlp.lin2.bias, vision_encoder.layers.5.layer_norm1.weight, vision_encoder.layers.5.layer_norm1.bias, vision_encoder.layers.5.attn.rel_pos_h, vision_encoder.layers.5.attn.rel_pos_w, vision_encoder.layers.5.attn.qkv.weight, vision_encoder.layers.5.attn.qkv.bias, vision_encoder.layers.5.attn.proj.weight, vision_encoder.layers.5.attn.proj.bias, vision_encoder.layers.5.layer_norm2.weight, vision_encoder.layers.5.layer_norm2.bias, vision_encoder.layers.5.mlp.lin1.weight, vision_encoder.layers.5.mlp.lin1.bias, vision_encoder.layers.5.mlp.lin2.weight, vision_encoder.layers.5.mlp.lin2.bias, vision_encoder.layers.6.layer_norm1.weight, vision_encoder.layers.6.layer_norm1.bias, vision_encoder.layers.6.attn.rel_pos_h, vision_encoder.layers.6.attn.rel_pos_w, vision_encoder.layers.6.attn.qkv.weight, vision_encoder.layers.6.attn.qkv.bias, vision_encoder.layers.6.attn.proj.weight, vision_encoder.layers.6.attn.proj.bias, vision_encoder.layers.6.layer_norm2.weight, vision_encoder.layers.6.layer_norm2.bias, vision_encoder.layers.6.mlp.lin1.weight, vision_encoder.layers.6.mlp.lin1.bias, vision_encoder.layers.6.mlp.lin2.weight, vision_encoder.layers.6.mlp.lin2.bias, vision_encoder.layers.7.layer_norm1.weight, vision_encoder.layers.7.layer_norm1.bias, vision_encoder.layers.7.attn.rel_pos_h, vision_encoder.layers.7.attn.rel_pos_w, vision_encoder.layers.7.attn.qkv.weight, vision_encoder.layers.7.attn.qkv.bias, vision_encoder.layers.7.attn.proj.weight, vision_encoder.layers.7.attn.proj.bias, vision_encoder.layers.7.layer_norm2.weight, vision_encoder.layers.7.layer_norm2.bias, vision_encoder.layers.7.mlp.lin1.weight, vision_encoder.layers.7.mlp.lin1.bias, vision_encoder.layers.7.mlp.lin2.weight, vision_encoder.layers.7.mlp.lin2.bias, vision_encoder.layers.8.layer_norm1.weight, vision_encoder.layers.8.layer_norm1.bias, vision_encoder.layers.8.attn.rel_pos_h, vision_encoder.layers.8.attn.rel_pos_w, vision_encoder.layers.8.attn.qkv.weight, vision_encoder.layers.8.attn.qkv.bias, vision_encoder.layers.8.attn.proj.weight, vision_encoder.layers.8.attn.proj.bias, vision_encoder.layers.8.layer_norm2.weight, vision_encoder.layers.8.layer_norm2.bias, vision_encoder.layers.8.mlp.lin1.weight, vision_encoder.layers.8.mlp.lin1.bias, vision_encoder.layers.8.mlp.lin2.weight, vision_encoder.layers.8.mlp.lin2.bias, vision_encoder.layers.9.layer_norm1.weight, vision_encoder.layers.9.layer_norm1.bias, vision_encoder.layers.9.attn.rel_pos_h, vision_encoder.layers.9.attn.rel_pos_w, vision_encoder.layers.9.attn.qkv.weight, vision_encoder.layers.9.attn.qkv.bias, vision_encoder.layers.9.attn.proj.weight, vision_encoder.layers.9.attn.proj.bias, vision_encoder.layers.9.layer_norm2.weight, vision_encoder.layers.9.layer_norm2.bias, vision_encoder.layers.9.mlp.lin1.weight, vision_encoder.layers.9.mlp.lin1.bias, vision_encoder.layers.9.mlp.lin2.weight, vision_encoder.layers.9.mlp.lin2.bias, vision_encoder.layers.10.layer_norm1.weight, vision_encoder.layers.10.layer_norm1.bias, vision_encoder.layers.10.attn.rel_pos_h, vision_encoder.layers.10.attn.rel_pos_w, vision_encoder.layers.10.attn.qkv.weight, vision_encoder.layers.10.attn.qkv.bias, vision_encoder.layers.10.attn.proj.weight, vision_encoder.layers.10.attn.proj.bias, vision_encoder.layers.10.layer_norm2.weight, vision_encoder.layers.10.layer_norm2.bias, vision_encoder.layers.10.mlp.lin1.weight, vision_encoder.layers.10.mlp.lin1.bias, vision_encoder.layers.10.mlp.lin2.weight, vision_encoder.layers.10.mlp.lin2.bias, vision_encoder.layers.11.layer_norm1.weight, vision_encoder.layers.11.layer_norm1.bias, vision_encoder.layers.11.attn.rel_pos_h, vision_encoder.layers.11.attn.rel_pos_w, vision_encoder.layers.11.attn.qkv.weight, vision_encoder.layers.11.attn.qkv.bias, vision_encoder.layers.11.attn.proj.weight, vision_encoder.layers.11.attn.proj.bias, vision_encoder.layers.11.layer_norm2.weight, vision_encoder.layers.11.layer_norm2.bias, vision_encoder.layers.11.mlp.lin1.weight, vision_encoder.layers.11.mlp.lin1.bias, vision_encoder.layers.11.mlp.lin2.weight, vision_encoder.layers.11.mlp.lin2.bias, vision_encoder.neck.conv1.weight, vision_encoder.neck.layer_norm1.weight, vision_encoder.neck.layer_norm1.bias, vision_encoder.neck.conv2.weight, vision_encoder.neck.layer_norm2.weight, vision_encoder.neck.layer_norm2.bias, mask_decoder.iou_token.weight, mask_decoder.mask_tokens.weight, mask_decoder.transformer.layers.0.self_attn.q_proj.weight, mask_decoder.transformer.layers.0.self_attn.q_proj.bias, mask_decoder.transformer.layers.0.self_attn.k_proj.weight, mask_decoder.transformer.layers.0.self_attn.k_proj.bias, mask_decoder.transformer.layers.0.self_attn.v_proj.weight, mask_decoder.transformer.layers.0.self_attn.v_proj.bias, mask_decoder.transformer.layers.0.self_attn.out_proj.weight, mask_decoder.transformer.layers.0.self_attn.out_proj.bias, mask_decoder.transformer.layers.0.layer_norm1.weight, mask_decoder.transformer.layers.0.layer_norm1.bias, mask_decoder.transformer.layers.0.cross_attn_token_to_image.q_proj.weight, mask_decoder.transformer.layers.0.cross_attn_token_to_image.q_proj.bias, mask_decoder.transformer.layers.0.cross_attn_token_to_image.k_proj.weight, mask_decoder.transformer.layers.0.cross_attn_token_to_image.k_proj.bias, mask_decoder.transformer.layers.0.cross_attn_token_to_image.v_proj.weight, mask_decoder.transformer.layers.0.cross_attn_token_to_image.v_proj.bias, mask_decoder.transformer.layers.0.cross_attn_token_to_image.out_proj.weight, mask_decoder.transformer.layers.0.cross_attn_token_to_image.out_proj.bias, mask_decoder.transformer.layers.0.layer_norm2.weight, mask_decoder.transformer.layers.0.layer_norm2.bias, mask_decoder.transformer.layers.0.mlp.lin1.weight, mask_decoder.transformer.layers.0.mlp.lin1.bias, mask_decoder.transformer.layers.0.mlp.lin2.weight, mask_decoder.transformer.layers.0.mlp.lin2.bias, mask_decoder.transformer.layers.0.layer_norm3.weight, mask_decoder.transformer.layers.0.layer_norm3.bias, mask_decoder.transformer.layers.0.layer_norm4.weight, mask_decoder.transformer.layers.0.layer_norm4.bias, mask_decoder.transformer.layers.0.cross_attn_image_to_token.q_proj.weight, mask_decoder.transformer.layers.0.cross_attn_image_to_token.q_proj.bias, mask_decoder.transformer.layers.0.cross_attn_image_to_token.k_proj.weight, mask_decoder.transformer.layers.0.cross_attn_image_to_token.k_proj.bias, mask_decoder.transformer.layers.0.cross_attn_image_to_token.v_proj.weight, mask_decoder.transformer.layers.0.cross_attn_image_to_token.v_proj.bias, mask_decoder.transformer.layers.0.cross_attn_image_to_token.out_proj.weight, mask_decoder.transformer.layers.0.cross_attn_image_to_token.out_proj.bias, mask_decoder.transformer.layers.1.self_attn.q_proj.weight, mask_decoder.transformer.layers.1.self_attn.q_proj.bias, mask_decoder.transformer.layers.1.self_attn.k_proj.weight, mask_decoder.transformer.layers.1.self_attn.k_proj.bias, mask_decoder.transformer.layers.1.self_attn.v_proj.weight, mask_decoder.transformer.layers.1.self_attn.v_proj.bias, mask_decoder.transformer.layers.1.self_attn.out_proj.weight, mask_decoder.transformer.layers.1.self_attn.out_proj.bias, mask_decoder.transformer.layers.1.layer_norm1.weight, mask_decoder.transformer.layers.1.layer_norm1.bias, mask_decoder.transformer.layers.1.cross_attn_token_to_image.q_proj.weight, mask_decoder.transformer.layers.1.cross_attn_token_to_image.q_proj.bias, mask_decoder.transformer.layers.1.cross_attn_token_to_image.k_proj.weight, mask_decoder.transformer.layers.1.cross_attn_token_to_image.k_proj.bias, mask_decoder.transformer.layers.1.cross_attn_token_to_image.v_proj.weight, mask_decoder.transformer.layers.1.cross_attn_token_to_image.v_proj.bias, mask_decoder.transformer.layers.1.cross_attn_token_to_image.out_proj.weight, mask_decoder.transformer.layers.1.cross_attn_token_to_image.out_proj.bias, mask_decoder.transformer.layers.1.layer_norm2.weight, mask_decoder.transformer.layers.1.layer_norm2.bias, mask_decoder.transformer.layers.1.mlp.lin1.weight, mask_decoder.transformer.layers.1.mlp.lin1.bias, mask_decoder.transformer.layers.1.mlp.lin2.weight, mask_decoder.transformer.layers.1.mlp.lin2.bias, mask_decoder.transformer.layers.1.layer_norm3.weight, mask_decoder.transformer.layers.1.layer_norm3.bias, mask_decoder.transformer.layers.1.layer_norm4.weight, mask_decoder.transformer.layers.1.layer_norm4.bias, mask_decoder.transformer.layers.1.cross_attn_image_to_token.q_proj.weight, mask_decoder.transformer.layers.1.cross_attn_image_to_token.q_proj.bias, mask_decoder.transformer.layers.1.cross_attn_image_to_token.k_proj.weight, mask_decoder.transformer.layers.1.cross_attn_image_to_token.k_proj.bias, mask_decoder.transformer.layers.1.cross_attn_image_to_token.v_proj.weight, mask_decoder.transformer.layers.1.cross_attn_image_to_token.v_proj.bias, mask_decoder.transformer.layers.1.cross_attn_image_to_token.out_proj.weight, mask_decoder.transformer.layers.1.cross_attn_image_to_token.out_proj.bias, mask_decoder.transformer.final_attn_token_to_image.q_proj.weight, mask_decoder.transformer.final_attn_token_to_image.q_proj.bias, mask_decoder.transformer.final_attn_token_to_image.k_proj.weight, mask_decoder.transformer.final_attn_token_to_image.k_proj.bias, mask_decoder.transformer.final_attn_token_to_image.v_proj.weight, mask_decoder.transformer.final_attn_token_to_image.v_proj.bias, mask_decoder.transformer.final_attn_token_to_image.out_proj.weight, mask_decoder.transformer.final_attn_token_to_image.out_proj.bias, mask_decoder.transformer.layer_norm_final_attn.weight, mask_decoder.transformer.layer_norm_final_attn.bias, mask_decoder.upscale_conv1.weight, mask_decoder.upscale_conv1.bias, mask_decoder.upscale_conv2.weight, mask_decoder.upscale_conv2.bias, mask_decoder.upscale_layer_norm.weight, mask_decoder.upscale_layer_norm.bias, mask_decoder.output_hypernetworks_mlps.0.proj_in.weight, mask_decoder.output_hypernetworks_mlps.0.proj_in.bias, mask_decoder.output_hypernetworks_mlps.0.proj_out.weight, mask_decoder.output_hypernetworks_mlps.0.proj_out.bias, mask_decoder.output_hypernetworks_mlps.0.layers.0.weight, mask_decoder.output_hypernetworks_mlps.0.layers.0.bias, mask_decoder.output_hypernetworks_mlps.1.proj_in.weight, mask_decoder.output_hypernetworks_mlps.1.proj_in.bias, mask_decoder.output_hypernetworks_mlps.1.proj_out.weight, mask_decoder.output_hypernetworks_mlps.1.proj_out.bias, mask_decoder.output_hypernetworks_mlps.1.layers.0.weight, mask_decoder.output_hypernetworks_mlps.1.layers.0.bias, mask_decoder.output_hypernetworks_mlps.2.proj_in.weight, mask_decoder.output_hypernetworks_mlps.2.proj_in.bias, mask_decoder.output_hypernetworks_mlps.2.proj_out.weight, mask_decoder.output_hypernetworks_mlps.2.proj_out.bias, mask_decoder.output_hypernetworks_mlps.2.layers.0.weight, mask_decoder.output_hypernetworks_mlps.2.layers.0.bias, mask_decoder.output_hypernetworks_mlps.3.proj_in.weight, mask_decoder.output_hypernetworks_mlps.3.proj_in.bias, mask_decoder.output_hypernetworks_mlps.3.proj_out.weight, mask_decoder.output_hypernetworks_mlps.3.proj_out.bias, mask_decoder.output_hypernetworks_mlps.3.layers.0.weight, mask_decoder.output_hypernetworks_mlps.3.layers.0.bias, mask_decoder.iou_prediction_head.proj_in.weight, mask_decoder.iou_prediction_head.proj_in.bias, mask_decoder.iou_prediction_head.proj_out.weight, mask_decoder.iou_prediction_head.proj_out.bias, mask_decoder.iou_prediction_head.layers.0.weight, mask_decoder.iou_prediction_head.layers.0.bias, prompt_encoder.shared_embedding.positional_embedding

02/11 21:32:12 - mmengine - INFO - 
prompt_encoder.mask_embed.conv1.weight - torch.Size([4, 1, 2, 2]): 
PretrainedInit: load from /home/wangcheng/project/SCVT3/portable_sam_fusion/checkpoints/sam_vit_b_01ec64.pth 
 
02/11 21:32:12 - mmengine - INFO - 
prompt_encoder.mask_embed.conv1.bias - torch.Size([4]): 
PretrainedInit: load from /home/wangcheng/project/SCVT3/portable_sam_fusion/checkpoints/sam_vit_b_01ec64.pth 
 
02/11 21:32:12 - mmengine - INFO - 
prompt_encoder.mask_embed.conv2.weight - torch.Size([16, 4, 2, 2]): 
PretrainedInit: load from /home/wangcheng/project/SCVT3/portable_sam_fusion/checkpoints/sam_vit_b_01ec64.pth 
 
02/11 21:32:12 - mmengine - INFO - 
prompt_encoder.mask_embed.conv2.bias - torch.Size([16]): 
PretrainedInit: load from /home/wangcheng/project/SCVT3/portable_sam_fusion/checkpoints/sam_vit_b_01ec64.pth 
 
02/11 21:32:12 - mmengine - INFO - 
prompt_encoder.mask_embed.conv3.weight - torch.Size([256, 16, 1, 1]): 
PretrainedInit: load from /home/wangcheng/project/SCVT3/portable_sam_fusion/checkpoints/sam_vit_b_01ec64.pth 
 
02/11 21:32:12 - mmengine - INFO - 
prompt_encoder.mask_embed.conv3.bias - torch.Size([256]): 
PretrainedInit: load from /home/wangcheng/project/SCVT3/portable_sam_fusion/checkpoints/sam_vit_b_01ec64.pth 
 
02/11 21:32:12 - mmengine - INFO - 
prompt_encoder.mask_embed.layer_norm1.weight - torch.Size([4]): 
PretrainedInit: load from /home/wangcheng/project/SCVT3/portable_sam_fusion/checkpoints/sam_vit_b_01ec64.pth 
 
02/11 21:32:12 - mmengine - INFO - 
prompt_encoder.mask_embed.layer_norm1.bias - torch.Size([4]): 
PretrainedInit: load from /home/wangcheng/project/SCVT3/portable_sam_fusion/checkpoints/sam_vit_b_01ec64.pth 
 
02/11 21:32:12 - mmengine - INFO - 
prompt_encoder.mask_embed.layer_norm2.weight - torch.Size([16]): 
PretrainedInit: load from /home/wangcheng/project/SCVT3/portable_sam_fusion/checkpoints/sam_vit_b_01ec64.pth 
 
02/11 21:32:12 - mmengine - INFO - 
prompt_encoder.mask_embed.layer_norm2.bias - torch.Size([16]): 
PretrainedInit: load from /home/wangcheng/project/SCVT3/portable_sam_fusion/checkpoints/sam_vit_b_01ec64.pth 
 
02/11 21:32:12 - mmengine - INFO - 
prompt_encoder.no_mask_embed.weight - torch.Size([1, 256]): 
PretrainedInit: load from /home/wangcheng/project/SCVT3/portable_sam_fusion/checkpoints/sam_vit_b_01ec64.pth 
 
02/11 21:32:12 - mmengine - INFO - 
prompt_encoder.point_embed.0.weight - torch.Size([1, 256]): 
PretrainedInit: load from /home/wangcheng/project/SCVT3/portable_sam_fusion/checkpoints/sam_vit_b_01ec64.pth 
 
02/11 21:32:12 - mmengine - INFO - 
prompt_encoder.point_embed.1.weight - torch.Size([1, 256]): 
PretrainedInit: load from /home/wangcheng/project/SCVT3/portable_sam_fusion/checkpoints/sam_vit_b_01ec64.pth 
 
02/11 21:32:12 - mmengine - INFO - 
prompt_encoder.point_embed.2.weight - torch.Size([1, 256]): 
PretrainedInit: load from /home/wangcheng/project/SCVT3/portable_sam_fusion/checkpoints/sam_vit_b_01ec64.pth 
 
02/11 21:32:12 - mmengine - INFO - 
prompt_encoder.point_embed.3.weight - torch.Size([1, 256]): 
PretrainedInit: load from /home/wangcheng/project/SCVT3/portable_sam_fusion/checkpoints/sam_vit_b_01ec64.pth 
 
02/11 21:32:12 - mmengine - INFO - 
prompt_encoder.not_a_point_embed.weight - torch.Size([1, 256]): 
PretrainedInit: load from /home/wangcheng/project/SCVT3/portable_sam_fusion/checkpoints/sam_vit_b_01ec64.pth 
 
Loads checkpoint by local backend from path: /home/wangcheng/project/SCVT3/portable_sam_fusion/checkpoints/sam_vit_b_01ec64.pth
Loaded SAM PositionalEmbedding. Missing keys: 0, Unexpected keys: 314
2026-02-11 21:32:13,792 - portable_sam_fusion.data.satellite_drone_dataset - INFO - SatelliteDroneDataset initialized (训练集): 578 scenes, views=4, sat_size=(1024, 1024), drone_size=(512, 512)
2026-02-11 21:32:13,820 - portable_sam_fusion.data.satellite_drone_dataset - INFO - SatelliteDroneDataset initialized (验证集): 56 scenes, views=4, sat_size=(1024, 1024), drone_size=(512, 512)
2026-02-11 21:32:13,820 - portable_sam_fusion - INFO - Dataset size: 578
2026-02-11 21:32:15,155 - portable_sam_fusion - INFO - Loaded weights from /home/wangcheng/project/SCVT3/portable_sam_fusion/checkpoints/rsprompter-fusion-satS-v1-staged/best_model.pth (optimizer/scheduler not restored)
2026-02-11 21:36:48,734 - portable_sam_fusion - INFO - Epoch 1 detailed losses: loss_rpn_cls=0.7195, loss_rpn_bbox=0.0228, loss_cls=0.0000, acc=100.0000, loss_bbox=0.0000, loss_mask=0.0118
2026-02-11 21:37:44,262 - portable_sam_fusion - INFO - Epoch 1/60 | train=0.011848 val=0.040915 | sat_backbone=6.73e-08 sat_other=6.73e-08 drone_guidance=6.73e-08
2026-02-11 21:42:25,529 - portable_sam_fusion - INFO - Epoch 2 detailed losses: loss_rpn_cls=0.7196, loss_rpn_bbox=0.0228, loss_cls=0.0000, acc=100.0000, loss_bbox=0.0000, loss_mask=0.0117
2026-02-11 21:43:11,990 - portable_sam_fusion - INFO - Epoch 2/60 | train=0.011659 val=0.040807 | sat_backbone=8.46e-08 sat_other=8.46e-08 drone_guidance=8.46e-08
2026-02-11 21:47:41,607 - portable_sam_fusion - INFO - Epoch 3 detailed losses: loss_rpn_cls=0.7198, loss_rpn_bbox=0.0228, loss_cls=0.0000, acc=100.0000, loss_bbox=0.0000, loss_mask=0.0114
2026-02-11 21:48:17,972 - portable_sam_fusion - INFO - Epoch 3/60 | train=0.011449 val=0.041507 | sat_backbone=1.02e-07 sat_other=1.02e-07 drone_guidance=1.02e-07
2026-02-11 21:52:52,031 - portable_sam_fusion - INFO - Epoch 4 detailed losses: loss_rpn_cls=0.7193, loss_rpn_bbox=0.0228, loss_cls=0.0000, acc=100.0000, loss_bbox=0.0000, loss_mask=0.0112
2026-02-11 21:53:27,024 - portable_sam_fusion - INFO - Epoch 4/60 | train=0.011226 val=0.041801 | sat_backbone=1.19e-07 sat_other=1.19e-07 drone_guidance=1.19e-07
2026-02-11 21:58:04,127 - portable_sam_fusion - INFO - Epoch 5 detailed losses: loss_rpn_cls=0.7199, loss_rpn_bbox=0.0228, loss_cls=0.0000, acc=100.0000, loss_bbox=0.0000, loss_mask=0.0110
2026-02-11 21:58:39,549 - portable_sam_fusion - INFO - Epoch 5/60 | train=0.011001 val=0.041763 | sat_backbone=5.00e-05 sat_other=5.00e-05 drone_guidance=5.00e-05
2026-02-11 22:03:15,447 - portable_sam_fusion - INFO - Epoch 6 detailed losses: loss_rpn_cls=0.7211, loss_rpn_bbox=0.0229, loss_cls=0.0000, acc=100.0000, loss_bbox=0.0000, loss_mask=0.0100
2026-02-11 22:03:50,937 - portable_sam_fusion - INFO - Epoch 6/60 | train=0.009961 val=0.049128 | sat_backbone=5.00e-05 sat_other=5.00e-05 drone_guidance=5.00e-05
2026-02-11 22:08:30,669 - portable_sam_fusion - INFO - Epoch 7 detailed losses: loss_rpn_cls=0.7223, loss_rpn_bbox=0.0230, loss_cls=0.0000, acc=100.0000, loss_bbox=0.0000, loss_mask=0.0083
2026-02-11 22:09:04,274 - portable_sam_fusion - INFO - Epoch 7/60 | train=0.008323 val=0.055460 | sat_backbone=4.99e-05 sat_other=4.99e-05 drone_guidance=4.99e-05
2026-02-11 22:13:42,435 - portable_sam_fusion - INFO - Epoch 8 detailed losses: loss_rpn_cls=0.7225, loss_rpn_bbox=0.0230, loss_cls=0.0000, acc=100.0000, loss_bbox=0.0000, loss_mask=0.0078
2026-02-11 22:14:16,939 - portable_sam_fusion - INFO - Epoch 8/60 | train=0.007763 val=0.054415 | sat_backbone=4.98e-05 sat_other=4.98e-05 drone_guidance=4.98e-05
2026-02-11 22:18:38,854 - portable_sam_fusion - INFO - Epoch 9 detailed losses: loss_rpn_cls=0.7222, loss_rpn_bbox=0.0230, loss_cls=0.0000, acc=100.0000, loss_bbox=0.0000, loss_mask=0.0069
2026-02-11 22:19:11,229 - portable_sam_fusion - INFO - Epoch 9/60 | train=0.006950 val=0.056081 | sat_backbone=4.96e-05 sat_other=4.96e-05 drone_guidance=4.96e-05
2026-02-11 22:23:46,330 - portable_sam_fusion - INFO - Epoch 10 detailed losses: loss_rpn_cls=0.7225, loss_rpn_bbox=0.0229, loss_cls=0.0000, acc=100.0000, loss_bbox=0.0000, loss_mask=0.0065
2026-02-11 22:24:19,367 - portable_sam_fusion - INFO - Epoch 10/60 | train=0.006451 val=0.058440 | sat_backbone=4.93e-05 sat_other=4.93e-05 drone_guidance=4.93e-05
2026-02-11 22:28:50,972 - portable_sam_fusion - INFO - Epoch 11 detailed losses: loss_rpn_cls=0.7236, loss_rpn_bbox=0.0230, loss_cls=0.0000, acc=100.0000, loss_bbox=0.0000, loss_mask=0.0066
2026-02-11 22:29:23,223 - portable_sam_fusion - INFO - Epoch 11/60 | train=0.006603 val=0.049875 | sat_backbone=4.90e-05 sat_other=4.90e-05 drone_guidance=4.90e-05
2026-02-11 22:33:57,629 - portable_sam_fusion - INFO - Epoch 12 detailed losses: loss_rpn_cls=0.7231, loss_rpn_bbox=0.0229, loss_cls=0.0000, acc=100.0000, loss_bbox=0.0000, loss_mask=0.0073
2026-02-11 22:34:28,309 - portable_sam_fusion - INFO - Epoch 12/60 | train=0.007305 val=0.054228 | sat_backbone=4.87e-05 sat_other=4.87e-05 drone_guidance=4.87e-05
2026-02-11 22:39:04,558 - portable_sam_fusion - INFO - Epoch 13 detailed losses: loss_rpn_cls=0.7223, loss_rpn_bbox=0.0229, loss_cls=0.0000, acc=100.0000, loss_bbox=0.0000, loss_mask=0.0073
2026-02-11 22:39:36,701 - portable_sam_fusion - INFO - Epoch 13/60 | train=0.007344 val=0.045629 | sat_backbone=4.83e-05 sat_other=4.83e-05 drone_guidance=4.83e-05
2026-02-11 22:44:09,539 - portable_sam_fusion - INFO - Epoch 14 detailed losses: loss_rpn_cls=0.7221, loss_rpn_bbox=0.0229, loss_cls=0.0000, acc=100.0000, loss_bbox=0.0000, loss_mask=0.0072
2026-02-11 22:44:39,657 - portable_sam_fusion - INFO - Epoch 14/60 | train=0.007157 val=0.050416 | sat_backbone=4.78e-05 sat_other=4.78e-05 drone_guidance=4.78e-05
2026-02-11 22:49:11,944 - portable_sam_fusion - INFO - Epoch 15 detailed losses: loss_rpn_cls=0.7226, loss_rpn_bbox=0.0228, loss_cls=0.0000, acc=100.0000, loss_bbox=0.0000, loss_mask=0.0057
2026-02-11 22:49:43,555 - portable_sam_fusion - INFO - Epoch 15/60 | train=0.005675 val=0.054823 | sat_backbone=4.73e-05 sat_other=4.73e-05 drone_guidance=4.73e-05
2026-02-11 22:54:13,060 - portable_sam_fusion - INFO - Epoch 16 detailed losses: loss_rpn_cls=0.7228, loss_rpn_bbox=0.0228, loss_cls=0.0000, acc=100.0000, loss_bbox=0.0000, loss_mask=0.0052
2026-02-11 22:54:48,182 - portable_sam_fusion - INFO - Epoch 16/60 | train=0.005164 val=0.058072 | sat_backbone=4.68e-05 sat_other=4.68e-05 drone_guidance=4.68e-05
2026-02-11 22:59:22,840 - portable_sam_fusion - INFO - Epoch 17 detailed losses: loss_rpn_cls=0.7246, loss_rpn_bbox=0.0228, loss_cls=0.0000, acc=100.0000, loss_bbox=0.0000, loss_mask=0.0047
2026-02-11 22:59:42,956 - portable_sam_fusion - INFO - Epoch 17/60 | train=0.004730 val=0.060534 | sat_backbone=4.62e-05 sat_other=4.62e-05 drone_guidance=4.62e-05
2026-02-11 22:59:42,957 - portable_sam_fusion - INFO - Early stopping triggered (patience=15)
