/home/wangcheng/anaconda3/envs/cvt/lib/python3.9/site-packages/imagecorruptions/corruptions.py:17: UserWarning: pkg_resources is deprecated as an API. See https://setuptools.pypa.io/en/latest/pkg_resources.html. The pkg_resources package is slated for removal as early as 2025-11-30. Refrain from using this package or pin to Setuptools<81.
  from pkg_resources import resource_filename
Loads checkpoint by local backend from path: /home/wangcheng/project/SCVT3/portable_sam_fusion/checkpoints/sam_vit_b_01ec64.pth
Loaded SAM VisionEncoder with interpolation. Missing keys: 0, Unexpected keys: 138
02/14 23:33:47 - mmengine - INFO - load model from: /home/wangcheng/project/SCVT3/portable_sam_fusion/checkpoints/sam_vit_b_01ec64.pth
02/14 23:33:47 - mmengine - INFO - Loads checkpoint by local backend from path: /home/wangcheng/project/SCVT3/portable_sam_fusion/checkpoints/sam_vit_b_01ec64.pth
02/14 23:33:48 - mmengine - WARNING - The model and loaded state dict do not match exactly

unexpected key in source state_dict: shared_image_embedding.positional_embedding, vision_encoder.pos_embed, vision_encoder.patch_embed.projection.weight, vision_encoder.patch_embed.projection.bias, vision_encoder.layers.0.layer_norm1.weight, vision_encoder.layers.0.layer_norm1.bias, vision_encoder.layers.0.attn.rel_pos_h, vision_encoder.layers.0.attn.rel_pos_w, vision_encoder.layers.0.attn.qkv.weight, vision_encoder.layers.0.attn.qkv.bias, vision_encoder.layers.0.attn.proj.weight, vision_encoder.layers.0.attn.proj.bias, vision_encoder.layers.0.layer_norm2.weight, vision_encoder.layers.0.layer_norm2.bias, vision_encoder.layers.0.mlp.lin1.weight, vision_encoder.layers.0.mlp.lin1.bias, vision_encoder.layers.0.mlp.lin2.weight, vision_encoder.layers.0.mlp.lin2.bias, vision_encoder.layers.1.layer_norm1.weight, vision_encoder.layers.1.layer_norm1.bias, vision_encoder.layers.1.attn.rel_pos_h, vision_encoder.layers.1.attn.rel_pos_w, vision_encoder.layers.1.attn.qkv.weight, vision_encoder.layers.1.attn.qkv.bias, vision_encoder.layers.1.attn.proj.weight, vision_encoder.layers.1.attn.proj.bias, vision_encoder.layers.1.layer_norm2.weight, vision_encoder.layers.1.layer_norm2.bias, vision_encoder.layers.1.mlp.lin1.weight, vision_encoder.layers.1.mlp.lin1.bias, vision_encoder.layers.1.mlp.lin2.weight, vision_encoder.layers.1.mlp.lin2.bias, vision_encoder.layers.2.layer_norm1.weight, vision_encoder.layers.2.layer_norm1.bias, vision_encoder.layers.2.attn.rel_pos_h, vision_encoder.layers.2.attn.rel_pos_w, vision_encoder.layers.2.attn.qkv.weight, vision_encoder.layers.2.attn.qkv.bias, vision_encoder.layers.2.attn.proj.weight, vision_encoder.layers.2.attn.proj.bias, vision_encoder.layers.2.layer_norm2.weight, vision_encoder.layers.2.layer_norm2.bias, vision_encoder.layers.2.mlp.lin1.weight, vision_encoder.layers.2.mlp.lin1.bias, vision_encoder.layers.2.mlp.lin2.weight, vision_encoder.layers.2.mlp.lin2.bias, vision_encoder.layers.3.layer_norm1.weight, vision_encoder.layers.3.layer_norm1.bias, vision_encoder.layers.3.attn.rel_pos_h, vision_encoder.layers.3.attn.rel_pos_w, vision_encoder.layers.3.attn.qkv.weight, vision_encoder.layers.3.attn.qkv.bias, vision_encoder.layers.3.attn.proj.weight, vision_encoder.layers.3.attn.proj.bias, vision_encoder.layers.3.layer_norm2.weight, vision_encoder.layers.3.layer_norm2.bias, vision_encoder.layers.3.mlp.lin1.weight, vision_encoder.layers.3.mlp.lin1.bias, vision_encoder.layers.3.mlp.lin2.weight, vision_encoder.layers.3.mlp.lin2.bias, vision_encoder.layers.4.layer_norm1.weight, vision_encoder.layers.4.layer_norm1.bias, vision_encoder.layers.4.attn.rel_pos_h, vision_encoder.layers.4.attn.rel_pos_w, vision_encoder.layers.4.attn.qkv.weight, vision_encoder.layers.4.attn.qkv.bias, vision_encoder.layers.4.attn.proj.weight, vision_encoder.layers.4.attn.proj.bias, vision_encoder.layers.4.layer_norm2.weight, vision_encoder.layers.4.layer_norm2.bias, vision_encoder.layers.4.mlp.lin1.weight, vision_encoder.layers.4.mlp.lin1.bias, vision_encoder.layers.4.mlp.lin2.weight, vision_encoder.layers.4.mlp.lin2.bias, vision_encoder.layers.5.layer_norm1.weight, vision_encoder.layers.5.layer_norm1.bias, vision_encoder.layers.5.attn.rel_pos_h, vision_encoder.layers.5.attn.rel_pos_w, vision_encoder.layers.5.attn.qkv.weight, vision_encoder.layers.5.attn.qkv.bias, vision_encoder.layers.5.attn.proj.weight, vision_encoder.layers.5.attn.proj.bias, vision_encoder.layers.5.layer_norm2.weight, vision_encoder.layers.5.layer_norm2.bias, vision_encoder.layers.5.mlp.lin1.weight, vision_encoder.layers.5.mlp.lin1.bias, vision_encoder.layers.5.mlp.lin2.weight, vision_encoder.layers.5.mlp.lin2.bias, vision_encoder.layers.6.layer_norm1.weight, vision_encoder.layers.6.layer_norm1.bias, vision_encoder.layers.6.attn.rel_pos_h, vision_encoder.layers.6.attn.rel_pos_w, vision_encoder.layers.6.attn.qkv.weight, vision_encoder.layers.6.attn.qkv.bias, vision_encoder.layers.6.attn.proj.weight, vision_encoder.layers.6.attn.proj.bias, vision_encoder.layers.6.layer_norm2.weight, vision_encoder.layers.6.layer_norm2.bias, vision_encoder.layers.6.mlp.lin1.weight, vision_encoder.layers.6.mlp.lin1.bias, vision_encoder.layers.6.mlp.lin2.weight, vision_encoder.layers.6.mlp.lin2.bias, vision_encoder.layers.7.layer_norm1.weight, vision_encoder.layers.7.layer_norm1.bias, vision_encoder.layers.7.attn.rel_pos_h, vision_encoder.layers.7.attn.rel_pos_w, vision_encoder.layers.7.attn.qkv.weight, vision_encoder.layers.7.attn.qkv.bias, vision_encoder.layers.7.attn.proj.weight, vision_encoder.layers.7.attn.proj.bias, vision_encoder.layers.7.layer_norm2.weight, vision_encoder.layers.7.layer_norm2.bias, vision_encoder.layers.7.mlp.lin1.weight, vision_encoder.layers.7.mlp.lin1.bias, vision_encoder.layers.7.mlp.lin2.weight, vision_encoder.layers.7.mlp.lin2.bias, vision_encoder.layers.8.layer_norm1.weight, vision_encoder.layers.8.layer_norm1.bias, vision_encoder.layers.8.attn.rel_pos_h, vision_encoder.layers.8.attn.rel_pos_w, vision_encoder.layers.8.attn.qkv.weight, vision_encoder.layers.8.attn.qkv.bias, vision_encoder.layers.8.attn.proj.weight, vision_encoder.layers.8.attn.proj.bias, vision_encoder.layers.8.layer_norm2.weight, vision_encoder.layers.8.layer_norm2.bias, vision_encoder.layers.8.mlp.lin1.weight, vision_encoder.layers.8.mlp.lin1.bias, vision_encoder.layers.8.mlp.lin2.weight, vision_encoder.layers.8.mlp.lin2.bias, vision_encoder.layers.9.layer_norm1.weight, vision_encoder.layers.9.layer_norm1.bias, vision_encoder.layers.9.attn.rel_pos_h, vision_encoder.layers.9.attn.rel_pos_w, vision_encoder.layers.9.attn.qkv.weight, vision_encoder.layers.9.attn.qkv.bias, vision_encoder.layers.9.attn.proj.weight, vision_encoder.layers.9.attn.proj.bias, vision_encoder.layers.9.layer_norm2.weight, vision_encoder.layers.9.layer_norm2.bias, vision_encoder.layers.9.mlp.lin1.weight, vision_encoder.layers.9.mlp.lin1.bias, vision_encoder.layers.9.mlp.lin2.weight, vision_encoder.layers.9.mlp.lin2.bias, vision_encoder.layers.10.layer_norm1.weight, vision_encoder.layers.10.layer_norm1.bias, vision_encoder.layers.10.attn.rel_pos_h, vision_encoder.layers.10.attn.rel_pos_w, vision_encoder.layers.10.attn.qkv.weight, vision_encoder.layers.10.attn.qkv.bias, vision_encoder.layers.10.attn.proj.weight, vision_encoder.layers.10.attn.proj.bias, vision_encoder.layers.10.layer_norm2.weight, vision_encoder.layers.10.layer_norm2.bias, vision_encoder.layers.10.mlp.lin1.weight, vision_encoder.layers.10.mlp.lin1.bias, vision_encoder.layers.10.mlp.lin2.weight, vision_encoder.layers.10.mlp.lin2.bias, vision_encoder.layers.11.layer_norm1.weight, vision_encoder.layers.11.layer_norm1.bias, vision_encoder.layers.11.attn.rel_pos_h, vision_encoder.layers.11.attn.rel_pos_w, vision_encoder.layers.11.attn.qkv.weight, vision_encoder.layers.11.attn.qkv.bias, vision_encoder.layers.11.attn.proj.weight, vision_encoder.layers.11.attn.proj.bias, vision_encoder.layers.11.layer_norm2.weight, vision_encoder.layers.11.layer_norm2.bias, vision_encoder.layers.11.mlp.lin1.weight, vision_encoder.layers.11.mlp.lin1.bias, vision_encoder.layers.11.mlp.lin2.weight, vision_encoder.layers.11.mlp.lin2.bias, vision_encoder.neck.conv1.weight, vision_encoder.neck.layer_norm1.weight, vision_encoder.neck.layer_norm1.bias, vision_encoder.neck.conv2.weight, vision_encoder.neck.layer_norm2.weight, vision_encoder.neck.layer_norm2.bias, mask_decoder.iou_token.weight, mask_decoder.mask_tokens.weight, mask_decoder.transformer.layers.0.self_attn.q_proj.weight, mask_decoder.transformer.layers.0.self_attn.q_proj.bias, mask_decoder.transformer.layers.0.self_attn.k_proj.weight, mask_decoder.transformer.layers.0.self_attn.k_proj.bias, mask_decoder.transformer.layers.0.self_attn.v_proj.weight, mask_decoder.transformer.layers.0.self_attn.v_proj.bias, mask_decoder.transformer.layers.0.self_attn.out_proj.weight, mask_decoder.transformer.layers.0.self_attn.out_proj.bias, mask_decoder.transformer.layers.0.layer_norm1.weight, mask_decoder.transformer.layers.0.layer_norm1.bias, mask_decoder.transformer.layers.0.cross_attn_token_to_image.q_proj.weight, mask_decoder.transformer.layers.0.cross_attn_token_to_image.q_proj.bias, mask_decoder.transformer.layers.0.cross_attn_token_to_image.k_proj.weight, mask_decoder.transformer.layers.0.cross_attn_token_to_image.k_proj.bias, mask_decoder.transformer.layers.0.cross_attn_token_to_image.v_proj.weight, mask_decoder.transformer.layers.0.cross_attn_token_to_image.v_proj.bias, mask_decoder.transformer.layers.0.cross_attn_token_to_image.out_proj.weight, mask_decoder.transformer.layers.0.cross_attn_token_to_image.out_proj.bias, mask_decoder.transformer.layers.0.layer_norm2.weight, mask_decoder.transformer.layers.0.layer_norm2.bias, mask_decoder.transformer.layers.0.mlp.lin1.weight, mask_decoder.transformer.layers.0.mlp.lin1.bias, mask_decoder.transformer.layers.0.mlp.lin2.weight, mask_decoder.transformer.layers.0.mlp.lin2.bias, mask_decoder.transformer.layers.0.layer_norm3.weight, mask_decoder.transformer.layers.0.layer_norm3.bias, mask_decoder.transformer.layers.0.layer_norm4.weight, mask_decoder.transformer.layers.0.layer_norm4.bias, mask_decoder.transformer.layers.0.cross_attn_image_to_token.q_proj.weight, mask_decoder.transformer.layers.0.cross_attn_image_to_token.q_proj.bias, mask_decoder.transformer.layers.0.cross_attn_image_to_token.k_proj.weight, mask_decoder.transformer.layers.0.cross_attn_image_to_token.k_proj.bias, mask_decoder.transformer.layers.0.cross_attn_image_to_token.v_proj.weight, mask_decoder.transformer.layers.0.cross_attn_image_to_token.v_proj.bias, mask_decoder.transformer.layers.0.cross_attn_image_to_token.out_proj.weight, mask_decoder.transformer.layers.0.cross_attn_image_to_token.out_proj.bias, mask_decoder.transformer.layers.1.self_attn.q_proj.weight, mask_decoder.transformer.layers.1.self_attn.q_proj.bias, mask_decoder.transformer.layers.1.self_attn.k_proj.weight, mask_decoder.transformer.layers.1.self_attn.k_proj.bias, mask_decoder.transformer.layers.1.self_attn.v_proj.weight, mask_decoder.transformer.layers.1.self_attn.v_proj.bias, mask_decoder.transformer.layers.1.self_attn.out_proj.weight, mask_decoder.transformer.layers.1.self_attn.out_proj.bias, mask_decoder.transformer.layers.1.layer_norm1.weight, mask_decoder.transformer.layers.1.layer_norm1.bias, mask_decoder.transformer.layers.1.cross_attn_token_to_image.q_proj.weight, mask_decoder.transformer.layers.1.cross_attn_token_to_image.q_proj.bias, mask_decoder.transformer.layers.1.cross_attn_token_to_image.k_proj.weight, mask_decoder.transformer.layers.1.cross_attn_token_to_image.k_proj.bias, mask_decoder.transformer.layers.1.cross_attn_token_to_image.v_proj.weight, mask_decoder.transformer.layers.1.cross_attn_token_to_image.v_proj.bias, mask_decoder.transformer.layers.1.cross_attn_token_to_image.out_proj.weight, mask_decoder.transformer.layers.1.cross_attn_token_to_image.out_proj.bias, mask_decoder.transformer.layers.1.layer_norm2.weight, mask_decoder.transformer.layers.1.layer_norm2.bias, mask_decoder.transformer.layers.1.mlp.lin1.weight, mask_decoder.transformer.layers.1.mlp.lin1.bias, mask_decoder.transformer.layers.1.mlp.lin2.weight, mask_decoder.transformer.layers.1.mlp.lin2.bias, mask_decoder.transformer.layers.1.layer_norm3.weight, mask_decoder.transformer.layers.1.layer_norm3.bias, mask_decoder.transformer.layers.1.layer_norm4.weight, mask_decoder.transformer.layers.1.layer_norm4.bias, mask_decoder.transformer.layers.1.cross_attn_image_to_token.q_proj.weight, mask_decoder.transformer.layers.1.cross_attn_image_to_token.q_proj.bias, mask_decoder.transformer.layers.1.cross_attn_image_to_token.k_proj.weight, mask_decoder.transformer.layers.1.cross_attn_image_to_token.k_proj.bias, mask_decoder.transformer.layers.1.cross_attn_image_to_token.v_proj.weight, mask_decoder.transformer.layers.1.cross_attn_image_to_token.v_proj.bias, mask_decoder.transformer.layers.1.cross_attn_image_to_token.out_proj.weight, mask_decoder.transformer.layers.1.cross_attn_image_to_token.out_proj.bias, mask_decoder.transformer.final_attn_token_to_image.q_proj.weight, mask_decoder.transformer.final_attn_token_to_image.q_proj.bias, mask_decoder.transformer.final_attn_token_to_image.k_proj.weight, mask_decoder.transformer.final_attn_token_to_image.k_proj.bias, mask_decoder.transformer.final_attn_token_to_image.v_proj.weight, mask_decoder.transformer.final_attn_token_to_image.v_proj.bias, mask_decoder.transformer.final_attn_token_to_image.out_proj.weight, mask_decoder.transformer.final_attn_token_to_image.out_proj.bias, mask_decoder.transformer.layer_norm_final_attn.weight, mask_decoder.transformer.layer_norm_final_attn.bias, mask_decoder.upscale_conv1.weight, mask_decoder.upscale_conv1.bias, mask_decoder.upscale_conv2.weight, mask_decoder.upscale_conv2.bias, mask_decoder.upscale_layer_norm.weight, mask_decoder.upscale_layer_norm.bias, mask_decoder.output_hypernetworks_mlps.0.proj_in.weight, mask_decoder.output_hypernetworks_mlps.0.proj_in.bias, mask_decoder.output_hypernetworks_mlps.0.proj_out.weight, mask_decoder.output_hypernetworks_mlps.0.proj_out.bias, mask_decoder.output_hypernetworks_mlps.0.layers.0.weight, mask_decoder.output_hypernetworks_mlps.0.layers.0.bias, mask_decoder.output_hypernetworks_mlps.1.proj_in.weight, mask_decoder.output_hypernetworks_mlps.1.proj_in.bias, mask_decoder.output_hypernetworks_mlps.1.proj_out.weight, mask_decoder.output_hypernetworks_mlps.1.proj_out.bias, mask_decoder.output_hypernetworks_mlps.1.layers.0.weight, mask_decoder.output_hypernetworks_mlps.1.layers.0.bias, mask_decoder.output_hypernetworks_mlps.2.proj_in.weight, mask_decoder.output_hypernetworks_mlps.2.proj_in.bias, mask_decoder.output_hypernetworks_mlps.2.proj_out.weight, mask_decoder.output_hypernetworks_mlps.2.proj_out.bias, mask_decoder.output_hypernetworks_mlps.2.layers.0.weight, mask_decoder.output_hypernetworks_mlps.2.layers.0.bias, mask_decoder.output_hypernetworks_mlps.3.proj_in.weight, mask_decoder.output_hypernetworks_mlps.3.proj_in.bias, mask_decoder.output_hypernetworks_mlps.3.proj_out.weight, mask_decoder.output_hypernetworks_mlps.3.proj_out.bias, mask_decoder.output_hypernetworks_mlps.3.layers.0.weight, mask_decoder.output_hypernetworks_mlps.3.layers.0.bias, mask_decoder.iou_prediction_head.proj_in.weight, mask_decoder.iou_prediction_head.proj_in.bias, mask_decoder.iou_prediction_head.proj_out.weight, mask_decoder.iou_prediction_head.proj_out.bias, mask_decoder.iou_prediction_head.layers.0.weight, mask_decoder.iou_prediction_head.layers.0.bias, prompt_encoder.shared_embedding.positional_embedding

02/14 23:33:48 - mmengine - INFO - 
prompt_encoder.mask_embed.conv1.weight - torch.Size([4, 1, 2, 2]): 
PretrainedInit: load from /home/wangcheng/project/SCVT3/portable_sam_fusion/checkpoints/sam_vit_b_01ec64.pth 
 
02/14 23:33:48 - mmengine - INFO - 
prompt_encoder.mask_embed.conv1.bias - torch.Size([4]): 
PretrainedInit: load from /home/wangcheng/project/SCVT3/portable_sam_fusion/checkpoints/sam_vit_b_01ec64.pth 
 
02/14 23:33:48 - mmengine - INFO - 
prompt_encoder.mask_embed.conv2.weight - torch.Size([16, 4, 2, 2]): 
PretrainedInit: load from /home/wangcheng/project/SCVT3/portable_sam_fusion/checkpoints/sam_vit_b_01ec64.pth 
 
02/14 23:33:48 - mmengine - INFO - 
prompt_encoder.mask_embed.conv2.bias - torch.Size([16]): 
PretrainedInit: load from /home/wangcheng/project/SCVT3/portable_sam_fusion/checkpoints/sam_vit_b_01ec64.pth 
 
02/14 23:33:48 - mmengine - INFO - 
prompt_encoder.mask_embed.conv3.weight - torch.Size([256, 16, 1, 1]): 
PretrainedInit: load from /home/wangcheng/project/SCVT3/portable_sam_fusion/checkpoints/sam_vit_b_01ec64.pth 
 
02/14 23:33:48 - mmengine - INFO - 
prompt_encoder.mask_embed.conv3.bias - torch.Size([256]): 
PretrainedInit: load from /home/wangcheng/project/SCVT3/portable_sam_fusion/checkpoints/sam_vit_b_01ec64.pth 
 
02/14 23:33:48 - mmengine - INFO - 
prompt_encoder.mask_embed.layer_norm1.weight - torch.Size([4]): 
PretrainedInit: load from /home/wangcheng/project/SCVT3/portable_sam_fusion/checkpoints/sam_vit_b_01ec64.pth 
 
02/14 23:33:48 - mmengine - INFO - 
prompt_encoder.mask_embed.layer_norm1.bias - torch.Size([4]): 
PretrainedInit: load from /home/wangcheng/project/SCVT3/portable_sam_fusion/checkpoints/sam_vit_b_01ec64.pth 
 
02/14 23:33:48 - mmengine - INFO - 
prompt_encoder.mask_embed.layer_norm2.weight - torch.Size([16]): 
PretrainedInit: load from /home/wangcheng/project/SCVT3/portable_sam_fusion/checkpoints/sam_vit_b_01ec64.pth 
 
02/14 23:33:48 - mmengine - INFO - 
prompt_encoder.mask_embed.layer_norm2.bias - torch.Size([16]): 
PretrainedInit: load from /home/wangcheng/project/SCVT3/portable_sam_fusion/checkpoints/sam_vit_b_01ec64.pth 
 
02/14 23:33:48 - mmengine - INFO - 
prompt_encoder.no_mask_embed.weight - torch.Size([1, 256]): 
PretrainedInit: load from /home/wangcheng/project/SCVT3/portable_sam_fusion/checkpoints/sam_vit_b_01ec64.pth 
 
02/14 23:33:48 - mmengine - INFO - 
prompt_encoder.point_embed.0.weight - torch.Size([1, 256]): 
PretrainedInit: load from /home/wangcheng/project/SCVT3/portable_sam_fusion/checkpoints/sam_vit_b_01ec64.pth 
 
02/14 23:33:48 - mmengine - INFO - 
prompt_encoder.point_embed.1.weight - torch.Size([1, 256]): 
PretrainedInit: load from /home/wangcheng/project/SCVT3/portable_sam_fusion/checkpoints/sam_vit_b_01ec64.pth 
 
02/14 23:33:48 - mmengine - INFO - 
prompt_encoder.point_embed.2.weight - torch.Size([1, 256]): 
PretrainedInit: load from /home/wangcheng/project/SCVT3/portable_sam_fusion/checkpoints/sam_vit_b_01ec64.pth 
 
02/14 23:33:48 - mmengine - INFO - 
prompt_encoder.point_embed.3.weight - torch.Size([1, 256]): 
PretrainedInit: load from /home/wangcheng/project/SCVT3/portable_sam_fusion/checkpoints/sam_vit_b_01ec64.pth 
 
02/14 23:33:48 - mmengine - INFO - 
prompt_encoder.not_a_point_embed.weight - torch.Size([1, 256]): 
PretrainedInit: load from /home/wangcheng/project/SCVT3/portable_sam_fusion/checkpoints/sam_vit_b_01ec64.pth 
 
Loads checkpoint by local backend from path: /home/wangcheng/project/SCVT3/portable_sam_fusion/checkpoints/sam_vit_b_01ec64.pth
Loaded SAM PositionalEmbedding. Missing keys: 0, Unexpected keys: 314
2026-02-14 23:33:52,479 - portable_sam_fusion.data.satellite_drone_dataset - INFO - SatelliteDroneDataset initialized (训练集): 576 scenes, views=4, sat_size=(1024, 1024), drone_size=(512, 512)
2026-02-14 23:33:52,945 - portable_sam_fusion.data.satellite_drone_dataset - INFO - SatelliteDroneDataset initialized (验证集): 158 scenes, views=4, sat_size=(1024, 1024), drone_size=(512, 512)
2026-02-14 23:33:52,946 - portable_sam_fusion - INFO - Dataset size: 576
2026-02-14 23:38:58,494 - portable_sam_fusion - INFO - Epoch 1 detailed losses: loss_rpn_cls=0.6798, loss_rpn_bbox=0.0247, loss_cls=0.3413, acc=98.1581, loss_bbox=0.0003, loss_mask=0.6778
2026-02-14 23:39:55,081 - portable_sam_fusion - INFO - Epoch 1/30 | train=1.723909 val=1.491992 | sat_backbone=2.10e-06 sat_other=4.20e-06 drone_guidance=2.10e-06
2026-02-14 23:46:00,358 - portable_sam_fusion - INFO - Epoch 2 detailed losses: loss_rpn_cls=0.2491, loss_rpn_bbox=0.0163, loss_cls=0.2819, acc=89.3914, loss_bbox=0.2444, loss_mask=0.3713
2026-02-14 23:47:26,765 - portable_sam_fusion - INFO - Epoch 2/30 | train=1.162953 val=0.969645 | sat_backbone=4.10e-06 sat_other=8.19e-06 drone_guidance=4.10e-06
2026-02-14 23:54:05,198 - portable_sam_fusion - INFO - Epoch 3 detailed losses: loss_rpn_cls=0.0855, loss_rpn_bbox=0.0129, loss_cls=0.2861, acc=87.6119, loss_bbox=0.2844, loss_mask=0.1865
2026-02-14 23:55:36,618 - portable_sam_fusion - INFO - Epoch 3/30 | train=0.855398 val=0.788129 | sat_backbone=6.09e-06 sat_other=1.22e-05 drone_guidance=6.09e-06
2026-02-15 00:02:23,645 - portable_sam_fusion - INFO - Epoch 4 detailed losses: loss_rpn_cls=0.0557, loss_rpn_bbox=0.0112, loss_cls=0.2738, acc=88.3009, loss_bbox=0.2535, loss_mask=0.1376
2026-02-15 00:03:56,182 - portable_sam_fusion - INFO - Epoch 4/30 | train=0.731740 val=0.704798 | sat_backbone=8.09e-06 sat_other=1.62e-05 drone_guidance=8.09e-06
2026-02-15 00:11:00,657 - portable_sam_fusion - INFO - Epoch 5 detailed losses: loss_rpn_cls=0.0393, loss_rpn_bbox=0.0096, loss_cls=0.2437, acc=89.5698, loss_bbox=0.2054, loss_mask=0.1193
2026-02-15 00:12:54,334 - portable_sam_fusion - INFO - Epoch 5/30 | train=0.617262 val=0.615355 | sat_backbone=1.01e-05 sat_other=2.02e-05 drone_guidance=1.01e-05
2026-02-15 00:20:06,716 - portable_sam_fusion - INFO - Epoch 6 detailed losses: loss_rpn_cls=0.0313, loss_rpn_bbox=0.0084, loss_cls=0.2206, acc=90.7328, loss_bbox=0.1655, loss_mask=0.1016
2026-02-15 00:21:47,408 - portable_sam_fusion - INFO - Epoch 6/30 | train=0.527412 val=0.564951 | sat_backbone=1.21e-05 sat_other=2.42e-05 drone_guidance=1.21e-05
2026-02-15 00:28:54,925 - portable_sam_fusion - INFO - Epoch 7 detailed losses: loss_rpn_cls=0.0241, loss_rpn_bbox=0.0071, loss_cls=0.2053, acc=91.3893, loss_bbox=0.1478, loss_mask=0.0729
2026-02-15 00:30:35,133 - portable_sam_fusion - INFO - Epoch 7/30 | train=0.457096 val=0.558694 | sat_backbone=1.41e-05 sat_other=2.82e-05 drone_guidance=1.41e-05
2026-02-15 00:37:48,464 - portable_sam_fusion - INFO - Epoch 8 detailed losses: loss_rpn_cls=0.0205, loss_rpn_bbox=0.0063, loss_cls=0.1867, acc=92.3225, loss_bbox=0.1263, loss_mask=0.0481
2026-02-15 00:39:29,916 - portable_sam_fusion - INFO - Epoch 8/30 | train=0.387926 val=0.503373 | sat_backbone=1.61e-05 sat_other=3.22e-05 drone_guidance=1.61e-05
2026-02-15 00:46:42,270 - portable_sam_fusion - INFO - Epoch 9 detailed losses: loss_rpn_cls=0.0169, loss_rpn_bbox=0.0057, loss_cls=0.1744, acc=92.7897, loss_bbox=0.1138, loss_mask=0.0412
2026-02-15 00:48:20,973 - portable_sam_fusion - INFO - Epoch 9/30 | train=0.351988 val=0.489699 | sat_backbone=1.81e-05 sat_other=3.62e-05 drone_guidance=1.81e-05
2026-02-15 00:55:32,746 - portable_sam_fusion - INFO - Epoch 10 detailed losses: loss_rpn_cls=0.0144, loss_rpn_bbox=0.0052, loss_cls=0.1570, acc=93.5445, loss_bbox=0.1001, loss_mask=0.0293
2026-02-15 00:57:14,289 - portable_sam_fusion - INFO - Epoch 10/30 | train=0.305992 val=0.482294 | sat_backbone=2.01e-05 sat_other=4.02e-05 drone_guidance=2.01e-05
2026-02-15 01:03:50,181 - portable_sam_fusion - INFO - Epoch 11 detailed losses: loss_rpn_cls=0.0128, loss_rpn_bbox=0.0046, loss_cls=0.1524, acc=93.6591, loss_bbox=0.0924, loss_mask=0.0276
2026-02-15 01:05:14,187 - portable_sam_fusion - INFO - Epoch 11/30 | train=0.289747 val=0.514627 | sat_backbone=2.21e-05 sat_other=4.42e-05 drone_guidance=2.21e-05
2026-02-15 01:12:37,808 - portable_sam_fusion - INFO - Epoch 12 detailed losses: loss_rpn_cls=0.0110, loss_rpn_bbox=0.0042, loss_cls=0.1389, acc=94.2166, loss_bbox=0.0843, loss_mask=0.0257
2026-02-15 01:14:30,084 - portable_sam_fusion - INFO - Epoch 12/30 | train=0.264065 val=0.476695 | sat_backbone=2.41e-05 sat_other=4.82e-05 drone_guidance=2.41e-05
2026-02-15 01:21:37,042 - portable_sam_fusion - INFO - Epoch 13 detailed losses: loss_rpn_cls=0.0102, loss_rpn_bbox=0.0043, loss_cls=0.1338, acc=94.4255, loss_bbox=0.0825, loss_mask=0.0254
2026-02-15 01:22:59,042 - portable_sam_fusion - INFO - Epoch 13/30 | train=0.256186 val=0.500660 | sat_backbone=2.61e-05 sat_other=5.21e-05 drone_guidance=2.61e-05
2026-02-15 01:30:16,942 - portable_sam_fusion - INFO - Epoch 14 detailed losses: loss_rpn_cls=0.0095, loss_rpn_bbox=0.0038, loss_cls=0.1244, acc=94.8541, loss_bbox=0.0704, loss_mask=0.0231
2026-02-15 01:31:53,745 - portable_sam_fusion - INFO - Epoch 14/30 | train=0.231294 val=0.442055 | sat_backbone=2.81e-05 sat_other=5.61e-05 drone_guidance=2.81e-05
2026-02-15 01:39:03,316 - portable_sam_fusion - INFO - Epoch 15 detailed losses: loss_rpn_cls=0.0080, loss_rpn_bbox=0.0039, loss_cls=0.1201, acc=95.0575, loss_bbox=0.0677, loss_mask=0.0230
2026-02-15 01:40:29,064 - portable_sam_fusion - INFO - Epoch 15/30 | train=0.222681 val=0.498325 | sat_backbone=3.01e-05 sat_other=6.01e-05 drone_guidance=3.01e-05
2026-02-15 01:47:44,737 - portable_sam_fusion - INFO - Epoch 16 detailed losses: loss_rpn_cls=0.0078, loss_rpn_bbox=0.0036, loss_cls=0.1203, acc=95.0270, loss_bbox=0.0664, loss_mask=0.0205
2026-02-15 01:49:08,606 - portable_sam_fusion - INFO - Epoch 16/30 | train=0.218573 val=0.492214 | sat_backbone=3.21e-05 sat_other=6.41e-05 drone_guidance=3.21e-05
2026-02-15 01:56:28,813 - portable_sam_fusion - INFO - Epoch 17 detailed losses: loss_rpn_cls=0.0066, loss_rpn_bbox=0.0049, loss_cls=0.1115, acc=95.3769, loss_bbox=0.0596, loss_mask=0.0200
2026-02-15 01:57:49,452 - portable_sam_fusion - INFO - Epoch 17/30 | train=0.202582 val=0.476632 | sat_backbone=3.41e-05 sat_other=6.81e-05 drone_guidance=3.41e-05
2026-02-15 02:03:06,783 - portable_sam_fusion - INFO - Epoch 18 detailed losses: loss_rpn_cls=0.0062, loss_rpn_bbox=0.0037, loss_cls=0.1065, acc=95.5675, loss_bbox=0.0599, loss_mask=0.0214
2026-02-15 02:04:31,738 - portable_sam_fusion - INFO - Epoch 18/30 | train=0.197727 val=0.501912 | sat_backbone=3.61e-05 sat_other=7.21e-05 drone_guidance=3.61e-05
2026-02-15 02:11:53,806 - portable_sam_fusion - INFO - Epoch 19 detailed losses: loss_rpn_cls=0.0061, loss_rpn_bbox=0.0034, loss_cls=0.1051, acc=95.6570, loss_bbox=0.0553, loss_mask=0.0185
2026-02-15 02:13:21,718 - portable_sam_fusion - INFO - Epoch 19/30 | train=0.188367 val=0.539238 | sat_backbone=3.81e-05 sat_other=7.61e-05 drone_guidance=3.81e-05
2026-02-15 02:20:40,040 - portable_sam_fusion - INFO - Epoch 20 detailed losses: loss_rpn_cls=0.0065, loss_rpn_bbox=0.0035, loss_cls=0.0991, acc=95.9201, loss_bbox=0.0531, loss_mask=0.0209
2026-02-15 02:22:03,847 - portable_sam_fusion - INFO - Epoch 20/30 | train=0.183130 val=0.464882 | sat_backbone=4.01e-05 sat_other=8.01e-05 drone_guidance=4.01e-05
2026-02-15 02:29:26,587 - portable_sam_fusion - INFO - Epoch 21 detailed losses: loss_rpn_cls=0.0055, loss_rpn_bbox=0.0036, loss_cls=0.1059, acc=95.5994, loss_bbox=0.0525, loss_mask=0.0193
2026-02-15 02:31:02,650 - portable_sam_fusion - INFO - Epoch 21/30 | train=0.186871 val=0.440989 | sat_backbone=4.21e-05 sat_other=8.41e-05 drone_guidance=4.21e-05
2026-02-15 02:38:21,569 - portable_sam_fusion - INFO - Epoch 22 detailed losses: loss_rpn_cls=0.0045, loss_rpn_bbox=0.0030, loss_cls=0.0988, acc=95.9093, loss_bbox=0.0527, loss_mask=0.0172
2026-02-15 02:39:46,550 - portable_sam_fusion - INFO - Epoch 22/30 | train=0.176215 val=0.460124 | sat_backbone=4.41e-05 sat_other=8.81e-05 drone_guidance=4.41e-05
2026-02-15 02:47:14,066 - portable_sam_fusion - INFO - Epoch 23 detailed losses: loss_rpn_cls=0.0052, loss_rpn_bbox=0.0036, loss_cls=0.0981, acc=95.9330, loss_bbox=0.0507, loss_mask=0.0202
2026-02-15 02:48:37,851 - portable_sam_fusion - INFO - Epoch 23/30 | train=0.177804 val=0.499881 | sat_backbone=4.61e-05 sat_other=9.21e-05 drone_guidance=4.61e-05
2026-02-15 02:56:04,291 - portable_sam_fusion - INFO - Epoch 24 detailed losses: loss_rpn_cls=0.0049, loss_rpn_bbox=0.0038, loss_cls=0.0957, acc=96.0910, loss_bbox=0.0484, loss_mask=0.0177
2026-02-15 02:57:30,304 - portable_sam_fusion - INFO - Epoch 24/30 | train=0.170525 val=0.503344 | sat_backbone=4.81e-05 sat_other=9.61e-05 drone_guidance=4.81e-05
2026-02-15 03:04:05,071 - portable_sam_fusion - INFO - Epoch 25 detailed losses: loss_rpn_cls=0.0042, loss_rpn_bbox=0.0031, loss_cls=0.0928, acc=96.1941, loss_bbox=0.0432, loss_mask=0.0154
2026-02-15 03:05:31,477 - portable_sam_fusion - INFO - Epoch 25/30 | train=0.158726 val=0.446406 | sat_backbone=5.01e-05 sat_other=1.00e-04 drone_guidance=5.01e-05
2026-02-15 03:12:57,902 - portable_sam_fusion - INFO - Epoch 26 detailed losses: loss_rpn_cls=0.0049, loss_rpn_bbox=0.0031, loss_cls=0.0956, acc=96.0510, loss_bbox=0.0459, loss_mask=0.0169
2026-02-15 03:14:22,195 - portable_sam_fusion - INFO - Epoch 26/30 | train=0.166373 val=0.448170 | sat_backbone=5.20e-05 sat_other=1.04e-04 drone_guidance=5.20e-05
2026-02-15 03:21:41,057 - portable_sam_fusion - INFO - Epoch 27 detailed losses: loss_rpn_cls=0.0041, loss_rpn_bbox=0.0028, loss_cls=0.0875, acc=96.3338, loss_bbox=0.0422, loss_mask=0.0168
2026-02-15 03:23:07,343 - portable_sam_fusion - INFO - Epoch 27/30 | train=0.153529 val=0.452238 | sat_backbone=5.40e-05 sat_other=1.08e-04 drone_guidance=5.40e-05
2026-02-15 03:30:20,142 - portable_sam_fusion - INFO - Epoch 28 detailed losses: loss_rpn_cls=0.0046, loss_rpn_bbox=0.0033, loss_cls=0.0864, acc=96.3833, loss_bbox=0.0421, loss_mask=0.0159
2026-02-15 03:31:41,617 - portable_sam_fusion - INFO - Epoch 28/30 | train=0.152412 val=0.484927 | sat_backbone=5.60e-05 sat_other=1.12e-04 drone_guidance=5.60e-05
2026-02-15 03:39:05,147 - portable_sam_fusion - INFO - Epoch 29 detailed losses: loss_rpn_cls=0.0041, loss_rpn_bbox=0.0031, loss_cls=0.0909, acc=96.2931, loss_bbox=0.0413, loss_mask=0.0184
2026-02-15 03:40:27,837 - portable_sam_fusion - INFO - Epoch 29/30 | train=0.157951 val=0.523901 | sat_backbone=5.80e-05 sat_other=1.16e-04 drone_guidance=5.80e-05
2026-02-15 03:47:41,645 - portable_sam_fusion - INFO - Epoch 30 detailed losses: loss_rpn_cls=0.0039, loss_rpn_bbox=0.0032, loss_cls=0.0907, acc=96.2409, loss_bbox=0.0388, loss_mask=0.0179
2026-02-15 03:49:05,752 - portable_sam_fusion - INFO - Epoch 30/30 | train=0.154583 val=0.483631 | sat_backbone=6.00e-05 sat_other=1.20e-04 drone_guidance=6.00e-05
