/home/wangcheng/anaconda3/envs/cvt2/lib/python3.9/site-packages/imagecorruptions/corruptions.py:17: UserWarning: pkg_resources is deprecated as an API. See https://setuptools.pypa.io/en/latest/pkg_resources.html. The pkg_resources package is slated for removal as early as 2025-11-30. Refrain from using this package or pin to Setuptools<81.
  from pkg_resources import resource_filename
Loads checkpoint by local backend from path: /home/wangcheng/project/SCVT4/portable_sam2_fusion/checkpoints/sam2.1_hiera_base_plus.pt
Loaded SAM2 VisionEncoder. Missing keys: 0
Loads checkpoint by local backend from path: /home/wangcheng/project/SCVT4/portable_sam2_fusion/checkpoints/sam2.1_hiera_base_plus.pt
Decoder state dict keys: 131
Loaded SAM2 MaskDecoder. Missing keys: 0
  use_high_res_features: True
  Has conv_s0: True
  Has conv_s1: True
2026-03-02 18:14:31,218 - portable_sam2_fusion.data.satellite_dataset - INFO - 加载 672 个卫星场景 (训练集)
2026-03-02 18:14:31,236 - portable_sam2_fusion.data.satellite_dataset - INFO - 加载 62 个卫星场景 (验证集)
2026-03-02 18:14:31,237 - portable_sam2_fusion.data.loader - INFO - 创建验证集加载器: 62 样本
2026-03-02 18:14:31,237 - portable_sam_fusion - INFO - Dataset size: 672
[DEBUG] RSFeatureAggregatorSAM2 inputs: 4 tensors
  [0] shape=torch.Size([4, 256, 128, 128]), dtype=torch.float32
  [1] shape=torch.Size([4, 256, 64, 64]), dtype=torch.float32
  [2] shape=torch.Size([4, 256, 32, 32]), dtype=torch.float32
  [3] shape=torch.Size([4, 256, 16, 16]), dtype=torch.float32
[DEBUG] high_res_features selection:
  image_embeddings shape: torch.Size([4, 256, 16, 16])
  target feat_s0: (64, 64)
  target feat_s1: (32, 32)
  backbone_fpn[0]: torch.Size([4, 256, 128, 128])
  backbone_fpn[1]: torch.Size([4, 256, 64, 64])
  backbone_fpn[2]: torch.Size([4, 256, 32, 32])
  backbone_fpn[3]: torch.Size([4, 256, 16, 16])
[DEBUG] high_res_features result:
  feat_s0: torch.Size([4, 256, 64, 64])
  feat_s1: torch.Size([4, 256, 32, 32])
2026-03-02 18:15:52,960 - portable_sam_fusion - INFO - Epoch 1 detailed losses: loss_rpn_cls=0.6725, loss_rpn_bbox=0.0141, loss_cls=0.4908, acc=94.2976, loss_bbox=0.0666, loss_mask=0.3151
2026-03-02 18:16:21,852 - portable_sam_fusion - INFO - Epoch 1/50 | train=1.559116 val=1.377982 | sat_backbone=4.20e-06 sat_other=8.39e-06
2026-03-02 18:17:46,819 - portable_sam_fusion - INFO - Epoch 2 detailed losses: loss_rpn_cls=0.4036, loss_rpn_bbox=0.0129, loss_cls=0.2667, acc=92.1451, loss_bbox=0.1694, loss_mask=0.1866
2026-03-02 18:18:11,000 - portable_sam_fusion - INFO - Epoch 2/50 | train=1.039060 val=1.079230 | sat_backbone=8.19e-06 sat_other=1.64e-05
2026-03-02 18:19:44,196 - portable_sam_fusion - INFO - Epoch 3 detailed losses: loss_rpn_cls=0.1657, loss_rpn_bbox=0.0112, loss_cls=0.3332, acc=85.3969, loss_bbox=0.3472, loss_mask=0.1353
2026-03-02 18:20:11,058 - portable_sam_fusion - INFO - Epoch 3/50 | train=0.992560 val=0.842845 | sat_backbone=1.22e-05 sat_other=2.44e-05
2026-03-02 18:21:46,315 - portable_sam_fusion - INFO - Epoch 4 detailed losses: loss_rpn_cls=0.1029, loss_rpn_bbox=0.0102, loss_cls=0.2664, acc=88.2272, loss_bbox=0.2736, loss_mask=0.1137
2026-03-02 18:22:12,994 - portable_sam_fusion - INFO - Epoch 4/50 | train=0.766881 val=0.716857 | sat_backbone=1.62e-05 sat_other=3.24e-05
2026-03-02 18:23:51,098 - portable_sam_fusion - INFO - Epoch 5 detailed losses: loss_rpn_cls=0.0703, loss_rpn_bbox=0.0088, loss_cls=0.2605, acc=88.8341, loss_bbox=0.2524, loss_mask=0.1017
2026-03-02 18:24:19,226 - portable_sam_fusion - INFO - Epoch 5/50 | train=0.693689 val=0.666253 | sat_backbone=2.02e-05 sat_other=4.04e-05
2026-03-02 18:25:56,503 - portable_sam_fusion - INFO - Epoch 6 detailed losses: loss_rpn_cls=0.0530, loss_rpn_bbox=0.0076, loss_cls=0.2541, acc=89.0846, loss_bbox=0.2163, loss_mask=0.0927
2026-03-02 18:26:22,406 - portable_sam_fusion - INFO - Epoch 6/50 | train=0.623842 val=0.603175 | sat_backbone=2.42e-05 sat_other=4.84e-05
2026-03-02 18:28:02,722 - portable_sam_fusion - INFO - Epoch 7 detailed losses: loss_rpn_cls=0.0400, loss_rpn_bbox=0.0065, loss_cls=0.2337, acc=90.0019, loss_bbox=0.1803, loss_mask=0.0761
2026-03-02 18:28:26,617 - portable_sam_fusion - INFO - Epoch 7/50 | train=0.536429 val=0.571910 | sat_backbone=2.82e-05 sat_other=5.63e-05
2026-03-02 18:30:06,117 - portable_sam_fusion - INFO - Epoch 8 detailed losses: loss_rpn_cls=0.0351, loss_rpn_bbox=0.0059, loss_cls=0.2144, acc=90.8686, loss_bbox=0.1515, loss_mask=0.0640
2026-03-02 18:30:22,221 - portable_sam_fusion - INFO - Epoch 8/50 | train=0.471067 val=0.597306 | sat_backbone=3.22e-05 sat_other=6.43e-05
2026-03-02 18:32:06,717 - portable_sam_fusion - INFO - Epoch 9 detailed losses: loss_rpn_cls=0.0294, loss_rpn_bbox=0.0051, loss_cls=0.2055, acc=91.3353, loss_bbox=0.1507, loss_mask=0.0610
2026-03-02 18:32:32,748 - portable_sam_fusion - INFO - Epoch 9/50 | train=0.451743 val=0.560123 | sat_backbone=3.62e-05 sat_other=7.23e-05
2026-03-02 18:34:14,977 - portable_sam_fusion - INFO - Epoch 10 detailed losses: loss_rpn_cls=0.0259, loss_rpn_bbox=0.0049, loss_cls=0.1924, acc=91.8085, loss_bbox=0.1335, loss_mask=0.0527
2026-03-02 18:34:40,997 - portable_sam_fusion - INFO - Epoch 10/50 | train=0.409383 val=0.484880 | sat_backbone=4.02e-05 sat_other=8.03e-05
2026-03-02 18:36:21,562 - portable_sam_fusion - INFO - Epoch 11 detailed losses: loss_rpn_cls=0.0241, loss_rpn_bbox=0.0045, loss_cls=0.1811, acc=92.3840, loss_bbox=0.1224, loss_mask=0.0470
2026-03-02 18:36:39,632 - portable_sam_fusion - INFO - Epoch 11/50 | train=0.379115 val=0.568300 | sat_backbone=4.42e-05 sat_other=8.83e-05
2026-03-02 18:38:21,063 - portable_sam_fusion - INFO - Epoch 12 detailed losses: loss_rpn_cls=0.0212, loss_rpn_bbox=0.0046, loss_cls=0.1764, acc=92.6729, loss_bbox=0.1201, loss_mask=0.0495
2026-03-02 18:38:39,588 - portable_sam_fusion - INFO - Epoch 12/50 | train=0.371802 val=0.507612 | sat_backbone=4.82e-05 sat_other=9.63e-05
2026-03-02 18:40:22,151 - portable_sam_fusion - INFO - Epoch 13 detailed losses: loss_rpn_cls=0.0185, loss_rpn_bbox=0.0044, loss_cls=0.1688, acc=92.8746, loss_bbox=0.1080, loss_mask=0.0466
2026-03-02 18:40:39,678 - portable_sam_fusion - INFO - Epoch 13/50 | train=0.346346 val=0.486202 | sat_backbone=5.21e-05 sat_other=1.04e-04
2026-03-02 18:42:22,513 - portable_sam_fusion - INFO - Epoch 14 detailed losses: loss_rpn_cls=0.0161, loss_rpn_bbox=0.0041, loss_cls=0.1582, acc=93.2728, loss_bbox=0.1015, loss_mask=0.0374
2026-03-02 18:42:50,641 - portable_sam_fusion - INFO - Epoch 14/50 | train=0.317369 val=0.465650 | sat_backbone=5.61e-05 sat_other=1.12e-04
2026-03-02 18:44:34,609 - portable_sam_fusion - INFO - Epoch 15 detailed losses: loss_rpn_cls=0.0159, loss_rpn_bbox=0.0044, loss_cls=0.1660, acc=93.0530, loss_bbox=0.1052, loss_mask=0.0365
2026-03-02 18:44:51,843 - portable_sam_fusion - INFO - Epoch 15/50 | train=0.328194 val=0.466089 | sat_backbone=6.01e-05 sat_other=1.20e-04
2026-03-02 18:46:33,952 - portable_sam_fusion - INFO - Epoch 16 detailed losses: loss_rpn_cls=0.0143, loss_rpn_bbox=0.0041, loss_cls=0.1531, acc=93.6895, loss_bbox=0.1014, loss_mask=0.0306
2026-03-02 18:46:52,392 - portable_sam_fusion - INFO - Epoch 16/50 | train=0.303533 val=0.474691 | sat_backbone=6.41e-05 sat_other=1.28e-04
2026-03-02 18:48:33,283 - portable_sam_fusion - INFO - Epoch 17 detailed losses: loss_rpn_cls=0.0133, loss_rpn_bbox=0.0041, loss_cls=0.1571, acc=93.5460, loss_bbox=0.0947, loss_mask=0.0339
2026-03-02 18:48:58,802 - portable_sam_fusion - INFO - Epoch 17/50 | train=0.303101 val=0.456898 | sat_backbone=6.81e-05 sat_other=1.36e-04
2026-03-02 18:50:42,190 - portable_sam_fusion - INFO - Epoch 18 detailed losses: loss_rpn_cls=0.0136, loss_rpn_bbox=0.0040, loss_cls=0.1502, acc=93.7326, loss_bbox=0.0939, loss_mask=0.0326
2026-03-02 18:51:10,153 - portable_sam_fusion - INFO - Epoch 18/50 | train=0.294327 val=0.439925 | sat_backbone=7.21e-05 sat_other=1.44e-04
2026-03-02 18:52:52,778 - portable_sam_fusion - INFO - Epoch 19 detailed losses: loss_rpn_cls=0.0129, loss_rpn_bbox=0.0049, loss_cls=0.1562, acc=93.4437, loss_bbox=0.0960, loss_mask=0.0279
2026-03-02 18:53:10,565 - portable_sam_fusion - INFO - Epoch 19/50 | train=0.297858 val=0.463284 | sat_backbone=7.61e-05 sat_other=1.52e-04
2026-03-02 18:54:52,549 - portable_sam_fusion - INFO - Epoch 20 detailed losses: loss_rpn_cls=0.0117, loss_rpn_bbox=0.0066, loss_cls=0.1448, acc=93.9622, loss_bbox=0.0855, loss_mask=0.0281
2026-03-02 18:55:11,147 - portable_sam_fusion - INFO - Epoch 20/50 | train=0.276641 val=0.458225 | sat_backbone=8.01e-05 sat_other=1.60e-04
2026-03-02 18:56:54,659 - portable_sam_fusion - INFO - Epoch 21 detailed losses: loss_rpn_cls=0.0105, loss_rpn_bbox=0.0036, loss_cls=0.1453, acc=93.9441, loss_bbox=0.0834, loss_mask=0.0287
2026-03-02 18:57:13,023 - portable_sam_fusion - INFO - Epoch 21/50 | train=0.271404 val=0.461895 | sat_backbone=8.41e-05 sat_other=1.68e-04
2026-03-02 18:58:55,938 - portable_sam_fusion - INFO - Epoch 22 detailed losses: loss_rpn_cls=0.0109, loss_rpn_bbox=0.0031, loss_cls=0.1386, acc=94.2923, loss_bbox=0.0843, loss_mask=0.0292
2026-03-02 18:59:14,216 - portable_sam_fusion - INFO - Epoch 22/50 | train=0.266232 val=0.441078 | sat_backbone=8.81e-05 sat_other=1.76e-04
2026-03-02 19:00:54,742 - portable_sam_fusion - INFO - Epoch 23 detailed losses: loss_rpn_cls=0.0111, loss_rpn_bbox=0.0048, loss_cls=0.1429, acc=94.0866, loss_bbox=0.0864, loss_mask=0.0279
2026-03-02 19:01:13,118 - portable_sam_fusion - INFO - Epoch 23/50 | train=0.273153 val=0.465299 | sat_backbone=9.21e-05 sat_other=1.84e-04
2026-03-02 19:02:54,909 - portable_sam_fusion - INFO - Epoch 24 detailed losses: loss_rpn_cls=0.0104, loss_rpn_bbox=0.0046, loss_cls=0.1371, acc=94.3156, loss_bbox=0.0819, loss_mask=0.0283
2026-03-02 19:03:12,402 - portable_sam_fusion - INFO - Epoch 24/50 | train=0.262373 val=0.456430 | sat_backbone=9.61e-05 sat_other=1.92e-04
2026-03-02 19:04:57,943 - portable_sam_fusion - INFO - Epoch 25 detailed losses: loss_rpn_cls=0.0088, loss_rpn_bbox=0.0037, loss_cls=0.1369, acc=94.3086, loss_bbox=0.0794, loss_mask=0.0292
2026-03-02 19:05:16,132 - portable_sam_fusion - INFO - Epoch 25/50 | train=0.258068 val=0.466183 | sat_backbone=1.00e-04 sat_other=2.00e-04
2026-03-02 19:07:00,902 - portable_sam_fusion - INFO - Epoch 26 detailed losses: loss_rpn_cls=0.0095, loss_rpn_bbox=0.0042, loss_cls=0.1428, acc=94.0232, loss_bbox=0.0845, loss_mask=0.0289
2026-03-02 19:07:18,203 - portable_sam_fusion - INFO - Epoch 26/50 | train=0.269798 val=0.478390 | sat_backbone=1.04e-04 sat_other=2.08e-04
2026-03-02 19:09:02,391 - portable_sam_fusion - INFO - Epoch 27 detailed losses: loss_rpn_cls=0.0086, loss_rpn_bbox=0.0035, loss_cls=0.1304, acc=94.5882, loss_bbox=0.0806, loss_mask=0.0315
2026-03-02 19:09:20,008 - portable_sam_fusion - INFO - Epoch 27/50 | train=0.254740 val=0.475058 | sat_backbone=1.08e-04 sat_other=2.16e-04
2026-03-02 19:11:04,570 - portable_sam_fusion - INFO - Epoch 28 detailed losses: loss_rpn_cls=0.0099, loss_rpn_bbox=0.0036, loss_cls=0.1362, acc=94.3505, loss_bbox=0.0828, loss_mask=0.0316
2026-03-02 19:11:22,775 - portable_sam_fusion - INFO - Epoch 28/50 | train=0.264252 val=0.485099 | sat_backbone=1.12e-04 sat_other=2.24e-04
2026-03-02 19:13:06,824 - portable_sam_fusion - INFO - Epoch 29 detailed losses: loss_rpn_cls=0.0090, loss_rpn_bbox=0.0036, loss_cls=0.1384, acc=94.2174, loss_bbox=0.0754, loss_mask=0.0280
2026-03-02 19:13:24,428 - portable_sam_fusion - INFO - Epoch 29/50 | train=0.254455 val=0.443219 | sat_backbone=1.16e-04 sat_other=2.32e-04
2026-03-02 19:15:06,500 - portable_sam_fusion - INFO - Epoch 30 detailed losses: loss_rpn_cls=0.0100, loss_rpn_bbox=0.0038, loss_cls=0.1327, acc=94.5342, loss_bbox=0.0807, loss_mask=0.0269
2026-03-02 19:15:24,554 - portable_sam_fusion - INFO - Epoch 30/50 | train=0.254020 val=0.492138 | sat_backbone=1.20e-04 sat_other=2.40e-04
2026-03-02 19:17:12,039 - portable_sam_fusion - INFO - Epoch 31 detailed losses: loss_rpn_cls=0.0101, loss_rpn_bbox=0.0042, loss_cls=0.1282, acc=94.7678, loss_bbox=0.0728, loss_mask=0.0260
2026-03-02 19:17:39,617 - portable_sam_fusion - INFO - Epoch 31/50 | train=0.241427 val=0.431111 | sat_backbone=1.24e-04 sat_other=2.48e-04
2026-03-02 19:19:26,803 - portable_sam_fusion - INFO - Epoch 32 detailed losses: loss_rpn_cls=0.0081, loss_rpn_bbox=0.0042, loss_cls=0.1280, acc=94.7986, loss_bbox=0.0718, loss_mask=0.0290
2026-03-02 19:19:44,320 - portable_sam_fusion - INFO - Epoch 32/50 | train=0.241068 val=0.447504 | sat_backbone=1.28e-04 sat_other=2.56e-04
2026-03-02 19:21:31,269 - portable_sam_fusion - INFO - Epoch 33 detailed losses: loss_rpn_cls=0.0082, loss_rpn_bbox=0.0032, loss_cls=0.1289, acc=94.7039, loss_bbox=0.0754, loss_mask=0.0294
2026-03-02 19:21:49,892 - portable_sam_fusion - INFO - Epoch 33/50 | train=0.245150 val=0.486947 | sat_backbone=1.32e-04 sat_other=2.64e-04
2026-03-02 19:23:37,233 - portable_sam_fusion - INFO - Epoch 34 detailed losses: loss_rpn_cls=0.0079, loss_rpn_bbox=0.0044, loss_cls=0.1313, acc=94.5016, loss_bbox=0.0753, loss_mask=0.0272
2026-03-02 19:23:59,215 - portable_sam_fusion - INFO - Epoch 34/50 | train=0.246045 val=0.618349 | sat_backbone=1.36e-04 sat_other=2.72e-04
2026-03-02 19:25:46,722 - portable_sam_fusion - INFO - Epoch 35 detailed losses: loss_rpn_cls=0.0090, loss_rpn_bbox=0.0037, loss_cls=0.1216, acc=95.0689, loss_bbox=0.0741, loss_mask=0.0258
2026-03-02 19:26:14,288 - portable_sam_fusion - INFO - Epoch 35/50 | train=0.234281 val=0.397668 | sat_backbone=1.40e-04 sat_other=2.80e-04
2026-03-02 19:28:04,623 - portable_sam_fusion - INFO - Epoch 36 detailed losses: loss_rpn_cls=0.0079, loss_rpn_bbox=0.0038, loss_cls=0.1347, acc=94.4441, loss_bbox=0.0803, loss_mask=0.0262
2026-03-02 19:28:23,694 - portable_sam_fusion - INFO - Epoch 36/50 | train=0.252971 val=0.490726 | sat_backbone=1.44e-04 sat_other=2.88e-04
2026-03-02 19:30:10,336 - portable_sam_fusion - INFO - Epoch 37 detailed losses: loss_rpn_cls=0.0085, loss_rpn_bbox=0.0049, loss_cls=0.1310, acc=94.5522, loss_bbox=0.0766, loss_mask=0.0262
2026-03-02 19:30:19,693 - portable_sam_fusion - INFO - Epoch 37/50 | train=0.247350 val=0.418413 | sat_backbone=1.48e-04 sat_other=2.96e-04
2026-03-02 19:32:08,558 - portable_sam_fusion - INFO - Epoch 38 detailed losses: loss_rpn_cls=0.0081, loss_rpn_bbox=0.0036, loss_cls=0.1239, acc=94.8823, loss_bbox=0.0680, loss_mask=0.0279
2026-03-02 19:32:17,146 - portable_sam_fusion - INFO - Epoch 38/50 | train=0.231424 val=0.467474 | sat_backbone=1.52e-04 sat_other=3.04e-04
2026-03-02 19:34:04,225 - portable_sam_fusion - INFO - Epoch 39 detailed losses: loss_rpn_cls=0.0072, loss_rpn_bbox=0.0028, loss_cls=0.1264, acc=94.7725, loss_bbox=0.0676, loss_mask=0.0309
2026-03-02 19:34:13,892 - portable_sam_fusion - INFO - Epoch 39/50 | train=0.234876 val=0.475527 | sat_backbone=1.56e-04 sat_other=3.12e-04
2026-03-02 19:36:01,871 - portable_sam_fusion - INFO - Epoch 40 detailed losses: loss_rpn_cls=0.0080, loss_rpn_bbox=0.0028, loss_cls=0.1238, acc=94.9091, loss_bbox=0.0693, loss_mask=0.0268
2026-03-02 19:36:11,695 - portable_sam_fusion - INFO - Epoch 40/50 | train=0.230777 val=0.573263 | sat_backbone=1.60e-04 sat_other=3.20e-04
2026-03-02 19:37:58,676 - portable_sam_fusion - INFO - Epoch 41 detailed losses: loss_rpn_cls=0.0098, loss_rpn_bbox=0.0032, loss_cls=0.1211, acc=95.0585, loss_bbox=0.0652, loss_mask=0.0265
2026-03-02 19:38:08,405 - portable_sam_fusion - INFO - Epoch 41/50 | train=0.225856 val=0.482597 | sat_backbone=1.64e-04 sat_other=3.28e-04
2026-03-02 19:39:55,344 - portable_sam_fusion - INFO - Epoch 42 detailed losses: loss_rpn_cls=0.0069, loss_rpn_bbox=0.0041, loss_cls=0.1274, acc=94.8393, loss_bbox=0.0700, loss_mask=0.0275
2026-03-02 19:40:05,346 - portable_sam_fusion - INFO - Epoch 42/50 | train=0.235889 val=0.470986 | sat_backbone=1.68e-04 sat_other=3.36e-04
2026-03-02 19:41:52,626 - portable_sam_fusion - INFO - Epoch 43 detailed losses: loss_rpn_cls=0.0093, loss_rpn_bbox=0.0038, loss_cls=0.1321, acc=94.5626, loss_bbox=0.0716, loss_mask=0.0278
2026-03-02 19:42:04,672 - portable_sam_fusion - INFO - Epoch 43/50 | train=0.244624 val=0.474273 | sat_backbone=1.72e-04 sat_other=3.44e-04
2026-03-02 19:43:54,480 - portable_sam_fusion - INFO - Epoch 44 detailed losses: loss_rpn_cls=0.0071, loss_rpn_bbox=0.0031, loss_cls=0.1309, acc=94.6923, loss_bbox=0.0702, loss_mask=0.0311
2026-03-02 19:44:03,696 - portable_sam_fusion - INFO - Epoch 44/50 | train=0.242466 val=0.432310 | sat_backbone=1.76e-04 sat_other=3.52e-04
2026-03-02 19:45:47,976 - portable_sam_fusion - INFO - Epoch 45 detailed losses: loss_rpn_cls=0.0066, loss_rpn_bbox=0.0024, loss_cls=0.1189, acc=95.1009, loss_bbox=0.0661, loss_mask=0.0259
2026-03-02 19:45:57,031 - portable_sam_fusion - INFO - Epoch 45/50 | train=0.219916 val=0.425537 | sat_backbone=1.80e-04 sat_other=3.60e-04
2026-03-02 19:47:41,364 - portable_sam_fusion - INFO - Epoch 46 detailed losses: loss_rpn_cls=0.0072, loss_rpn_bbox=0.0043, loss_cls=0.1271, acc=94.7771, loss_bbox=0.0702, loss_mask=0.0277
2026-03-02 19:47:50,134 - portable_sam_fusion - INFO - Epoch 46/50 | train=0.236422 val=0.448482 | sat_backbone=1.84e-04 sat_other=3.68e-04
2026-03-02 19:49:29,377 - portable_sam_fusion - INFO - Epoch 47 detailed losses: loss_rpn_cls=0.0079, loss_rpn_bbox=0.0030, loss_cls=0.1170, acc=95.1457, loss_bbox=0.0644, loss_mask=0.0255
2026-03-02 19:49:38,129 - portable_sam_fusion - INFO - Epoch 47/50 | train=0.217777 val=0.498534 | sat_backbone=1.88e-04 sat_other=3.76e-04
2026-03-02 19:51:18,620 - portable_sam_fusion - INFO - Epoch 48 detailed losses: loss_rpn_cls=0.0081, loss_rpn_bbox=0.0030, loss_cls=0.1211, acc=95.0614, loss_bbox=0.0656, loss_mask=0.0264
2026-03-02 19:51:27,033 - portable_sam_fusion - INFO - Epoch 48/50 | train=0.224294 val=0.551371 | sat_backbone=1.92e-04 sat_other=3.84e-04
2026-03-02 19:53:06,544 - portable_sam_fusion - INFO - Epoch 49 detailed losses: loss_rpn_cls=0.0077, loss_rpn_bbox=0.0029, loss_cls=0.1181, acc=95.1596, loss_bbox=0.0671, loss_mask=0.0272
2026-03-02 19:53:15,703 - portable_sam_fusion - INFO - Epoch 49/50 | train=0.222937 val=0.471832 | sat_backbone=1.96e-04 sat_other=3.92e-04
2026-03-02 19:54:53,060 - portable_sam_fusion - INFO - Epoch 50 detailed losses: loss_rpn_cls=0.0099, loss_rpn_bbox=0.0034, loss_cls=0.1254, acc=94.7940, loss_bbox=0.0722, loss_mask=0.0287
2026-03-02 19:55:01,651 - portable_sam_fusion - INFO - Epoch 50/50 | train=0.239635 val=0.423419 | sat_backbone=2.00e-04 sat_other=4.00e-04
2026-03-02 19:55:01,652 - portable_sam_fusion - INFO - Early stopping triggered (patience=15)
