/home/wangcheng/anaconda3/envs/cvt/lib/python3.9/site-packages/imagecorruptions/corruptions.py:17: UserWarning: pkg_resources is deprecated as an API. See https://setuptools.pypa.io/en/latest/pkg_resources.html. The pkg_resources package is slated for removal as early as 2025-11-30. Refrain from using this package or pin to Setuptools<81.
  from pkg_resources import resource_filename
Loads checkpoint by local backend from path: /home/wangcheng/project/SCVT3/portable_sam_fusion/checkpoints/sam_vit_b_01ec64.pth
Loaded SAM VisionEncoder with interpolation. Missing keys: 0, Unexpected keys: 138
Enabled gradient checkpointing for SAM VisionEncoder (via forward wrapper)
02/17 19:08:18 - mmengine - INFO - load model from: /home/wangcheng/project/SCVT3/portable_sam_fusion/checkpoints/sam_vit_b_01ec64.pth
02/17 19:08:18 - mmengine - INFO - Loads checkpoint by local backend from path: /home/wangcheng/project/SCVT3/portable_sam_fusion/checkpoints/sam_vit_b_01ec64.pth
02/17 19:08:19 - mmengine - WARNING - The model and loaded state dict do not match exactly

unexpected key in source state_dict: shared_image_embedding.positional_embedding, vision_encoder.pos_embed, vision_encoder.patch_embed.projection.weight, vision_encoder.patch_embed.projection.bias, vision_encoder.layers.0.layer_norm1.weight, vision_encoder.layers.0.layer_norm1.bias, vision_encoder.layers.0.attn.rel_pos_h, vision_encoder.layers.0.attn.rel_pos_w, vision_encoder.layers.0.attn.qkv.weight, vision_encoder.layers.0.attn.qkv.bias, vision_encoder.layers.0.attn.proj.weight, vision_encoder.layers.0.attn.proj.bias, vision_encoder.layers.0.layer_norm2.weight, vision_encoder.layers.0.layer_norm2.bias, vision_encoder.layers.0.mlp.lin1.weight, vision_encoder.layers.0.mlp.lin1.bias, vision_encoder.layers.0.mlp.lin2.weight, vision_encoder.layers.0.mlp.lin2.bias, vision_encoder.layers.1.layer_norm1.weight, vision_encoder.layers.1.layer_norm1.bias, vision_encoder.layers.1.attn.rel_pos_h, vision_encoder.layers.1.attn.rel_pos_w, vision_encoder.layers.1.attn.qkv.weight, vision_encoder.layers.1.attn.qkv.bias, vision_encoder.layers.1.attn.proj.weight, vision_encoder.layers.1.attn.proj.bias, vision_encoder.layers.1.layer_norm2.weight, vision_encoder.layers.1.layer_norm2.bias, vision_encoder.layers.1.mlp.lin1.weight, vision_encoder.layers.1.mlp.lin1.bias, vision_encoder.layers.1.mlp.lin2.weight, vision_encoder.layers.1.mlp.lin2.bias, vision_encoder.layers.2.layer_norm1.weight, vision_encoder.layers.2.layer_norm1.bias, vision_encoder.layers.2.attn.rel_pos_h, vision_encoder.layers.2.attn.rel_pos_w, vision_encoder.layers.2.attn.qkv.weight, vision_encoder.layers.2.attn.qkv.bias, vision_encoder.layers.2.attn.proj.weight, vision_encoder.layers.2.attn.proj.bias, vision_encoder.layers.2.layer_norm2.weight, vision_encoder.layers.2.layer_norm2.bias, vision_encoder.layers.2.mlp.lin1.weight, vision_encoder.layers.2.mlp.lin1.bias, vision_encoder.layers.2.mlp.lin2.weight, vision_encoder.layers.2.mlp.lin2.bias, vision_encoder.layers.3.layer_norm1.weight, vision_encoder.layers.3.layer_norm1.bias, vision_encoder.layers.3.attn.rel_pos_h, vision_encoder.layers.3.attn.rel_pos_w, vision_encoder.layers.3.attn.qkv.weight, vision_encoder.layers.3.attn.qkv.bias, vision_encoder.layers.3.attn.proj.weight, vision_encoder.layers.3.attn.proj.bias, vision_encoder.layers.3.layer_norm2.weight, vision_encoder.layers.3.layer_norm2.bias, vision_encoder.layers.3.mlp.lin1.weight, vision_encoder.layers.3.mlp.lin1.bias, vision_encoder.layers.3.mlp.lin2.weight, vision_encoder.layers.3.mlp.lin2.bias, vision_encoder.layers.4.layer_norm1.weight, vision_encoder.layers.4.layer_norm1.bias, vision_encoder.layers.4.attn.rel_pos_h, vision_encoder.layers.4.attn.rel_pos_w, vision_encoder.layers.4.attn.qkv.weight, vision_encoder.layers.4.attn.qkv.bias, vision_encoder.layers.4.attn.proj.weight, vision_encoder.layers.4.attn.proj.bias, vision_encoder.layers.4.layer_norm2.weight, vision_encoder.layers.4.layer_norm2.bias, vision_encoder.layers.4.mlp.lin1.weight, vision_encoder.layers.4.mlp.lin1.bias, vision_encoder.layers.4.mlp.lin2.weight, vision_encoder.layers.4.mlp.lin2.bias, vision_encoder.layers.5.layer_norm1.weight, vision_encoder.layers.5.layer_norm1.bias, vision_encoder.layers.5.attn.rel_pos_h, vision_encoder.layers.5.attn.rel_pos_w, vision_encoder.layers.5.attn.qkv.weight, vision_encoder.layers.5.attn.qkv.bias, vision_encoder.layers.5.attn.proj.weight, vision_encoder.layers.5.attn.proj.bias, vision_encoder.layers.5.layer_norm2.weight, vision_encoder.layers.5.layer_norm2.bias, vision_encoder.layers.5.mlp.lin1.weight, vision_encoder.layers.5.mlp.lin1.bias, vision_encoder.layers.5.mlp.lin2.weight, vision_encoder.layers.5.mlp.lin2.bias, vision_encoder.layers.6.layer_norm1.weight, vision_encoder.layers.6.layer_norm1.bias, vision_encoder.layers.6.attn.rel_pos_h, vision_encoder.layers.6.attn.rel_pos_w, vision_encoder.layers.6.attn.qkv.weight, vision_encoder.layers.6.attn.qkv.bias, vision_encoder.layers.6.attn.proj.weight, vision_encoder.layers.6.attn.proj.bias, vision_encoder.layers.6.layer_norm2.weight, vision_encoder.layers.6.layer_norm2.bias, vision_encoder.layers.6.mlp.lin1.weight, vision_encoder.layers.6.mlp.lin1.bias, vision_encoder.layers.6.mlp.lin2.weight, vision_encoder.layers.6.mlp.lin2.bias, vision_encoder.layers.7.layer_norm1.weight, vision_encoder.layers.7.layer_norm1.bias, vision_encoder.layers.7.attn.rel_pos_h, vision_encoder.layers.7.attn.rel_pos_w, vision_encoder.layers.7.attn.qkv.weight, vision_encoder.layers.7.attn.qkv.bias, vision_encoder.layers.7.attn.proj.weight, vision_encoder.layers.7.attn.proj.bias, vision_encoder.layers.7.layer_norm2.weight, vision_encoder.layers.7.layer_norm2.bias, vision_encoder.layers.7.mlp.lin1.weight, vision_encoder.layers.7.mlp.lin1.bias, vision_encoder.layers.7.mlp.lin2.weight, vision_encoder.layers.7.mlp.lin2.bias, vision_encoder.layers.8.layer_norm1.weight, vision_encoder.layers.8.layer_norm1.bias, vision_encoder.layers.8.attn.rel_pos_h, vision_encoder.layers.8.attn.rel_pos_w, vision_encoder.layers.8.attn.qkv.weight, vision_encoder.layers.8.attn.qkv.bias, vision_encoder.layers.8.attn.proj.weight, vision_encoder.layers.8.attn.proj.bias, vision_encoder.layers.8.layer_norm2.weight, vision_encoder.layers.8.layer_norm2.bias, vision_encoder.layers.8.mlp.lin1.weight, vision_encoder.layers.8.mlp.lin1.bias, vision_encoder.layers.8.mlp.lin2.weight, vision_encoder.layers.8.mlp.lin2.bias, vision_encoder.layers.9.layer_norm1.weight, vision_encoder.layers.9.layer_norm1.bias, vision_encoder.layers.9.attn.rel_pos_h, vision_encoder.layers.9.attn.rel_pos_w, vision_encoder.layers.9.attn.qkv.weight, vision_encoder.layers.9.attn.qkv.bias, vision_encoder.layers.9.attn.proj.weight, vision_encoder.layers.9.attn.proj.bias, vision_encoder.layers.9.layer_norm2.weight, vision_encoder.layers.9.layer_norm2.bias, vision_encoder.layers.9.mlp.lin1.weight, vision_encoder.layers.9.mlp.lin1.bias, vision_encoder.layers.9.mlp.lin2.weight, vision_encoder.layers.9.mlp.lin2.bias, vision_encoder.layers.10.layer_norm1.weight, vision_encoder.layers.10.layer_norm1.bias, vision_encoder.layers.10.attn.rel_pos_h, vision_encoder.layers.10.attn.rel_pos_w, vision_encoder.layers.10.attn.qkv.weight, vision_encoder.layers.10.attn.qkv.bias, vision_encoder.layers.10.attn.proj.weight, vision_encoder.layers.10.attn.proj.bias, vision_encoder.layers.10.layer_norm2.weight, vision_encoder.layers.10.layer_norm2.bias, vision_encoder.layers.10.mlp.lin1.weight, vision_encoder.layers.10.mlp.lin1.bias, vision_encoder.layers.10.mlp.lin2.weight, vision_encoder.layers.10.mlp.lin2.bias, vision_encoder.layers.11.layer_norm1.weight, vision_encoder.layers.11.layer_norm1.bias, vision_encoder.layers.11.attn.rel_pos_h, vision_encoder.layers.11.attn.rel_pos_w, vision_encoder.layers.11.attn.qkv.weight, vision_encoder.layers.11.attn.qkv.bias, vision_encoder.layers.11.attn.proj.weight, vision_encoder.layers.11.attn.proj.bias, vision_encoder.layers.11.layer_norm2.weight, vision_encoder.layers.11.layer_norm2.bias, vision_encoder.layers.11.mlp.lin1.weight, vision_encoder.layers.11.mlp.lin1.bias, vision_encoder.layers.11.mlp.lin2.weight, vision_encoder.layers.11.mlp.lin2.bias, vision_encoder.neck.conv1.weight, vision_encoder.neck.layer_norm1.weight, vision_encoder.neck.layer_norm1.bias, vision_encoder.neck.conv2.weight, vision_encoder.neck.layer_norm2.weight, vision_encoder.neck.layer_norm2.bias, mask_decoder.iou_token.weight, mask_decoder.mask_tokens.weight, mask_decoder.transformer.layers.0.self_attn.q_proj.weight, mask_decoder.transformer.layers.0.self_attn.q_proj.bias, mask_decoder.transformer.layers.0.self_attn.k_proj.weight, mask_decoder.transformer.layers.0.self_attn.k_proj.bias, mask_decoder.transformer.layers.0.self_attn.v_proj.weight, mask_decoder.transformer.layers.0.self_attn.v_proj.bias, mask_decoder.transformer.layers.0.self_attn.out_proj.weight, mask_decoder.transformer.layers.0.self_attn.out_proj.bias, mask_decoder.transformer.layers.0.layer_norm1.weight, mask_decoder.transformer.layers.0.layer_norm1.bias, mask_decoder.transformer.layers.0.cross_attn_token_to_image.q_proj.weight, mask_decoder.transformer.layers.0.cross_attn_token_to_image.q_proj.bias, mask_decoder.transformer.layers.0.cross_attn_token_to_image.k_proj.weight, mask_decoder.transformer.layers.0.cross_attn_token_to_image.k_proj.bias, mask_decoder.transformer.layers.0.cross_attn_token_to_image.v_proj.weight, mask_decoder.transformer.layers.0.cross_attn_token_to_image.v_proj.bias, mask_decoder.transformer.layers.0.cross_attn_token_to_image.out_proj.weight, mask_decoder.transformer.layers.0.cross_attn_token_to_image.out_proj.bias, mask_decoder.transformer.layers.0.layer_norm2.weight, mask_decoder.transformer.layers.0.layer_norm2.bias, mask_decoder.transformer.layers.0.mlp.lin1.weight, mask_decoder.transformer.layers.0.mlp.lin1.bias, mask_decoder.transformer.layers.0.mlp.lin2.weight, mask_decoder.transformer.layers.0.mlp.lin2.bias, mask_decoder.transformer.layers.0.layer_norm3.weight, mask_decoder.transformer.layers.0.layer_norm3.bias, mask_decoder.transformer.layers.0.layer_norm4.weight, mask_decoder.transformer.layers.0.layer_norm4.bias, mask_decoder.transformer.layers.0.cross_attn_image_to_token.q_proj.weight, mask_decoder.transformer.layers.0.cross_attn_image_to_token.q_proj.bias, mask_decoder.transformer.layers.0.cross_attn_image_to_token.k_proj.weight, mask_decoder.transformer.layers.0.cross_attn_image_to_token.k_proj.bias, mask_decoder.transformer.layers.0.cross_attn_image_to_token.v_proj.weight, mask_decoder.transformer.layers.0.cross_attn_image_to_token.v_proj.bias, mask_decoder.transformer.layers.0.cross_attn_image_to_token.out_proj.weight, mask_decoder.transformer.layers.0.cross_attn_image_to_token.out_proj.bias, mask_decoder.transformer.layers.1.self_attn.q_proj.weight, mask_decoder.transformer.layers.1.self_attn.q_proj.bias, mask_decoder.transformer.layers.1.self_attn.k_proj.weight, mask_decoder.transformer.layers.1.self_attn.k_proj.bias, mask_decoder.transformer.layers.1.self_attn.v_proj.weight, mask_decoder.transformer.layers.1.self_attn.v_proj.bias, mask_decoder.transformer.layers.1.self_attn.out_proj.weight, mask_decoder.transformer.layers.1.self_attn.out_proj.bias, mask_decoder.transformer.layers.1.layer_norm1.weight, mask_decoder.transformer.layers.1.layer_norm1.bias, mask_decoder.transformer.layers.1.cross_attn_token_to_image.q_proj.weight, mask_decoder.transformer.layers.1.cross_attn_token_to_image.q_proj.bias, mask_decoder.transformer.layers.1.cross_attn_token_to_image.k_proj.weight, mask_decoder.transformer.layers.1.cross_attn_token_to_image.k_proj.bias, mask_decoder.transformer.layers.1.cross_attn_token_to_image.v_proj.weight, mask_decoder.transformer.layers.1.cross_attn_token_to_image.v_proj.bias, mask_decoder.transformer.layers.1.cross_attn_token_to_image.out_proj.weight, mask_decoder.transformer.layers.1.cross_attn_token_to_image.out_proj.bias, mask_decoder.transformer.layers.1.layer_norm2.weight, mask_decoder.transformer.layers.1.layer_norm2.bias, mask_decoder.transformer.layers.1.mlp.lin1.weight, mask_decoder.transformer.layers.1.mlp.lin1.bias, mask_decoder.transformer.layers.1.mlp.lin2.weight, mask_decoder.transformer.layers.1.mlp.lin2.bias, mask_decoder.transformer.layers.1.layer_norm3.weight, mask_decoder.transformer.layers.1.layer_norm3.bias, mask_decoder.transformer.layers.1.layer_norm4.weight, mask_decoder.transformer.layers.1.layer_norm4.bias, mask_decoder.transformer.layers.1.cross_attn_image_to_token.q_proj.weight, mask_decoder.transformer.layers.1.cross_attn_image_to_token.q_proj.bias, mask_decoder.transformer.layers.1.cross_attn_image_to_token.k_proj.weight, mask_decoder.transformer.layers.1.cross_attn_image_to_token.k_proj.bias, mask_decoder.transformer.layers.1.cross_attn_image_to_token.v_proj.weight, mask_decoder.transformer.layers.1.cross_attn_image_to_token.v_proj.bias, mask_decoder.transformer.layers.1.cross_attn_image_to_token.out_proj.weight, mask_decoder.transformer.layers.1.cross_attn_image_to_token.out_proj.bias, mask_decoder.transformer.final_attn_token_to_image.q_proj.weight, mask_decoder.transformer.final_attn_token_to_image.q_proj.bias, mask_decoder.transformer.final_attn_token_to_image.k_proj.weight, mask_decoder.transformer.final_attn_token_to_image.k_proj.bias, mask_decoder.transformer.final_attn_token_to_image.v_proj.weight, mask_decoder.transformer.final_attn_token_to_image.v_proj.bias, mask_decoder.transformer.final_attn_token_to_image.out_proj.weight, mask_decoder.transformer.final_attn_token_to_image.out_proj.bias, mask_decoder.transformer.layer_norm_final_attn.weight, mask_decoder.transformer.layer_norm_final_attn.bias, mask_decoder.upscale_conv1.weight, mask_decoder.upscale_conv1.bias, mask_decoder.upscale_conv2.weight, mask_decoder.upscale_conv2.bias, mask_decoder.upscale_layer_norm.weight, mask_decoder.upscale_layer_norm.bias, mask_decoder.output_hypernetworks_mlps.0.proj_in.weight, mask_decoder.output_hypernetworks_mlps.0.proj_in.bias, mask_decoder.output_hypernetworks_mlps.0.proj_out.weight, mask_decoder.output_hypernetworks_mlps.0.proj_out.bias, mask_decoder.output_hypernetworks_mlps.0.layers.0.weight, mask_decoder.output_hypernetworks_mlps.0.layers.0.bias, mask_decoder.output_hypernetworks_mlps.1.proj_in.weight, mask_decoder.output_hypernetworks_mlps.1.proj_in.bias, mask_decoder.output_hypernetworks_mlps.1.proj_out.weight, mask_decoder.output_hypernetworks_mlps.1.proj_out.bias, mask_decoder.output_hypernetworks_mlps.1.layers.0.weight, mask_decoder.output_hypernetworks_mlps.1.layers.0.bias, mask_decoder.output_hypernetworks_mlps.2.proj_in.weight, mask_decoder.output_hypernetworks_mlps.2.proj_in.bias, mask_decoder.output_hypernetworks_mlps.2.proj_out.weight, mask_decoder.output_hypernetworks_mlps.2.proj_out.bias, mask_decoder.output_hypernetworks_mlps.2.layers.0.weight, mask_decoder.output_hypernetworks_mlps.2.layers.0.bias, mask_decoder.output_hypernetworks_mlps.3.proj_in.weight, mask_decoder.output_hypernetworks_mlps.3.proj_in.bias, mask_decoder.output_hypernetworks_mlps.3.proj_out.weight, mask_decoder.output_hypernetworks_mlps.3.proj_out.bias, mask_decoder.output_hypernetworks_mlps.3.layers.0.weight, mask_decoder.output_hypernetworks_mlps.3.layers.0.bias, mask_decoder.iou_prediction_head.proj_in.weight, mask_decoder.iou_prediction_head.proj_in.bias, mask_decoder.iou_prediction_head.proj_out.weight, mask_decoder.iou_prediction_head.proj_out.bias, mask_decoder.iou_prediction_head.layers.0.weight, mask_decoder.iou_prediction_head.layers.0.bias, prompt_encoder.shared_embedding.positional_embedding

02/17 19:08:19 - mmengine - INFO - 
prompt_encoder.mask_embed.conv1.weight - torch.Size([4, 1, 2, 2]): 
PretrainedInit: load from /home/wangcheng/project/SCVT3/portable_sam_fusion/checkpoints/sam_vit_b_01ec64.pth 
 
02/17 19:08:19 - mmengine - INFO - 
prompt_encoder.mask_embed.conv1.bias - torch.Size([4]): 
PretrainedInit: load from /home/wangcheng/project/SCVT3/portable_sam_fusion/checkpoints/sam_vit_b_01ec64.pth 
 
02/17 19:08:19 - mmengine - INFO - 
prompt_encoder.mask_embed.conv2.weight - torch.Size([16, 4, 2, 2]): 
PretrainedInit: load from /home/wangcheng/project/SCVT3/portable_sam_fusion/checkpoints/sam_vit_b_01ec64.pth 
 
02/17 19:08:19 - mmengine - INFO - 
prompt_encoder.mask_embed.conv2.bias - torch.Size([16]): 
PretrainedInit: load from /home/wangcheng/project/SCVT3/portable_sam_fusion/checkpoints/sam_vit_b_01ec64.pth 
 
02/17 19:08:19 - mmengine - INFO - 
prompt_encoder.mask_embed.conv3.weight - torch.Size([256, 16, 1, 1]): 
PretrainedInit: load from /home/wangcheng/project/SCVT3/portable_sam_fusion/checkpoints/sam_vit_b_01ec64.pth 
 
02/17 19:08:19 - mmengine - INFO - 
prompt_encoder.mask_embed.conv3.bias - torch.Size([256]): 
PretrainedInit: load from /home/wangcheng/project/SCVT3/portable_sam_fusion/checkpoints/sam_vit_b_01ec64.pth 
 
02/17 19:08:19 - mmengine - INFO - 
prompt_encoder.mask_embed.layer_norm1.weight - torch.Size([4]): 
PretrainedInit: load from /home/wangcheng/project/SCVT3/portable_sam_fusion/checkpoints/sam_vit_b_01ec64.pth 
 
02/17 19:08:19 - mmengine - INFO - 
prompt_encoder.mask_embed.layer_norm1.bias - torch.Size([4]): 
PretrainedInit: load from /home/wangcheng/project/SCVT3/portable_sam_fusion/checkpoints/sam_vit_b_01ec64.pth 
 
02/17 19:08:19 - mmengine - INFO - 
prompt_encoder.mask_embed.layer_norm2.weight - torch.Size([16]): 
PretrainedInit: load from /home/wangcheng/project/SCVT3/portable_sam_fusion/checkpoints/sam_vit_b_01ec64.pth 
 
02/17 19:08:19 - mmengine - INFO - 
prompt_encoder.mask_embed.layer_norm2.bias - torch.Size([16]): 
PretrainedInit: load from /home/wangcheng/project/SCVT3/portable_sam_fusion/checkpoints/sam_vit_b_01ec64.pth 
 
02/17 19:08:19 - mmengine - INFO - 
prompt_encoder.no_mask_embed.weight - torch.Size([1, 256]): 
PretrainedInit: load from /home/wangcheng/project/SCVT3/portable_sam_fusion/checkpoints/sam_vit_b_01ec64.pth 
 
02/17 19:08:19 - mmengine - INFO - 
prompt_encoder.point_embed.0.weight - torch.Size([1, 256]): 
PretrainedInit: load from /home/wangcheng/project/SCVT3/portable_sam_fusion/checkpoints/sam_vit_b_01ec64.pth 
 
02/17 19:08:19 - mmengine - INFO - 
prompt_encoder.point_embed.1.weight - torch.Size([1, 256]): 
PretrainedInit: load from /home/wangcheng/project/SCVT3/portable_sam_fusion/checkpoints/sam_vit_b_01ec64.pth 
 
02/17 19:08:19 - mmengine - INFO - 
prompt_encoder.point_embed.2.weight - torch.Size([1, 256]): 
PretrainedInit: load from /home/wangcheng/project/SCVT3/portable_sam_fusion/checkpoints/sam_vit_b_01ec64.pth 
 
02/17 19:08:19 - mmengine - INFO - 
prompt_encoder.point_embed.3.weight - torch.Size([1, 256]): 
PretrainedInit: load from /home/wangcheng/project/SCVT3/portable_sam_fusion/checkpoints/sam_vit_b_01ec64.pth 
 
02/17 19:08:19 - mmengine - INFO - 
prompt_encoder.not_a_point_embed.weight - torch.Size([1, 256]): 
PretrainedInit: load from /home/wangcheng/project/SCVT3/portable_sam_fusion/checkpoints/sam_vit_b_01ec64.pth 
 
Loads checkpoint by local backend from path: /home/wangcheng/project/SCVT3/portable_sam_fusion/checkpoints/sam_vit_b_01ec64.pth
Loaded SAM PositionalEmbedding. Missing keys: 0, Unexpected keys: 314
2026-02-17 19:08:20,638 - portable_sam_fusion.data.loader - INFO - Built scene ID mapping: 734 scenes
2026-02-17 19:08:21,341 - portable_sam_fusion.data.satellite_drone_dataset - INFO - SatelliteDroneDataset initialized (训练集): 672 scenes, views=4, sat_size=(1024, 1024), drone_size=(512, 512)
2026-02-17 19:08:21,377 - portable_sam_fusion.data.satellite_drone_dataset - INFO - SatelliteDroneDataset initialized (验证集): 62 scenes, views=4, sat_size=(1024, 1024), drone_size=(512, 512)
2026-02-17 19:08:21,378 - portable_sam_fusion - INFO - Dataset size: 672
2026-02-17 19:14:17,155 - portable_sam_fusion - INFO - Epoch 1 detailed losses: loss_rpn_cls=0.7129, loss_rpn_bbox=0.0362, loss_cls=0.5012, acc=82.5858, loss_bbox=0.0066, loss_mask=0.6946, loss_contrastive=0.0697, loss_consistency=0.1020, loss_spatial_align=0.0391
2026-02-17 19:15:09,897 - portable_sam_fusion - INFO - Epoch 1/30 | train=2.162273 val=1.909951 | sat_backbone=2.10e-06 sat_other=4.20e-06 drone_guidance=2.10e-06
2026-02-17 19:22:02,332 - portable_sam_fusion - INFO - Epoch 2 detailed losses: loss_rpn_cls=0.3506, loss_rpn_bbox=0.0240, loss_cls=0.3113, acc=88.5318, loss_bbox=0.2654, loss_mask=0.4292, loss_contrastive=0.0688, loss_consistency=0.0595, loss_spatial_align=0.0381
2026-02-17 19:22:58,930 - portable_sam_fusion - INFO - Epoch 2/30 | train=1.546953 val=1.344011 | sat_backbone=4.10e-06 sat_other=8.19e-06 drone_guidance=4.10e-06
2026-02-17 19:30:33,514 - portable_sam_fusion - INFO - Epoch 3 detailed losses: loss_rpn_cls=0.0972, loss_rpn_bbox=0.0172, loss_cls=0.3061, acc=86.8007, loss_bbox=0.2978, loss_mask=0.2439, loss_contrastive=0.0668, loss_consistency=0.0196, loss_spatial_align=0.0380
2026-02-17 19:31:31,201 - portable_sam_fusion - INFO - Epoch 3/30 | train=1.086471 val=0.940474 | sat_backbone=6.09e-06 sat_other=1.22e-05 drone_guidance=6.09e-06
2026-02-17 19:39:18,134 - portable_sam_fusion - INFO - Epoch 4 detailed losses: loss_rpn_cls=0.0547, loss_rpn_bbox=0.0138, loss_cls=0.2794, acc=87.7860, loss_bbox=0.2478, loss_mask=0.1601, loss_contrastive=0.0293, loss_consistency=0.0082, loss_spatial_align=0.0386
2026-02-17 19:40:03,332 - portable_sam_fusion - INFO - Epoch 4/30 | train=0.831985 val=0.803306 | sat_backbone=8.09e-06 sat_other=1.62e-05 drone_guidance=8.09e-06
2026-02-17 19:47:52,511 - portable_sam_fusion - INFO - Epoch 5 detailed losses: loss_rpn_cls=0.0362, loss_rpn_bbox=0.0116, loss_cls=0.2575, acc=88.8689, loss_bbox=0.2055, loss_mask=0.1382, loss_contrastive=0.0050, loss_consistency=0.0027, loss_spatial_align=0.0388
2026-02-17 19:48:37,437 - portable_sam_fusion - INFO - Epoch 5/30 | train=0.695525 val=0.727836 | sat_backbone=1.01e-05 sat_other=2.02e-05 drone_guidance=1.01e-05
2026-02-17 19:56:32,383 - portable_sam_fusion - INFO - Epoch 6 detailed losses: loss_rpn_cls=0.0234, loss_rpn_bbox=0.0097, loss_cls=0.2355, acc=89.7554, loss_bbox=0.1726, loss_mask=0.1239, loss_contrastive=0.0028, loss_consistency=0.0009, loss_spatial_align=0.0376
2026-02-17 19:57:16,917 - portable_sam_fusion - INFO - Epoch 6/30 | train=0.606291 val=0.714060 | sat_backbone=1.21e-05 sat_other=2.42e-05 drone_guidance=1.21e-05
2026-02-17 20:04:52,499 - portable_sam_fusion - INFO - Epoch 7 detailed losses: loss_rpn_cls=0.0185, loss_rpn_bbox=0.0086, loss_cls=0.2103, acc=91.1330, loss_bbox=0.1488, loss_mask=0.1073, loss_contrastive=0.0029, loss_consistency=0.0005, loss_spatial_align=0.0364
2026-02-17 20:05:41,918 - portable_sam_fusion - INFO - Epoch 7/30 | train=0.533128 val=0.655613 | sat_backbone=1.41e-05 sat_other=2.82e-05 drone_guidance=1.41e-05
2026-02-17 20:13:41,889 - portable_sam_fusion - INFO - Epoch 8 detailed losses: loss_rpn_cls=0.0143, loss_rpn_bbox=0.0072, loss_cls=0.1901, acc=91.9009, loss_bbox=0.1255, loss_mask=0.0944, loss_contrastive=0.0025, loss_consistency=0.0003, loss_spatial_align=0.0353
2026-02-17 20:14:31,261 - portable_sam_fusion - INFO - Epoch 8/30 | train=0.469635 val=0.629638 | sat_backbone=1.61e-05 sat_other=3.22e-05 drone_guidance=1.61e-05
2026-02-17 20:22:34,390 - portable_sam_fusion - INFO - Epoch 9 detailed losses: loss_rpn_cls=0.0123, loss_rpn_bbox=0.0064, loss_cls=0.1740, acc=92.7252, loss_bbox=0.1135, loss_mask=0.0784, loss_contrastive=0.0016, loss_consistency=0.0003, loss_spatial_align=0.0340
2026-02-17 20:23:20,823 - portable_sam_fusion - INFO - Epoch 9/30 | train=0.420464 val=0.626030 | sat_backbone=1.81e-05 sat_other=3.62e-05 drone_guidance=1.81e-05
2026-02-17 20:31:17,141 - portable_sam_fusion - INFO - Epoch 10 detailed losses: loss_rpn_cls=0.0112, loss_rpn_bbox=0.0060, loss_cls=0.1629, acc=93.1769, loss_bbox=0.1019, loss_mask=0.0516, loss_contrastive=0.0018, loss_consistency=0.0002, loss_spatial_align=0.0329
2026-02-17 20:32:07,775 - portable_sam_fusion - INFO - Epoch 10/30 | train=0.368382 val=0.589261 | sat_backbone=2.01e-05 sat_other=4.02e-05 drone_guidance=2.01e-05
2026-02-17 20:40:04,333 - portable_sam_fusion - INFO - Epoch 11 detailed losses: loss_rpn_cls=0.0090, loss_rpn_bbox=0.0054, loss_cls=0.1494, acc=93.7756, loss_bbox=0.0902, loss_mask=0.0383, loss_contrastive=0.0012, loss_consistency=0.0002, loss_spatial_align=0.0315
2026-02-17 20:40:53,635 - portable_sam_fusion - INFO - Epoch 11/30 | train=0.325186 val=0.537077 | sat_backbone=2.21e-05 sat_other=4.42e-05 drone_guidance=2.21e-05
2026-02-17 20:48:47,207 - portable_sam_fusion - INFO - Epoch 12 detailed losses: loss_rpn_cls=0.0071, loss_rpn_bbox=0.0050, loss_cls=0.1374, acc=94.2772, loss_bbox=0.0827, loss_mask=0.0286, loss_contrastive=0.0025, loss_consistency=0.0002, loss_spatial_align=0.0304
2026-02-17 20:49:16,475 - portable_sam_fusion - INFO - Epoch 12/30 | train=0.293901 val=0.568728 | sat_backbone=2.41e-05 sat_other=4.82e-05 drone_guidance=2.41e-05
2026-02-17 20:57:12,097 - portable_sam_fusion - INFO - Epoch 13 detailed losses: loss_rpn_cls=0.0072, loss_rpn_bbox=0.0046, loss_cls=0.1303, acc=94.6510, loss_bbox=0.0767, loss_mask=0.0265, loss_contrastive=0.0017, loss_consistency=0.0002, loss_spatial_align=0.0300
2026-02-17 20:58:02,518 - portable_sam_fusion - INFO - Epoch 13/30 | train=0.277345 val=0.516778 | sat_backbone=2.61e-05 sat_other=5.21e-05 drone_guidance=2.61e-05
2026-02-17 21:05:58,430 - portable_sam_fusion - INFO - Epoch 14 detailed losses: loss_rpn_cls=0.0065, loss_rpn_bbox=0.0045, loss_cls=0.1221, acc=94.9951, loss_bbox=0.0722, loss_mask=0.0255, loss_contrastive=0.0020, loss_consistency=0.0002, loss_spatial_align=0.0288
2026-02-17 21:06:47,869 - portable_sam_fusion - INFO - Epoch 14/30 | train=0.261809 val=0.497893 | sat_backbone=2.81e-05 sat_other=5.61e-05 drone_guidance=2.81e-05
2026-02-17 21:14:46,406 - portable_sam_fusion - INFO - Epoch 15 detailed losses: loss_rpn_cls=0.0053, loss_rpn_bbox=0.0043, loss_cls=0.1123, acc=95.3456, loss_bbox=0.0639, loss_mask=0.0246, loss_contrastive=0.0021, loss_consistency=0.0002, loss_spatial_align=0.0272
2026-02-17 21:15:16,469 - portable_sam_fusion - INFO - Epoch 15/30 | train=0.239905 val=0.541379 | sat_backbone=3.01e-05 sat_other=6.01e-05 drone_guidance=3.01e-05
2026-02-17 21:23:13,758 - portable_sam_fusion - INFO - Epoch 16 detailed losses: loss_rpn_cls=0.0051, loss_rpn_bbox=0.0045, loss_cls=0.1116, acc=95.3718, loss_bbox=0.0611, loss_mask=0.0241, loss_contrastive=0.0016, loss_consistency=0.0001, loss_spatial_align=0.0259
2026-02-17 21:23:42,869 - portable_sam_fusion - INFO - Epoch 16/30 | train=0.233913 val=0.537897 | sat_backbone=3.21e-05 sat_other=6.41e-05 drone_guidance=3.21e-05
2026-02-17 21:31:36,737 - portable_sam_fusion - INFO - Epoch 17 detailed losses: loss_rpn_cls=0.0043, loss_rpn_bbox=0.0037, loss_cls=0.1072, acc=95.5933, loss_bbox=0.0603, loss_mask=0.0211, loss_contrastive=0.0015, loss_consistency=0.0001, loss_spatial_align=0.0244
2026-02-17 21:32:06,410 - portable_sam_fusion - INFO - Epoch 17/30 | train=0.222618 val=0.514983 | sat_backbone=3.41e-05 sat_other=6.81e-05 drone_guidance=3.41e-05
2026-02-17 21:40:00,357 - portable_sam_fusion - INFO - Epoch 18 detailed losses: loss_rpn_cls=0.0043, loss_rpn_bbox=0.0037, loss_cls=0.1025, acc=95.7409, loss_bbox=0.0554, loss_mask=0.0215, loss_contrastive=0.0012, loss_consistency=0.0001, loss_spatial_align=0.0230
2026-02-17 21:40:46,062 - portable_sam_fusion - INFO - Epoch 18/30 | train=0.211677 val=0.471998 | sat_backbone=3.61e-05 sat_other=7.21e-05 drone_guidance=3.61e-05
2026-02-17 21:48:41,798 - portable_sam_fusion - INFO - Epoch 19 detailed losses: loss_rpn_cls=0.0043, loss_rpn_bbox=0.0049, loss_cls=0.0987, acc=95.9362, loss_bbox=0.0538, loss_mask=0.0180, loss_contrastive=0.0011, loss_consistency=0.0001, loss_spatial_align=0.0219
2026-02-17 21:49:12,319 - portable_sam_fusion - INFO - Epoch 19/30 | train=0.202712 val=0.514432 | sat_backbone=3.81e-05 sat_other=7.61e-05 drone_guidance=3.81e-05
2026-02-17 21:57:16,688 - portable_sam_fusion - INFO - Epoch 20 detailed losses: loss_rpn_cls=0.0041, loss_rpn_bbox=0.0037, loss_cls=0.0960, acc=96.0135, loss_bbox=0.0537, loss_mask=0.0211, loss_contrastive=0.0023, loss_consistency=0.0001, loss_spatial_align=0.0206
2026-02-17 21:57:47,170 - portable_sam_fusion - INFO - Epoch 20/30 | train=0.201612 val=0.551775 | sat_backbone=4.01e-05 sat_other=8.01e-05 drone_guidance=4.01e-05
2026-02-17 22:05:50,493 - portable_sam_fusion - INFO - Epoch 21 detailed losses: loss_rpn_cls=0.0037, loss_rpn_bbox=0.0033, loss_cls=0.0938, acc=96.0856, loss_bbox=0.0501, loss_mask=0.0214, loss_contrastive=0.0013, loss_consistency=0.0001, loss_spatial_align=0.0192
2026-02-17 22:06:21,943 - portable_sam_fusion - INFO - Epoch 21/30 | train=0.192823 val=0.484660 | sat_backbone=4.21e-05 sat_other=8.41e-05 drone_guidance=4.21e-05
2026-02-17 22:14:17,739 - portable_sam_fusion - INFO - Epoch 22 detailed losses: loss_rpn_cls=0.0034, loss_rpn_bbox=0.0033, loss_cls=0.0902, acc=96.2809, loss_bbox=0.0463, loss_mask=0.0162, loss_contrastive=0.0013, loss_consistency=0.0001, loss_spatial_align=0.0181
2026-02-17 22:14:48,885 - portable_sam_fusion - INFO - Epoch 22/30 | train=0.178954 val=0.521182 | sat_backbone=4.41e-05 sat_other=8.81e-05 drone_guidance=4.41e-05
2026-02-17 22:22:50,191 - portable_sam_fusion - INFO - Epoch 23 detailed losses: loss_rpn_cls=0.0031, loss_rpn_bbox=0.0035, loss_cls=0.0864, acc=96.4274, loss_bbox=0.0452, loss_mask=0.0180, loss_contrastive=0.0017, loss_consistency=0.0001, loss_spatial_align=0.0168
2026-02-17 22:23:19,973 - portable_sam_fusion - INFO - Epoch 23/30 | train=0.174765 val=0.491063 | sat_backbone=4.61e-05 sat_other=9.21e-05 drone_guidance=4.61e-05
2026-02-17 22:31:19,710 - portable_sam_fusion - INFO - Epoch 24 detailed losses: loss_rpn_cls=0.0027, loss_rpn_bbox=0.0031, loss_cls=0.0847, acc=96.5204, loss_bbox=0.0448, loss_mask=0.0191, loss_contrastive=0.0032, loss_consistency=0.0001, loss_spatial_align=0.0172
2026-02-17 22:31:48,998 - portable_sam_fusion - INFO - Epoch 24/30 | train=0.174946 val=0.481802 | sat_backbone=4.81e-05 sat_other=9.61e-05 drone_guidance=4.81e-05
2026-02-17 22:39:48,704 - portable_sam_fusion - INFO - Epoch 25 detailed losses: loss_rpn_cls=0.0036, loss_rpn_bbox=0.0031, loss_cls=0.0836, acc=96.5309, loss_bbox=0.0435, loss_mask=0.0183, loss_contrastive=0.0016, loss_consistency=0.0001, loss_spatial_align=0.0147
2026-02-17 22:40:20,392 - portable_sam_fusion - INFO - Epoch 25/30 | train=0.168509 val=0.508561 | sat_backbone=5.01e-05 sat_other=1.00e-04 drone_guidance=5.01e-05
2026-02-17 22:48:17,868 - portable_sam_fusion - INFO - Epoch 26 detailed losses: loss_rpn_cls=0.0029, loss_rpn_bbox=0.0030, loss_cls=0.0894, acc=96.2920, loss_bbox=0.0448, loss_mask=0.0158, loss_contrastive=0.0024, loss_consistency=0.0000, loss_spatial_align=0.0130
2026-02-17 22:48:49,417 - portable_sam_fusion - INFO - Epoch 26/30 | train=0.171328 val=0.563029 | sat_backbone=5.20e-05 sat_other=1.04e-04 drone_guidance=5.20e-05
