/home/wangcheng/anaconda3/envs/cvt2/lib/python3.9/site-packages/imagecorruptions/corruptions.py:17: UserWarning: pkg_resources is deprecated as an API. See https://setuptools.pypa.io/en/latest/pkg_resources.html. The pkg_resources package is slated for removal as early as 2025-11-30. Refrain from using this package or pin to Setuptools<81.
  from pkg_resources import resource_filename
Loads checkpoint by local backend from path: /home/wangcheng/project/portable_sam_fusion/checkpoints/sam2.1_hiera_base_plus.pt
Loaded SAM2 VisionEncoder. Missing keys: 0
Loads checkpoint by local backend from path: /home/wangcheng/project/portable_sam_fusion/checkpoints/sam2.1_hiera_base_plus.pt
Decoder state dict keys: 131
Loaded SAM2 MaskDecoder. Missing keys: 0
2026-02-20 10:53:38,086 - portable_sam_fusion.data.satellite_dataset - INFO - 加载 734 个卫星场景 (训练集)
2026-02-20 10:53:38,086 - portable_sam_fusion - INFO - Dataset size: 734
Warning: SAM2 decoder forward failed: Tensors must have same number of dimensions: got 3 and 4
Warning: SAM2 decoder forward failed: Tensors must have same number of dimensions: got 3 and 4
Warning: SAM2 decoder forward failed: Tensors must have same number of dimensions: got 3 and 4
Warning: SAM2 decoder forward failed: Tensors must have same number of dimensions: got 3 and 4
Warning: SAM2 decoder forward failed: Tensors must have same number of dimensions: got 3 and 4
Warning: SAM2 decoder forward failed: Tensors must have same number of dimensions: got 3 and 4
Warning: SAM2 decoder forward failed: Tensors must have same number of dimensions: got 3 and 4
Warning: SAM2 decoder forward failed: Tensors must have same number of dimensions: got 3 and 4
Warning: SAM2 decoder forward failed: Tensors must have same number of dimensions: got 3 and 4
Warning: SAM2 decoder forward failed: Tensors must have same number of dimensions: got 3 and 4
Warning: SAM2 decoder forward failed: Tensors must have same number of dimensions: got 3 and 4
Warning: SAM2 decoder forward failed: Tensors must have same number of dimensions: got 3 and 4
Warning: SAM2 decoder forward failed: Tensors must have same number of dimensions: got 3 and 4
Warning: SAM2 decoder forward failed: Tensors must have same number of dimensions: got 3 and 4
Warning: SAM2 decoder forward failed: Tensors must have same number of dimensions: got 3 and 4
Warning: SAM2 decoder forward failed: Tensors must have same number of dimensions: got 3 and 4
Warning: SAM2 decoder forward failed: Tensors must have same number of dimensions: got 3 and 4
Warning: SAM2 decoder forward failed: Tensors must have same number of dimensions: got 3 and 4
Warning: SAM2 decoder forward failed: Tensors must have same number of dimensions: got 3 and 4
Warning: SAM2 decoder forward failed: Tensors must have same number of dimensions: got 3 and 4
Warning: SAM2 decoder forward failed: Tensors must have same number of dimensions: got 3 and 4
Warning: SAM2 decoder forward failed: Tensors must have same number of dimensions: got 3 and 4
Warning: SAM2 decoder forward failed: Tensors must have same number of dimensions: got 3 and 4
Warning: SAM2 decoder forward failed: Tensors must have same number of dimensions: got 3 and 4
Warning: SAM2 decoder forward failed: Tensors must have same number of dimensions: got 3 and 4
Warning: SAM2 decoder forward failed: Tensors must have same number of dimensions: got 3 and 4
Warning: SAM2 decoder forward failed: Tensors must have same number of dimensions: got 3 and 4
Warning: SAM2 decoder forward failed: Tensors must have same number of dimensions: got 3 and 4
Warning: SAM2 decoder forward failed: Tensors must have same number of dimensions: got 3 and 4
Warning: SAM2 decoder forward failed: Tensors must have same number of dimensions: got 3 and 4
Warning: SAM2 decoder forward failed: Tensors must have same number of dimensions: got 3 and 4
Warning: SAM2 decoder forward failed: Tensors must have same number of dimensions: got 3 and 4
Warning: SAM2 decoder forward failed: Tensors must have same number of dimensions: got 3 and 4
Warning: SAM2 decoder forward failed: Tensors must have same number of dimensions: got 3 and 4
Warning: SAM2 decoder forward failed: Tensors must have same number of dimensions: got 3 and 4
Warning: SAM2 decoder forward failed: Tensors must have same number of dimensions: got 3 and 4
Warning: SAM2 decoder forward failed: Tensors must have same number of dimensions: got 3 and 4
Warning: SAM2 decoder forward failed: Tensors must have same number of dimensions: got 3 and 4
Warning: SAM2 decoder forward failed: Tensors must have same number of dimensions: got 3 and 4
Warning: SAM2 decoder forward failed: Tensors must have same number of dimensions: got 3 and 4
Warning: SAM2 decoder forward failed: Tensors must have same number of dimensions: got 3 and 4
Warning: SAM2 decoder forward failed: Tensors must have same number of dimensions: got 3 and 4
Warning: SAM2 decoder forward failed: Tensors must have same number of dimensions: got 3 and 4
Warning: SAM2 decoder forward failed: Tensors must have same number of dimensions: got 3 and 4
Warning: SAM2 decoder forward failed: Tensors must have same number of dimensions: got 3 and 4
Warning: SAM2 decoder forward failed: Tensors must have same number of dimensions: got 3 and 4
Warning: SAM2 decoder forward failed: Tensors must have same number of dimensions: got 3 and 4
Warning: SAM2 decoder forward failed: Tensors must have same number of dimensions: got 3 and 4
Warning: SAM2 decoder forward failed: Tensors must have same number of dimensions: got 3 and 4
Warning: SAM2 decoder forward failed: Tensors must have same number of dimensions: got 3 and 4
Warning: SAM2 decoder forward failed: Tensors must have same number of dimensions: got 3 and 4
Warning: SAM2 decoder forward failed: Tensors must have same number of dimensions: got 3 and 4
Warning: SAM2 decoder forward failed: Tensors must have same number of dimensions: got 3 and 4
Warning: SAM2 decoder forward failed: Tensors must have same number of dimensions: got 3 and 4
Warning: SAM2 decoder forward failed: Tensors must have same number of dimensions: got 3 and 4
Warning: SAM2 decoder forward failed: Tensors must have same number of dimensions: got 3 and 4
Warning: SAM2 decoder forward failed: Tensors must have same number of dimensions: got 3 and 4
Warning: SAM2 decoder forward failed: Tensors must have same number of dimensions: got 3 and 4
Warning: SAM2 decoder forward failed: Tensors must have same number of dimensions: got 3 and 4
Warning: SAM2 decoder forward failed: Tensors must have same number of dimensions: got 3 and 4
Warning: SAM2 decoder forward failed: Tensors must have same number of dimensions: got 3 and 4
Warning: SAM2 decoder forward failed: Tensors must have same number of dimensions: got 3 and 4
Warning: SAM2 decoder forward failed: Tensors must have same number of dimensions: got 3 and 4
Warning: SAM2 decoder forward failed: Tensors must have same number of dimensions: got 3 and 4
Warning: SAM2 decoder forward failed: Tensors must have same number of dimensions: got 3 and 4
Warning: SAM2 decoder forward failed: Tensors must have same number of dimensions: got 3 and 4
Warning: SAM2 decoder forward failed: Tensors must have same number of dimensions: got 3 and 4
Warning: SAM2 decoder forward failed: Tensors must have same number of dimensions: got 3 and 4
Warning: SAM2 decoder forward failed: Tensors must have same number of dimensions: got 3 and 4
Warning: SAM2 decoder forward failed: Tensors must have same number of dimensions: got 3 and 4
Warning: SAM2 decoder forward failed: Tensors must have same number of dimensions: got 3 and 4
Warning: SAM2 decoder forward failed: Tensors must have same number of dimensions: got 3 and 4
Warning: SAM2 decoder forward failed: Tensors must have same number of dimensions: got 3 and 4
Warning: SAM2 decoder forward failed: Tensors must have same number of dimensions: got 3 and 4
Warning: SAM2 decoder forward failed: Tensors must have same number of dimensions: got 3 and 4
Warning: SAM2 decoder forward failed: Tensors must have same number of dimensions: got 3 and 4
Warning: SAM2 decoder forward failed: Tensors must have same number of dimensions: got 3 and 4
Warning: SAM2 decoder forward failed: Tensors must have same number of dimensions: got 3 and 4
Warning: SAM2 decoder forward failed: Tensors must have same number of dimensions: got 3 and 4
Warning: SAM2 decoder forward failed: Tensors must have same number of dimensions: got 3 and 4
Warning: SAM2 decoder forward failed: Tensors must have same number of dimensions: got 3 and 4
Warning: SAM2 decoder forward failed: Tensors must have same number of dimensions: got 3 and 4
Warning: SAM2 decoder forward failed: Tensors must have same number of dimensions: got 3 and 4
Warning: SAM2 decoder forward failed: Tensors must have same number of dimensions: got 3 and 4
Warning: SAM2 decoder forward failed: Tensors must have same number of dimensions: got 3 and 4
Warning: SAM2 decoder forward failed: Tensors must have same number of dimensions: got 3 and 4
Warning: SAM2 decoder forward failed: Tensors must have same number of dimensions: got 3 and 4
Warning: SAM2 decoder forward failed: Tensors must have same number of dimensions: got 3 and 4
Warning: SAM2 decoder forward failed: Tensors must have same number of dimensions: got 3 and 4
Warning: SAM2 decoder forward failed: Tensors must have same number of dimensions: got 3 and 4
Warning: SAM2 decoder forward failed: Tensors must have same number of dimensions: got 3 and 4
Warning: SAM2 decoder forward failed: Tensors must have same number of dimensions: got 3 and 4
Warning: SAM2 decoder forward failed: Tensors must have same number of dimensions: got 3 and 4
Warning: SAM2 decoder forward failed: Tensors must have same number of dimensions: got 3 and 4
Warning: SAM2 decoder forward failed: Tensors must have same number of dimensions: got 3 and 4
Warning: SAM2 decoder forward failed: Tensors must have same number of dimensions: got 3 and 4
Warning: SAM2 decoder forward failed: Tensors must have same number of dimensions: got 3 and 4
Warning: SAM2 decoder forward failed: Tensors must have same number of dimensions: got 3 and 4
Warning: SAM2 decoder forward failed: Tensors must have same number of dimensions: got 3 and 4
Warning: SAM2 decoder forward failed: Tensors must have same number of dimensions: got 3 and 4
Warning: SAM2 decoder forward failed: Tensors must have same number of dimensions: got 3 and 4
Warning: SAM2 decoder forward failed: Tensors must have same number of dimensions: got 3 and 4
Warning: SAM2 decoder forward failed: Tensors must have same number of dimensions: got 3 and 4
Warning: SAM2 decoder forward failed: Tensors must have same number of dimensions: got 3 and 4
Warning: SAM2 decoder forward failed: Tensors must have same number of dimensions: got 3 and 4
Warning: SAM2 decoder forward failed: Tensors must have same number of dimensions: got 3 and 4
Warning: SAM2 decoder forward failed: Tensors must have same number of dimensions: got 3 and 4
Warning: SAM2 decoder forward failed: Tensors must have same number of dimensions: got 3 and 4
Warning: SAM2 decoder forward failed: Tensors must have same number of dimensions: got 3 and 4
Warning: SAM2 decoder forward failed: Tensors must have same number of dimensions: got 3 and 4
Warning: SAM2 decoder forward failed: Tensors must have same number of dimensions: got 3 and 4
Warning: SAM2 decoder forward failed: Tensors must have same number of dimensions: got 3 and 4
Warning: SAM2 decoder forward failed: Tensors must have same number of dimensions: got 3 and 4
Warning: SAM2 decoder forward failed: Tensors must have same number of dimensions: got 3 and 4
Warning: SAM2 decoder forward failed: Tensors must have same number of dimensions: got 3 and 4
Warning: SAM2 decoder forward failed: Tensors must have same number of dimensions: got 3 and 4
Warning: SAM2 decoder forward failed: Tensors must have same number of dimensions: got 3 and 4
Warning: SAM2 decoder forward failed: Tensors must have same number of dimensions: got 3 and 4
Warning: SAM2 decoder forward failed: Tensors must have same number of dimensions: got 3 and 4
Warning: SAM2 decoder forward failed: Tensors must have same number of dimensions: got 3 and 4
Warning: SAM2 decoder forward failed: Tensors must have same number of dimensions: got 3 and 4
Warning: SAM2 decoder forward failed: Tensors must have same number of dimensions: got 3 and 4
Warning: SAM2 decoder forward failed: Tensors must have same number of dimensions: got 3 and 4
Warning: SAM2 decoder forward failed: Tensors must have same number of dimensions: got 3 and 4
Warning: SAM2 decoder forward failed: Tensors must have same number of dimensions: got 3 and 4
Warning: SAM2 decoder forward failed: Tensors must have same number of dimensions: got 3 and 4
Warning: SAM2 decoder forward failed: Tensors must have same number of dimensions: got 3 and 4
Warning: SAM2 decoder forward failed: Tensors must have same number of dimensions: got 3 and 4
Warning: SAM2 decoder forward failed: Tensors must have same number of dimensions: got 3 and 4
Warning: SAM2 decoder forward failed: Tensors must have same number of dimensions: got 3 and 4
Warning: SAM2 decoder forward failed: Tensors must have same number of dimensions: got 3 and 4
Warning: SAM2 decoder forward failed: Tensors must have same number of dimensions: got 3 and 4
Warning: SAM2 decoder forward failed: Tensors must have same number of dimensions: got 3 and 4
Warning: SAM2 decoder forward failed: Tensors must have same number of dimensions: got 3 and 4
Warning: SAM2 decoder forward failed: Tensors must have same number of dimensions: got 3 and 4
Warning: SAM2 decoder forward failed: Tensors must have same number of dimensions: got 3 and 4
Warning: SAM2 decoder forward failed: Tensors must have same number of dimensions: got 3 and 4
Warning: SAM2 decoder forward failed: Tensors must have same number of dimensions: got 3 and 4
Warning: SAM2 decoder forward failed: Tensors must have same number of dimensions: got 3 and 4
Warning: SAM2 decoder forward failed: Tensors must have same number of dimensions: got 3 and 4
Warning: SAM2 decoder forward failed: Tensors must have same number of dimensions: got 3 and 4
Warning: SAM2 decoder forward failed: Tensors must have same number of dimensions: got 3 and 4
Warning: SAM2 decoder forward failed: Tensors must have same number of dimensions: got 3 and 4
Warning: SAM2 decoder forward failed: Tensors must have same number of dimensions: got 3 and 4
Warning: SAM2 decoder forward failed: Tensors must have same number of dimensions: got 3 and 4
Warning: SAM2 decoder forward failed: Tensors must have same number of dimensions: got 3 and 4
Warning: SAM2 decoder forward failed: Tensors must have same number of dimensions: got 3 and 4
Warning: SAM2 decoder forward failed: Tensors must have same number of dimensions: got 3 and 4
Warning: SAM2 decoder forward failed: Tensors must have same number of dimensions: got 3 and 4
Warning: SAM2 decoder forward failed: Tensors must have same number of dimensions: got 3 and 4
Warning: SAM2 decoder forward failed: Tensors must have same number of dimensions: got 3 and 4
Warning: SAM2 decoder forward failed: Tensors must have same number of dimensions: got 3 and 4
Warning: SAM2 decoder forward failed: Tensors must have same number of dimensions: got 3 and 4
Warning: SAM2 decoder forward failed: Tensors must have same number of dimensions: got 3 and 4
Warning: SAM2 decoder forward failed: Tensors must have same number of dimensions: got 3 and 4
Warning: SAM2 decoder forward failed: Tensors must have same number of dimensions: got 3 and 4
Warning: SAM2 decoder forward failed: Tensors must have same number of dimensions: got 3 and 4
Warning: SAM2 decoder forward failed: Tensors must have same number of dimensions: got 3 and 4
Warning: SAM2 decoder forward failed: Tensors must have same number of dimensions: got 3 and 4
Warning: SAM2 decoder forward failed: Tensors must have same number of dimensions: got 3 and 4
Warning: SAM2 decoder forward failed: Tensors must have same number of dimensions: got 3 and 4
Warning: SAM2 decoder forward failed: Tensors must have same number of dimensions: got 3 and 4
Warning: SAM2 decoder forward failed: Tensors must have same number of dimensions: got 3 and 4
Warning: SAM2 decoder forward failed: Tensors must have same number of dimensions: got 3 and 4
Warning: SAM2 decoder forward failed: Tensors must have same number of dimensions: got 3 and 4
Warning: SAM2 decoder forward failed: Tensors must have same number of dimensions: got 3 and 4
Warning: SAM2 decoder forward failed: Tensors must have same number of dimensions: got 3 and 4
Warning: SAM2 decoder forward failed: Tensors must have same number of dimensions: got 3 and 4
Warning: SAM2 decoder forward failed: Tensors must have same number of dimensions: got 3 and 4
Warning: SAM2 decoder forward failed: Tensors must have same number of dimensions: got 3 and 4
Warning: SAM2 decoder forward failed: Tensors must have same number of dimensions: got 3 and 4
Warning: SAM2 decoder forward failed: Tensors must have same number of dimensions: got 3 and 4
Warning: SAM2 decoder forward failed: Tensors must have same number of dimensions: got 3 and 4
Warning: SAM2 decoder forward failed: Tensors must have same number of dimensions: got 3 and 4
Warning: SAM2 decoder forward failed: Tensors must have same number of dimensions: got 3 and 4
Warning: SAM2 decoder forward failed: Tensors must have same number of dimensions: got 3 and 4
Warning: SAM2 decoder forward failed: Tensors must have same number of dimensions: got 3 and 4
Warning: SAM2 decoder forward failed: Tensors must have same number of dimensions: got 3 and 4
Warning: SAM2 decoder forward failed: Tensors must have same number of dimensions: got 3 and 4
Warning: SAM2 decoder forward failed: Tensors must have same number of dimensions: got 3 and 4
Warning: SAM2 decoder forward failed: Tensors must have same number of dimensions: got 3 and 4
Warning: SAM2 decoder forward failed: Tensors must have same number of dimensions: got 3 and 4
Warning: SAM2 decoder forward failed: Tensors must have same number of dimensions: got 3 and 4
Warning: SAM2 decoder forward failed: Tensors must have same number of dimensions: got 3 and 4
Warning: SAM2 decoder forward failed: Tensors must have same number of dimensions: got 3 and 4
Warning: SAM2 decoder forward failed: Tensors must have same number of dimensions: got 3 and 4
Warning: SAM2 decoder forward failed: Tensors must have same number of dimensions: got 3 and 4
Warning: SAM2 decoder forward failed: Tensors must have same number of dimensions: got 3 and 4
Warning: SAM2 decoder forward failed: Tensors must have same number of dimensions: got 3 and 4
Warning: SAM2 decoder forward failed: Tensors must have same number of dimensions: got 3 and 4
Warning: SAM2 decoder forward failed: Tensors must have same number of dimensions: got 3 and 4
Warning: SAM2 decoder forward failed: Tensors must have same number of dimensions: got 3 and 4
Warning: SAM2 decoder forward failed: Tensors must have same number of dimensions: got 3 and 4
Warning: SAM2 decoder forward failed: Tensors must have same number of dimensions: got 3 and 4
Warning: SAM2 decoder forward failed: Tensors must have same number of dimensions: got 3 and 4
Warning: SAM2 decoder forward failed: Tensors must have same number of dimensions: got 3 and 4
Warning: SAM2 decoder forward failed: Tensors must have same number of dimensions: got 3 and 4
Warning: SAM2 decoder forward failed: Tensors must have same number of dimensions: got 3 and 4
Warning: SAM2 decoder forward failed: Tensors must have same number of dimensions: got 3 and 4
Warning: SAM2 decoder forward failed: Tensors must have same number of dimensions: got 3 and 4
Warning: SAM2 decoder forward failed: Tensors must have same number of dimensions: got 3 and 4
Warning: SAM2 decoder forward failed: Tensors must have same number of dimensions: got 3 and 4
Warning: SAM2 decoder forward failed: Tensors must have same number of dimensions: got 3 and 4
Warning: SAM2 decoder forward failed: Tensors must have same number of dimensions: got 3 and 4
Warning: SAM2 decoder forward failed: Tensors must have same number of dimensions: got 3 and 4
Warning: SAM2 decoder forward failed: Tensors must have same number of dimensions: got 3 and 4
Warning: SAM2 decoder forward failed: Tensors must have same number of dimensions: got 3 and 4
Warning: SAM2 decoder forward failed: Tensors must have same number of dimensions: got 3 and 4
Warning: SAM2 decoder forward failed: Tensors must have same number of dimensions: got 3 and 4
Warning: SAM2 decoder forward failed: Tensors must have same number of dimensions: got 3 and 4
Warning: SAM2 decoder forward failed: Tensors must have same number of dimensions: got 3 and 4
Warning: SAM2 decoder forward failed: Tensors must have same number of dimensions: got 3 and 4
Warning: SAM2 decoder forward failed: Tensors must have same number of dimensions: got 3 and 4
Warning: SAM2 decoder forward failed: Tensors must have same number of dimensions: got 3 and 4
Warning: SAM2 decoder forward failed: Tensors must have same number of dimensions: got 3 and 4
Warning: SAM2 decoder forward failed: Tensors must have same number of dimensions: got 3 and 4
Warning: SAM2 decoder forward failed: Tensors must have same number of dimensions: got 3 and 4
Warning: SAM2 decoder forward failed: Tensors must have same number of dimensions: got 3 and 4
Warning: SAM2 decoder forward failed: Tensors must have same number of dimensions: got 3 and 4
Warning: SAM2 decoder forward failed: Tensors must have same number of dimensions: got 3 and 4
Warning: SAM2 decoder forward failed: Tensors must have same number of dimensions: got 3 and 4
Warning: SAM2 decoder forward failed: Tensors must have same number of dimensions: got 3 and 4
Warning: SAM2 decoder forward failed: Tensors must have same number of dimensions: got 3 and 4
Warning: SAM2 decoder forward failed: Tensors must have same number of dimensions: got 3 and 4
Warning: SAM2 decoder forward failed: Tensors must have same number of dimensions: got 3 and 4
Warning: SAM2 decoder forward failed: Tensors must have same number of dimensions: got 3 and 4
Warning: SAM2 decoder forward failed: Tensors must have same number of dimensions: got 3 and 4
Warning: SAM2 decoder forward failed: Tensors must have same number of dimensions: got 3 and 4
Warning: SAM2 decoder forward failed: Tensors must have same number of dimensions: got 3 and 4
Warning: SAM2 decoder forward failed: Tensors must have same number of dimensions: got 3 and 4
Warning: SAM2 decoder forward failed: Tensors must have same number of dimensions: got 3 and 4
Warning: SAM2 decoder forward failed: Tensors must have same number of dimensions: got 3 and 4
Warning: SAM2 decoder forward failed: Tensors must have same number of dimensions: got 3 and 4
Warning: SAM2 decoder forward failed: Tensors must have same number of dimensions: got 3 and 4
Warning: SAM2 decoder forward failed: Tensors must have same number of dimensions: got 3 and 4
Warning: SAM2 decoder forward failed: Tensors must have same number of dimensions: got 3 and 4
Warning: SAM2 decoder forward failed: Tensors must have same number of dimensions: got 3 and 4
Warning: SAM2 decoder forward failed: Tensors must have same number of dimensions: got 3 and 4
Warning: SAM2 decoder forward failed: Tensors must have same number of dimensions: got 3 and 4
Warning: SAM2 decoder forward failed: Tensors must have same number of dimensions: got 3 and 4
Warning: SAM2 decoder forward failed: Tensors must have same number of dimensions: got 3 and 4
Warning: SAM2 decoder forward failed: Tensors must have same number of dimensions: got 3 and 4
Warning: SAM2 decoder forward failed: Tensors must have same number of dimensions: got 3 and 4
Warning: SAM2 decoder forward failed: Tensors must have same number of dimensions: got 3 and 4
Warning: SAM2 decoder forward failed: Tensors must have same number of dimensions: got 3 and 4
Warning: SAM2 decoder forward failed: Tensors must have same number of dimensions: got 3 and 4
Warning: SAM2 decoder forward failed: Tensors must have same number of dimensions: got 3 and 4
Warning: SAM2 decoder forward failed: Tensors must have same number of dimensions: got 3 and 4
Warning: SAM2 decoder forward failed: Tensors must have same number of dimensions: got 3 and 4
Warning: SAM2 decoder forward failed: Tensors must have same number of dimensions: got 3 and 4
Warning: SAM2 decoder forward failed: Tensors must have same number of dimensions: got 3 and 4
Warning: SAM2 decoder forward failed: Tensors must have same number of dimensions: got 3 and 4
Warning: SAM2 decoder forward failed: Tensors must have same number of dimensions: got 3 and 4
Warning: SAM2 decoder forward failed: Tensors must have same number of dimensions: got 3 and 4
Warning: SAM2 decoder forward failed: Tensors must have same number of dimensions: got 3 and 4
Warning: SAM2 decoder forward failed: Tensors must have same number of dimensions: got 3 and 4
Warning: SAM2 decoder forward failed: Tensors must have same number of dimensions: got 3 and 4
Warning: SAM2 decoder forward failed: Tensors must have same number of dimensions: got 3 and 4
Warning: SAM2 decoder forward failed: Tensors must have same number of dimensions: got 3 and 4
Warning: SAM2 decoder forward failed: Tensors must have same number of dimensions: got 3 and 4
Warning: SAM2 decoder forward failed: Tensors must have same number of dimensions: got 3 and 4
Warning: SAM2 decoder forward failed: Tensors must have same number of dimensions: got 3 and 4
Warning: SAM2 decoder forward failed: Tensors must have same number of dimensions: got 3 and 4
Warning: SAM2 decoder forward failed: Tensors must have same number of dimensions: got 3 and 4
Warning: SAM2 decoder forward failed: Tensors must have same number of dimensions: got 3 and 4
Warning: SAM2 decoder forward failed: Tensors must have same number of dimensions: got 3 and 4
Warning: SAM2 decoder forward failed: Tensors must have same number of dimensions: got 3 and 4
Warning: SAM2 decoder forward failed: Tensors must have same number of dimensions: got 3 and 4
Warning: SAM2 decoder forward failed: Tensors must have same number of dimensions: got 3 and 4
Warning: SAM2 decoder forward failed: Tensors must have same number of dimensions: got 3 and 4
Warning: SAM2 decoder forward failed: Tensors must have same number of dimensions: got 3 and 4
Warning: SAM2 decoder forward failed: Tensors must have same number of dimensions: got 3 and 4
Warning: SAM2 decoder forward failed: Tensors must have same number of dimensions: got 3 and 4
Warning: SAM2 decoder forward failed: Tensors must have same number of dimensions: got 3 and 4
Warning: SAM2 decoder forward failed: Tensors must have same number of dimensions: got 3 and 4
Warning: SAM2 decoder forward failed: Tensors must have same number of dimensions: got 3 and 4
Warning: SAM2 decoder forward failed: Tensors must have same number of dimensions: got 3 and 4
Warning: SAM2 decoder forward failed: Tensors must have same number of dimensions: got 3 and 4
Warning: SAM2 decoder forward failed: Tensors must have same number of dimensions: got 3 and 4
Warning: SAM2 decoder forward failed: Tensors must have same number of dimensions: got 3 and 4
Warning: SAM2 decoder forward failed: Tensors must have same number of dimensions: got 3 and 4
Warning: SAM2 decoder forward failed: Tensors must have same number of dimensions: got 3 and 4
Warning: SAM2 decoder forward failed: Tensors must have same number of dimensions: got 3 and 4
Warning: SAM2 decoder forward failed: Tensors must have same number of dimensions: got 3 and 4
Warning: SAM2 decoder forward failed: Tensors must have same number of dimensions: got 3 and 4
Warning: SAM2 decoder forward failed: Tensors must have same number of dimensions: got 3 and 4
Warning: SAM2 decoder forward failed: Tensors must have same number of dimensions: got 3 and 4
Warning: SAM2 decoder forward failed: Tensors must have same number of dimensions: got 3 and 4
Warning: SAM2 decoder forward failed: Tensors must have same number of dimensions: got 3 and 4
Warning: SAM2 decoder forward failed: Tensors must have same number of dimensions: got 3 and 4
Warning: SAM2 decoder forward failed: Tensors must have same number of dimensions: got 3 and 4
Warning: SAM2 decoder forward failed: Tensors must have same number of dimensions: got 3 and 4
Warning: SAM2 decoder forward failed: Tensors must have same number of dimensions: got 3 and 4
Warning: SAM2 decoder forward failed: Tensors must have same number of dimensions: got 3 and 4
Warning: SAM2 decoder forward failed: Tensors must have same number of dimensions: got 3 and 4
Warning: SAM2 decoder forward failed: Tensors must have same number of dimensions: got 3 and 4
Warning: SAM2 decoder forward failed: Tensors must have same number of dimensions: got 3 and 4
Warning: SAM2 decoder forward failed: Tensors must have same number of dimensions: got 3 and 4
Warning: SAM2 decoder forward failed: Tensors must have same number of dimensions: got 3 and 4
Warning: SAM2 decoder forward failed: Tensors must have same number of dimensions: got 3 and 4
Warning: SAM2 decoder forward failed: Tensors must have same number of dimensions: got 3 and 4
Warning: SAM2 decoder forward failed: Tensors must have same number of dimensions: got 3 and 4
Warning: SAM2 decoder forward failed: Tensors must have same number of dimensions: got 3 and 4
Warning: SAM2 decoder forward failed: Tensors must have same number of dimensions: got 3 and 4
Warning: SAM2 decoder forward failed: Tensors must have same number of dimensions: got 3 and 4
Warning: SAM2 decoder forward failed: Tensors must have same number of dimensions: got 3 and 4
Warning: SAM2 decoder forward failed: Tensors must have same number of dimensions: got 3 and 4
Warning: SAM2 decoder forward failed: Tensors must have same number of dimensions: got 3 and 4
Warning: SAM2 decoder forward failed: Tensors must have same number of dimensions: got 3 and 4
Warning: SAM2 decoder forward failed: Tensors must have same number of dimensions: got 3 and 4
Warning: SAM2 decoder forward failed: Tensors must have same number of dimensions: got 3 and 4
Warning: SAM2 decoder forward failed: Tensors must have same number of dimensions: got 3 and 4
Warning: SAM2 decoder forward failed: Tensors must have same number of dimensions: got 3 and 4
Warning: SAM2 decoder forward failed: Tensors must have same number of dimensions: got 3 and 4
Warning: SAM2 decoder forward failed: Tensors must have same number of dimensions: got 3 and 4
Warning: SAM2 decoder forward failed: Tensors must have same number of dimensions: got 3 and 4
Warning: SAM2 decoder forward failed: Tensors must have same number of dimensions: got 3 and 4
Warning: SAM2 decoder forward failed: Tensors must have same number of dimensions: got 3 and 4
Warning: SAM2 decoder forward failed: Tensors must have same number of dimensions: got 3 and 4
Warning: SAM2 decoder forward failed: Tensors must have same number of dimensions: got 3 and 4
Warning: SAM2 decoder forward failed: Tensors must have same number of dimensions: got 3 and 4
Warning: SAM2 decoder forward failed: Tensors must have same number of dimensions: got 3 and 4
Warning: SAM2 decoder forward failed: Tensors must have same number of dimensions: got 3 and 4
Warning: SAM2 decoder forward failed: Tensors must have same number of dimensions: got 3 and 4
Warning: SAM2 decoder forward failed: Tensors must have same number of dimensions: got 3 and 4
Warning: SAM2 decoder forward failed: Tensors must have same number of dimensions: got 3 and 4
Warning: SAM2 decoder forward failed: Tensors must have same number of dimensions: got 3 and 4
Warning: SAM2 decoder forward failed: Tensors must have same number of dimensions: got 3 and 4
Warning: SAM2 decoder forward failed: Tensors must have same number of dimensions: got 3 and 4
Warning: SAM2 decoder forward failed: Tensors must have same number of dimensions: got 3 and 4
Warning: SAM2 decoder forward failed: Tensors must have same number of dimensions: got 3 and 4
Warning: SAM2 decoder forward failed: Tensors must have same number of dimensions: got 3 and 4
Warning: SAM2 decoder forward failed: Tensors must have same number of dimensions: got 3 and 4
Warning: SAM2 decoder forward failed: Tensors must have same number of dimensions: got 3 and 4
Warning: SAM2 decoder forward failed: Tensors must have same number of dimensions: got 3 and 4
Warning: SAM2 decoder forward failed: Tensors must have same number of dimensions: got 3 and 4
Warning: SAM2 decoder forward failed: Tensors must have same number of dimensions: got 3 and 4
Warning: SAM2 decoder forward failed: Tensors must have same number of dimensions: got 3 and 4
Warning: SAM2 decoder forward failed: Tensors must have same number of dimensions: got 3 and 4
Warning: SAM2 decoder forward failed: Tensors must have same number of dimensions: got 3 and 4
Warning: SAM2 decoder forward failed: Tensors must have same number of dimensions: got 3 and 4
Warning: SAM2 decoder forward failed: Tensors must have same number of dimensions: got 3 and 4
Warning: SAM2 decoder forward failed: Tensors must have same number of dimensions: got 3 and 4
Warning: SAM2 decoder forward failed: Tensors must have same number of dimensions: got 3 and 4
Warning: SAM2 decoder forward failed: Tensors must have same number of dimensions: got 3 and 4
Warning: SAM2 decoder forward failed: Tensors must have same number of dimensions: got 3 and 4
Warning: SAM2 decoder forward failed: Tensors must have same number of dimensions: got 3 and 4
Warning: SAM2 decoder forward failed: Tensors must have same number of dimensions: got 3 and 4
Warning: SAM2 decoder forward failed: Tensors must have same number of dimensions: got 3 and 4
Warning: SAM2 decoder forward failed: Tensors must have same number of dimensions: got 3 and 4
Warning: SAM2 decoder forward failed: Tensors must have same number of dimensions: got 3 and 4
Warning: SAM2 decoder forward failed: Tensors must have same number of dimensions: got 3 and 4
Warning: SAM2 decoder forward failed: Tensors must have same number of dimensions: got 3 and 4
Warning: SAM2 decoder forward failed: Tensors must have same number of dimensions: got 3 and 4
Warning: SAM2 decoder forward failed: Tensors must have same number of dimensions: got 3 and 4
Warning: SAM2 decoder forward failed: Tensors must have same number of dimensions: got 3 and 4
Warning: SAM2 decoder forward failed: Tensors must have same number of dimensions: got 3 and 4
Warning: SAM2 decoder forward failed: Tensors must have same number of dimensions: got 3 and 4
Warning: SAM2 decoder forward failed: Tensors must have same number of dimensions: got 3 and 4
Warning: SAM2 decoder forward failed: Tensors must have same number of dimensions: got 3 and 4
Warning: SAM2 decoder forward failed: Tensors must have same number of dimensions: got 3 and 4
Warning: SAM2 decoder forward failed: Tensors must have same number of dimensions: got 3 and 4
Warning: SAM2 decoder forward failed: Tensors must have same number of dimensions: got 3 and 4
Warning: SAM2 decoder forward failed: Tensors must have same number of dimensions: got 3 and 4
Warning: SAM2 decoder forward failed: Tensors must have same number of dimensions: got 3 and 4
Warning: SAM2 decoder forward failed: Tensors must have same number of dimensions: got 3 and 4
Warning: SAM2 decoder forward failed: Tensors must have same number of dimensions: got 3 and 4
2026-02-20 10:55:25,557 - portable_sam_fusion - INFO - Epoch 1 detailed losses: loss_rpn_cls=0.6633, loss_rpn_bbox=0.0116, loss_cls=0.6808, acc=91.0385, loss_bbox=0.2054, loss_mask=0.6931
2026-02-20 10:55:33,897 - portable_sam_fusion - INFO - Epoch 1/50 | train=2.254148 | sat_backbone=4.20e-07 sat_other=4.20e-06
Warning: SAM2 decoder forward failed: Tensors must have same number of dimensions: got 3 and 4
Warning: SAM2 decoder forward failed: Tensors must have same number of dimensions: got 3 and 4
Warning: SAM2 decoder forward failed: Tensors must have same number of dimensions: got 3 and 4
Warning: SAM2 decoder forward failed: Tensors must have same number of dimensions: got 3 and 4
Warning: SAM2 decoder forward failed: Tensors must have same number of dimensions: got 3 and 4
Warning: SAM2 decoder forward failed: Tensors must have same number of dimensions: got 3 and 4
Warning: SAM2 decoder forward failed: Tensors must have same number of dimensions: got 3 and 4
Warning: SAM2 decoder forward failed: Tensors must have same number of dimensions: got 3 and 4
Warning: SAM2 decoder forward failed: Tensors must have same number of dimensions: got 3 and 4
Warning: SAM2 decoder forward failed: Tensors must have same number of dimensions: got 3 and 4
Warning: SAM2 decoder forward failed: Tensors must have same number of dimensions: got 3 and 4
Warning: SAM2 decoder forward failed: Tensors must have same number of dimensions: got 3 and 4
Warning: SAM2 decoder forward failed: Tensors must have same number of dimensions: got 3 and 4
Warning: SAM2 decoder forward failed: Tensors must have same number of dimensions: got 3 and 4
Warning: SAM2 decoder forward failed: Tensors must have same number of dimensions: got 3 and 4
Warning: SAM2 decoder forward failed: Tensors must have same number of dimensions: got 3 and 4
Warning: SAM2 decoder forward failed: Tensors must have same number of dimensions: got 3 and 4
Warning: SAM2 decoder forward failed: Tensors must have same number of dimensions: got 3 and 4
Warning: SAM2 decoder forward failed: Tensors must have same number of dimensions: got 3 and 4
Warning: SAM2 decoder forward failed: Tensors must have same number of dimensions: got 3 and 4
Warning: SAM2 decoder forward failed: Tensors must have same number of dimensions: got 3 and 4
Warning: SAM2 decoder forward failed: Tensors must have same number of dimensions: got 3 and 4
Warning: SAM2 decoder forward failed: Tensors must have same number of dimensions: got 3 and 4
Warning: SAM2 decoder forward failed: Tensors must have same number of dimensions: got 3 and 4
Warning: SAM2 decoder forward failed: Tensors must have same number of dimensions: got 3 and 4
Warning: SAM2 decoder forward failed: Tensors must have same number of dimensions: got 3 and 4
Warning: SAM2 decoder forward failed: Tensors must have same number of dimensions: got 3 and 4
Warning: SAM2 decoder forward failed: Tensors must have same number of dimensions: got 3 and 4
Warning: SAM2 decoder forward failed: Tensors must have same number of dimensions: got 3 and 4
Warning: SAM2 decoder forward failed: Tensors must have same number of dimensions: got 3 and 4
Warning: SAM2 decoder forward failed: Tensors must have same number of dimensions: got 3 and 4
Warning: SAM2 decoder forward failed: Tensors must have same number of dimensions: got 3 and 4
Warning: SAM2 decoder forward failed: Tensors must have same number of dimensions: got 3 and 4
Warning: SAM2 decoder forward failed: Tensors must have same number of dimensions: got 3 and 4
Warning: SAM2 decoder forward failed: Tensors must have same number of dimensions: got 3 and 4
Warning: SAM2 decoder forward failed: Tensors must have same number of dimensions: got 3 and 4
Warning: SAM2 decoder forward failed: Tensors must have same number of dimensions: got 3 and 4
Warning: SAM2 decoder forward failed: Tensors must have same number of dimensions: got 3 and 4
Warning: SAM2 decoder forward failed: Tensors must have same number of dimensions: got 3 and 4
Warning: SAM2 decoder forward failed: Tensors must have same number of dimensions: got 3 and 4
Warning: SAM2 decoder forward failed: Tensors must have same number of dimensions: got 3 and 4
Warning: SAM2 decoder forward failed: Tensors must have same number of dimensions: got 3 and 4
Warning: SAM2 decoder forward failed: Tensors must have same number of dimensions: got 3 and 4
Warning: SAM2 decoder forward failed: Tensors must have same number of dimensions: got 3 and 4
Warning: SAM2 decoder forward failed: Tensors must have same number of dimensions: got 3 and 4
Warning: SAM2 decoder forward failed: Tensors must have same number of dimensions: got 3 and 4
Warning: SAM2 decoder forward failed: Tensors must have same number of dimensions: got 3 and 4
Warning: SAM2 decoder forward failed: Tensors must have same number of dimensions: got 3 and 4
Warning: SAM2 decoder forward failed: Tensors must have same number of dimensions: got 3 and 4
Warning: SAM2 decoder forward failed: Tensors must have same number of dimensions: got 3 and 4
Warning: SAM2 decoder forward failed: Tensors must have same number of dimensions: got 3 and 4
Warning: SAM2 decoder forward failed: Tensors must have same number of dimensions: got 3 and 4
Warning: SAM2 decoder forward failed: Tensors must have same number of dimensions: got 3 and 4
Warning: SAM2 decoder forward failed: Tensors must have same number of dimensions: got 3 and 4
Warning: SAM2 decoder forward failed: Tensors must have same number of dimensions: got 3 and 4
Warning: SAM2 decoder forward failed: Tensors must have same number of dimensions: got 3 and 4
Warning: SAM2 decoder forward failed: Tensors must have same number of dimensions: got 3 and 4
Warning: SAM2 decoder forward failed: Tensors must have same number of dimensions: got 3 and 4
Warning: SAM2 decoder forward failed: Tensors must have same number of dimensions: got 3 and 4
Warning: SAM2 decoder forward failed: Tensors must have same number of dimensions: got 3 and 4
Warning: SAM2 decoder forward failed: Tensors must have same number of dimensions: got 3 and 4
Warning: SAM2 decoder forward failed: Tensors must have same number of dimensions: got 3 and 4
Warning: SAM2 decoder forward failed: Tensors must have same number of dimensions: got 3 and 4
Warning: SAM2 decoder forward failed: Tensors must have same number of dimensions: got 3 and 4
Warning: SAM2 decoder forward failed: Tensors must have same number of dimensions: got 3 and 4
Warning: SAM2 decoder forward failed: Tensors must have same number of dimensions: got 3 and 4
Warning: SAM2 decoder forward failed: Tensors must have same number of dimensions: got 3 and 4
Warning: SAM2 decoder forward failed: Tensors must have same number of dimensions: got 3 and 4
Warning: SAM2 decoder forward failed: Tensors must have same number of dimensions: got 3 and 4
Warning: SAM2 decoder forward failed: Tensors must have same number of dimensions: got 3 and 4
Warning: SAM2 decoder forward failed: Tensors must have same number of dimensions: got 3 and 4
Warning: SAM2 decoder forward failed: Tensors must have same number of dimensions: got 3 and 4
Warning: SAM2 decoder forward failed: Tensors must have same number of dimensions: got 3 and 4
Warning: SAM2 decoder forward failed: Tensors must have same number of dimensions: got 3 and 4
Warning: SAM2 decoder forward failed: Tensors must have same number of dimensions: got 3 and 4
Warning: SAM2 decoder forward failed: Tensors must have same number of dimensions: got 3 and 4
Warning: SAM2 decoder forward failed: Tensors must have same number of dimensions: got 3 and 4
Warning: SAM2 decoder forward failed: Tensors must have same number of dimensions: got 3 and 4
Warning: SAM2 decoder forward failed: Tensors must have same number of dimensions: got 3 and 4
Warning: SAM2 decoder forward failed: Tensors must have same number of dimensions: got 3 and 4
Warning: SAM2 decoder forward failed: Tensors must have same number of dimensions: got 3 and 4
Warning: SAM2 decoder forward failed: Tensors must have same number of dimensions: got 3 and 4
Warning: SAM2 decoder forward failed: Tensors must have same number of dimensions: got 3 and 4
Warning: SAM2 decoder forward failed: Tensors must have same number of dimensions: got 3 and 4
Warning: SAM2 decoder forward failed: Tensors must have same number of dimensions: got 3 and 4
Warning: SAM2 decoder forward failed: Tensors must have same number of dimensions: got 3 and 4
Warning: SAM2 decoder forward failed: Tensors must have same number of dimensions: got 3 and 4
Warning: SAM2 decoder forward failed: Tensors must have same number of dimensions: got 3 and 4
Warning: SAM2 decoder forward failed: Tensors must have same number of dimensions: got 3 and 4
Warning: SAM2 decoder forward failed: Tensors must have same number of dimensions: got 3 and 4
Warning: SAM2 decoder forward failed: Tensors must have same number of dimensions: got 3 and 4
Warning: SAM2 decoder forward failed: Tensors must have same number of dimensions: got 3 and 4
Warning: SAM2 decoder forward failed: Tensors must have same number of dimensions: got 3 and 4
Warning: SAM2 decoder forward failed: Tensors must have same number of dimensions: got 3 and 4
Warning: SAM2 decoder forward failed: Tensors must have same number of dimensions: got 3 and 4
Warning: SAM2 decoder forward failed: Tensors must have same number of dimensions: got 3 and 4
Warning: SAM2 decoder forward failed: Tensors must have same number of dimensions: got 3 and 4
Warning: SAM2 decoder forward failed: Tensors must have same number of dimensions: got 3 and 4
Warning: SAM2 decoder forward failed: Tensors must have same number of dimensions: got 3 and 4
Warning: SAM2 decoder forward failed: Tensors must have same number of dimensions: got 3 and 4
Warning: SAM2 decoder forward failed: Tensors must have same number of dimensions: got 3 and 4
Warning: SAM2 decoder forward failed: Tensors must have same number of dimensions: got 3 and 4
Warning: SAM2 decoder forward failed: Tensors must have same number of dimensions: got 3 and 4
Warning: SAM2 decoder forward failed: Tensors must have same number of dimensions: got 3 and 4
Warning: SAM2 decoder forward failed: Tensors must have same number of dimensions: got 3 and 4
Warning: SAM2 decoder forward failed: Tensors must have same number of dimensions: got 3 and 4
Warning: SAM2 decoder forward failed: Tensors must have same number of dimensions: got 3 and 4
Warning: SAM2 decoder forward failed: Tensors must have same number of dimensions: got 3 and 4
Warning: SAM2 decoder forward failed: Tensors must have same number of dimensions: got 3 and 4
Warning: SAM2 decoder forward failed: Tensors must have same number of dimensions: got 3 and 4
Warning: SAM2 decoder forward failed: Tensors must have same number of dimensions: got 3 and 4
Warning: SAM2 decoder forward failed: Tensors must have same number of dimensions: got 3 and 4
Warning: SAM2 decoder forward failed: Tensors must have same number of dimensions: got 3 and 4
Warning: SAM2 decoder forward failed: Tensors must have same number of dimensions: got 3 and 4
Warning: SAM2 decoder forward failed: Tensors must have same number of dimensions: got 3 and 4
Warning: SAM2 decoder forward failed: Tensors must have same number of dimensions: got 3 and 4
Warning: SAM2 decoder forward failed: Tensors must have same number of dimensions: got 3 and 4
Warning: SAM2 decoder forward failed: Tensors must have same number of dimensions: got 3 and 4
Warning: SAM2 decoder forward failed: Tensors must have same number of dimensions: got 3 and 4
Warning: SAM2 decoder forward failed: Tensors must have same number of dimensions: got 3 and 4
Warning: SAM2 decoder forward failed: Tensors must have same number of dimensions: got 3 and 4
Warning: SAM2 decoder forward failed: Tensors must have same number of dimensions: got 3 and 4
Warning: SAM2 decoder forward failed: Tensors must have same number of dimensions: got 3 and 4
Warning: SAM2 decoder forward failed: Tensors must have same number of dimensions: got 3 and 4
Warning: SAM2 decoder forward failed: Tensors must have same number of dimensions: got 3 and 4
Warning: SAM2 decoder forward failed: Tensors must have same number of dimensions: got 3 and 4
Warning: SAM2 decoder forward failed: Tensors must have same number of dimensions: got 3 and 4
Warning: SAM2 decoder forward failed: Tensors must have same number of dimensions: got 3 and 4
Warning: SAM2 decoder forward failed: Tensors must have same number of dimensions: got 3 and 4
Warning: SAM2 decoder forward failed: Tensors must have same number of dimensions: got 3 and 4
Warning: SAM2 decoder forward failed: Tensors must have same number of dimensions: got 3 and 4
Warning: SAM2 decoder forward failed: Tensors must have same number of dimensions: got 3 and 4
Warning: SAM2 decoder forward failed: Tensors must have same number of dimensions: got 3 and 4
Warning: SAM2 decoder forward failed: Tensors must have same number of dimensions: got 3 and 4
Warning: SAM2 decoder forward failed: Tensors must have same number of dimensions: got 3 and 4
Warning: SAM2 decoder forward failed: Tensors must have same number of dimensions: got 3 and 4
Warning: SAM2 decoder forward failed: Tensors must have same number of dimensions: got 3 and 4
Warning: SAM2 decoder forward failed: Tensors must have same number of dimensions: got 3 and 4
Warning: SAM2 decoder forward failed: Tensors must have same number of dimensions: got 3 and 4
Warning: SAM2 decoder forward failed: Tensors must have same number of dimensions: got 3 and 4
Warning: SAM2 decoder forward failed: Tensors must have same number of dimensions: got 3 and 4
Warning: SAM2 decoder forward failed: Tensors must have same number of dimensions: got 3 and 4
Warning: SAM2 decoder forward failed: Tensors must have same number of dimensions: got 3 and 4
Warning: SAM2 decoder forward failed: Tensors must have same number of dimensions: got 3 and 4
Warning: SAM2 decoder forward failed: Tensors must have same number of dimensions: got 3 and 4
Warning: SAM2 decoder forward failed: Tensors must have same number of dimensions: got 3 and 4
Warning: SAM2 decoder forward failed: Tensors must have same number of dimensions: got 3 and 4
Warning: SAM2 decoder forward failed: Tensors must have same number of dimensions: got 3 and 4
Warning: SAM2 decoder forward failed: Tensors must have same number of dimensions: got 3 and 4
Warning: SAM2 decoder forward failed: Tensors must have same number of dimensions: got 3 and 4
Warning: SAM2 decoder forward failed: Tensors must have same number of dimensions: got 3 and 4
Warning: SAM2 decoder forward failed: Tensors must have same number of dimensions: got 3 and 4
Warning: SAM2 decoder forward failed: Tensors must have same number of dimensions: got 3 and 4
Warning: SAM2 decoder forward failed: Tensors must have same number of dimensions: got 3 and 4
Warning: SAM2 decoder forward failed: Tensors must have same number of dimensions: got 3 and 4
Warning: SAM2 decoder forward failed: Tensors must have same number of dimensions: got 3 and 4
Warning: SAM2 decoder forward failed: Tensors must have same number of dimensions: got 3 and 4
Warning: SAM2 decoder forward failed: Tensors must have same number of dimensions: got 3 and 4
Warning: SAM2 decoder forward failed: Tensors must have same number of dimensions: got 3 and 4
Warning: SAM2 decoder forward failed: Tensors must have same number of dimensions: got 3 and 4
Warning: SAM2 decoder forward failed: Tensors must have same number of dimensions: got 3 and 4
Warning: SAM2 decoder forward failed: Tensors must have same number of dimensions: got 3 and 4
Warning: SAM2 decoder forward failed: Tensors must have same number of dimensions: got 3 and 4
Warning: SAM2 decoder forward failed: Tensors must have same number of dimensions: got 3 and 4
Warning: SAM2 decoder forward failed: Tensors must have same number of dimensions: got 3 and 4
Warning: SAM2 decoder forward failed: Tensors must have same number of dimensions: got 3 and 4
Warning: SAM2 decoder forward failed: Tensors must have same number of dimensions: got 3 and 4
Warning: SAM2 decoder forward failed: Tensors must have same number of dimensions: got 3 and 4
Warning: SAM2 decoder forward failed: Tensors must have same number of dimensions: got 3 and 4
Warning: SAM2 decoder forward failed: Tensors must have same number of dimensions: got 3 and 4
Warning: SAM2 decoder forward failed: Tensors must have same number of dimensions: got 3 and 4
Warning: SAM2 decoder forward failed: Tensors must have same number of dimensions: got 3 and 4
Warning: SAM2 decoder forward failed: Tensors must have same number of dimensions: got 3 and 4
Warning: SAM2 decoder forward failed: Tensors must have same number of dimensions: got 3 and 4
Warning: SAM2 decoder forward failed: Tensors must have same number of dimensions: got 3 and 4
Warning: SAM2 decoder forward failed: Tensors must have same number of dimensions: got 3 and 4
Warning: SAM2 decoder forward failed: Tensors must have same number of dimensions: got 3 and 4
Warning: SAM2 decoder forward failed: Tensors must have same number of dimensions: got 3 and 4
Warning: SAM2 decoder forward failed: Tensors must have same number of dimensions: got 3 and 4
Warning: SAM2 decoder forward failed: Tensors must have same number of dimensions: got 3 and 4
Warning: SAM2 decoder forward failed: Tensors must have same number of dimensions: got 3 and 4
Warning: SAM2 decoder forward failed: Tensors must have same number of dimensions: got 3 and 4
Warning: SAM2 decoder forward failed: Tensors must have same number of dimensions: got 3 and 4
Warning: SAM2 decoder forward failed: Tensors must have same number of dimensions: got 3 and 4
