/home/wangcheng/anaconda3/envs/cvt2/lib/python3.9/site-packages/imagecorruptions/corruptions.py:17: UserWarning: pkg_resources is deprecated as an API. See https://setuptools.pypa.io/en/latest/pkg_resources.html. The pkg_resources package is slated for removal as early as 2025-11-30. Refrain from using this package or pin to Setuptools<81.
  from pkg_resources import resource_filename
Loads checkpoint by local backend from path: /home/wangcheng/project/portable_sam_fusion/checkpoints/sam2.1_hiera_base_plus.pt
Loaded SAM2 VisionEncoder. Missing keys: 0
Loads checkpoint by local backend from path: /home/wangcheng/project/portable_sam_fusion/checkpoints/sam2.1_hiera_base_plus.pt
Decoder state dict keys: 131
Loaded SAM2 MaskDecoder. Missing keys: 0
2026-02-20 12:47:21,154 - portable_sam_fusion.data.satellite_dataset - INFO - 加载 734 个卫星场景 (训练集)
2026-02-20 12:47:21,155 - portable_sam_fusion - INFO - Dataset size: 734
DEBUG: Calling decoder with image_embeddings.shape=torch.Size([20, 256, 64, 64]), image_positional_embeddings.shape=torch.Size([20, 256, 64, 64])
Warning: SAM2 decoder forward failed: Tensors must have same number of dimensions: got 3 and 4
Traceback: Traceback (most recent call last):
  File "/home/wangcheng/project/portable_sam_fusion/rsprompter/models_sam2.py", line 334, in forward
    low_res_masks, iou_predictions, attn_weights = self.decoder(
  File "/home/wangcheng/anaconda3/envs/cvt2/lib/python3.9/site-packages/torch/nn/modules/module.py", line 1773, in _wrapped_call_impl
    return self._call_impl(*args, **kwargs)
  File "/home/wangcheng/anaconda3/envs/cvt2/lib/python3.9/site-packages/torch/nn/modules/module.py", line 1784, in _call_impl
    return forward_call(*args, **kwargs)
  File "/home/wangcheng/project/sam2-main/sam2/modeling/sam/mask_decoder.py", line 136, in forward
    masks, iou_pred, mask_tokens_out, object_score_logits = self.predict_masks(
  File "/home/wangcheng/project/sam2-main/sam2/modeling/sam/mask_decoder.py", line 197, in predict_masks
    tokens = torch.cat((output_tokens, sparse_prompt_embeddings), dim=1)
RuntimeError: Tensors must have same number of dimensions: got 3 and 4

DEBUG: Calling decoder with image_embeddings.shape=torch.Size([22, 256, 64, 64]), image_positional_embeddings.shape=torch.Size([22, 256, 64, 64])
Warning: SAM2 decoder forward failed: Tensors must have same number of dimensions: got 3 and 4
Traceback: Traceback (most recent call last):
  File "/home/wangcheng/project/portable_sam_fusion/rsprompter/models_sam2.py", line 334, in forward
    low_res_masks, iou_predictions, attn_weights = self.decoder(
  File "/home/wangcheng/anaconda3/envs/cvt2/lib/python3.9/site-packages/torch/nn/modules/module.py", line 1773, in _wrapped_call_impl
    return self._call_impl(*args, **kwargs)
  File "/home/wangcheng/anaconda3/envs/cvt2/lib/python3.9/site-packages/torch/nn/modules/module.py", line 1784, in _call_impl
    return forward_call(*args, **kwargs)
  File "/home/wangcheng/project/sam2-main/sam2/modeling/sam/mask_decoder.py", line 136, in forward
    masks, iou_pred, mask_tokens_out, object_score_logits = self.predict_masks(
  File "/home/wangcheng/project/sam2-main/sam2/modeling/sam/mask_decoder.py", line 197, in predict_masks
    tokens = torch.cat((output_tokens, sparse_prompt_embeddings), dim=1)
RuntimeError: Tensors must have same number of dimensions: got 3 and 4

DEBUG: Calling decoder with image_embeddings.shape=torch.Size([31, 256, 64, 64]), image_positional_embeddings.shape=torch.Size([31, 256, 64, 64])
Warning: SAM2 decoder forward failed: Tensors must have same number of dimensions: got 3 and 4
Traceback: Traceback (most recent call last):
  File "/home/wangcheng/project/portable_sam_fusion/rsprompter/models_sam2.py", line 334, in forward
    low_res_masks, iou_predictions, attn_weights = self.decoder(
  File "/home/wangcheng/anaconda3/envs/cvt2/lib/python3.9/site-packages/torch/nn/modules/module.py", line 1773, in _wrapped_call_impl
    return self._call_impl(*args, **kwargs)
  File "/home/wangcheng/anaconda3/envs/cvt2/lib/python3.9/site-packages/torch/nn/modules/module.py", line 1784, in _call_impl
    return forward_call(*args, **kwargs)
  File "/home/wangcheng/project/sam2-main/sam2/modeling/sam/mask_decoder.py", line 136, in forward
    masks, iou_pred, mask_tokens_out, object_score_logits = self.predict_masks(
  File "/home/wangcheng/project/sam2-main/sam2/modeling/sam/mask_decoder.py", line 197, in predict_masks
    tokens = torch.cat((output_tokens, sparse_prompt_embeddings), dim=1)
RuntimeError: Tensors must have same number of dimensions: got 3 and 4

DEBUG: Calling decoder with image_embeddings.shape=torch.Size([9, 256, 64, 64]), image_positional_embeddings.shape=torch.Size([9, 256, 64, 64])
Warning: SAM2 decoder forward failed: Tensors must have same number of dimensions: got 3 and 4
Traceback: Traceback (most recent call last):
  File "/home/wangcheng/project/portable_sam_fusion/rsprompter/models_sam2.py", line 334, in forward
    low_res_masks, iou_predictions, attn_weights = self.decoder(
  File "/home/wangcheng/anaconda3/envs/cvt2/lib/python3.9/site-packages/torch/nn/modules/module.py", line 1773, in _wrapped_call_impl
    return self._call_impl(*args, **kwargs)
  File "/home/wangcheng/anaconda3/envs/cvt2/lib/python3.9/site-packages/torch/nn/modules/module.py", line 1784, in _call_impl
    return forward_call(*args, **kwargs)
  File "/home/wangcheng/project/sam2-main/sam2/modeling/sam/mask_decoder.py", line 136, in forward
    masks, iou_pred, mask_tokens_out, object_score_logits = self.predict_masks(
  File "/home/wangcheng/project/sam2-main/sam2/modeling/sam/mask_decoder.py", line 197, in predict_masks
    tokens = torch.cat((output_tokens, sparse_prompt_embeddings), dim=1)
RuntimeError: Tensors must have same number of dimensions: got 3 and 4

DEBUG: Calling decoder with image_embeddings.shape=torch.Size([38, 256, 64, 64]), image_positional_embeddings.shape=torch.Size([38, 256, 64, 64])
Warning: SAM2 decoder forward failed: Tensors must have same number of dimensions: got 3 and 4
Traceback: Traceback (most recent call last):
  File "/home/wangcheng/project/portable_sam_fusion/rsprompter/models_sam2.py", line 334, in forward
    low_res_masks, iou_predictions, attn_weights = self.decoder(
  File "/home/wangcheng/anaconda3/envs/cvt2/lib/python3.9/site-packages/torch/nn/modules/module.py", line 1773, in _wrapped_call_impl
    return self._call_impl(*args, **kwargs)
  File "/home/wangcheng/anaconda3/envs/cvt2/lib/python3.9/site-packages/torch/nn/modules/module.py", line 1784, in _call_impl
    return forward_call(*args, **kwargs)
  File "/home/wangcheng/project/sam2-main/sam2/modeling/sam/mask_decoder.py", line 136, in forward
    masks, iou_pred, mask_tokens_out, object_score_logits = self.predict_masks(
  File "/home/wangcheng/project/sam2-main/sam2/modeling/sam/mask_decoder.py", line 197, in predict_masks
    tokens = torch.cat((output_tokens, sparse_prompt_embeddings), dim=1)
RuntimeError: Tensors must have same number of dimensions: got 3 and 4

DEBUG: Calling decoder with image_embeddings.shape=torch.Size([24, 256, 64, 64]), image_positional_embeddings.shape=torch.Size([24, 256, 64, 64])
Warning: SAM2 decoder forward failed: Tensors must have same number of dimensions: got 3 and 4
Traceback: Traceback (most recent call last):
  File "/home/wangcheng/project/portable_sam_fusion/rsprompter/models_sam2.py", line 334, in forward
    low_res_masks, iou_predictions, attn_weights = self.decoder(
  File "/home/wangcheng/anaconda3/envs/cvt2/lib/python3.9/site-packages/torch/nn/modules/module.py", line 1773, in _wrapped_call_impl
    return self._call_impl(*args, **kwargs)
  File "/home/wangcheng/anaconda3/envs/cvt2/lib/python3.9/site-packages/torch/nn/modules/module.py", line 1784, in _call_impl
    return forward_call(*args, **kwargs)
  File "/home/wangcheng/project/sam2-main/sam2/modeling/sam/mask_decoder.py", line 136, in forward
    masks, iou_pred, mask_tokens_out, object_score_logits = self.predict_masks(
  File "/home/wangcheng/project/sam2-main/sam2/modeling/sam/mask_decoder.py", line 197, in predict_masks
    tokens = torch.cat((output_tokens, sparse_prompt_embeddings), dim=1)
RuntimeError: Tensors must have same number of dimensions: got 3 and 4

DEBUG: Calling decoder with image_embeddings.shape=torch.Size([10, 256, 64, 64]), image_positional_embeddings.shape=torch.Size([10, 256, 64, 64])
Warning: SAM2 decoder forward failed: Tensors must have same number of dimensions: got 3 and 4
Traceback: Traceback (most recent call last):
  File "/home/wangcheng/project/portable_sam_fusion/rsprompter/models_sam2.py", line 334, in forward
    low_res_masks, iou_predictions, attn_weights = self.decoder(
  File "/home/wangcheng/anaconda3/envs/cvt2/lib/python3.9/site-packages/torch/nn/modules/module.py", line 1773, in _wrapped_call_impl
    return self._call_impl(*args, **kwargs)
  File "/home/wangcheng/anaconda3/envs/cvt2/lib/python3.9/site-packages/torch/nn/modules/module.py", line 1784, in _call_impl
    return forward_call(*args, **kwargs)
  File "/home/wangcheng/project/sam2-main/sam2/modeling/sam/mask_decoder.py", line 136, in forward
    masks, iou_pred, mask_tokens_out, object_score_logits = self.predict_masks(
  File "/home/wangcheng/project/sam2-main/sam2/modeling/sam/mask_decoder.py", line 197, in predict_masks
    tokens = torch.cat((output_tokens, sparse_prompt_embeddings), dim=1)
RuntimeError: Tensors must have same number of dimensions: got 3 and 4

