/home/wangcheng/anaconda3/envs/cvt/lib/python3.9/site-packages/imagecorruptions/corruptions.py:17: UserWarning: pkg_resources is deprecated as an API. See https://setuptools.pypa.io/en/latest/pkg_resources.html. The pkg_resources package is slated for removal as early as 2025-11-30. Refrain from using this package or pin to Setuptools<81.
  from pkg_resources import resource_filename
Loads checkpoint by local backend from path: /home/wangcheng/project/SCVT3/portable_sam_fusion/checkpoints/sam_vit_b_01ec64.pth
Loaded SAM VisionEncoder with interpolation. Missing keys: 0, Unexpected keys: 138
02/12 19:20:28 - mmengine - INFO - load model from: /home/wangcheng/project/SCVT3/portable_sam_fusion/checkpoints/sam_vit_b_01ec64.pth
02/12 19:20:28 - mmengine - INFO - Loads checkpoint by local backend from path: /home/wangcheng/project/SCVT3/portable_sam_fusion/checkpoints/sam_vit_b_01ec64.pth
02/12 19:20:28 - mmengine - WARNING - The model and loaded state dict do not match exactly

unexpected key in source state_dict: shared_image_embedding.positional_embedding, vision_encoder.pos_embed, vision_encoder.patch_embed.projection.weight, vision_encoder.patch_embed.projection.bias, vision_encoder.layers.0.layer_norm1.weight, vision_encoder.layers.0.layer_norm1.bias, vision_encoder.layers.0.attn.rel_pos_h, vision_encoder.layers.0.attn.rel_pos_w, vision_encoder.layers.0.attn.qkv.weight, vision_encoder.layers.0.attn.qkv.bias, vision_encoder.layers.0.attn.proj.weight, vision_encoder.layers.0.attn.proj.bias, vision_encoder.layers.0.layer_norm2.weight, vision_encoder.layers.0.layer_norm2.bias, vision_encoder.layers.0.mlp.lin1.weight, vision_encoder.layers.0.mlp.lin1.bias, vision_encoder.layers.0.mlp.lin2.weight, vision_encoder.layers.0.mlp.lin2.bias, vision_encoder.layers.1.layer_norm1.weight, vision_encoder.layers.1.layer_norm1.bias, vision_encoder.layers.1.attn.rel_pos_h, vision_encoder.layers.1.attn.rel_pos_w, vision_encoder.layers.1.attn.qkv.weight, vision_encoder.layers.1.attn.qkv.bias, vision_encoder.layers.1.attn.proj.weight, vision_encoder.layers.1.attn.proj.bias, vision_encoder.layers.1.layer_norm2.weight, vision_encoder.layers.1.layer_norm2.bias, vision_encoder.layers.1.mlp.lin1.weight, vision_encoder.layers.1.mlp.lin1.bias, vision_encoder.layers.1.mlp.lin2.weight, vision_encoder.layers.1.mlp.lin2.bias, vision_encoder.layers.2.layer_norm1.weight, vision_encoder.layers.2.layer_norm1.bias, vision_encoder.layers.2.attn.rel_pos_h, vision_encoder.layers.2.attn.rel_pos_w, vision_encoder.layers.2.attn.qkv.weight, vision_encoder.layers.2.attn.qkv.bias, vision_encoder.layers.2.attn.proj.weight, vision_encoder.layers.2.attn.proj.bias, vision_encoder.layers.2.layer_norm2.weight, vision_encoder.layers.2.layer_norm2.bias, vision_encoder.layers.2.mlp.lin1.weight, vision_encoder.layers.2.mlp.lin1.bias, vision_encoder.layers.2.mlp.lin2.weight, vision_encoder.layers.2.mlp.lin2.bias, vision_encoder.layers.3.layer_norm1.weight, vision_encoder.layers.3.layer_norm1.bias, vision_encoder.layers.3.attn.rel_pos_h, vision_encoder.layers.3.attn.rel_pos_w, vision_encoder.layers.3.attn.qkv.weight, vision_encoder.layers.3.attn.qkv.bias, vision_encoder.layers.3.attn.proj.weight, vision_encoder.layers.3.attn.proj.bias, vision_encoder.layers.3.layer_norm2.weight, vision_encoder.layers.3.layer_norm2.bias, vision_encoder.layers.3.mlp.lin1.weight, vision_encoder.layers.3.mlp.lin1.bias, vision_encoder.layers.3.mlp.lin2.weight, vision_encoder.layers.3.mlp.lin2.bias, vision_encoder.layers.4.layer_norm1.weight, vision_encoder.layers.4.layer_norm1.bias, vision_encoder.layers.4.attn.rel_pos_h, vision_encoder.layers.4.attn.rel_pos_w, vision_encoder.layers.4.attn.qkv.weight, vision_encoder.layers.4.attn.qkv.bias, vision_encoder.layers.4.attn.proj.weight, vision_encoder.layers.4.attn.proj.bias, vision_encoder.layers.4.layer_norm2.weight, vision_encoder.layers.4.layer_norm2.bias, vision_encoder.layers.4.mlp.lin1.weight, vision_encoder.layers.4.mlp.lin1.bias, vision_encoder.layers.4.mlp.lin2.weight, vision_encoder.layers.4.mlp.lin2.bias, vision_encoder.layers.5.layer_norm1.weight, vision_encoder.layers.5.layer_norm1.bias, vision_encoder.layers.5.attn.rel_pos_h, vision_encoder.layers.5.attn.rel_pos_w, vision_encoder.layers.5.attn.qkv.weight, vision_encoder.layers.5.attn.qkv.bias, vision_encoder.layers.5.attn.proj.weight, vision_encoder.layers.5.attn.proj.bias, vision_encoder.layers.5.layer_norm2.weight, vision_encoder.layers.5.layer_norm2.bias, vision_encoder.layers.5.mlp.lin1.weight, vision_encoder.layers.5.mlp.lin1.bias, vision_encoder.layers.5.mlp.lin2.weight, vision_encoder.layers.5.mlp.lin2.bias, vision_encoder.layers.6.layer_norm1.weight, vision_encoder.layers.6.layer_norm1.bias, vision_encoder.layers.6.attn.rel_pos_h, vision_encoder.layers.6.attn.rel_pos_w, vision_encoder.layers.6.attn.qkv.weight, vision_encoder.layers.6.attn.qkv.bias, vision_encoder.layers.6.attn.proj.weight, vision_encoder.layers.6.attn.proj.bias, vision_encoder.layers.6.layer_norm2.weight, vision_encoder.layers.6.layer_norm2.bias, vision_encoder.layers.6.mlp.lin1.weight, vision_encoder.layers.6.mlp.lin1.bias, vision_encoder.layers.6.mlp.lin2.weight, vision_encoder.layers.6.mlp.lin2.bias, vision_encoder.layers.7.layer_norm1.weight, vision_encoder.layers.7.layer_norm1.bias, vision_encoder.layers.7.attn.rel_pos_h, vision_encoder.layers.7.attn.rel_pos_w, vision_encoder.layers.7.attn.qkv.weight, vision_encoder.layers.7.attn.qkv.bias, vision_encoder.layers.7.attn.proj.weight, vision_encoder.layers.7.attn.proj.bias, vision_encoder.layers.7.layer_norm2.weight, vision_encoder.layers.7.layer_norm2.bias, vision_encoder.layers.7.mlp.lin1.weight, vision_encoder.layers.7.mlp.lin1.bias, vision_encoder.layers.7.mlp.lin2.weight, vision_encoder.layers.7.mlp.lin2.bias, vision_encoder.layers.8.layer_norm1.weight, vision_encoder.layers.8.layer_norm1.bias, vision_encoder.layers.8.attn.rel_pos_h, vision_encoder.layers.8.attn.rel_pos_w, vision_encoder.layers.8.attn.qkv.weight, vision_encoder.layers.8.attn.qkv.bias, vision_encoder.layers.8.attn.proj.weight, vision_encoder.layers.8.attn.proj.bias, vision_encoder.layers.8.layer_norm2.weight, vision_encoder.layers.8.layer_norm2.bias, vision_encoder.layers.8.mlp.lin1.weight, vision_encoder.layers.8.mlp.lin1.bias, vision_encoder.layers.8.mlp.lin2.weight, vision_encoder.layers.8.mlp.lin2.bias, vision_encoder.layers.9.layer_norm1.weight, vision_encoder.layers.9.layer_norm1.bias, vision_encoder.layers.9.attn.rel_pos_h, vision_encoder.layers.9.attn.rel_pos_w, vision_encoder.layers.9.attn.qkv.weight, vision_encoder.layers.9.attn.qkv.bias, vision_encoder.layers.9.attn.proj.weight, vision_encoder.layers.9.attn.proj.bias, vision_encoder.layers.9.layer_norm2.weight, vision_encoder.layers.9.layer_norm2.bias, vision_encoder.layers.9.mlp.lin1.weight, vision_encoder.layers.9.mlp.lin1.bias, vision_encoder.layers.9.mlp.lin2.weight, vision_encoder.layers.9.mlp.lin2.bias, vision_encoder.layers.10.layer_norm1.weight, vision_encoder.layers.10.layer_norm1.bias, vision_encoder.layers.10.attn.rel_pos_h, vision_encoder.layers.10.attn.rel_pos_w, vision_encoder.layers.10.attn.qkv.weight, vision_encoder.layers.10.attn.qkv.bias, vision_encoder.layers.10.attn.proj.weight, vision_encoder.layers.10.attn.proj.bias, vision_encoder.layers.10.layer_norm2.weight, vision_encoder.layers.10.layer_norm2.bias, vision_encoder.layers.10.mlp.lin1.weight, vision_encoder.layers.10.mlp.lin1.bias, vision_encoder.layers.10.mlp.lin2.weight, vision_encoder.layers.10.mlp.lin2.bias, vision_encoder.layers.11.layer_norm1.weight, vision_encoder.layers.11.layer_norm1.bias, vision_encoder.layers.11.attn.rel_pos_h, vision_encoder.layers.11.attn.rel_pos_w, vision_encoder.layers.11.attn.qkv.weight, vision_encoder.layers.11.attn.qkv.bias, vision_encoder.layers.11.attn.proj.weight, vision_encoder.layers.11.attn.proj.bias, vision_encoder.layers.11.layer_norm2.weight, vision_encoder.layers.11.layer_norm2.bias, vision_encoder.layers.11.mlp.lin1.weight, vision_encoder.layers.11.mlp.lin1.bias, vision_encoder.layers.11.mlp.lin2.weight, vision_encoder.layers.11.mlp.lin2.bias, vision_encoder.neck.conv1.weight, vision_encoder.neck.layer_norm1.weight, vision_encoder.neck.layer_norm1.bias, vision_encoder.neck.conv2.weight, vision_encoder.neck.layer_norm2.weight, vision_encoder.neck.layer_norm2.bias, mask_decoder.iou_token.weight, mask_decoder.mask_tokens.weight, mask_decoder.transformer.layers.0.self_attn.q_proj.weight, mask_decoder.transformer.layers.0.self_attn.q_proj.bias, mask_decoder.transformer.layers.0.self_attn.k_proj.weight, mask_decoder.transformer.layers.0.self_attn.k_proj.bias, mask_decoder.transformer.layers.0.self_attn.v_proj.weight, mask_decoder.transformer.layers.0.self_attn.v_proj.bias, mask_decoder.transformer.layers.0.self_attn.out_proj.weight, mask_decoder.transformer.layers.0.self_attn.out_proj.bias, mask_decoder.transformer.layers.0.layer_norm1.weight, mask_decoder.transformer.layers.0.layer_norm1.bias, mask_decoder.transformer.layers.0.cross_attn_token_to_image.q_proj.weight, mask_decoder.transformer.layers.0.cross_attn_token_to_image.q_proj.bias, mask_decoder.transformer.layers.0.cross_attn_token_to_image.k_proj.weight, mask_decoder.transformer.layers.0.cross_attn_token_to_image.k_proj.bias, mask_decoder.transformer.layers.0.cross_attn_token_to_image.v_proj.weight, mask_decoder.transformer.layers.0.cross_attn_token_to_image.v_proj.bias, mask_decoder.transformer.layers.0.cross_attn_token_to_image.out_proj.weight, mask_decoder.transformer.layers.0.cross_attn_token_to_image.out_proj.bias, mask_decoder.transformer.layers.0.layer_norm2.weight, mask_decoder.transformer.layers.0.layer_norm2.bias, mask_decoder.transformer.layers.0.mlp.lin1.weight, mask_decoder.transformer.layers.0.mlp.lin1.bias, mask_decoder.transformer.layers.0.mlp.lin2.weight, mask_decoder.transformer.layers.0.mlp.lin2.bias, mask_decoder.transformer.layers.0.layer_norm3.weight, mask_decoder.transformer.layers.0.layer_norm3.bias, mask_decoder.transformer.layers.0.layer_norm4.weight, mask_decoder.transformer.layers.0.layer_norm4.bias, mask_decoder.transformer.layers.0.cross_attn_image_to_token.q_proj.weight, mask_decoder.transformer.layers.0.cross_attn_image_to_token.q_proj.bias, mask_decoder.transformer.layers.0.cross_attn_image_to_token.k_proj.weight, mask_decoder.transformer.layers.0.cross_attn_image_to_token.k_proj.bias, mask_decoder.transformer.layers.0.cross_attn_image_to_token.v_proj.weight, mask_decoder.transformer.layers.0.cross_attn_image_to_token.v_proj.bias, mask_decoder.transformer.layers.0.cross_attn_image_to_token.out_proj.weight, mask_decoder.transformer.layers.0.cross_attn_image_to_token.out_proj.bias, mask_decoder.transformer.layers.1.self_attn.q_proj.weight, mask_decoder.transformer.layers.1.self_attn.q_proj.bias, mask_decoder.transformer.layers.1.self_attn.k_proj.weight, mask_decoder.transformer.layers.1.self_attn.k_proj.bias, mask_decoder.transformer.layers.1.self_attn.v_proj.weight, mask_decoder.transformer.layers.1.self_attn.v_proj.bias, mask_decoder.transformer.layers.1.self_attn.out_proj.weight, mask_decoder.transformer.layers.1.self_attn.out_proj.bias, mask_decoder.transformer.layers.1.layer_norm1.weight, mask_decoder.transformer.layers.1.layer_norm1.bias, mask_decoder.transformer.layers.1.cross_attn_token_to_image.q_proj.weight, mask_decoder.transformer.layers.1.cross_attn_token_to_image.q_proj.bias, mask_decoder.transformer.layers.1.cross_attn_token_to_image.k_proj.weight, mask_decoder.transformer.layers.1.cross_attn_token_to_image.k_proj.bias, mask_decoder.transformer.layers.1.cross_attn_token_to_image.v_proj.weight, mask_decoder.transformer.layers.1.cross_attn_token_to_image.v_proj.bias, mask_decoder.transformer.layers.1.cross_attn_token_to_image.out_proj.weight, mask_decoder.transformer.layers.1.cross_attn_token_to_image.out_proj.bias, mask_decoder.transformer.layers.1.layer_norm2.weight, mask_decoder.transformer.layers.1.layer_norm2.bias, mask_decoder.transformer.layers.1.mlp.lin1.weight, mask_decoder.transformer.layers.1.mlp.lin1.bias, mask_decoder.transformer.layers.1.mlp.lin2.weight, mask_decoder.transformer.layers.1.mlp.lin2.bias, mask_decoder.transformer.layers.1.layer_norm3.weight, mask_decoder.transformer.layers.1.layer_norm3.bias, mask_decoder.transformer.layers.1.layer_norm4.weight, mask_decoder.transformer.layers.1.layer_norm4.bias, mask_decoder.transformer.layers.1.cross_attn_image_to_token.q_proj.weight, mask_decoder.transformer.layers.1.cross_attn_image_to_token.q_proj.bias, mask_decoder.transformer.layers.1.cross_attn_image_to_token.k_proj.weight, mask_decoder.transformer.layers.1.cross_attn_image_to_token.k_proj.bias, mask_decoder.transformer.layers.1.cross_attn_image_to_token.v_proj.weight, mask_decoder.transformer.layers.1.cross_attn_image_to_token.v_proj.bias, mask_decoder.transformer.layers.1.cross_attn_image_to_token.out_proj.weight, mask_decoder.transformer.layers.1.cross_attn_image_to_token.out_proj.bias, mask_decoder.transformer.final_attn_token_to_image.q_proj.weight, mask_decoder.transformer.final_attn_token_to_image.q_proj.bias, mask_decoder.transformer.final_attn_token_to_image.k_proj.weight, mask_decoder.transformer.final_attn_token_to_image.k_proj.bias, mask_decoder.transformer.final_attn_token_to_image.v_proj.weight, mask_decoder.transformer.final_attn_token_to_image.v_proj.bias, mask_decoder.transformer.final_attn_token_to_image.out_proj.weight, mask_decoder.transformer.final_attn_token_to_image.out_proj.bias, mask_decoder.transformer.layer_norm_final_attn.weight, mask_decoder.transformer.layer_norm_final_attn.bias, mask_decoder.upscale_conv1.weight, mask_decoder.upscale_conv1.bias, mask_decoder.upscale_conv2.weight, mask_decoder.upscale_conv2.bias, mask_decoder.upscale_layer_norm.weight, mask_decoder.upscale_layer_norm.bias, mask_decoder.output_hypernetworks_mlps.0.proj_in.weight, mask_decoder.output_hypernetworks_mlps.0.proj_in.bias, mask_decoder.output_hypernetworks_mlps.0.proj_out.weight, mask_decoder.output_hypernetworks_mlps.0.proj_out.bias, mask_decoder.output_hypernetworks_mlps.0.layers.0.weight, mask_decoder.output_hypernetworks_mlps.0.layers.0.bias, mask_decoder.output_hypernetworks_mlps.1.proj_in.weight, mask_decoder.output_hypernetworks_mlps.1.proj_in.bias, mask_decoder.output_hypernetworks_mlps.1.proj_out.weight, mask_decoder.output_hypernetworks_mlps.1.proj_out.bias, mask_decoder.output_hypernetworks_mlps.1.layers.0.weight, mask_decoder.output_hypernetworks_mlps.1.layers.0.bias, mask_decoder.output_hypernetworks_mlps.2.proj_in.weight, mask_decoder.output_hypernetworks_mlps.2.proj_in.bias, mask_decoder.output_hypernetworks_mlps.2.proj_out.weight, mask_decoder.output_hypernetworks_mlps.2.proj_out.bias, mask_decoder.output_hypernetworks_mlps.2.layers.0.weight, mask_decoder.output_hypernetworks_mlps.2.layers.0.bias, mask_decoder.output_hypernetworks_mlps.3.proj_in.weight, mask_decoder.output_hypernetworks_mlps.3.proj_in.bias, mask_decoder.output_hypernetworks_mlps.3.proj_out.weight, mask_decoder.output_hypernetworks_mlps.3.proj_out.bias, mask_decoder.output_hypernetworks_mlps.3.layers.0.weight, mask_decoder.output_hypernetworks_mlps.3.layers.0.bias, mask_decoder.iou_prediction_head.proj_in.weight, mask_decoder.iou_prediction_head.proj_in.bias, mask_decoder.iou_prediction_head.proj_out.weight, mask_decoder.iou_prediction_head.proj_out.bias, mask_decoder.iou_prediction_head.layers.0.weight, mask_decoder.iou_prediction_head.layers.0.bias, prompt_encoder.shared_embedding.positional_embedding

02/12 19:20:28 - mmengine - INFO - 
prompt_encoder.mask_embed.conv1.weight - torch.Size([4, 1, 2, 2]): 
PretrainedInit: load from /home/wangcheng/project/SCVT3/portable_sam_fusion/checkpoints/sam_vit_b_01ec64.pth 
 
02/12 19:20:28 - mmengine - INFO - 
prompt_encoder.mask_embed.conv1.bias - torch.Size([4]): 
PretrainedInit: load from /home/wangcheng/project/SCVT3/portable_sam_fusion/checkpoints/sam_vit_b_01ec64.pth 
 
02/12 19:20:28 - mmengine - INFO - 
prompt_encoder.mask_embed.conv2.weight - torch.Size([16, 4, 2, 2]): 
PretrainedInit: load from /home/wangcheng/project/SCVT3/portable_sam_fusion/checkpoints/sam_vit_b_01ec64.pth 
 
02/12 19:20:28 - mmengine - INFO - 
prompt_encoder.mask_embed.conv2.bias - torch.Size([16]): 
PretrainedInit: load from /home/wangcheng/project/SCVT3/portable_sam_fusion/checkpoints/sam_vit_b_01ec64.pth 
 
02/12 19:20:28 - mmengine - INFO - 
prompt_encoder.mask_embed.conv3.weight - torch.Size([256, 16, 1, 1]): 
PretrainedInit: load from /home/wangcheng/project/SCVT3/portable_sam_fusion/checkpoints/sam_vit_b_01ec64.pth 
 
02/12 19:20:28 - mmengine - INFO - 
prompt_encoder.mask_embed.conv3.bias - torch.Size([256]): 
PretrainedInit: load from /home/wangcheng/project/SCVT3/portable_sam_fusion/checkpoints/sam_vit_b_01ec64.pth 
 
02/12 19:20:28 - mmengine - INFO - 
prompt_encoder.mask_embed.layer_norm1.weight - torch.Size([4]): 
PretrainedInit: load from /home/wangcheng/project/SCVT3/portable_sam_fusion/checkpoints/sam_vit_b_01ec64.pth 
 
02/12 19:20:28 - mmengine - INFO - 
prompt_encoder.mask_embed.layer_norm1.bias - torch.Size([4]): 
PretrainedInit: load from /home/wangcheng/project/SCVT3/portable_sam_fusion/checkpoints/sam_vit_b_01ec64.pth 
 
02/12 19:20:28 - mmengine - INFO - 
prompt_encoder.mask_embed.layer_norm2.weight - torch.Size([16]): 
PretrainedInit: load from /home/wangcheng/project/SCVT3/portable_sam_fusion/checkpoints/sam_vit_b_01ec64.pth 
 
02/12 19:20:28 - mmengine - INFO - 
prompt_encoder.mask_embed.layer_norm2.bias - torch.Size([16]): 
PretrainedInit: load from /home/wangcheng/project/SCVT3/portable_sam_fusion/checkpoints/sam_vit_b_01ec64.pth 
 
02/12 19:20:28 - mmengine - INFO - 
prompt_encoder.no_mask_embed.weight - torch.Size([1, 256]): 
PretrainedInit: load from /home/wangcheng/project/SCVT3/portable_sam_fusion/checkpoints/sam_vit_b_01ec64.pth 
 
02/12 19:20:28 - mmengine - INFO - 
prompt_encoder.point_embed.0.weight - torch.Size([1, 256]): 
PretrainedInit: load from /home/wangcheng/project/SCVT3/portable_sam_fusion/checkpoints/sam_vit_b_01ec64.pth 
 
02/12 19:20:28 - mmengine - INFO - 
prompt_encoder.point_embed.1.weight - torch.Size([1, 256]): 
PretrainedInit: load from /home/wangcheng/project/SCVT3/portable_sam_fusion/checkpoints/sam_vit_b_01ec64.pth 
 
02/12 19:20:28 - mmengine - INFO - 
prompt_encoder.point_embed.2.weight - torch.Size([1, 256]): 
PretrainedInit: load from /home/wangcheng/project/SCVT3/portable_sam_fusion/checkpoints/sam_vit_b_01ec64.pth 
 
02/12 19:20:28 - mmengine - INFO - 
prompt_encoder.point_embed.3.weight - torch.Size([1, 256]): 
PretrainedInit: load from /home/wangcheng/project/SCVT3/portable_sam_fusion/checkpoints/sam_vit_b_01ec64.pth 
 
02/12 19:20:28 - mmengine - INFO - 
prompt_encoder.not_a_point_embed.weight - torch.Size([1, 256]): 
PretrainedInit: load from /home/wangcheng/project/SCVT3/portable_sam_fusion/checkpoints/sam_vit_b_01ec64.pth 
 
Loads checkpoint by local backend from path: /home/wangcheng/project/SCVT3/portable_sam_fusion/checkpoints/sam_vit_b_01ec64.pth
Loaded SAM PositionalEmbedding. Missing keys: 0, Unexpected keys: 314
2026-02-12 19:20:30,075 - portable_sam_fusion.data.satellite_drone_dataset - INFO - SatelliteDroneDataset initialized (训练集): 578 scenes, views=4, sat_size=(1024, 1024), drone_size=(512, 512)
2026-02-12 19:20:30,102 - portable_sam_fusion.data.satellite_drone_dataset - INFO - SatelliteDroneDataset initialized (验证集): 56 scenes, views=4, sat_size=(1024, 1024), drone_size=(512, 512)
2026-02-12 19:20:30,103 - portable_sam_fusion - INFO - Dataset size: 578
2026-02-12 19:20:31,343 - portable_sam_fusion - INFO - Loaded weights from /home/wangcheng/project/SCVT3/portable_sam_fusion/checkpoints/rsprompter-fusion-satS-v1-staged/epoch_20.pth (optimizer/scheduler not restored)
2026-02-12 19:25:21,317 - portable_sam_fusion - INFO - Epoch 1 detailed losses: loss_rpn_cls=0.0000, loss_rpn_bbox=0.0018, loss_cls=0.0070, acc=99.7256, loss_bbox=0.0044, loss_mask=0.0071
2026-02-12 19:26:09,162 - portable_sam_fusion - INFO - Epoch 1/30 | train=0.020368 val=0.136026 | sat_backbone=6.73e-08 sat_other=6.73e-08 drone_guidance=6.73e-08
2026-02-12 19:31:00,430 - portable_sam_fusion - INFO - Epoch 2 detailed losses: loss_rpn_cls=0.0000, loss_rpn_bbox=0.0018, loss_cls=0.0067, acc=99.7418, loss_bbox=0.0043, loss_mask=0.0070
2026-02-12 19:31:34,785 - portable_sam_fusion - INFO - Epoch 2/30 | train=0.019891 val=0.136276 | sat_backbone=8.46e-08 sat_other=8.46e-08 drone_guidance=8.46e-08
2026-02-12 19:36:30,437 - portable_sam_fusion - INFO - Epoch 3 detailed losses: loss_rpn_cls=0.0000, loss_rpn_bbox=0.0018, loss_cls=0.0069, acc=99.7270, loss_bbox=0.0043, loss_mask=0.0069
2026-02-12 19:37:19,381 - portable_sam_fusion - INFO - Epoch 3/30 | train=0.019946 val=0.125502 | sat_backbone=1.02e-07 sat_other=1.02e-07 drone_guidance=1.02e-07
2026-02-12 19:42:11,854 - portable_sam_fusion - INFO - Epoch 4 detailed losses: loss_rpn_cls=0.0000, loss_rpn_bbox=0.0017, loss_cls=0.0068, acc=99.7344, loss_bbox=0.0041, loss_mask=0.0068
2026-02-12 19:42:41,778 - portable_sam_fusion - INFO - Epoch 4/30 | train=0.019567 val=0.126305 | sat_backbone=1.19e-07 sat_other=1.19e-07 drone_guidance=1.19e-07
2026-02-12 19:47:35,192 - portable_sam_fusion - INFO - Epoch 5 detailed losses: loss_rpn_cls=0.0000, loss_rpn_bbox=0.0017, loss_cls=0.0065, acc=99.7520, loss_bbox=0.0041, loss_mask=0.0067
2026-02-12 19:48:23,153 - portable_sam_fusion - INFO - Epoch 5/30 | train=0.019112 val=0.125219 | sat_backbone=5.00e-05 sat_other=5.00e-05 drone_guidance=5.00e-05
2026-02-12 19:53:19,429 - portable_sam_fusion - INFO - Epoch 6 detailed losses: loss_rpn_cls=0.0000, loss_rpn_bbox=0.0022, loss_cls=0.0082, acc=99.6844, loss_bbox=0.0058, loss_mask=0.0078
2026-02-12 19:54:04,628 - portable_sam_fusion - INFO - Epoch 6/30 | train=0.023990 val=0.112349 | sat_backbone=4.99e-05 sat_other=4.99e-05 drone_guidance=4.99e-05
2026-02-12 19:58:59,550 - portable_sam_fusion - INFO - Epoch 7 detailed losses: loss_rpn_cls=0.0000, loss_rpn_bbox=0.0022, loss_cls=0.0080, acc=99.6878, loss_bbox=0.0062, loss_mask=0.0080
2026-02-12 19:59:45,009 - portable_sam_fusion - INFO - Epoch 7/30 | train=0.024379 val=0.110447 | sat_backbone=4.96e-05 sat_other=4.96e-05 drone_guidance=4.96e-05
2026-02-12 20:04:40,003 - portable_sam_fusion - INFO - Epoch 8 detailed losses: loss_rpn_cls=0.0000, loss_rpn_bbox=0.0020, loss_cls=0.0104, acc=99.5817, loss_bbox=0.0079, loss_mask=0.0070
2026-02-12 20:05:13,884 - portable_sam_fusion - INFO - Epoch 8/30 | train=0.027347 val=0.120356 | sat_backbone=4.90e-05 sat_other=4.90e-05 drone_guidance=4.90e-05
2026-02-12 20:10:08,840 - portable_sam_fusion - INFO - Epoch 9 detailed losses: loss_rpn_cls=0.0000, loss_rpn_bbox=0.0020, loss_cls=0.0088, acc=99.6533, loss_bbox=0.0072, loss_mask=0.0078
2026-02-12 20:10:57,183 - portable_sam_fusion - INFO - Epoch 9/30 | train=0.025867 val=0.101713 | sat_backbone=4.83e-05 sat_other=4.83e-05 drone_guidance=4.83e-05
2026-02-12 20:15:53,272 - portable_sam_fusion - INFO - Epoch 10 detailed losses: loss_rpn_cls=0.0000, loss_rpn_bbox=0.0017, loss_cls=0.0070, acc=99.7222, loss_bbox=0.0050, loss_mask=0.0064
2026-02-12 20:16:26,493 - portable_sam_fusion - INFO - Epoch 10/30 | train=0.020111 val=0.125937 | sat_backbone=4.73e-05 sat_other=4.73e-05 drone_guidance=4.73e-05
2026-02-12 20:21:17,460 - portable_sam_fusion - INFO - Epoch 11 detailed losses: loss_rpn_cls=0.0000, loss_rpn_bbox=0.0016, loss_cls=0.0070, acc=99.7364, loss_bbox=0.0051, loss_mask=0.0059
2026-02-12 20:21:51,462 - portable_sam_fusion - INFO - Epoch 11/30 | train=0.019540 val=0.130435 | sat_backbone=4.62e-05 sat_other=4.62e-05 drone_guidance=4.62e-05
2026-02-12 20:26:45,233 - portable_sam_fusion - INFO - Epoch 12 detailed losses: loss_rpn_cls=0.0000, loss_rpn_bbox=0.0015, loss_cls=0.0075, acc=99.6999, loss_bbox=0.0052, loss_mask=0.0058
2026-02-12 20:27:16,391 - portable_sam_fusion - INFO - Epoch 12/30 | train=0.020045 val=0.121141 | sat_backbone=4.49e-05 sat_other=4.49e-05 drone_guidance=4.49e-05
2026-02-12 20:32:12,145 - portable_sam_fusion - INFO - Epoch 13 detailed losses: loss_rpn_cls=0.0000, loss_rpn_bbox=0.0015, loss_cls=0.0085, acc=99.6776, loss_bbox=0.0064, loss_mask=0.0060
2026-02-12 20:32:43,867 - portable_sam_fusion - INFO - Epoch 13/30 | train=0.022441 val=0.111142 | sat_backbone=4.34e-05 sat_other=4.34e-05 drone_guidance=4.34e-05
2026-02-12 20:37:34,130 - portable_sam_fusion - INFO - Epoch 14 detailed losses: loss_rpn_cls=0.0000, loss_rpn_bbox=0.0013, loss_cls=0.0056, acc=99.7891, loss_bbox=0.0037, loss_mask=0.0053
2026-02-12 20:38:10,662 - portable_sam_fusion - INFO - Epoch 14/30 | train=0.015953 val=0.153582 | sat_backbone=4.18e-05 sat_other=4.18e-05 drone_guidance=4.18e-05
2026-02-12 20:43:06,873 - portable_sam_fusion - INFO - Epoch 15 detailed losses: loss_rpn_cls=0.0000, loss_rpn_bbox=0.0013, loss_cls=0.0081, acc=99.6884, loss_bbox=0.0056, loss_mask=0.0054
2026-02-12 20:43:44,678 - portable_sam_fusion - INFO - Epoch 15/30 | train=0.020351 val=0.138856 | sat_backbone=4.00e-05 sat_other=4.00e-05 drone_guidance=4.00e-05
2026-02-12 20:48:37,227 - portable_sam_fusion - INFO - Epoch 16 detailed losses: loss_rpn_cls=0.0000, loss_rpn_bbox=0.0012, loss_cls=0.0069, acc=99.7283, loss_bbox=0.0045, loss_mask=0.0050
2026-02-12 20:49:16,629 - portable_sam_fusion - INFO - Epoch 16/30 | train=0.017650 val=0.135725 | sat_backbone=3.81e-05 sat_other=3.81e-05 drone_guidance=3.81e-05
2026-02-12 20:54:13,823 - portable_sam_fusion - INFO - Epoch 17 detailed losses: loss_rpn_cls=0.0000, loss_rpn_bbox=0.0011, loss_cls=0.0087, acc=99.6526, loss_bbox=0.0057, loss_mask=0.0052
2026-02-12 20:54:36,655 - portable_sam_fusion - INFO - Epoch 17/30 | train=0.020781 val=0.138469 | sat_backbone=3.62e-05 sat_other=3.62e-05 drone_guidance=3.62e-05
2026-02-12 20:59:34,364 - portable_sam_fusion - INFO - Epoch 18 detailed losses: loss_rpn_cls=0.0000, loss_rpn_bbox=0.0010, loss_cls=0.0071, acc=99.7290, loss_bbox=0.0045, loss_mask=0.0045
2026-02-12 20:59:57,441 - portable_sam_fusion - INFO - Epoch 18/30 | train=0.017211 val=0.151769 | sat_backbone=3.42e-05 sat_other=3.42e-05 drone_guidance=3.42e-05
2026-02-12 21:04:59,046 - portable_sam_fusion - INFO - Epoch 19 detailed losses: loss_rpn_cls=0.0000, loss_rpn_bbox=0.0010, loss_cls=0.0082, acc=99.6837, loss_bbox=0.0055, loss_mask=0.0045
2026-02-12 21:05:22,363 - portable_sam_fusion - INFO - Epoch 19/30 | train=0.019274 val=0.148523 | sat_backbone=3.21e-05 sat_other=3.21e-05 drone_guidance=3.21e-05
2026-02-12 21:10:18,486 - portable_sam_fusion - INFO - Epoch 20 detailed losses: loss_rpn_cls=0.0000, loss_rpn_bbox=0.0009, loss_cls=0.0061, acc=99.7743, loss_bbox=0.0038, loss_mask=0.0043
2026-02-12 21:10:40,231 - portable_sam_fusion - INFO - Epoch 20/30 | train=0.015171 val=0.126335 | sat_backbone=3.00e-05 sat_other=3.00e-05 drone_guidance=3.00e-05
2026-02-12 21:15:45,116 - portable_sam_fusion - INFO - Epoch 21 detailed losses: loss_rpn_cls=0.0000, loss_rpn_bbox=0.0008, loss_cls=0.0060, acc=99.7804, loss_bbox=0.0031, loss_mask=0.0039
2026-02-12 21:16:21,747 - portable_sam_fusion - INFO - Epoch 21/30 | train=0.013855 val=0.168189 | sat_backbone=2.79e-05 sat_other=2.79e-05 drone_guidance=2.79e-05
2026-02-12 21:21:18,709 - portable_sam_fusion - INFO - Epoch 22 detailed losses: loss_rpn_cls=0.0000, loss_rpn_bbox=0.0008, loss_cls=0.0052, acc=99.8033, loss_bbox=0.0029, loss_mask=0.0038
2026-02-12 21:21:56,128 - portable_sam_fusion - INFO - Epoch 22/30 | train=0.012654 val=0.151661 | sat_backbone=2.58e-05 sat_other=2.58e-05 drone_guidance=2.58e-05
2026-02-12 21:26:53,270 - portable_sam_fusion - INFO - Epoch 23 detailed losses: loss_rpn_cls=0.0000, loss_rpn_bbox=0.0007, loss_cls=0.0044, acc=99.8297, loss_bbox=0.0021, loss_mask=0.0038
2026-02-12 21:27:31,554 - portable_sam_fusion - INFO - Epoch 23/30 | train=0.011021 val=0.136700 | sat_backbone=2.38e-05 sat_other=2.38e-05 drone_guidance=2.38e-05
2026-02-12 21:32:23,635 - portable_sam_fusion - INFO - Epoch 24 detailed losses: loss_rpn_cls=0.0000, loss_rpn_bbox=0.0007, loss_cls=0.0038, acc=99.8554, loss_bbox=0.0019, loss_mask=0.0037
2026-02-12 21:33:00,729 - portable_sam_fusion - INFO - Epoch 24/30 | train=0.010098 val=0.130750 | sat_backbone=2.19e-05 sat_other=2.19e-05 drone_guidance=2.19e-05
2026-02-12 21:33:00,730 - portable_sam_fusion - INFO - Early stopping triggered (patience=15)
