/home/wangcheng/anaconda3/envs/cvt/lib/python3.9/site-packages/imagecorruptions/corruptions.py:17: UserWarning: pkg_resources is deprecated as an API. See https://setuptools.pypa.io/en/latest/pkg_resources.html. The pkg_resources package is slated for removal as early as 2025-11-30. Refrain from using this package or pin to Setuptools<81.
  from pkg_resources import resource_filename
Loads checkpoint by local backend from path: /home/wangcheng/project/SCVT3/portable_sam_fusion/checkpoints/sam_vit_b_01ec64.pth
Loaded SAM VisionEncoder with interpolation. Missing keys: 0, Unexpected keys: 138
Enabled gradient checkpointing for SAM VisionEncoder (via forward wrapper)
02/18 19:37:22 - mmengine - INFO - load model from: /home/wangcheng/project/SCVT3/portable_sam_fusion/checkpoints/sam_vit_b_01ec64.pth
02/18 19:37:22 - mmengine - INFO - Loads checkpoint by local backend from path: /home/wangcheng/project/SCVT3/portable_sam_fusion/checkpoints/sam_vit_b_01ec64.pth
02/18 19:37:22 - mmengine - WARNING - The model and loaded state dict do not match exactly

unexpected key in source state_dict: shared_image_embedding.positional_embedding, vision_encoder.pos_embed, vision_encoder.patch_embed.projection.weight, vision_encoder.patch_embed.projection.bias, vision_encoder.layers.0.layer_norm1.weight, vision_encoder.layers.0.layer_norm1.bias, vision_encoder.layers.0.attn.rel_pos_h, vision_encoder.layers.0.attn.rel_pos_w, vision_encoder.layers.0.attn.qkv.weight, vision_encoder.layers.0.attn.qkv.bias, vision_encoder.layers.0.attn.proj.weight, vision_encoder.layers.0.attn.proj.bias, vision_encoder.layers.0.layer_norm2.weight, vision_encoder.layers.0.layer_norm2.bias, vision_encoder.layers.0.mlp.lin1.weight, vision_encoder.layers.0.mlp.lin1.bias, vision_encoder.layers.0.mlp.lin2.weight, vision_encoder.layers.0.mlp.lin2.bias, vision_encoder.layers.1.layer_norm1.weight, vision_encoder.layers.1.layer_norm1.bias, vision_encoder.layers.1.attn.rel_pos_h, vision_encoder.layers.1.attn.rel_pos_w, vision_encoder.layers.1.attn.qkv.weight, vision_encoder.layers.1.attn.qkv.bias, vision_encoder.layers.1.attn.proj.weight, vision_encoder.layers.1.attn.proj.bias, vision_encoder.layers.1.layer_norm2.weight, vision_encoder.layers.1.layer_norm2.bias, vision_encoder.layers.1.mlp.lin1.weight, vision_encoder.layers.1.mlp.lin1.bias, vision_encoder.layers.1.mlp.lin2.weight, vision_encoder.layers.1.mlp.lin2.bias, vision_encoder.layers.2.layer_norm1.weight, vision_encoder.layers.2.layer_norm1.bias, vision_encoder.layers.2.attn.rel_pos_h, vision_encoder.layers.2.attn.rel_pos_w, vision_encoder.layers.2.attn.qkv.weight, vision_encoder.layers.2.attn.qkv.bias, vision_encoder.layers.2.attn.proj.weight, vision_encoder.layers.2.attn.proj.bias, vision_encoder.layers.2.layer_norm2.weight, vision_encoder.layers.2.layer_norm2.bias, vision_encoder.layers.2.mlp.lin1.weight, vision_encoder.layers.2.mlp.lin1.bias, vision_encoder.layers.2.mlp.lin2.weight, vision_encoder.layers.2.mlp.lin2.bias, vision_encoder.layers.3.layer_norm1.weight, vision_encoder.layers.3.layer_norm1.bias, vision_encoder.layers.3.attn.rel_pos_h, vision_encoder.layers.3.attn.rel_pos_w, vision_encoder.layers.3.attn.qkv.weight, vision_encoder.layers.3.attn.qkv.bias, vision_encoder.layers.3.attn.proj.weight, vision_encoder.layers.3.attn.proj.bias, vision_encoder.layers.3.layer_norm2.weight, vision_encoder.layers.3.layer_norm2.bias, vision_encoder.layers.3.mlp.lin1.weight, vision_encoder.layers.3.mlp.lin1.bias, vision_encoder.layers.3.mlp.lin2.weight, vision_encoder.layers.3.mlp.lin2.bias, vision_encoder.layers.4.layer_norm1.weight, vision_encoder.layers.4.layer_norm1.bias, vision_encoder.layers.4.attn.rel_pos_h, vision_encoder.layers.4.attn.rel_pos_w, vision_encoder.layers.4.attn.qkv.weight, vision_encoder.layers.4.attn.qkv.bias, vision_encoder.layers.4.attn.proj.weight, vision_encoder.layers.4.attn.proj.bias, vision_encoder.layers.4.layer_norm2.weight, vision_encoder.layers.4.layer_norm2.bias, vision_encoder.layers.4.mlp.lin1.weight, vision_encoder.layers.4.mlp.lin1.bias, vision_encoder.layers.4.mlp.lin2.weight, vision_encoder.layers.4.mlp.lin2.bias, vision_encoder.layers.5.layer_norm1.weight, vision_encoder.layers.5.layer_norm1.bias, vision_encoder.layers.5.attn.rel_pos_h, vision_encoder.layers.5.attn.rel_pos_w, vision_encoder.layers.5.attn.qkv.weight, vision_encoder.layers.5.attn.qkv.bias, vision_encoder.layers.5.attn.proj.weight, vision_encoder.layers.5.attn.proj.bias, vision_encoder.layers.5.layer_norm2.weight, vision_encoder.layers.5.layer_norm2.bias, vision_encoder.layers.5.mlp.lin1.weight, vision_encoder.layers.5.mlp.lin1.bias, vision_encoder.layers.5.mlp.lin2.weight, vision_encoder.layers.5.mlp.lin2.bias, vision_encoder.layers.6.layer_norm1.weight, vision_encoder.layers.6.layer_norm1.bias, vision_encoder.layers.6.attn.rel_pos_h, vision_encoder.layers.6.attn.rel_pos_w, vision_encoder.layers.6.attn.qkv.weight, vision_encoder.layers.6.attn.qkv.bias, vision_encoder.layers.6.attn.proj.weight, vision_encoder.layers.6.attn.proj.bias, vision_encoder.layers.6.layer_norm2.weight, vision_encoder.layers.6.layer_norm2.bias, vision_encoder.layers.6.mlp.lin1.weight, vision_encoder.layers.6.mlp.lin1.bias, vision_encoder.layers.6.mlp.lin2.weight, vision_encoder.layers.6.mlp.lin2.bias, vision_encoder.layers.7.layer_norm1.weight, vision_encoder.layers.7.layer_norm1.bias, vision_encoder.layers.7.attn.rel_pos_h, vision_encoder.layers.7.attn.rel_pos_w, vision_encoder.layers.7.attn.qkv.weight, vision_encoder.layers.7.attn.qkv.bias, vision_encoder.layers.7.attn.proj.weight, vision_encoder.layers.7.attn.proj.bias, vision_encoder.layers.7.layer_norm2.weight, vision_encoder.layers.7.layer_norm2.bias, vision_encoder.layers.7.mlp.lin1.weight, vision_encoder.layers.7.mlp.lin1.bias, vision_encoder.layers.7.mlp.lin2.weight, vision_encoder.layers.7.mlp.lin2.bias, vision_encoder.layers.8.layer_norm1.weight, vision_encoder.layers.8.layer_norm1.bias, vision_encoder.layers.8.attn.rel_pos_h, vision_encoder.layers.8.attn.rel_pos_w, vision_encoder.layers.8.attn.qkv.weight, vision_encoder.layers.8.attn.qkv.bias, vision_encoder.layers.8.attn.proj.weight, vision_encoder.layers.8.attn.proj.bias, vision_encoder.layers.8.layer_norm2.weight, vision_encoder.layers.8.layer_norm2.bias, vision_encoder.layers.8.mlp.lin1.weight, vision_encoder.layers.8.mlp.lin1.bias, vision_encoder.layers.8.mlp.lin2.weight, vision_encoder.layers.8.mlp.lin2.bias, vision_encoder.layers.9.layer_norm1.weight, vision_encoder.layers.9.layer_norm1.bias, vision_encoder.layers.9.attn.rel_pos_h, vision_encoder.layers.9.attn.rel_pos_w, vision_encoder.layers.9.attn.qkv.weight, vision_encoder.layers.9.attn.qkv.bias, vision_encoder.layers.9.attn.proj.weight, vision_encoder.layers.9.attn.proj.bias, vision_encoder.layers.9.layer_norm2.weight, vision_encoder.layers.9.layer_norm2.bias, vision_encoder.layers.9.mlp.lin1.weight, vision_encoder.layers.9.mlp.lin1.bias, vision_encoder.layers.9.mlp.lin2.weight, vision_encoder.layers.9.mlp.lin2.bias, vision_encoder.layers.10.layer_norm1.weight, vision_encoder.layers.10.layer_norm1.bias, vision_encoder.layers.10.attn.rel_pos_h, vision_encoder.layers.10.attn.rel_pos_w, vision_encoder.layers.10.attn.qkv.weight, vision_encoder.layers.10.attn.qkv.bias, vision_encoder.layers.10.attn.proj.weight, vision_encoder.layers.10.attn.proj.bias, vision_encoder.layers.10.layer_norm2.weight, vision_encoder.layers.10.layer_norm2.bias, vision_encoder.layers.10.mlp.lin1.weight, vision_encoder.layers.10.mlp.lin1.bias, vision_encoder.layers.10.mlp.lin2.weight, vision_encoder.layers.10.mlp.lin2.bias, vision_encoder.layers.11.layer_norm1.weight, vision_encoder.layers.11.layer_norm1.bias, vision_encoder.layers.11.attn.rel_pos_h, vision_encoder.layers.11.attn.rel_pos_w, vision_encoder.layers.11.attn.qkv.weight, vision_encoder.layers.11.attn.qkv.bias, vision_encoder.layers.11.attn.proj.weight, vision_encoder.layers.11.attn.proj.bias, vision_encoder.layers.11.layer_norm2.weight, vision_encoder.layers.11.layer_norm2.bias, vision_encoder.layers.11.mlp.lin1.weight, vision_encoder.layers.11.mlp.lin1.bias, vision_encoder.layers.11.mlp.lin2.weight, vision_encoder.layers.11.mlp.lin2.bias, vision_encoder.neck.conv1.weight, vision_encoder.neck.layer_norm1.weight, vision_encoder.neck.layer_norm1.bias, vision_encoder.neck.conv2.weight, vision_encoder.neck.layer_norm2.weight, vision_encoder.neck.layer_norm2.bias, mask_decoder.iou_token.weight, mask_decoder.mask_tokens.weight, mask_decoder.transformer.layers.0.self_attn.q_proj.weight, mask_decoder.transformer.layers.0.self_attn.q_proj.bias, mask_decoder.transformer.layers.0.self_attn.k_proj.weight, mask_decoder.transformer.layers.0.self_attn.k_proj.bias, mask_decoder.transformer.layers.0.self_attn.v_proj.weight, mask_decoder.transformer.layers.0.self_attn.v_proj.bias, mask_decoder.transformer.layers.0.self_attn.out_proj.weight, mask_decoder.transformer.layers.0.self_attn.out_proj.bias, mask_decoder.transformer.layers.0.layer_norm1.weight, mask_decoder.transformer.layers.0.layer_norm1.bias, mask_decoder.transformer.layers.0.cross_attn_token_to_image.q_proj.weight, mask_decoder.transformer.layers.0.cross_attn_token_to_image.q_proj.bias, mask_decoder.transformer.layers.0.cross_attn_token_to_image.k_proj.weight, mask_decoder.transformer.layers.0.cross_attn_token_to_image.k_proj.bias, mask_decoder.transformer.layers.0.cross_attn_token_to_image.v_proj.weight, mask_decoder.transformer.layers.0.cross_attn_token_to_image.v_proj.bias, mask_decoder.transformer.layers.0.cross_attn_token_to_image.out_proj.weight, mask_decoder.transformer.layers.0.cross_attn_token_to_image.out_proj.bias, mask_decoder.transformer.layers.0.layer_norm2.weight, mask_decoder.transformer.layers.0.layer_norm2.bias, mask_decoder.transformer.layers.0.mlp.lin1.weight, mask_decoder.transformer.layers.0.mlp.lin1.bias, mask_decoder.transformer.layers.0.mlp.lin2.weight, mask_decoder.transformer.layers.0.mlp.lin2.bias, mask_decoder.transformer.layers.0.layer_norm3.weight, mask_decoder.transformer.layers.0.layer_norm3.bias, mask_decoder.transformer.layers.0.layer_norm4.weight, mask_decoder.transformer.layers.0.layer_norm4.bias, mask_decoder.transformer.layers.0.cross_attn_image_to_token.q_proj.weight, mask_decoder.transformer.layers.0.cross_attn_image_to_token.q_proj.bias, mask_decoder.transformer.layers.0.cross_attn_image_to_token.k_proj.weight, mask_decoder.transformer.layers.0.cross_attn_image_to_token.k_proj.bias, mask_decoder.transformer.layers.0.cross_attn_image_to_token.v_proj.weight, mask_decoder.transformer.layers.0.cross_attn_image_to_token.v_proj.bias, mask_decoder.transformer.layers.0.cross_attn_image_to_token.out_proj.weight, mask_decoder.transformer.layers.0.cross_attn_image_to_token.out_proj.bias, mask_decoder.transformer.layers.1.self_attn.q_proj.weight, mask_decoder.transformer.layers.1.self_attn.q_proj.bias, mask_decoder.transformer.layers.1.self_attn.k_proj.weight, mask_decoder.transformer.layers.1.self_attn.k_proj.bias, mask_decoder.transformer.layers.1.self_attn.v_proj.weight, mask_decoder.transformer.layers.1.self_attn.v_proj.bias, mask_decoder.transformer.layers.1.self_attn.out_proj.weight, mask_decoder.transformer.layers.1.self_attn.out_proj.bias, mask_decoder.transformer.layers.1.layer_norm1.weight, mask_decoder.transformer.layers.1.layer_norm1.bias, mask_decoder.transformer.layers.1.cross_attn_token_to_image.q_proj.weight, mask_decoder.transformer.layers.1.cross_attn_token_to_image.q_proj.bias, mask_decoder.transformer.layers.1.cross_attn_token_to_image.k_proj.weight, mask_decoder.transformer.layers.1.cross_attn_token_to_image.k_proj.bias, mask_decoder.transformer.layers.1.cross_attn_token_to_image.v_proj.weight, mask_decoder.transformer.layers.1.cross_attn_token_to_image.v_proj.bias, mask_decoder.transformer.layers.1.cross_attn_token_to_image.out_proj.weight, mask_decoder.transformer.layers.1.cross_attn_token_to_image.out_proj.bias, mask_decoder.transformer.layers.1.layer_norm2.weight, mask_decoder.transformer.layers.1.layer_norm2.bias, mask_decoder.transformer.layers.1.mlp.lin1.weight, mask_decoder.transformer.layers.1.mlp.lin1.bias, mask_decoder.transformer.layers.1.mlp.lin2.weight, mask_decoder.transformer.layers.1.mlp.lin2.bias, mask_decoder.transformer.layers.1.layer_norm3.weight, mask_decoder.transformer.layers.1.layer_norm3.bias, mask_decoder.transformer.layers.1.layer_norm4.weight, mask_decoder.transformer.layers.1.layer_norm4.bias, mask_decoder.transformer.layers.1.cross_attn_image_to_token.q_proj.weight, mask_decoder.transformer.layers.1.cross_attn_image_to_token.q_proj.bias, mask_decoder.transformer.layers.1.cross_attn_image_to_token.k_proj.weight, mask_decoder.transformer.layers.1.cross_attn_image_to_token.k_proj.bias, mask_decoder.transformer.layers.1.cross_attn_image_to_token.v_proj.weight, mask_decoder.transformer.layers.1.cross_attn_image_to_token.v_proj.bias, mask_decoder.transformer.layers.1.cross_attn_image_to_token.out_proj.weight, mask_decoder.transformer.layers.1.cross_attn_image_to_token.out_proj.bias, mask_decoder.transformer.final_attn_token_to_image.q_proj.weight, mask_decoder.transformer.final_attn_token_to_image.q_proj.bias, mask_decoder.transformer.final_attn_token_to_image.k_proj.weight, mask_decoder.transformer.final_attn_token_to_image.k_proj.bias, mask_decoder.transformer.final_attn_token_to_image.v_proj.weight, mask_decoder.transformer.final_attn_token_to_image.v_proj.bias, mask_decoder.transformer.final_attn_token_to_image.out_proj.weight, mask_decoder.transformer.final_attn_token_to_image.out_proj.bias, mask_decoder.transformer.layer_norm_final_attn.weight, mask_decoder.transformer.layer_norm_final_attn.bias, mask_decoder.upscale_conv1.weight, mask_decoder.upscale_conv1.bias, mask_decoder.upscale_conv2.weight, mask_decoder.upscale_conv2.bias, mask_decoder.upscale_layer_norm.weight, mask_decoder.upscale_layer_norm.bias, mask_decoder.output_hypernetworks_mlps.0.proj_in.weight, mask_decoder.output_hypernetworks_mlps.0.proj_in.bias, mask_decoder.output_hypernetworks_mlps.0.proj_out.weight, mask_decoder.output_hypernetworks_mlps.0.proj_out.bias, mask_decoder.output_hypernetworks_mlps.0.layers.0.weight, mask_decoder.output_hypernetworks_mlps.0.layers.0.bias, mask_decoder.output_hypernetworks_mlps.1.proj_in.weight, mask_decoder.output_hypernetworks_mlps.1.proj_in.bias, mask_decoder.output_hypernetworks_mlps.1.proj_out.weight, mask_decoder.output_hypernetworks_mlps.1.proj_out.bias, mask_decoder.output_hypernetworks_mlps.1.layers.0.weight, mask_decoder.output_hypernetworks_mlps.1.layers.0.bias, mask_decoder.output_hypernetworks_mlps.2.proj_in.weight, mask_decoder.output_hypernetworks_mlps.2.proj_in.bias, mask_decoder.output_hypernetworks_mlps.2.proj_out.weight, mask_decoder.output_hypernetworks_mlps.2.proj_out.bias, mask_decoder.output_hypernetworks_mlps.2.layers.0.weight, mask_decoder.output_hypernetworks_mlps.2.layers.0.bias, mask_decoder.output_hypernetworks_mlps.3.proj_in.weight, mask_decoder.output_hypernetworks_mlps.3.proj_in.bias, mask_decoder.output_hypernetworks_mlps.3.proj_out.weight, mask_decoder.output_hypernetworks_mlps.3.proj_out.bias, mask_decoder.output_hypernetworks_mlps.3.layers.0.weight, mask_decoder.output_hypernetworks_mlps.3.layers.0.bias, mask_decoder.iou_prediction_head.proj_in.weight, mask_decoder.iou_prediction_head.proj_in.bias, mask_decoder.iou_prediction_head.proj_out.weight, mask_decoder.iou_prediction_head.proj_out.bias, mask_decoder.iou_prediction_head.layers.0.weight, mask_decoder.iou_prediction_head.layers.0.bias, prompt_encoder.shared_embedding.positional_embedding

02/18 19:37:22 - mmengine - INFO - 
prompt_encoder.mask_embed.conv1.weight - torch.Size([4, 1, 2, 2]): 
PretrainedInit: load from /home/wangcheng/project/SCVT3/portable_sam_fusion/checkpoints/sam_vit_b_01ec64.pth 
 
02/18 19:37:22 - mmengine - INFO - 
prompt_encoder.mask_embed.conv1.bias - torch.Size([4]): 
PretrainedInit: load from /home/wangcheng/project/SCVT3/portable_sam_fusion/checkpoints/sam_vit_b_01ec64.pth 
 
02/18 19:37:22 - mmengine - INFO - 
prompt_encoder.mask_embed.conv2.weight - torch.Size([16, 4, 2, 2]): 
PretrainedInit: load from /home/wangcheng/project/SCVT3/portable_sam_fusion/checkpoints/sam_vit_b_01ec64.pth 
 
02/18 19:37:22 - mmengine - INFO - 
prompt_encoder.mask_embed.conv2.bias - torch.Size([16]): 
PretrainedInit: load from /home/wangcheng/project/SCVT3/portable_sam_fusion/checkpoints/sam_vit_b_01ec64.pth 
 
02/18 19:37:22 - mmengine - INFO - 
prompt_encoder.mask_embed.conv3.weight - torch.Size([256, 16, 1, 1]): 
PretrainedInit: load from /home/wangcheng/project/SCVT3/portable_sam_fusion/checkpoints/sam_vit_b_01ec64.pth 
 
02/18 19:37:22 - mmengine - INFO - 
prompt_encoder.mask_embed.conv3.bias - torch.Size([256]): 
PretrainedInit: load from /home/wangcheng/project/SCVT3/portable_sam_fusion/checkpoints/sam_vit_b_01ec64.pth 
 
02/18 19:37:22 - mmengine - INFO - 
prompt_encoder.mask_embed.layer_norm1.weight - torch.Size([4]): 
PretrainedInit: load from /home/wangcheng/project/SCVT3/portable_sam_fusion/checkpoints/sam_vit_b_01ec64.pth 
 
02/18 19:37:22 - mmengine - INFO - 
prompt_encoder.mask_embed.layer_norm1.bias - torch.Size([4]): 
PretrainedInit: load from /home/wangcheng/project/SCVT3/portable_sam_fusion/checkpoints/sam_vit_b_01ec64.pth 
 
02/18 19:37:22 - mmengine - INFO - 
prompt_encoder.mask_embed.layer_norm2.weight - torch.Size([16]): 
PretrainedInit: load from /home/wangcheng/project/SCVT3/portable_sam_fusion/checkpoints/sam_vit_b_01ec64.pth 
 
02/18 19:37:22 - mmengine - INFO - 
prompt_encoder.mask_embed.layer_norm2.bias - torch.Size([16]): 
PretrainedInit: load from /home/wangcheng/project/SCVT3/portable_sam_fusion/checkpoints/sam_vit_b_01ec64.pth 
 
02/18 19:37:22 - mmengine - INFO - 
prompt_encoder.no_mask_embed.weight - torch.Size([1, 256]): 
PretrainedInit: load from /home/wangcheng/project/SCVT3/portable_sam_fusion/checkpoints/sam_vit_b_01ec64.pth 
 
02/18 19:37:22 - mmengine - INFO - 
prompt_encoder.point_embed.0.weight - torch.Size([1, 256]): 
PretrainedInit: load from /home/wangcheng/project/SCVT3/portable_sam_fusion/checkpoints/sam_vit_b_01ec64.pth 
 
02/18 19:37:22 - mmengine - INFO - 
prompt_encoder.point_embed.1.weight - torch.Size([1, 256]): 
PretrainedInit: load from /home/wangcheng/project/SCVT3/portable_sam_fusion/checkpoints/sam_vit_b_01ec64.pth 
 
02/18 19:37:22 - mmengine - INFO - 
prompt_encoder.point_embed.2.weight - torch.Size([1, 256]): 
PretrainedInit: load from /home/wangcheng/project/SCVT3/portable_sam_fusion/checkpoints/sam_vit_b_01ec64.pth 
 
02/18 19:37:22 - mmengine - INFO - 
prompt_encoder.point_embed.3.weight - torch.Size([1, 256]): 
PretrainedInit: load from /home/wangcheng/project/SCVT3/portable_sam_fusion/checkpoints/sam_vit_b_01ec64.pth 
 
02/18 19:37:22 - mmengine - INFO - 
prompt_encoder.not_a_point_embed.weight - torch.Size([1, 256]): 
PretrainedInit: load from /home/wangcheng/project/SCVT3/portable_sam_fusion/checkpoints/sam_vit_b_01ec64.pth 
 
Loads checkpoint by local backend from path: /home/wangcheng/project/SCVT3/portable_sam_fusion/checkpoints/sam_vit_b_01ec64.pth
Loaded SAM PositionalEmbedding. Missing keys: 0, Unexpected keys: 314
2026-02-18 19:37:24,078 - portable_sam_fusion.data.loader - INFO - Built scene ID mapping: 734 scenes
2026-02-18 19:37:25,367 - portable_sam_fusion.data.satellite_drone_dataset - INFO - SatelliteDroneDataset initialized (训练集): 734 scenes, views=4, sat_size=(1024, 1024), drone_size=(512, 512)
2026-02-18 19:37:25,367 - portable_sam_fusion - INFO - Dataset size: 734
2026-02-18 19:43:53,913 - portable_sam_fusion - INFO - Epoch 1 detailed losses: loss_rpn_cls=0.7386, loss_rpn_bbox=0.0325, loss_cls=0.3363, acc=98.1256, loss_bbox=0.0026, loss_mask=0.7039, loss_contrastive=0.0694, loss_consistency=0.1037, loss_spatial_align=0.0393
2026-02-18 19:44:27,175 - portable_sam_fusion - INFO - Epoch 1/50 | train=2.026304 | sat_backbone=2.10e-06 sat_other=4.20e-06 drone_guidance=2.10e-06 scene_alignment=2.10e-06
2026-02-18 19:52:01,690 - portable_sam_fusion - INFO - Epoch 2 detailed losses: loss_rpn_cls=0.3631, loss_rpn_bbox=0.0259, loss_cls=0.2910, acc=89.2866, loss_bbox=0.2474, loss_mask=0.4182, loss_contrastive=0.0688, loss_consistency=0.0628, loss_spatial_align=0.0384
2026-02-18 19:52:36,208 - portable_sam_fusion - INFO - Epoch 2/50 | train=1.515711 | sat_backbone=4.10e-06 sat_other=8.19e-06 drone_guidance=4.10e-06 scene_alignment=4.10e-06
2026-02-18 20:00:37,863 - portable_sam_fusion - INFO - Epoch 3 detailed losses: loss_rpn_cls=0.0958, loss_rpn_bbox=0.0191, loss_cls=0.3081, acc=86.7267, loss_bbox=0.2914, loss_mask=0.2237, loss_contrastive=0.0662, loss_consistency=0.0174, loss_spatial_align=0.0385
2026-02-18 20:01:11,155 - portable_sam_fusion - INFO - Epoch 3/50 | train=1.060301 | sat_backbone=6.09e-06 sat_other=1.22e-05 drone_guidance=6.09e-06 scene_alignment=6.09e-06
2026-02-18 20:09:48,630 - portable_sam_fusion - INFO - Epoch 4 detailed losses: loss_rpn_cls=0.0512, loss_rpn_bbox=0.0145, loss_cls=0.2734, acc=88.0748, loss_bbox=0.2419, loss_mask=0.1509, loss_contrastive=0.0164, loss_consistency=0.0063, loss_spatial_align=0.0393
2026-02-18 20:10:22,929 - portable_sam_fusion - INFO - Epoch 4/50 | train=0.793903 | sat_backbone=8.09e-06 sat_other=1.62e-05 drone_guidance=8.09e-06 scene_alignment=8.09e-06
2026-02-18 20:19:03,430 - portable_sam_fusion - INFO - Epoch 5 detailed losses: loss_rpn_cls=0.0339, loss_rpn_bbox=0.0120, loss_cls=0.2533, acc=89.1178, loss_bbox=0.2013, loss_mask=0.1297, loss_contrastive=0.0052, loss_consistency=0.0018, loss_spatial_align=0.0387
2026-02-18 20:19:36,013 - portable_sam_fusion - INFO - Epoch 5/50 | train=0.675894 | sat_backbone=1.01e-05 sat_other=2.02e-05 drone_guidance=1.01e-05 scene_alignment=1.01e-05
2026-02-18 20:28:24,604 - portable_sam_fusion - INFO - Epoch 6 detailed losses: loss_rpn_cls=0.0255, loss_rpn_bbox=0.0102, loss_cls=0.2326, acc=90.0146, loss_bbox=0.1704, loss_mask=0.1135, loss_contrastive=0.0029, loss_consistency=0.0007, loss_spatial_align=0.0376
2026-02-18 20:29:00,962 - portable_sam_fusion - INFO - Epoch 6/50 | train=0.593398 | sat_backbone=1.21e-05 sat_other=2.42e-05 drone_guidance=1.21e-05 scene_alignment=1.21e-05
2026-02-18 20:37:45,448 - portable_sam_fusion - INFO - Epoch 7 detailed losses: loss_rpn_cls=0.0190, loss_rpn_bbox=0.0087, loss_cls=0.2085, acc=91.0848, loss_bbox=0.1445, loss_mask=0.1000, loss_contrastive=0.0026, loss_consistency=0.0004, loss_spatial_align=0.0363
2026-02-18 20:38:24,855 - portable_sam_fusion - INFO - Epoch 7/50 | train=0.520081 | sat_backbone=1.41e-05 sat_other=2.82e-05 drone_guidance=1.41e-05 scene_alignment=1.41e-05
2026-02-18 20:47:09,634 - portable_sam_fusion - INFO - Epoch 8 detailed losses: loss_rpn_cls=0.0150, loss_rpn_bbox=0.0077, loss_cls=0.1894, acc=91.9917, loss_bbox=0.1258, loss_mask=0.0759, loss_contrastive=0.0033, loss_consistency=0.0004, loss_spatial_align=0.0351
2026-02-18 20:47:49,075 - portable_sam_fusion - INFO - Epoch 8/50 | train=0.452652 | sat_backbone=1.61e-05 sat_other=3.22e-05 drone_guidance=1.61e-05 scene_alignment=1.61e-05
2026-02-18 20:56:33,038 - portable_sam_fusion - INFO - Epoch 9 detailed losses: loss_rpn_cls=0.0123, loss_rpn_bbox=0.0068, loss_cls=0.1789, acc=92.4674, loss_bbox=0.1167, loss_mask=0.0522, loss_contrastive=0.0020, loss_consistency=0.0003, loss_spatial_align=0.0338
2026-02-18 20:57:08,819 - portable_sam_fusion - INFO - Epoch 9/50 | train=0.403138 | sat_backbone=1.81e-05 sat_other=3.62e-05 drone_guidance=1.81e-05 scene_alignment=1.81e-05
2026-02-18 21:06:02,904 - portable_sam_fusion - INFO - Epoch 10 detailed losses: loss_rpn_cls=0.0104, loss_rpn_bbox=0.0060, loss_cls=0.1608, acc=93.2753, loss_bbox=0.0989, loss_mask=0.0388, loss_contrastive=0.0012, loss_consistency=0.0003, loss_spatial_align=0.0324
2026-02-18 21:06:42,805 - portable_sam_fusion - INFO - Epoch 10/50 | train=0.348731 | sat_backbone=2.01e-05 sat_other=4.02e-05 drone_guidance=2.01e-05 scene_alignment=2.01e-05
2026-02-18 21:15:25,966 - portable_sam_fusion - INFO - Epoch 11 detailed losses: loss_rpn_cls=0.0087, loss_rpn_bbox=0.0056, loss_cls=0.1545, acc=93.5180, loss_bbox=0.0902, loss_mask=0.0329, loss_contrastive=0.0018, loss_consistency=0.0003, loss_spatial_align=0.0310
2026-02-18 21:16:05,781 - portable_sam_fusion - INFO - Epoch 11/50 | train=0.324865 | sat_backbone=2.21e-05 sat_other=4.42e-05 drone_guidance=2.21e-05 scene_alignment=2.21e-05
2026-02-18 21:24:53,320 - portable_sam_fusion - INFO - Epoch 12 detailed losses: loss_rpn_cls=0.0076, loss_rpn_bbox=0.0052, loss_cls=0.1417, acc=94.1550, loss_bbox=0.0826, loss_mask=0.0278, loss_contrastive=0.0021, loss_consistency=0.0002, loss_spatial_align=0.0300
2026-02-18 21:25:33,532 - portable_sam_fusion - INFO - Epoch 12/50 | train=0.297137 | sat_backbone=2.41e-05 sat_other=4.82e-05 drone_guidance=2.41e-05 scene_alignment=2.41e-05
2026-02-18 21:34:28,002 - portable_sam_fusion - INFO - Epoch 13 detailed losses: loss_rpn_cls=0.0063, loss_rpn_bbox=0.0054, loss_cls=0.1353, acc=94.4110, loss_bbox=0.0792, loss_mask=0.0266, loss_contrastive=0.0014, loss_consistency=0.0002, loss_spatial_align=0.0285
2026-02-18 21:35:05,273 - portable_sam_fusion - INFO - Epoch 13/50 | train=0.282827 | sat_backbone=2.61e-05 sat_other=5.21e-05 drone_guidance=2.61e-05 scene_alignment=2.61e-05
2026-02-18 21:43:50,639 - portable_sam_fusion - INFO - Epoch 14 detailed losses: loss_rpn_cls=0.0063, loss_rpn_bbox=0.0048, loss_cls=0.1264, acc=94.7516, loss_bbox=0.0732, loss_mask=0.0236, loss_contrastive=0.0014, loss_consistency=0.0002, loss_spatial_align=0.0270
2026-02-18 21:44:26,008 - portable_sam_fusion - INFO - Epoch 14/50 | train=0.262847 | sat_backbone=2.81e-05 sat_other=5.61e-05 drone_guidance=2.81e-05 scene_alignment=2.81e-05
2026-02-18 21:53:09,280 - portable_sam_fusion - INFO - Epoch 15 detailed losses: loss_rpn_cls=0.0057, loss_rpn_bbox=0.0041, loss_cls=0.1206, acc=95.0826, loss_bbox=0.0651, loss_mask=0.0219, loss_contrastive=0.0030, loss_consistency=0.0002, loss_spatial_align=0.0260
2026-02-18 21:53:40,502 - portable_sam_fusion - INFO - Epoch 15/50 | train=0.246516 | sat_backbone=3.01e-05 sat_other=6.01e-05 drone_guidance=3.01e-05 scene_alignment=3.01e-05
2026-02-18 22:02:31,915 - portable_sam_fusion - INFO - Epoch 16 detailed losses: loss_rpn_cls=0.0049, loss_rpn_bbox=0.0042, loss_cls=0.1145, acc=95.2689, loss_bbox=0.0634, loss_mask=0.0214, loss_contrastive=0.0024, loss_consistency=0.0002, loss_spatial_align=0.0250
2026-02-18 22:03:05,870 - portable_sam_fusion - INFO - Epoch 16/50 | train=0.235991 | sat_backbone=3.21e-05 sat_other=6.41e-05 drone_guidance=3.21e-05 scene_alignment=3.21e-05
2026-02-18 22:11:57,139 - portable_sam_fusion - INFO - Epoch 17 detailed losses: loss_rpn_cls=0.0054, loss_rpn_bbox=0.0038, loss_cls=0.1133, acc=95.3173, loss_bbox=0.0622, loss_mask=0.0205, loss_contrastive=0.0015, loss_consistency=0.0001, loss_spatial_align=0.0233
2026-02-18 22:12:25,913 - portable_sam_fusion - INFO - Epoch 17/50 | train=0.230242 | sat_backbone=3.41e-05 sat_other=6.81e-05 drone_guidance=3.41e-05 scene_alignment=3.41e-05
2026-02-18 22:21:11,019 - portable_sam_fusion - INFO - Epoch 18 detailed losses: loss_rpn_cls=0.0040, loss_rpn_bbox=0.0037, loss_cls=0.1068, acc=95.6377, loss_bbox=0.0569, loss_mask=0.0226, loss_contrastive=0.0017, loss_consistency=0.0001, loss_spatial_align=0.0221
2026-02-18 22:21:41,497 - portable_sam_fusion - INFO - Epoch 18/50 | train=0.217951 | sat_backbone=3.61e-05 sat_other=7.21e-05 drone_guidance=3.61e-05 scene_alignment=3.61e-05
2026-02-18 22:30:34,820 - portable_sam_fusion - INFO - Epoch 19 detailed losses: loss_rpn_cls=0.0038, loss_rpn_bbox=0.0042, loss_cls=0.1012, acc=95.8458, loss_bbox=0.0524, loss_mask=0.0188, loss_contrastive=0.0007, loss_consistency=0.0001, loss_spatial_align=0.0203
2026-02-18 22:31:04,653 - portable_sam_fusion - INFO - Epoch 19/50 | train=0.201604 | sat_backbone=3.81e-05 sat_other=7.61e-05 drone_guidance=3.81e-05 scene_alignment=3.81e-05
2026-02-18 22:39:50,012 - portable_sam_fusion - INFO - Epoch 20 detailed losses: loss_rpn_cls=0.0038, loss_rpn_bbox=0.0036, loss_cls=0.1017, acc=95.8580, loss_bbox=0.0539, loss_mask=0.0189, loss_contrastive=0.0019, loss_consistency=0.0001, loss_spatial_align=0.0192
2026-02-18 22:40:04,387 - portable_sam_fusion - INFO - Epoch 20/50 | train=0.203191 | sat_backbone=4.01e-05 sat_other=8.01e-05 drone_guidance=4.01e-05 scene_alignment=4.01e-05
2026-02-18 22:48:54,128 - portable_sam_fusion - INFO - Epoch 21 detailed losses: loss_rpn_cls=0.0038, loss_rpn_bbox=0.0031, loss_cls=0.0975, acc=96.0262, loss_bbox=0.0492, loss_mask=0.0207, loss_contrastive=0.0010, loss_consistency=0.0001, loss_spatial_align=0.0179
2026-02-18 22:49:24,502 - portable_sam_fusion - INFO - Epoch 21/50 | train=0.193251 | sat_backbone=4.21e-05 sat_other=8.41e-05 drone_guidance=4.21e-05 scene_alignment=4.21e-05
2026-02-18 22:58:23,276 - portable_sam_fusion - INFO - Epoch 22 detailed losses: loss_rpn_cls=0.0034, loss_rpn_bbox=0.0033, loss_cls=0.0928, acc=96.1730, loss_bbox=0.0474, loss_mask=0.0167, loss_contrastive=0.0008, loss_consistency=0.0001, loss_spatial_align=0.0163
2026-02-18 22:58:54,392 - portable_sam_fusion - INFO - Epoch 22/50 | train=0.180785 | sat_backbone=4.41e-05 sat_other=8.81e-05 drone_guidance=4.41e-05 scene_alignment=4.41e-05
2026-02-18 23:07:13,410 - portable_sam_fusion - INFO - Epoch 23 detailed losses: loss_rpn_cls=0.0036, loss_rpn_bbox=0.0034, loss_cls=0.0951, acc=96.1374, loss_bbox=0.0463, loss_mask=0.0175, loss_contrastive=0.0007, loss_consistency=0.0001, loss_spatial_align=0.0150
2026-02-18 23:07:29,277 - portable_sam_fusion - INFO - Epoch 23/50 | train=0.181699 | sat_backbone=4.61e-05 sat_other=9.21e-05 drone_guidance=4.61e-05 scene_alignment=4.61e-05
2026-02-18 23:16:24,130 - portable_sam_fusion - INFO - Epoch 24 detailed losses: loss_rpn_cls=0.0030, loss_rpn_bbox=0.0031, loss_cls=0.0963, acc=96.0773, loss_bbox=0.0452, loss_mask=0.0173, loss_contrastive=0.0012, loss_consistency=0.0001, loss_spatial_align=0.0141
2026-02-18 23:17:02,074 - portable_sam_fusion - INFO - Epoch 24/50 | train=0.180196 | sat_backbone=4.81e-05 sat_other=9.61e-05 drone_guidance=4.81e-05 scene_alignment=4.81e-05
2026-02-18 23:25:54,280 - portable_sam_fusion - INFO - Epoch 25 detailed losses: loss_rpn_cls=0.0029, loss_rpn_bbox=0.0030, loss_cls=0.0870, acc=96.4567, loss_bbox=0.0418, loss_mask=0.0159, loss_contrastive=0.0003, loss_consistency=0.0000, loss_spatial_align=0.0127
2026-02-18 23:26:23,621 - portable_sam_fusion - INFO - Epoch 25/50 | train=0.163739 | sat_backbone=5.01e-05 sat_other=1.00e-04 drone_guidance=5.01e-05 scene_alignment=5.01e-05
2026-02-18 23:35:11,284 - portable_sam_fusion - INFO - Epoch 26 detailed losses: loss_rpn_cls=0.0029, loss_rpn_bbox=0.0029, loss_cls=0.0869, acc=96.4769, loss_bbox=0.0419, loss_mask=0.0203, loss_contrastive=0.0009, loss_consistency=0.0000, loss_spatial_align=0.0118
2026-02-18 23:35:25,670 - portable_sam_fusion - INFO - Epoch 26/50 | train=0.167841 | sat_backbone=5.20e-05 sat_other=1.04e-04 drone_guidance=5.20e-05 scene_alignment=5.20e-05
2026-02-18 23:44:14,305 - portable_sam_fusion - INFO - Epoch 27 detailed losses: loss_rpn_cls=0.0023, loss_rpn_bbox=0.0039, loss_cls=0.0887, acc=96.3668, loss_bbox=0.0420, loss_mask=0.0153, loss_contrastive=0.0011, loss_consistency=0.0000, loss_spatial_align=0.0106
2026-02-18 23:44:31,240 - portable_sam_fusion - INFO - Epoch 27/50 | train=0.163964 | sat_backbone=5.40e-05 sat_other=1.08e-04 drone_guidance=5.40e-05 scene_alignment=5.40e-05
2026-02-18 23:53:21,865 - portable_sam_fusion - INFO - Epoch 28 detailed losses: loss_rpn_cls=0.0031, loss_rpn_bbox=0.0026, loss_cls=0.0818, acc=96.6456, loss_bbox=0.0391, loss_mask=0.0136, loss_contrastive=0.0015, loss_consistency=0.0000, loss_spatial_align=0.0096
2026-02-18 23:53:54,989 - portable_sam_fusion - INFO - Epoch 28/50 | train=0.151240 | sat_backbone=5.60e-05 sat_other=1.12e-04 drone_guidance=5.60e-05 scene_alignment=5.60e-05
2026-02-19 00:02:49,802 - portable_sam_fusion - INFO - Epoch 29 detailed losses: loss_rpn_cls=0.0021, loss_rpn_bbox=0.0028, loss_cls=0.0797, acc=96.7255, loss_bbox=0.0386, loss_mask=0.0197, loss_contrastive=0.0009, loss_consistency=0.0000, loss_spatial_align=0.0083
2026-02-19 00:03:05,763 - portable_sam_fusion - INFO - Epoch 29/50 | train=0.152201 | sat_backbone=5.80e-05 sat_other=1.16e-04 drone_guidance=5.80e-05 scene_alignment=5.80e-05
2026-02-19 00:11:56,094 - portable_sam_fusion - INFO - Epoch 30 detailed losses: loss_rpn_cls=0.0028, loss_rpn_bbox=0.0029, loss_cls=0.0812, acc=96.7180, loss_bbox=0.0403, loss_mask=0.0143, loss_contrastive=0.0006, loss_consistency=0.0000, loss_spatial_align=0.0069
2026-02-19 00:12:26,995 - portable_sam_fusion - INFO - Epoch 30/50 | train=0.148842 | sat_backbone=6.00e-05 sat_other=1.20e-04 drone_guidance=6.00e-05 scene_alignment=6.00e-05
2026-02-19 00:21:16,932 - portable_sam_fusion - INFO - Epoch 31 detailed losses: loss_rpn_cls=0.0024, loss_rpn_bbox=0.0022, loss_cls=0.0763, acc=96.9117, loss_bbox=0.0341, loss_mask=0.0167, loss_contrastive=0.0003, loss_consistency=0.0000, loss_spatial_align=0.0055
2026-02-19 00:21:55,265 - portable_sam_fusion - INFO - Epoch 31/50 | train=0.137529 | sat_backbone=6.20e-05 sat_other=1.24e-04 drone_guidance=6.20e-05 scene_alignment=6.20e-05
2026-02-19 00:30:40,482 - portable_sam_fusion - INFO - Epoch 32 detailed losses: loss_rpn_cls=0.0023, loss_rpn_bbox=0.0026, loss_cls=0.0796, acc=96.7265, loss_bbox=0.0353, loss_mask=0.0151, loss_contrastive=0.0013, loss_consistency=0.0000, loss_spatial_align=0.0044
2026-02-19 00:30:55,705 - portable_sam_fusion - INFO - Epoch 32/50 | train=0.140565 | sat_backbone=6.40e-05 sat_other=1.28e-04 drone_guidance=6.40e-05 scene_alignment=6.40e-05
2026-02-19 00:39:47,387 - portable_sam_fusion - INFO - Epoch 33 detailed losses: loss_rpn_cls=0.0019, loss_rpn_bbox=0.0023, loss_cls=0.0771, acc=96.8958, loss_bbox=0.0325, loss_mask=0.0167, loss_contrastive=0.0010, loss_consistency=0.0000, loss_spatial_align=0.0035
2026-02-19 00:40:27,045 - portable_sam_fusion - INFO - Epoch 33/50 | train=0.135197 | sat_backbone=6.60e-05 sat_other=1.32e-04 drone_guidance=6.60e-05 scene_alignment=6.60e-05
2026-02-19 00:49:13,608 - portable_sam_fusion - INFO - Epoch 34 detailed losses: loss_rpn_cls=0.0021, loss_rpn_bbox=0.0028, loss_cls=0.0776, acc=96.8601, loss_bbox=0.0336, loss_mask=0.0139, loss_contrastive=0.0006, loss_consistency=0.0000, loss_spatial_align=0.0027
2026-02-19 00:49:48,795 - portable_sam_fusion - INFO - Epoch 34/50 | train=0.133235 | sat_backbone=6.80e-05 sat_other=1.36e-04 drone_guidance=6.80e-05 scene_alignment=6.80e-05
2026-02-19 00:58:33,929 - portable_sam_fusion - INFO - Epoch 35 detailed losses: loss_rpn_cls=0.0021, loss_rpn_bbox=0.0023, loss_cls=0.0763, acc=96.9133, loss_bbox=0.0338, loss_mask=0.0140, loss_contrastive=0.0010, loss_consistency=0.0000, loss_spatial_align=0.0021
2026-02-19 00:59:04,970 - portable_sam_fusion - INFO - Epoch 35/50 | train=0.131761 | sat_backbone=7.00e-05 sat_other=1.40e-04 drone_guidance=7.00e-05 scene_alignment=7.00e-05
2026-02-19 01:07:52,605 - portable_sam_fusion - INFO - Epoch 36 detailed losses: loss_rpn_cls=0.0030, loss_rpn_bbox=0.0022, loss_cls=0.0802, acc=96.7787, loss_bbox=0.0356, loss_mask=0.0162, loss_contrastive=0.0007, loss_consistency=0.0000, loss_spatial_align=0.0017
2026-02-19 01:08:09,306 - portable_sam_fusion - INFO - Epoch 36/50 | train=0.139718 | sat_backbone=7.20e-05 sat_other=1.44e-04 drone_guidance=7.20e-05 scene_alignment=7.20e-05
2026-02-19 01:16:57,785 - portable_sam_fusion - INFO - Epoch 37 detailed losses: loss_rpn_cls=0.0020, loss_rpn_bbox=0.0021, loss_cls=0.0729, acc=97.0038, loss_bbox=0.0324, loss_mask=0.0135, loss_contrastive=0.0005, loss_consistency=0.0000, loss_spatial_align=0.0014
2026-02-19 01:17:32,679 - portable_sam_fusion - INFO - Epoch 37/50 | train=0.124736 | sat_backbone=7.40e-05 sat_other=1.48e-04 drone_guidance=7.40e-05 scene_alignment=7.40e-05
2026-02-19 01:26:19,483 - portable_sam_fusion - INFO - Epoch 38 detailed losses: loss_rpn_cls=0.0020, loss_rpn_bbox=0.0023, loss_cls=0.0729, acc=97.0363, loss_bbox=0.0315, loss_mask=0.0162, loss_contrastive=0.0022, loss_consistency=0.0000, loss_spatial_align=0.0017
2026-02-19 01:26:37,333 - portable_sam_fusion - INFO - Epoch 38/50 | train=0.128825 | sat_backbone=7.60e-05 sat_other=1.52e-04 drone_guidance=7.60e-05 scene_alignment=7.60e-05
2026-02-19 01:35:25,718 - portable_sam_fusion - INFO - Epoch 39 detailed losses: loss_rpn_cls=0.0016, loss_rpn_bbox=0.0023, loss_cls=0.0701, acc=97.1752, loss_bbox=0.0305, loss_mask=0.0176, loss_contrastive=0.0008, loss_consistency=0.0000, loss_spatial_align=0.0012
2026-02-19 01:36:00,260 - portable_sam_fusion - INFO - Epoch 39/50 | train=0.124112 | sat_backbone=7.80e-05 sat_other=1.56e-04 drone_guidance=7.80e-05 scene_alignment=7.80e-05
2026-02-19 01:44:52,398 - portable_sam_fusion - INFO - Epoch 40 detailed losses: loss_rpn_cls=0.0021, loss_rpn_bbox=0.0024, loss_cls=0.0714, acc=97.1805, loss_bbox=0.0303, loss_mask=0.0137, loss_contrastive=0.0009, loss_consistency=0.0000, loss_spatial_align=0.0010
2026-02-19 01:45:24,156 - portable_sam_fusion - INFO - Epoch 40/50 | train=0.121837 | sat_backbone=8.00e-05 sat_other=1.60e-04 drone_guidance=8.00e-05 scene_alignment=8.00e-05
2026-02-19 01:54:09,269 - portable_sam_fusion - INFO - Epoch 41 detailed losses: loss_rpn_cls=0.0030, loss_rpn_bbox=0.0024, loss_cls=0.0717, acc=97.0655, loss_bbox=0.0302, loss_mask=0.0126, loss_contrastive=0.0007, loss_consistency=0.0000, loss_spatial_align=0.0007
2026-02-19 01:54:39,585 - portable_sam_fusion - INFO - Epoch 41/50 | train=0.121278 | sat_backbone=8.20e-05 sat_other=1.64e-04 drone_guidance=8.20e-05 scene_alignment=8.20e-05
2026-02-19 02:03:19,156 - portable_sam_fusion - INFO - Epoch 42 detailed losses: loss_rpn_cls=0.0017, loss_rpn_bbox=0.0018, loss_cls=0.0667, acc=97.2071, loss_bbox=0.0287, loss_mask=0.0125, loss_contrastive=0.0006, loss_consistency=0.0000, loss_spatial_align=0.0006
2026-02-19 02:03:51,022 - portable_sam_fusion - INFO - Epoch 42/50 | train=0.112646 | sat_backbone=8.40e-05 sat_other=1.68e-04 drone_guidance=8.40e-05 scene_alignment=8.40e-05
2026-02-19 02:12:37,411 - portable_sam_fusion - INFO - Epoch 43 detailed losses: loss_rpn_cls=0.0022, loss_rpn_bbox=0.0020, loss_cls=0.0672, acc=97.2630, loss_bbox=0.0284, loss_mask=0.0139, loss_contrastive=0.0013, loss_consistency=0.0000, loss_spatial_align=0.0005
2026-02-19 02:12:53,760 - portable_sam_fusion - INFO - Epoch 43/50 | train=0.115568 | sat_backbone=8.60e-05 sat_other=1.72e-04 drone_guidance=8.60e-05 scene_alignment=8.60e-05
2026-02-19 02:21:40,517 - portable_sam_fusion - INFO - Epoch 44 detailed losses: loss_rpn_cls=0.0023, loss_rpn_bbox=0.0019, loss_cls=0.0722, acc=97.0889, loss_bbox=0.0291, loss_mask=0.0142, loss_contrastive=0.0004, loss_consistency=0.0000, loss_spatial_align=0.0004
2026-02-19 02:21:56,020 - portable_sam_fusion - INFO - Epoch 44/50 | train=0.120470 | sat_backbone=8.80e-05 sat_other=1.76e-04 drone_guidance=8.80e-05 scene_alignment=8.80e-05
2026-02-19 02:30:42,923 - portable_sam_fusion - INFO - Epoch 45 detailed losses: loss_rpn_cls=0.0024, loss_rpn_bbox=0.0020, loss_cls=0.0693, acc=97.2273, loss_bbox=0.0309, loss_mask=0.0130, loss_contrastive=0.0005, loss_consistency=0.0000, loss_spatial_align=0.0004
2026-02-19 02:31:00,354 - portable_sam_fusion - INFO - Epoch 45/50 | train=0.118435 | sat_backbone=9.00e-05 sat_other=1.80e-04 drone_guidance=9.00e-05 scene_alignment=9.00e-05
2026-02-19 02:39:47,044 - portable_sam_fusion - INFO - Epoch 46 detailed losses: loss_rpn_cls=0.0016, loss_rpn_bbox=0.0022, loss_cls=0.0674, acc=97.2752, loss_bbox=0.0277, loss_mask=0.0128, loss_contrastive=0.0007, loss_consistency=0.0000, loss_spatial_align=0.0003
2026-02-19 02:40:03,238 - portable_sam_fusion - INFO - Epoch 46/50 | train=0.112737 | sat_backbone=9.20e-05 sat_other=1.84e-04 drone_guidance=9.20e-05 scene_alignment=9.20e-05
2026-02-19 02:48:56,002 - portable_sam_fusion - INFO - Epoch 47 detailed losses: loss_rpn_cls=0.0021, loss_rpn_bbox=0.0019, loss_cls=0.0711, acc=97.1959, loss_bbox=0.0301, loss_mask=0.0131, loss_contrastive=0.0002, loss_consistency=0.0000, loss_spatial_align=0.0003
2026-02-19 02:49:11,186 - portable_sam_fusion - INFO - Epoch 47/50 | train=0.118836 | sat_backbone=9.40e-05 sat_other=1.88e-04 drone_guidance=9.40e-05 scene_alignment=9.40e-05
2026-02-19 02:57:57,382 - portable_sam_fusion - INFO - Epoch 48 detailed losses: loss_rpn_cls=0.0013, loss_rpn_bbox=0.0020, loss_cls=0.0699, acc=97.1198, loss_bbox=0.0272, loss_mask=0.0130, loss_contrastive=0.0008, loss_consistency=0.0000, loss_spatial_align=0.0002
2026-02-19 02:58:13,941 - portable_sam_fusion - INFO - Epoch 48/50 | train=0.114504 | sat_backbone=9.60e-05 sat_other=1.92e-04 drone_guidance=9.60e-05 scene_alignment=9.60e-05
2026-02-19 03:07:02,972 - portable_sam_fusion - INFO - Epoch 49 detailed losses: loss_rpn_cls=0.0016, loss_rpn_bbox=0.0015, loss_cls=0.0652, acc=97.3689, loss_bbox=0.0268, loss_mask=0.0130, loss_contrastive=0.0008, loss_consistency=0.0000, loss_spatial_align=0.0002
2026-02-19 03:07:37,792 - portable_sam_fusion - INFO - Epoch 49/50 | train=0.109049 | sat_backbone=9.80e-05 sat_other=1.96e-04 drone_guidance=9.80e-05 scene_alignment=9.80e-05
2026-02-19 03:16:33,183 - portable_sam_fusion - INFO - Epoch 50 detailed losses: loss_rpn_cls=0.0016, loss_rpn_bbox=0.0017, loss_cls=0.0661, acc=97.3029, loss_bbox=0.0265, loss_mask=0.0165, loss_contrastive=0.0001, loss_consistency=0.0000, loss_spatial_align=0.0002
2026-02-19 03:16:50,388 - portable_sam_fusion - INFO - Epoch 50/50 | train=0.112685 | sat_backbone=1.00e-04 sat_other=2.00e-04 drone_guidance=1.00e-04 scene_alignment=1.00e-04
