/home/wangcheng/anaconda3/envs/cvt2/lib/python3.9/site-packages/imagecorruptions/corruptions.py:17: UserWarning: pkg_resources is deprecated as an API. See https://setuptools.pypa.io/en/latest/pkg_resources.html. The pkg_resources package is slated for removal as early as 2025-11-30. Refrain from using this package or pin to Setuptools<81.
  from pkg_resources import resource_filename
Loads checkpoint by local backend from path: /home/wangcheng/project/portable_sam_fusion/checkpoints/sam2.1_hiera_base_plus.pt
Loaded SAM2 VisionEncoder. Missing keys: 0
Loads checkpoint by local backend from path: /home/wangcheng/project/portable_sam_fusion/checkpoints/sam2.1_hiera_base_plus.pt
Decoder state dict keys: 131
Loaded SAM2 MaskDecoder. Missing keys: 0
2026-02-19 18:14:58,867 - portable_sam_fusion.data.satellite_dataset - INFO - 加载 734 个卫星场景 (训练集)
2026-02-19 18:14:58,868 - portable_sam_fusion - INFO - Dataset size: 734
[rank0]: Traceback (most recent call last):
[rank0]:   File "/home/wangcheng/project/portable_sam_fusion/train/train_rsprompter_fusion.py", line 749, in <module>
[rank0]:     main()
[rank0]:   File "/home/wangcheng/project/portable_sam_fusion/train/train_rsprompter_fusion.py", line 495, in main
[rank0]:     loss_dict = model_for_loss.loss(model_inputs, data_samples, scene_indices=scene_indices)
[rank0]:   File "/home/wangcheng/project/portable_sam_fusion/models/rsprompter_anchor_drone_guidance.py", line 463, in loss
[rank0]:     x, image_embeddings, image_positional_embeddings = self.extract_feat(batch_inputs, scene_indices=scene_indices)
[rank0]:   File "/home/wangcheng/project/portable_sam_fusion/models/rsprompter_anchor_drone_guidance.py", line 403, in extract_feat
[rank0]:     x, image_embeddings, image_positional_embeddings = super().extract_feat(batch_inputs)
[rank0]:   File "/home/wangcheng/project/portable_sam_fusion/rsprompter/models.py", line 482, in extract_feat
[rank0]:     image_positional_embeddings = self.get_image_wide_positional_embeddings(size=image_embeddings.shape[-1])
[rank0]:   File "/home/wangcheng/project/portable_sam_fusion/rsprompter/models.py", line 461, in get_image_wide_positional_embeddings
[rank0]:     target_device = self.shared_image_embedding.shared_image_embedding.positional_embedding.device
[rank0]:   File "/home/wangcheng/anaconda3/envs/cvt2/lib/python3.9/site-packages/torch/nn/modules/module.py", line 1962, in __getattr__
[rank0]:     raise AttributeError(
[rank0]: AttributeError: 'RSSAM2PositionalEmbedding' object has no attribute 'shared_image_embedding'
[rank0]:[W219 18:15:21.542731121 ProcessGroupNCCL.cpp:1538] Warning: WARNING: destroy_process_group() was not called before program exit, which can leak resources. For more info, please see https://pytorch.org/docs/stable/distributed.html#shutdown (function operator())
E0219 18:15:23.018075 4168661 site-packages/torch/distributed/elastic/multiprocessing/api.py:874] failed (exitcode: 1) local_rank: 0 (pid: 4168797) of binary: /home/wangcheng/anaconda3/envs/cvt2/bin/python
Traceback (most recent call last):
  File "/home/wangcheng/anaconda3/envs/cvt2/lib/python3.9/runpy.py", line 197, in _run_module_as_main
    return _run_code(code, main_globals, None,
  File "/home/wangcheng/anaconda3/envs/cvt2/lib/python3.9/runpy.py", line 87, in _run_code
    exec(code, run_globals)
  File "/home/wangcheng/anaconda3/envs/cvt2/lib/python3.9/site-packages/torch/distributed/run.py", line 905, in <module>
    main()
  File "/home/wangcheng/anaconda3/envs/cvt2/lib/python3.9/site-packages/torch/distributed/elastic/multiprocessing/errors/__init__.py", line 357, in wrapper
    return f(*args, **kwargs)
  File "/home/wangcheng/anaconda3/envs/cvt2/lib/python3.9/site-packages/torch/distributed/run.py", line 901, in main
    run(args)
  File "/home/wangcheng/anaconda3/envs/cvt2/lib/python3.9/site-packages/torch/distributed/run.py", line 892, in run
    elastic_launch(
  File "/home/wangcheng/anaconda3/envs/cvt2/lib/python3.9/site-packages/torch/distributed/launcher/api.py", line 143, in __call__
    return launch_agent(self._config, self._entrypoint, list(args))
  File "/home/wangcheng/anaconda3/envs/cvt2/lib/python3.9/site-packages/torch/distributed/launcher/api.py", line 277, in launch_agent
    raise ChildFailedError(
torch.distributed.elastic.multiprocessing.errors.ChildFailedError: 
============================================================
/home/wangcheng/project/portable_sam_fusion/train/train_rsprompter_fusion.py FAILED
------------------------------------------------------------
Failures:
  <NO_OTHER_FAILURES>
------------------------------------------------------------
Root Cause (first observed failure):
[0]:
  time      : 2026-02-19_18:15:23
  host      : node01
  rank      : 0 (local_rank: 0)
  exitcode  : 1 (pid: 4168797)
  error_file: <N/A>
  traceback : To enable traceback see: https://pytorch.org/docs/stable/elastic/errors.html
============================================================
